Mplus VERSION 9 (Linux)
MUTHEN & MUTHEN
11/14/2025   2:12 PM

INPUT INSTRUCTIONS


  TITLE: Two-level AR(1) model for web_c_b;

  DATA:
    FILE = "data_full.dat";

  VARIABLE:
    NAMES = new_id age female edu edu_low edu_med edu_high nr_dev w1_inet w1_sp w1_pc_nr
       w1_sph_nr w1_tabl_nr date call_c msg_c phot_c call_d msg_d phot_d web_c web_d
       sm_c sm_d w1_date w1b_date w1_date_7 w1_date_30 w1b_date_7 w1b_date_30
       day_before_w1 day_before_w1b w1_7d_window w1b_7d_window w1_30d_window
       w1b_30d_window days_c call_d_l msg_d_l phot_d_l web_d_l sm_d_l call_c_l msg_c_l
       phot_c_l web_c_l sm_c_l days_c_l call_d_l2 msg_d_l2 phot_d_l2 web_d_l2 sm_d_l2
       call_c_l2 msg_c_l2 phot_c_l2 web_c_l2 sm_c_l2 call_c_b msg_c_b phot_c_b web_c_b
       sm_c_b time;
    MISSING = .;
    USEVARIABLES = web_c_b day_before_w1;
    CATEGORICAL = web_c_b;
    WITHIN = day_before_w1;
    CLUSTER = new_id;
    TINTERVAL = time (1 time2);

  ANALYSIS:
    TYPE = TWOLEVEL RANDOM;
    ESTIMATOR = BAYES;
    PROCESSORS = 30;
    BITERATIONS = 200000 (50000);
    THIN = 20;

  MODEL:
    %WITHIN%
      f BY web_c_b@1(&1);
      trend | web_c_b ON day_before_w1;
      stab | f ON f&1;

  day_before_w1;

    %BETWEEN%
      web_c_b WITH stab trend;
      stab WITH trend;


  OUTPUT: TECH1 TECH8 TECH4 STDYX residual;

  PLOT: TYPE = PLOT3;



*** WARNING in VARIABLE command
  Note that only the first 8 characters of variable names are used in the output.
  Shorten variable names to avoid any confusion.
*** WARNING in PLOT command
  Note that only the first 8 characters of variable names are used in plots.
  If variable names are not unique within the first 8 characters, problems
  may occur.
*** WARNING
  One or more individual-level variables have no variation within a
  cluster for the following clusters.

     Variable   Cluster IDs with no within-cluster variation

      WEB_C_B     415 514 1796 118 657 797 468 1060 168 1106 534 679 788 310 1055 1187 671 497
                  833 388 303 1325 1446 1853 407 2134 752 485 1962 1815 693 1198 1327 554 955
                  1197 769 383 835 1735 2166 2207 1776 1056 1164 181 1058 1143 783 884 670 1575
                  869 1842 2139 762 825 2034 1101 1278 2039 1273 104 267 441 1520 546 1732 2192
                  1043 1152 1567 1155 442 1251 358 1430 1282 1599 1212 272 922 1337 1901 584 297
                  1709 1998 1594 1159 967 991 1092 792 1184 704 1180 1971 492 728 108 655 2183
                  742 430 227 818 1691 26 133 229 301 165 307 117 220 1290 400 360 184 295 1565
                  204 197 362 2211 1860 370 317 396 284 1098 1818 377 1018 304 1299 1808 205 241
                  342 147 2085 163 1868 314 1559 2223 193 2043 1536 115 291 109 155 1831 67 932
                  593 999 1589 1955 1618 1202 1397 772 829 1467 1406 1442 1518 1424 823 1008 1811
                  1381 1645 73 1584 1213 1298 564 1788 1659 1303 1454 1016 930 62 1114 1770 1422
                  1096 1054 45 102 1111 692 946 18 558 672 1481 1940 1115 1024 1821 1371 725 1760
                  1445 1847 1600 889 616 2093 1418 1388 1610 2208 1778 1601 2199 822 1813 2081
                  541 1611 85 2161 35 486 2069 1612 1864 1523 1614 13 1538 1429 2097 1389 82 1512
                  1315 645 1768 2038 1425 602 2064 1086 86 1727 1041 1091 1623 1291 1805 2051
                  1673 518 2141 1715 1031 1219 2138 1075 896 1161 821 994 1462 2056 1845 1460
                  599 837 813 64 1930 2091 1220 910 1957 786 733 1963 1525 1528 1875 1562 1979
                  1423 1803 615 1081 1707 2151 69 1309 1946 1480 956 1121 864 59 561 831 2076
                  859 1067 2150 735 1379 1401 1947 665 89 1203 2182 2127 682 1035 1793 1415 1942
                  1757 1984 2187 1451 1986 1436 1532 1517 1508 1421 714 1680 1461 507 1147 789
                  763 1701 1477 1819 2003 782 1881 470 2154 1515 1378 2221 2002 1789 2095 2018
                  1487 1779 876 979 2203 1392 2037 1937 958 1386 849 1869 1647 747 780 901 740
                  1914 525 1729 751 1400 1032 860 648 502 2197 1071 904 2010 1661 1743 892 965
                  1089 2184 1404 2115 633 1660 90 1431 1335 1182 1915 1678 1218 32 601 1639 755

   3 WARNING(S) FOUND IN THE INPUT INSTRUCTIONS



Two-level AR(1) model for web_c_b;

SUMMARY OF ANALYSIS

Number of groups                                                 1
Number of observations                                       36106

Number of dependent variables                                    1
Number of independent variables                                  1
Number of continuous latent variables                            4

Observed dependent variables

  Binary and ordered categorical (ordinal)
   WEB_C_B

Observed independent variables
   DAY_BEFO

Continuous latent variables
   F           F&1         TREND       STAB

Variables with special functions

  Cluster variable      NEW_ID

  Within variables
   DAY_BEFO


Estimator                                                    BAYES
Specifications for Bayesian Estimation
  Point estimate                                            MEDIAN
  Number of Markov chain Monte Carlo (MCMC) chains               2
  Random seed for the first chain                                0
  Starting value information                           UNPERTURBED
  Algorithm used for Markov chain Monte Carlo           GIBBS(PX1)
  Convergence criterion                                  0.500D-01
  Maximum number of iterations                              200000
  K-th iteration used for thinning                              20
Link                                                        PROBIT

Input data file(s)
  data_full.dat
Input data format  FREE


SUMMARY OF DATA

     Number of clusters                       1302

       Size (s)    Cluster ID with Size s

          2        415
          3        514
          4        794
          5        1281 2062
          6        1295 750 1796 118 1511 1641 501 657 490
          7        797 828 468 635 1060 352 168
          8        146 565 706 1106 534 98 1781 2218 397 679
          9        788 310 573 1874
         10        8 1055 1187 2217 671
         11        862 1830 497 1097 833 388
         12        261 303 1116 27
         13        1325 245 1446
         14        2155 1853 1771 574
         15        412 407 2134 568
         16        773 1974 996 1038 463 1540 752
         17        1767 1146 2012 485 1962 1815
         18        693 1198 1557 519 1327 271 554 955 1197 769 1177 1980
                   1886 445 494
         19        2144 383 1899 647 835 2021 1735 2166 2207 1776
         20        1188 226 1056 1164 181 1140 1058 247 1978 189 1143 900
                   771 1677 1025 783 1361 1718 218 884 670
         21        521 1136 1766 1575 988 869 663
         22        1842 337 2139 902 1890 363 762 931 825 1211 2103 2034
                   2120 1101 768 620
         23        1666 1084 538 384 681 982 1278 1909 319 2039 435 1662
                   619 341 1273 104
         24        1082 267 441 1520 903 1826 586 1888 420 1877 546 1373
                   1732 1079 1676 760 424 2192 1043 1486 394 457 1865 1152
         25        1069 1567 1574 928 421 897 1155 442 1251 224 270 1706
                   358 1605 1430 1282 1599 1780 1212 411 1053 386
         26        272 1343 427 1448 365 1141 922 1337 2007 2116 1049 454
                   701 1901 1549 584 1109 297 598 173 1507
         27        636 1709 1998 1594 664 1159 1122 967 1302 1270 121 991
                   2210 392 1092 2194 792 1723 293 1317 1029 1184 704 1224
                   611 1180 1099 371 1328
         28        1971 286 830 804 1876 2106 2129 667 583 191 934 537
                   492 728 1544 406 978 774 2123 592 206 2140 1968 812
                   1626 1551 808 1744 108 260 957 380 1339 495 631 974
                   1516 566 1587 655 2183 742 803 430 227 818 1691 26 536
                   237 524 133 891 338 1834
         29        399 357 1468 455 229 387 405 301 249 287 165 453 203
                   1103 207 320 307 414 416 250 137 188 432 340 117 220
                   1290 446 443 400 217 282 376 143 360 184 198 353 295
                   252 1615 393 331 157 413 246 160 1368 1565 328 91 981
                   240 204 323 1227 235 1527 1797 197 362 2211 1860 318
                   316 149 370 167 298 153 422 451 398 172 317 239 326
                   354 396 180 437 277 264 263 151 186 138 284 296 309
                   1098 1210 433 347 268 1818 377 1268 111 1637 1018 322
                   30 418 304 211 426 1299 1808 325 110 205 332 241 372
                   142 342 49 210 196 1938 129 417 182 187 147 2085 148
                   368 269 212 177 419 349 163 132 4 423 1868 314 283 1559
                   290 2223 262 193 452 1458 361 274 2043 410 330 276 294
                   1536 440 115 428 278 429 291 109 155 447 253 402
         30        1307 1634 2028 1831 1855 791 2206 1524 1283 1829 2049
                   67 944 1763 1919 1989 932 57 593 999 1589 1837 695 1453
                   1668 2020 1010 1135 2202 2195 52 622 1088 1985 1955
                   1618 1513 1202 1019 21 793 1397 1326 933 1653 2163 1643
                   772 800 829 1872 1467 1798 1323 1586 3 2067 1406 1442
                   1518 1424 1395 823 1160 2001 84 1008 1100 1811 1381
                   1645 1066 6 499 517 99 605 73 1584 1213 1977 1246 1298
                   1585 918 564 1887 1324 646 2036 1788 743 937 853 1710
                   1659 2000 461 1303 1454 1669 1950 915 1311 1016 930
                   62 1114 63 1015 33 1770 1422 2118 1096 632 767 1054
                   719 45 1249 476 102 1579 738 597 1111 692 946 1057 18
                   558 2040 858 97 672 1708 2047 1481 1940 1360 1115 1593
                   653 1558 482 2216 1024 1928 1859 1823 481 1821 1175
                   2212 1806 1514 1118 2119 1371 2111 1839 908 1241 725
                   1004 2147 1760 1445 1847 87 471 1600 1703 983 1931 895
                   1951 1062 868 924 889 1502 758 1348 616 2093 1196 1191
                   1418 2030 1388 943 703 515 609 1773 2196 2073 74 60
                   2132 2015 1610 2208 79 1778 1064 1601 1817 1501 2099
                   1624 1891 2199 898 1095 1353 2137 1625 1879 822 874
                   1813 606 2081 1023 541 2126 1412 1611 85 1576 613 1432
                   2161 35 1604 1110 486 717 639 2069 1612 467 745 508
                   839 2165 1864 1591 940 815 1686 2114 1523 1614 9 13
                   1013 1080 1720 1687 1934 1627 686 1863 2219 475 739
                   547 1350 712 1538 732 784 2 1429 1248 2097 1389 1207
                   82 894 2179 1214 1254 1512 1315 2191 749 1314 1185 645
                   1873 1768 1509 941 1372 2038 834 11 1425 557 602 2014
                   1410 1835 1233 906 2064 477 1754 1199 1472 1437 691
                   1086 86 1727 1041 1608 1091 2065 1623 1554 1466 498
                   1291 1201 1870 1805 1030 1473 2051 1673 1465 1534 1334
                   518 802 1365 1113 1542 674 1926 2141 1674 1734 1715
                   977 1696 1077 1181 1031 618 1814 1044 1219 1849 2138
                   1075 103 896 871 1568 1161 92 821 562 675 1264 994 1882
                   1462 1981 702 36 630 1330 929 44 2056 1972 1902 669
                   1497 1961 2035 1759 1845 1991 1745 1033 1916 2159 1850
                   1460 880 599 2059 1167 2135 837 813 1924 1917 1964 722
                   1953 1570 2082 643 2070 556 1697 1276 680 64 1930 2091
                   72 1220 1790 910 685 25 986 809 963 992 1957 504 786
                   733 100 1840 506 1963 953 2024 29 1525 1528 1786 1629
                   711 1875 746 1956 544 827 1562 1607 1154 1979 1656 1001
                   1151 684 19 1423 1259 1803 615 1632 1081 579 1992 1546
                   1654 720 1707 1493 1171 603 2151 69 2101 1644 1774 1573
                   959 559 885 1714 1309 1851 909 1946 1716 582 1695 1480
                   947 956 1121 1504 1139 678 1163 2088 642 2117 555 753
                   1137 77 1713 696 864 1785 1923 2075 1801 48 1256 59
                   726 1777 561 831 1784 2076 37 968 859 1809 1067 927
                   2019 2150 914 735 1379 1232 1401 1498 1947 1939 628
                   1822 665 89 2131 1943 1305 995 1646 2185 1203 2016 1216
                   807 2182 2127 2122 682 1266 998 39 964 1999 1035 1793
                   875 2112 2052 1731 1415 1942 764 1230 38 553 1561 1757
                   600 1967 1828 1984 1250 2213 2187 1451 1986 1436 1532
                   1517 1508 644 1918 1421 714 2098 2044 1680 1461 507
                   1147 20 2136 789 105 1595 1944 763 1237 46 78 474 1070
                   488 1485 1701 523 1581 1572 1028 1477 638 1819 2003
                   2169 1263 782 1225 12 810 1881 1895 1704 88 2148 470
                   2154 1172 1515 1378 2023 1020 1935 1356 2221 2002 1488
                   1966 2145 1987 1200 1789 2095 971 870 1560 2018 2157
                   801 1478 1487 1751 993 2160 718 1779 866 876 979 723
                   1799 1470 2203 1392 2037 1937 1402 958 1386 1588 849
                   1869 1900 1189 1812 1647 2224 1861 1022 747 1522 65
                   2061 590 780 901 93 740 1905 1914 744 525 1190 1729
                   751 2013 1400 1032 938 1128 1346 860 648 1856 1619 987
                   550 502 1231 882 1272 2197 1755 1294 1071 709 1243 484
                   855 756 926 904 1613 2181 552 1904 1878 1912 1765 1061
                   2174 2010 1661 1491 973 520 1896 970 1133 1743 1609
                   892 1131 997 1345 965 1580 2198 1021 1352 1810 500 1671
                   1089 1074 2068 2184 1791 1404 640 2115 1782 633 1693
                   1280 1660 1590 90 2121 1117 989 95 1431 1675 731 1050
                   540 1340 1003 899 1335 1236 1997 10 1387 966 886 1692
                   1182 1915 1678 1174 40 845 1833 1564 1648 288 1218 32
                   814 601 741 1034 1907 710 1002 1639 2022 2026 1366 761
                   2063 1104 2171 755



COVARIANCE COVERAGE OF DATA

Minimum covariance coverage value   0.100

     Number of missing data patterns             2


     PROPORTION OF DATA PRESENT


           Covariance Coverage
              WEB_C_B       DAY_BEFO
              ________      ________
 WEB_C_B        0.701
 DAY_BEFO       0.701         0.701


UNIVARIATE PROPORTIONS AND COUNTS FOR CATEGORICAL VARIABLES

    WEB_C_B
      Category 1    0.352         8900.000
      Category 2    0.648        16403.000



UNIVARIATE SAMPLE STATISTICS


     UNIVARIATE HIGHER-ORDER MOMENT DESCRIPTIVE STATISTICS

         Variable/         Mean/     Skewness/   Minimum/ % with                Percentiles
        Sample Size      Variance    Kurtosis    Maximum  Min/Max      20%/60%    40%/80%    Median

     DAY_BEFORE_W1       -14.739       0.041     -29.000    3.21%     -23.000    -18.000    -15.000
           25303.000      72.144      -1.158       0.000    3.26%     -12.000     -6.000


     WARNING: PROBLEMS OCCURRED IN SEVERAL ITERATIONS IN THE COMPUTATION OF THE STANDARDIZED ESTIMATES FOR SEVERAL
     CLUSTERS. THIS IS MOST LIKELY DUE TO AR COEFFICIENTS GREATER THAN 1 OR PARAMETERS GIVING NON-STATIONARY MODELS.
     SUCH POSTERIOR DRAWS ARE REMOVED. THE FOLLOWING CLUSTERS HAD SUCH PROBLEMS:
          415 514 794 1281 2062 1295 750 1796 118 1511 1641 501 657 490 797 828 468 635 1060 352 168
          146 565 706 1106 534 98 1781 2218 397 679 788 310 573 1874 8 1055 1187 2217 671 862 1830 497
          1097 833 388 261 303 1116 27 1325 245 1446 2155 1853 1771 574 412 407 2134 568 773 1974 996
          1038 463 1540 752 1767 1146 2012 485 1962 1815 693 1198 1557 519 1327 271 554 955 1197 769
          1177 1980 1886 445 494 2144 383 1899 647 835 2021 1735 2166 2207 1776 1188 226 1056 1164 181
          1140 1058 247 1978 189 1143 900 771 1677 1025 783 1361 1718 218 884 670 521 1136 1575 988 869
          663 1842 337 2139 902 1890 363 762 825 1211 2103 2034 2120 1101 768 620 1666 1084 538 384 681
          982 1278 1909 2039 435 1662 619 341 1273 104 267 441 1520 903 1826 1888 420 546 1373 1732 1079
          1676 760 424 2192 1043 1486 394 457 1865 1152 1069 1567 1574 928 421 897 1155 442 1251 224
          270 1706 358 1605 1430 1282 1599 1780 1212 411 1053 386 272 1343 1448 365 1141 922 1337 2007
          2116 1049 454 701 1901 1549 584 1109 297 598 173 1507 636 1709 1998 1594 664 1159 1122 967
          1302 1270 121 991 2210 1092 2194 792 1723 293 1317 1029 1184 704 1224 611 1180 1099 371 1328
          1971 286 830 804 1876 2106 2129 667 191 934 537 492 728 1544 978 774 2123 592 206 2140 812
          1626 1551 808 1744 108 260 380 1339 495 631 974 1516 566 655 2183 742 803 430 227 818 1691
          26 536 237 133 891 338 1834 399 357 1468 455 229 301 249 287 165 453 203 1103 207 320 307 414
          416 250 137 432 117 220 1290 446 400 217 282 376 143 360 184 198 353 295 252 1615 331 157 413
          246 160 1368 1565 91 981 240 204 323 1227 1527 1797 197 362 2211 1860 318 316 370 167 153 451
          398 172 317 354 396 180 277 263 151 186 138 284 296 309 1210 433 347 1818 1268 111 1637 1018
          322 30 418 304 211 426 1808 325 205 241 372 142 342 49 210 196 1938 417 182 147 2085 368 212
          177 419 349 163 132 4 423 1868 314 283 1559 290 2223 193 452 361 274 2043 410 276 294 1536
          115 428 429 291 109 155 447 253 402 1307 1634 2028 1831 1855 791 2206 1524 1829 2049 67 944
          1763 1919 1989 932 593 999 1589 1837 695 1453 1668 2020 1010 2195 52 622 1088 1985 1955 1618
          1513 1202 1019 21 1397 1326 933 1653 2163 1643 772 800 829 1872 1467 1798 1323 1586 3 2067
          1406 1442 1518 1424 1395 823 2001 84 1008 1811 1381 1645 1066 6 499 517 99 605 73 1584 1213
          1977 1246 1298 1585 918 564 646 1788 743 853 1659 2000 461 1303 1454 915 1016 930 62 1114 63
          33 1770 1422 2118 1096 632 767 1054 719 45 476 102 1579 738 597 1111 692 946 18 558 858 97
          672 1708 1481 1940 1115 1593 653 1558 1024 1928 1823 481 1821 1175 2212 1806 1514 1118 2119
          1371 2111 1839 908 1241 725 2147 1760 1445 1847 87 1703 983 1931 895 1951 868 924 889 616 2093
          1418 2030 1388 943 703 515 609 1773 2196 2073 60 2132 2015 1610 2208 79 1778 1064 1601 1817
          1501 2099 1624 1891 2199 898 1095 2137 1625 1879 822 874 1813 606 2081 541 2126 1412 1611 85
          1576 2161 35 1604 486 717 639 2069 1612 745 508 839 2165 1864 1591 940 815 1686 2114 1614 9
          13 1013 1080 1720 1687 1934 1627 1863 2219 475 739 547 1350 712 1538 784 2 1429 2097 1389 1207
          82 894 2179 1214 1512 1315 2191 1314 645 1768 1509 941 834 11 1425 557 602 2014 1410 1835 1233
          906 2064 1472 1437 691 1086 86 1727 1041 1608 1091 2065 1623 1554 1466 1291 1201 1870 1805
          1030 1473 2051 1673 1465 1534 1334 518 802 1113 1542 674 1926 2141 1674 1734 1715 977 1696
          1077 1031 618 1814 1044 1219 1849 2138 1075 103 896 871 1568 1161 92 821 562 675 994 1882 1462
          1981 702 630 1330 929 44 2056 1972 1902 669 1961 2035 1759 1845 1745 1033 1916 1850 1460 880
          599 1167 2135 837 813 1924 1964 722 1953 1570 2082 643 2070 556 1697 1276 680 64 1930 2091
          72 1220 910 685 25 986 809 963 992 1957 504 786 733 100 1840 506 1963 2024 29 1525 1528 1629
          711 746 1956 544 827 1562 1607 1154 1979 1656 1001 684 19 1423 1259 1803 615 1632 1081 579
          1654 1707 1493 1171 603 69 1644 1774 959 1714 1309 1851 1946 582 1695 1480 947 956 1121 1504
          1139 678 1163 2088 642 2117 555 753 864 1785 2075 48 59 726 561 831 1784 2076 37 968 859 1809
          1067 927 2019 2150 914 735 1379 1232 1401 1947 1939 628 665 89 1943 1305 995 1646 2185 1203
          2016 1216 807 2182 2127 2122 682 1266 39 964 1999 1035 1793 2112 2052 1415 1942 764 1230 38
          553 1561 1757 600 1828 1984 1250 2213 2187 1451 1986 1436 1532 1517 1508 644 1918 1421 714
          2098 2044 1680 1461 507 1147 2136 789 105 1595 1944 763 1237 46 474 1070 1701 1581 1572 1028
          1477 638 1819 2003 2169 1263 782 12 810 1881 1895 1704 88 470 2154 1172 1515 1378 2023 1020
          1935 1356 2221 2002 1488 1987 1200 1789 2095 971 870 1560 2018 2157 801 1478 1487 993 718 1779
          866 876 979 1470 2203 1392 2037 1937 1402 958 1386 1588 849 1869 1900 1812 1647 1861 1022 747
          1522 2061 590 780 901 93 740 1905 1914 744 525 1190 1729 751 1400 1032 860 648 1856 1619 987
          502 882 1272 2197 1294 1071 1243 484 855 756 926 904 2181 552 1904 1878 1765 1061 2174 2010
          1661 1491 973 1896 970 1133 1743 1609 892 997 1345 965 1580 2198 1021 1352 1810 500 1671 1089
          1074 1791 1404 640 2115 1782 633 1693 1660 1590 90 2121 1117 989 1431 1675 731 1050 540 1340
          1003 899 1335 1236 10 966 886 1182 1915 1678 1174 845 1564 288 1218 32 601 741 1034 1907 710
          1002 1639 2022 2026 1366 761 2063 1104 2171 755

THE MODEL ESTIMATION TERMINATED NORMALLY

     USE THE FBITERATIONS OPTION TO INCREASE THE NUMBER OF ITERATIONS BY A FACTOR
     OF AT LEAST TWO TO CHECK CONVERGENCE AND THAT THE PSR VALUE DOES NOT INCREASE.

     THE EFFECTIVE SAMPLE SIZE FOR THE POSTERIOR DISTRIBUTION OF PARAMETER 2 IS LESS THAN 20.
     ESS > 200-400 IS RECOMMENDED. USE BITER=1346000(673000) OR SIMPLIFY THE MODEL.



MODEL FIT INFORMATION

Number of Free Parameters                              12



MODEL RESULTS

                                Posterior  One-Tailed         95% C.I.
                    Estimate       S.D.      P-Value   Lower 2.5%  Upper 2.5%  Significance

Within Level

 F        BY
    WEB_C_B            1.000       0.000      0.000       1.000       1.000

 Means
    DAY_BEFORE       -14.739       0.053      0.000     -14.843     -14.635      *

 Variances
    DAY_BEFORE        72.152       0.643      0.000      70.905      73.437      *

 Residual Variances
    F                122.062      25.737      0.000      54.349     166.053      *

Between Level

 WEB_C_B  WITH
    STAB               0.696       0.655      0.141      -0.633       1.926
    TREND              0.548       0.624      0.163      -0.511       1.922

 STAB     WITH
    TREND             -0.001       0.011      0.451      -0.022       0.020

 Means
    TREND              0.003       0.020      0.439      -0.037       0.043
    STAB               0.181       0.021      0.000       0.140       0.220      *

 Thresholds
    WEB_C_B$1         -5.479       0.802      0.000      -6.928      -3.761      *

 Variances
    WEB_C_B          307.682      69.934      0.000     139.376     424.505      *
    TREND              0.070       0.019      0.000       0.039       0.110      *
    STAB               0.088       0.010      0.000       0.069       0.109      *


STANDARDIZED MODEL RESULTS


STDYX Standardization

                                Posterior  One-Tailed         95% C.I.
                    Estimate       S.D.      P-Value   Lower 2.5%  Upper 2.5%  Significance

Within-Level Standardized Estimates Averaged Over Clusters

 F        BY
    WEB_C_B            0.978       0.003      0.000       0.972       0.984      *

 STAB | F ON
    F&1                0.183       0.020      0.000       0.140       0.219      *

 TREND | WEB_C_B ON
    DAY_BEFORE         0.009       0.012      0.243      -0.016       0.029

 Means
    DAY_BEFORE        -1.735       0.010      0.000      -1.754      -1.716      *

 Variances
    DAY_BEFORE         1.000       0.000      0.000       1.000       1.000

 Residual Variances
    F                  0.881       0.009      0.000       0.861       0.897      *

Between Level

 WEB_C_B  WITH
    STAB               0.141       0.125      0.141      -0.122       0.362
    TREND              0.127       0.121      0.163      -0.124       0.347

 STAB     WITH
    TREND             -0.016       0.132      0.451      -0.272       0.250

 Means
    TREND              0.012       0.077      0.439      -0.139       0.164
    STAB               0.609       0.084      0.000       0.454       0.783      *

 Variances
    WEB_C_B            1.000       0.000      0.000       1.000       1.000
    TREND              1.000       0.000      0.000       1.000       1.000
    STAB               1.000       0.000      0.000       1.000       1.000


R-SQUARE

Within-Level R-Square Averaged Across Clusters

                                Posterior  One-Tailed         95% C.I.
    Variable        Estimate       S.D.      P-Value   Lower 2.5%  Upper 2.5%

    WEB_C_B            0.992       0.001      0.000       0.990       0.994

                                Posterior  One-Tailed         95% C.I.
    Variable        Estimate       S.D.      P-Value   Lower 2.5%  Upper 2.5%

    F                  0.119       0.009      0.000       0.103       0.139


RESIDUAL OUTPUT


     ESTIMATED MODEL


     AVERAGE CLUSTER ESTIMATES


           Means
              WEB_C_B       DAY_BEFO
              ________      ________
                5.211       -14.739


           Covariances
              WEB_C_B       DAY_BEFO
              ________      ________
 WEB_C_B      172.181
 DAY_BEFO       0.251        72.158


           Correlations
              WEB_C_B       DAY_BEFO
              ________      ________
 WEB_C_B        1.000
 DAY_BEFO       0.003         1.000


     BETWEEN LEVEL


           Means
              WEB_C_B       DAY_BEFO
              ________      ________
                0.000         0.000


           Covariances
              WEB_C_B       DAY_BEFO
              ________      ________
 WEB_C_B      307.682
 DAY_BEFO       0.000         0.000


           Correlations
              WEB_C_B       DAY_BEFO
              ________      ________
 WEB_C_B        1.000
 DAY_BEFO       0.000         1.000


TECHNICAL 1 OUTPUT


     PARAMETER SPECIFICATION FOR WITHIN


           TAU
              WEB_C_B$
              ________
                    0


           NU
              WEB_C_B       DAY_BEFO
              ________      ________
                    0             0


           LAMBDA
              F             F&1           WEB_C_B       DAY_BEFO
              ________      ________      ________      ________
 WEB_C_B            0             0             0             0
 DAY_BEFO           0             0             0             0


           THETA
              WEB_C_B       DAY_BEFO
              ________      ________
 WEB_C_B            0
 DAY_BEFO           0             0


           ALPHA
              F             F&1           WEB_C_B       DAY_BEFO
              ________      ________      ________      ________
                    0             0             0             1


           BETA
              F             F&1           WEB_C_B       DAY_BEFO
              ________      ________      ________      ________
 F                  0             0             0             0
 F&1                0             0             0             0
 WEB_C_B            0             0             0             0
 DAY_BEFO           0             0             0             0


           PSI
              F             F&1           WEB_C_B       DAY_BEFO
              ________      ________      ________      ________
 F                  2
 F&1                0             0
 WEB_C_B            0             0             0
 DAY_BEFO           0             0             0             3


     PARAMETER SPECIFICATION FOR BETWEEN


           TAU
              WEB_C_B$
              ________
                   12


           NU
              WEB_C_B
              ________
                    0


           LAMBDA
              TREND         STAB          WEB_C_B
              ________      ________      ________
 WEB_C_B            0             0             0


           THETA
              WEB_C_B
              ________
 WEB_C_B            0


           ALPHA
              TREND         STAB          WEB_C_B
              ________      ________      ________
                    4             5             0


           BETA
              TREND         STAB          WEB_C_B
              ________      ________      ________
 TREND              0             0             0
 STAB               0             0             0
 WEB_C_B            0             0             0


           PSI
              TREND         STAB          WEB_C_B
              ________      ________      ________
 TREND              6
 STAB               7             8
 WEB_C_B            9            10            11


     STARTING VALUES FOR WITHIN


           TAU
              WEB_C_B$
              ________
                0.000


           NU
              WEB_C_B       DAY_BEFO
              ________      ________
                0.000         0.000


           LAMBDA
              F             F&1           WEB_C_B       DAY_BEFO
              ________      ________      ________      ________
 WEB_C_B        0.000         0.000         1.000         0.000
 DAY_BEFO       0.000         0.000         0.000         1.000


           THETA
              WEB_C_B       DAY_BEFO
              ________      ________
 WEB_C_B        0.000
 DAY_BEFO       0.000         0.000


           ALPHA
              F             F&1           WEB_C_B       DAY_BEFO
              ________      ________      ________      ________
                0.000         0.000         0.000       -14.739


           BETA
              F             F&1           WEB_C_B       DAY_BEFO
              ________      ________      ________      ________
 F              0.000         0.000         0.000         0.000
 F&1            0.000         0.000         0.000         0.000
 WEB_C_B        1.000         0.000         0.000         0.000
 DAY_BEFO       0.000         0.000         0.000         0.000


           PSI
              F             F&1           WEB_C_B       DAY_BEFO
              ________      ________      ________      ________
 F              1.000
 F&1            0.000         1.000
 WEB_C_B        0.000         0.000         1.000
 DAY_BEFO       0.000         0.000         0.000        36.072


     STARTING VALUES FOR BETWEEN


           TAU
              WEB_C_B$
              ________
               -0.340


           NU
              WEB_C_B
              ________
                0.000


           LAMBDA
              TREND         STAB          WEB_C_B
              ________      ________      ________
 WEB_C_B        0.000         0.000         1.000


           THETA
              WEB_C_B
              ________
 WEB_C_B        0.000


           ALPHA
              TREND         STAB          WEB_C_B
              ________      ________      ________
                0.000         0.000         0.000


           BETA
              TREND         STAB          WEB_C_B
              ________      ________      ________
 TREND          0.000         0.000         0.000
 STAB           0.000         0.000         0.000
 WEB_C_B        0.000         0.000         0.000


           PSI
              TREND         STAB          WEB_C_B
              ________      ________      ________
 TREND          1.000
 STAB           0.000         1.000
 WEB_C_B        0.000         0.000         1.000



     PRIORS FOR ALL PARAMETERS            PRIOR MEAN      PRIOR VARIANCE     PRIOR STD. DEV.

     Parameter 1~N(0.000,infinity)           0.0000            infinity            infinity
     Parameter 2~IG(-1.000,0.000)          infinity            infinity            infinity
     Parameter 3~IG(-1.000,0.000)          infinity            infinity            infinity
     Parameter 4~N(0.000,infinity)           0.0000            infinity            infinity
     Parameter 5~N(0.000,infinity)           0.0000            infinity            infinity
     Parameter 6~IW(1.000,4)               infinity            infinity            infinity
     Parameter 7~IW(0.000,4)               infinity            infinity            infinity
     Parameter 8~IW(1.000,4)               infinity            infinity            infinity
     Parameter 9~IW(0.000,4)               infinity            infinity            infinity
     Parameter 10~IW(0.000,4)              infinity            infinity            infinity
     Parameter 11~IW(1.000,4)              infinity            infinity            infinity
     Parameter 12~N(0.000,5.000)             0.0000              5.0000              2.2361


TECHNICAL 4 OUTPUT


     AVERAGE ESTIMATES DERIVED FROM THE MODEL FOR WITHIN


           ESTIMATED MEANS FOR THE LATENT VARIABLES
              F             F&1           TREND         STAB          WEB_C_B
              ________      ________      ________      ________      ________
                0.000         0.000         0.003         0.177         5.211


           ESTIMATED MEANS FOR THE LATENT VARIABLES
              DAY_BEFO
              ________
              -14.739


           ESTIMATED COVARIANCE MATRIX FOR THE LATENT VARIABLES
              F             F&1           TREND         STAB          WEB_C_B
              ________      ________      ________      ________      ________
 F            166.546
 F&1           71.762       166.546
 TREND          0.000         0.000         0.000
 STAB           0.000         0.000         0.000         0.000
 WEB_C_B      166.546        71.762         0.000         0.000       172.181
 DAY_BEFO       0.000         0.000         0.000         0.000         0.251


           ESTIMATED COVARIANCE MATRIX FOR THE LATENT VARIABLES
              DAY_BEFO
              ________
 DAY_BEFO      72.158


           ESTIMATED CORRELATION MATRIX FOR THE LATENT VARIABLES
              F             F&1           TREND         STAB          WEB_C_B
              ________      ________      ________      ________      ________
 F              1.000
 F&1            0.288         1.000
 TREND          0.000         0.000         1.000
 STAB           0.000         0.000         0.000         1.000
 WEB_C_B        0.980         0.283         0.000         0.000         1.000
 DAY_BEFO       0.000         0.000         0.000         0.000         0.003


           ESTIMATED CORRELATION MATRIX FOR THE LATENT VARIABLES
              DAY_BEFO
              ________
 DAY_BEFO       1.000


     ESTIMATES DERIVED FROM THE MODEL FOR BETWEEN


           ESTIMATED MEANS FOR THE LATENT VARIABLES
              F             F&1           TREND         STAB          WEB_C_B
              ________      ________      ________      ________      ________
                0.000         0.000         0.003         0.181         0.000


           ESTIMATED MEANS FOR THE LATENT VARIABLES
              DAY_BEFO
              ________
                0.000


           ESTIMATED COVARIANCE MATRIX FOR THE LATENT VARIABLES
              F             F&1           TREND         STAB          WEB_C_B
              ________      ________      ________      ________      ________
 F              0.000
 F&1            0.000         0.000
 TREND          0.000         0.000         0.070
 STAB           0.000         0.000        -0.001         0.088
 WEB_C_B        0.000         0.000         0.548         0.696       307.682
 DAY_BEFO       0.000         0.000         0.000         0.000         0.000


           ESTIMATED COVARIANCE MATRIX FOR THE LATENT VARIABLES
              DAY_BEFO
              ________
 DAY_BEFO       0.000


           ESTIMATED CORRELATION MATRIX FOR THE LATENT VARIABLES
              F             F&1           TREND         STAB          WEB_C_B
              ________      ________      ________      ________      ________
 F              1.000
 F&1            0.000         1.000
 TREND          0.000         0.000         1.000
 STAB           0.000         0.000        -0.016         1.000
 WEB_C_B        0.000         0.000         0.118         0.134         1.000
 DAY_BEFO       0.000         0.000         0.000         0.000         0.000


           ESTIMATED CORRELATION MATRIX FOR THE LATENT VARIABLES
              DAY_BEFO
              ________
 DAY_BEFO       1.000


TECHNICAL 8 OUTPUT


   TECHNICAL 8 OUTPUT FOR BAYES ESTIMATION

     PROCESSOR    BSEED
     1            0
     2            285380
     3            253358
     4            93468
     5            608496
     6            903420
     7            195873
     8            462953
     9            939021
     10           127215
     11           415931
     12           533738
     13           107446
     14           399671
     15           650371
     16           27071
     17           76974
     18           68985
     19           851945
     20           637345
     21           573096
     22           902278
     23           887676
     24           372176
     25           347515
     26           207896
     27           569131
     28           364676
     29           392418
     30           366706

                     POTENTIAL       PARAMETER WITH
     ITERATION    SCALE REDUCTION      HIGHEST PSR
     100              1.691               10
     200              1.124               8
     300              1.333               10
     400              1.127               10
     500              1.197               11
     600              1.296               11
     700              1.207               2
     800              1.167               10
     900              1.278               10
     1000             1.437               10
     1100             1.540               10
     1200             1.741               10
     1300             1.687               10
     1400             1.439               11
     1500             1.580               2
     1600             1.719               2
     1700             1.839               2
     1800             1.957               2
     1900             1.993               2
     2000             1.916               2
     2100             1.860               11
     2200             1.812               11
     2300             1.641               2
     2400             1.451               11
     2500             1.252               11
     2600             1.124               11
     2700             1.083               8
     2800             1.113               8
     2900             1.147               8
     3000             1.145               8
     3100             1.158               8
     3200             1.173               8
     3300             1.173               10
     3400             1.209               10
     3500             1.162               10
     3600             1.142               10
     3700             1.106               10
     3800             1.058               10
     3900             1.036               10
     4000             1.031               8
     4100             1.031               8
     4200             1.030               11
     4300             1.028               2
     4400             1.035               11
     4500             1.045               11
     4600             1.053               11
     4700             1.061               11
     4800             1.067               2
     4900             1.078               2
     5000             1.085               2
     5100             1.089               2
     5200             1.096               2
     5300             1.103               2
     5400             1.115               2
     5500             1.125               2
     5600             1.131               2
     5700             1.133               2
     5800             1.138               2
     5900             1.150               11
     6000             1.157               11
     6100             1.177               11
     6200             1.198               11
     6300             1.218               11
     6400             1.244               11
     6500             1.258               11
     6600             1.279               11
     6700             1.307               2
     6800             1.344               2
     6900             1.377               2
     7000             1.408               2
     7100             1.448               2
     7200             1.486               2
     7300             1.513               2
     7400             1.534               2
     7500             1.562               2
     7600             1.583               2
     7700             1.602               2
     7800             1.627               2
     7900             1.649               2
     8000             1.664               2
     8100             1.677               2
     8200             1.700               2
     8300             1.718               2
     8400             1.720               2
     8500             1.735               2
     8600             1.767               11
     8700             1.797               11
     8800             1.816               11
     8900             1.840               11
     9000             1.864               11
     9100             1.891               11
     9200             1.898               11
     9300             1.903               11
     9400             1.917               11
     9500             1.957               11
     9600             1.981               11
     9700             1.999               11
     9800             1.996               11
     9900             1.996               11
     10000            2.008               11
     10100            2.028               11
     10200            2.039               11
     10300            2.063               11
     10400            2.084               11
     10500            2.102               11
     10600            2.113               2
     10700            2.117               2
     10800            2.119               11
     10900            2.121               11
     11000            2.115               11
     11100            2.114               11
     11200            2.090               11
     11300            2.059               11
     11400            2.035               11
     11500            2.013               11
     11600            1.969               11
     11700            1.934               11
     11800            1.900               11
     11900            1.848               11
     12000            1.836               11
     12100            1.821               11
     12200            1.808               11
     12300            1.782               11
     12400            1.777               11
     12500            1.775               11
     12600            1.768               11
     12700            1.745               11
     12800            1.726               11
     12900            1.698               11
     13000            1.675               11
     13100            1.671               11
     13200            1.653               11
     13300            1.640               11
     13400            1.620               11
     13500            1.597               11
     13600            1.568               11
     13700            1.534               2
     13800            1.511               2
     13900            1.485               2
     14000            1.465               2
     14100            1.447               2
     14200            1.423               2
     14300            1.402               11
     14400            1.383               11
     14500            1.359               11
     14600            1.333               11
     14700            1.305               11
     14800            1.286               11
     14900            1.265               11
     15000            1.241               11
     15100            1.214               11
     15200            1.188               11
     15300            1.159               11
     15400            1.139               11
     15500            1.124               10
     15600            1.123               10
     15700            1.120               10
     15800            1.123               10
     15900            1.128               10
     16000            1.133               10
     16100            1.136               10
     16200            1.139               10
     16300            1.136               10
     16400            1.130               10
     16500            1.126               10
     16600            1.124               10
     16700            1.125               10
     16800            1.128               10
     16900            1.129               10
     17000            1.133               10
     17100            1.138               10
     17200            1.140               10
     17300            1.144               10
     17400            1.147               10
     17500            1.150               10
     17600            1.146               10
     17700            1.142               10
     17800            1.141               10
     17900            1.142               10
     18000            1.138               10
     18100            1.135               10
     18200            1.133               10
     18300            1.132               2
     18400            1.148               2
     18500            1.166               2
     18600            1.184               2
     18700            1.202               2
     18800            1.221               2
     18900            1.239               2
     19000            1.257               2
     19100            1.276               2
     19200            1.295               2
     19300            1.316               2
     19400            1.339               2
     19500            1.362               2
     19600            1.385               2
     19700            1.409               2
     19800            1.431               2
     19900            1.452               2
     20000            1.475               2
     20100            1.497               2
     20200            1.525               2
     20300            1.554               2
     20400            1.576               2
     20500            1.597               2
     20600            1.617               2
     20700            1.639               2
     20800            1.661               2
     20900            1.682               2
     21000            1.697               2
     21100            1.716               2
     21200            1.732               2
     21300            1.741               2
     21400            1.741               2
     21500            1.734               2
     21600            1.734               2
     21700            1.733               2
     21800            1.730               2
     21900            1.723               2
     22000            1.719               2
     22100            1.717               2
     22200            1.717               2
     22300            1.713               2
     22400            1.710               2
     22500            1.709               2
     22600            1.703               2
     22700            1.692               2
     22800            1.678               2
     22900            1.666               2
     23000            1.659               2
     23100            1.654               2
     23200            1.651               2
     23300            1.650               2
     23400            1.651               2
     23500            1.653               2
     23600            1.653               2
     23700            1.653               2
     23800            1.653               2
     23900            1.651               2
     24000            1.651               2
     24100            1.653               2
     24200            1.651               2
     24300            1.649               2
     24400            1.650               2
     24500            1.647               2
     24600            1.644               2
     24700            1.645               2
     24800            1.646               2
     24900            1.647               2
     25000            1.646               2
     25100            1.647               2
     25200            1.650               2
     25300            1.652               2
     25400            1.653               2
     25500            1.652               2
     25600            1.649               2
     25700            1.643               2
     25800            1.641               2
     25900            1.639               2
     26000            1.632               2
     26100            1.624               2
     26200            1.617               2
     26300            1.608               2
     26400            1.593               2
     26500            1.578               2
     26600            1.557               2
     26700            1.544               2
     26800            1.528               2
     26900            1.512               2
     27000            1.495               2
     27100            1.476               2
     27200            1.457               2
     27300            1.438               2
     27400            1.419               2
     27500            1.405               2
     27600            1.393               2
     27700            1.380               2
     27800            1.368               2
     27900            1.358               2
     28000            1.351               2
     28100            1.340               2
     28200            1.328               2
     28300            1.317               2
     28400            1.305               2
     28500            1.291               2
     28600            1.277               2
     28700            1.265               2
     28800            1.252               2
     28900            1.239               2
     29000            1.227               2
     29100            1.214               2
     29200            1.205               2
     29300            1.194               2
     29400            1.180               2
     29500            1.167               2
     29600            1.155               8
     29700            1.156               8
     29800            1.159               8
     29900            1.158               8
     30000            1.155               8
     30100            1.156               8
     30200            1.161               8
     30300            1.166               8
     30400            1.170               8
     30500            1.172               8
     30600            1.174               8
     30700            1.176               8
     30800            1.179               8
     30900            1.179               8
     31000            1.181               8
     31100            1.183               8
     31200            1.182               8
     31300            1.180               8
     31400            1.177               8
     31500            1.178               8
     31600            1.177               8
     31700            1.182               8
     31800            1.186               8
     31900            1.191               8
     32000            1.195               8
     32100            1.196               8
     32200            1.199               8
     32300            1.201               8
     32400            1.205               8
     32500            1.205               8
     32600            1.202               8
     32700            1.201               8
     32800            1.200               8
     32900            1.202               8
     33000            1.201               8
     33100            1.201               8
     33200            1.202               8
     33300            1.204               8
     33400            1.203               8
     33500            1.206               8
     33600            1.207               8
     33700            1.209               8
     33800            1.208               8
     33900            1.205               8
     34000            1.205               8
     34100            1.205               8
     34200            1.206               8
     34300            1.204               8
     34400            1.203               8
     34500            1.204               8
     34600            1.205               8
     34700            1.207               8
     34800            1.208               8
     34900            1.211               8
     35000            1.213               8
     35100            1.212               8
     35200            1.212               8
     35300            1.211               8
     35400            1.211               8
     35500            1.211               8
     35600            1.213               8
     35700            1.215               8
     35800            1.216               8
     35900            1.213               8
     36000            1.212               8
     36100            1.212               8
     36200            1.213               8
     36300            1.215               8
     36400            1.213               8
     36500            1.214               8
     36600            1.212               8
     36700            1.214               8
     36800            1.214               8
     36900            1.213               8
     37000            1.211               8
     37100            1.207               8
     37200            1.204               8
     37300            1.204               8
     37400            1.203               8
     37500            1.204               8
     37600            1.213               2
     37700            1.223               2
     37800            1.233               2
     37900            1.243               2
     38000            1.253               2
     38100            1.263               2
     38200            1.275               2
     38300            1.286               2
     38400            1.297               2
     38500            1.308               2
     38600            1.318               2
     38700            1.329               2
     38800            1.340               2
     38900            1.351               2
     39000            1.361               2
     39100            1.370               2
     39200            1.380               2
     39300            1.391               2
     39400            1.401               2
     39500            1.411               2
     39600            1.422               2
     39700            1.431               2
     39800            1.441               2
     39900            1.451               2
     40000            1.461               2
     40100            1.470               2
     40200            1.479               2
     40300            1.489               2
     40400            1.499               2
     40500            1.509               2
     40600            1.520               2
     40700            1.529               2
     40800            1.537               2
     40900            1.546               2
     41000            1.554               2
     41100            1.562               2
     41200            1.571               2
     41300            1.579               2
     41400            1.588               2
     41500            1.596               2
     41600            1.603               2
     41700            1.610               2
     41800            1.618               2
     41900            1.626               2
     42000            1.633               2
     42100            1.641               2
     42200            1.650               2
     42300            1.658               2
     42400            1.666               2
     42500            1.674               2
     42600            1.681               2
     42700            1.688               2
     42800            1.694               2
     42900            1.700               2
     43000            1.705               2
     43100            1.712               2
     43200            1.720               2
     43300            1.727               2
     43400            1.734               2
     43500            1.741               2
     43600            1.748               2
     43700            1.755               2
     43800            1.763               2
     43900            1.770               2
     44000            1.777               2
     44100            1.785               2
     44200            1.794               2
     44300            1.803               2
     44400            1.811               2
     44500            1.819               2
     44600            1.827               2
     44700            1.835               2
     44800            1.841               2
     44900            1.844               2
     45000            1.847               2
     45100            1.847               2
     45200            1.846               2
     45300            1.847               2
     45400            1.846               2
     45500            1.846               2
     45600            1.850               2
     45700            1.854               2
     45800            1.858               2
     45900            1.859               2
     46000            1.859               2
     46100            1.858               2
     46200            1.855               2
     46300            1.848               2
     46400            1.842               2
     46500            1.833               2
     46600            1.822               2
     46700            1.808               2
     46800            1.790               2
     46900            1.777               2
     47000            1.767               2
     47100            1.757               2
     47200            1.750               2
     47300            1.743               2
     47400            1.735               2
     47500            1.730               2
     47600            1.723               2
     47700            1.717               2
     47800            1.711               2
     47900            1.706               2
     48000            1.702               2
     48100            1.697               2
     48200            1.693               2
     48300            1.686               2
     48400            1.680               2
     48500            1.672               2
     48600            1.666               2
     48700            1.661               2
     48800            1.657               2
     48900            1.654               2
     49000            1.651               2
     49100            1.646               2
     49200            1.642               2
     49300            1.639               2
     49400            1.636               2
     49500            1.633               2
     49600            1.631               2
     49700            1.631               2
     49800            1.630               2
     49900            1.629               2
     50000            1.626               2
     50100            1.624               2
     50200            1.621               2
     50300            1.617               2
     50400            1.616               2
     50500            1.612               2
     50600            1.607               2
     50700            1.602               2
     50800            1.598               2
     50900            1.594               2
     51000            1.588               2
     51100            1.580               2
     51200            1.570               2
     51300            1.560               2
     51400            1.551               2
     51500            1.538               2
     51600            1.528               2
     51700            1.519               2
     51800            1.511               2
     51900            1.505               2
     52000            1.498               2
     52100            1.492               2
     52200            1.486               2
     52300            1.482               2
     52400            1.478               2
     52500            1.473               2
     52600            1.468               2
     52700            1.462               2
     52800            1.455               2
     52900            1.447               2
     53000            1.440               2
     53100            1.431               2
     53200            1.424               2
     53300            1.419               2
     53400            1.415               2
     53500            1.409               2
     53600            1.403               2
     53700            1.397               2
     53800            1.391               2
     53900            1.387               2
     54000            1.382               2
     54100            1.377               2
     54200            1.373               11
     54300            1.370               11
     54400            1.367               11
     54500            1.364               11
     54600            1.361               11
     54700            1.358               11
     54800            1.353               11
     54900            1.350               11
     55000            1.346               11
     55100            1.342               11
     55200            1.338               2
     55300            1.333               2
     55400            1.329               2
     55500            1.324               2
     55600            1.319               2
     55700            1.315               11
     55800            1.311               11
     55900            1.308               11
     56000            1.305               11
     56100            1.300               11
     56200            1.297               11
     56300            1.294               11
     56400            1.290               11
     56500            1.286               11
     56600            1.282               11
     56700            1.280               11
     56800            1.278               11
     56900            1.275               11
     57000            1.270               11
     57100            1.266               11
     57200            1.262               11
     57300            1.260               11
     57400            1.258               11
     57500            1.255               11
     57600            1.252               11
     57700            1.249               11
     57800            1.246               11
     57900            1.244               11
     58000            1.243               11
     58100            1.242               11
     58200            1.241               11
     58300            1.241               11
     58400            1.239               11
     58500            1.238               11
     58600            1.237               11
     58700            1.237               11
     58800            1.237               11
     58900            1.237               11
     59000            1.237               11
     59100            1.237               11
     59200            1.236               11
     59300            1.236               11
     59400            1.236               11
     59500            1.236               11
     59600            1.235               11
     59700            1.234               11
     59800            1.234               11
     59900            1.232               11
     60000            1.231               11
     60100            1.229               11
     60200            1.228               11
     60300            1.226               11
     60400            1.224               11
     60500            1.222               11
     60600            1.220               11
     60700            1.219               11
     60800            1.217               11
     60900            1.216               11
     61000            1.214               11
     61100            1.213               11
     61200            1.212               11
     61300            1.210               11
     61400            1.208               11
     61500            1.206               11
     61600            1.203               11
     61700            1.201               11
     61800            1.198               11
     61900            1.196               11
     62000            1.194               11
     62100            1.192               11
     62200            1.191               11
     62300            1.189               11
     62400            1.188               11
     62500            1.188               11
     62600            1.187               11
     62700            1.186               11
     62800            1.185               11
     62900            1.184               11
     63000            1.182               11
     63100            1.180               11
     63200            1.178               11
     63300            1.176               11
     63400            1.173               11
     63500            1.170               11
     63600            1.168               11
     63700            1.166               11
     63800            1.163               11
     63900            1.160               11
     64000            1.158               11
     64100            1.156               11
     64200            1.154               11
     64300            1.153               11
     64400            1.152               11
     64500            1.150               11
     64600            1.149               11
     64700            1.148               11
     64800            1.146               11
     64900            1.144               11
     65000            1.142               11
     65100            1.139               11
     65200            1.136               11
     65300            1.133               11
     65400            1.130               11
     65500            1.126               11
     65600            1.123               11
     65700            1.120               11
     65800            1.117               11
     65900            1.113               11
     66000            1.110               11
     66100            1.107               11
     66200            1.104               11
     66300            1.102               11
     66400            1.099               11
     66500            1.096               11
     66600            1.094               11
     66700            1.092               11
     66800            1.090               11
     66900            1.087               11
     67000            1.085               11
     67100            1.083               11
     67200            1.081               11
     67300            1.078               11


     MCMC EFFECTIVE SAMPLE SIZE (ESS) IN ASCENDING ORDER
        LOWEST 10 PARAMETERS
        PARAMETER    ESS
             2       <20
            11       <20
             6        21
            12        21
            10        90
             8       134
             9       209
             7       257
             5       266
             4       495


PLOT INFORMATION

The following plots are available:

  Histograms (sample values)
  Scatterplots (sample values)
  Between-level histograms (sample values, sample means/variances)
  Between-level scatterplots (sample values, sample means/variances)
  Time series plots (sample values, ACF, PACF)
  Histogram of subjects per time point
  Time interval plots
  Sample proportions
  Bayesian posterior parameter distributions
  Bayesian posterior parameter trace plots
  Bayesian autocorrelation plots
  Bayesian prior parameter distributions

     Beginning Time:  14:12:28
        Ending Time:  07:06:29
       Elapsed Time:  16:54:01



MUTHEN & MUTHEN
3463 Stoner Ave.
Los Angeles, CA  90066

Tel: (310) 391-9971
Fax: (310) 391-8971
Web: www.StatModel.com
Support: Support@StatModel.com

Copyright (c) 1998-2025 Muthen & Muthen
