Mplus VERSION 9 (Linux)
MUTHEN & MUTHEN
10/28/2025   8:04 AM

INPUT INSTRUCTIONS


  TITLE: Two-level AR(1) model for call_c_b;

  DATA:
    FILE = "data_full.dat";

  VARIABLE:
    NAMES = new_id age female edu edu_low edu_med edu_high nr_dev w1_inet w1_sp w1_pc_nr
       w1_sph_nr w1_tabl_nr date call_c msg_c phot_c call_d msg_d phot_d web_c web_d
       sm_c sm_d w1_date w1b_date w1_date_7 w1_date_30 w1b_date_7 w1b_date_30
       day_before_w1 day_before_w1b w1_7d_window w1b_7d_window w1_30d_window
       w1b_30d_window days_c call_d_l msg_d_l phot_d_l web_d_l sm_d_l call_c_l msg_c_l
       phot_c_l web_c_l sm_c_l days_c_l call_d_l2 msg_d_l2 phot_d_l2 web_d_l2 sm_d_l2
       call_c_l2 msg_c_l2 phot_c_l2 web_c_l2 sm_c_l2 call_c_b msg_c_b phot_c_b web_c_b
       sm_c_b time;
    MISSING = .;
    USEVARIABLES = call_c_b day_before_w1;
    CATEGORICAL = call_c_b;
    WITHIN = day_before_w1;
    CLUSTER = new_id;
    TINTERVAL = time (1 time2);

  ANALYSIS:
    TYPE = TWOLEVEL RANDOM;
    ESTIMATOR = BAYES;
    PROCESSORS = 30;
    BITERATIONS = 80000 (10000);
    THIN = 20;

  MODEL:
    %WITHIN%
      f BY call_c_b@1(&1);
      trend | call_c_b ON day_before_w1;
      stab | f ON f&1;

  day_before_w1;

    %BETWEEN%
      call_c_b WITH stab trend;
      stab WITH trend;


  OUTPUT: TECH1 TECH8 TECH4 STDYX residual;

  PLOT: TYPE = PLOT3;



*** WARNING in VARIABLE command
  Note that only the first 8 characters of variable names are used in the output.
  Shorten variable names to avoid any confusion.
*** WARNING in PLOT command
  Note that only the first 8 characters of variable names are used in plots.
  If variable names are not unique within the first 8 characters, problems
  may occur.
*** WARNING
  One or more individual-level variables have no variation within a
  cluster for the following clusters.

     Variable   Cluster IDs with no within-cluster variation

      CALL_C_B    794 1281 1295 797 828 635 1060 352 168 146 706 1106 2218 679 788 310 1055 1187
                  671 1830 497 1097 388 261 1116 27 1325 2155 1853 1771 574 407 2134 568 1038
                  1767 485 1815 693 1198 519 1327 271 554 769 1886 383 835 2021 1735 2166 1776
                  1056 1164 181 1140 1058 247 1978 1143 771 783 1718 218 884 670 1136 1575 988
                  869 663 1842 1890 768 1278 1909 319 1662 619 104 1082 267 586 1373 1732 1079
                  1676 760 424 2192 1043 1486 457 1069 1567 928 421 442 358 1605 1282 1212 1141
                  922 454 1901 584 173 1507 1709 1594 664 121 2210 1092 2194 792 1029 1184 704
                  1180 1099 371 830 1876 2106 583 191 728 406 774 2123 206 1968 808 957 566 655
                  2183 742 803 430 227 818 1691 237 133 891 338 1468 387 249 165 1103 207 340
                  1290 282 360 184 295 331 413 1368 1565 91 204 1527 1797 197 318 451 326 437
                  264 151 138 296 1098 347 268 377 1268 1018 30 426 1299 325 332 372 142 49 1938
                  417 2085 269 419 349 1868 1559 290 1458 330 276 1536 429 291 253 402 1634 1831
                  1855 791 2206 2049 1763 1453 2020 1010 2202 2195 1088 1513 1019 793 1397 1653
                  1643 800 1872 1467 1798 3 1518 1424 1395 84 1100 1381 1066 6 517 1213 918 1887
                  743 937 1454 1950 915 1016 63 1422 2118 1096 1054 45 476 102 1579 738 597 1057
                  672 1940 1593 1558 482 1859 1823 481 1175 2212 1806 1118 2119 908 1004 1445
                  87 1600 983 1062 924 758 1348 1196 1191 1418 2030 1388 943 703 609 74 60 2132
                  2015 1610 2208 1817 1501 1095 1625 1813 1023 2126 1611 1576 1432 2161 1604 839
                  2114 1523 1614 9 1013 1080 1863 2219 475 739 1538 732 784 2097 1207 82 2179
                  1512 2191 749 1372 1233 477 1437 691 1466 1805 1473 2051 1534 518 1113 1696
                  618 103 871 1161 1882 1462 702 36 1497 1961 1845 1991 2159 1460 2059 1167 2135
                  1917 2082 556 64 2091 685 25 963 504 1525 1528 1786 1629 1875 746 827 1423 1632
                  1707 2151 2101 1309 1121 1504 1163 2088 2117 555 1137 696 1801 1777 831 1784
                  2076 968 927 2019 914 1401 1939 628 1822 2131 1943 1203 2127 2122 1266 964 1999
                  875 2112 1415 1942 764 1230 38 1250 2213 2187 1436 1532 1517 1508 1918 1421
                  507 20 1070 488 523 1477 1895 1704 1172 1378 2023 1020 1356 2002 2145 2095 1560
                  2018 2157 801 1487 1751 1779 866 979 723 1799 2203 1392 1900 1812 1647 1861
                  747 744 751 1346 1856 1619 1272 1243 756 926 1904 1878 2010 1491 1896 1609 1131
                  997 1345 1810 500 1074 2068 95 1431 1675 731 1340 899 10 1387 1692 1915 1564
                  288 814 601 741 1034 1907 710 1639 755

   3 WARNING(S) FOUND IN THE INPUT INSTRUCTIONS



Two-level AR(1) model for call_c_b;

SUMMARY OF ANALYSIS

Number of groups                                                 1
Number of observations                                       36106

Number of dependent variables                                    1
Number of independent variables                                  1
Number of continuous latent variables                            4

Observed dependent variables

  Binary and ordered categorical (ordinal)
   CALL_C_B

Observed independent variables
   DAY_BEFO

Continuous latent variables
   F           F&1         TREND       STAB

Variables with special functions

  Cluster variable      NEW_ID

  Within variables
   DAY_BEFO


Estimator                                                    BAYES
Specifications for Bayesian Estimation
  Point estimate                                            MEDIAN
  Number of Markov chain Monte Carlo (MCMC) chains               2
  Random seed for the first chain                                0
  Starting value information                           UNPERTURBED
  Algorithm used for Markov chain Monte Carlo           GIBBS(PX1)
  Convergence criterion                                  0.500D-01
  Maximum number of iterations                               80000
  K-th iteration used for thinning                              20
Link                                                        PROBIT

Input data file(s)
  data_full.dat
Input data format  FREE


SUMMARY OF DATA

     Number of clusters                       1302

       Size (s)    Cluster ID with Size s

          2        415
          3        514
          4        794
          5        1281 2062
          6        1295 750 1796 118 1511 1641 501 657 490
          7        797 828 468 635 1060 352 168
          8        146 565 706 1106 534 98 1781 2218 397 679
          9        788 310 573 1874
         10        8 1055 1187 2217 671
         11        862 1830 497 1097 833 388
         12        261 303 1116 27
         13        1325 245 1446
         14        2155 1853 1771 574
         15        412 407 2134 568
         16        773 1974 996 1038 463 1540 752
         17        1767 1146 2012 485 1962 1815
         18        693 1198 1557 519 1327 271 554 955 1197 769 1177 1980
                   1886 445 494
         19        2144 383 1899 647 835 2021 1735 2166 2207 1776
         20        1188 226 1056 1164 181 1140 1058 247 1978 189 1143 900
                   771 1677 1025 783 1361 1718 218 884 670
         21        521 1136 1766 1575 988 869 663
         22        1842 337 2139 902 1890 363 762 931 825 1211 2103 2034
                   2120 1101 768 620
         23        1666 1084 538 384 681 982 1278 1909 319 2039 435 1662
                   619 341 1273 104
         24        1082 267 441 1520 903 1826 586 1888 420 1877 546 1373
                   1732 1079 1676 760 424 2192 1043 1486 394 457 1865 1152
         25        1069 1567 1574 928 421 897 1155 442 1251 224 270 1706
                   358 1605 1430 1282 1599 1780 1212 411 1053 386
         26        272 1343 427 1448 365 1141 922 1337 2007 2116 1049 454
                   701 1901 1549 584 1109 297 598 173 1507
         27        636 1709 1998 1594 664 1159 1122 967 1302 1270 121 991
                   2210 392 1092 2194 792 1723 293 1317 1029 1184 704 1224
                   611 1180 1099 371 1328
         28        1971 286 830 804 1876 2106 2129 667 583 191 934 537
                   492 728 1544 406 978 774 2123 592 206 2140 1968 812
                   1626 1551 808 1744 108 260 957 380 1339 495 631 974
                   1516 566 1587 655 2183 742 803 430 227 818 1691 26 536
                   237 524 133 891 338 1834
         29        399 357 1468 455 229 387 405 301 249 287 165 453 203
                   1103 207 320 307 414 416 250 137 188 432 340 117 220
                   1290 446 443 400 217 282 376 143 360 184 198 353 295
                   252 1615 393 331 157 413 246 160 1368 1565 328 91 981
                   240 204 323 1227 235 1527 1797 197 362 2211 1860 318
                   316 149 370 167 298 153 422 451 398 172 317 239 326
                   354 396 180 437 277 264 263 151 186 138 284 296 309
                   1098 1210 433 347 268 1818 377 1268 111 1637 1018 322
                   30 418 304 211 426 1299 1808 325 110 205 332 241 372
                   142 342 49 210 196 1938 129 417 182 187 147 2085 148
                   368 269 212 177 419 349 163 132 4 423 1868 314 283 1559
                   290 2223 262 193 452 1458 361 274 2043 410 330 276 294
                   1536 440 115 428 278 429 291 109 155 447 253 402
         30        1307 1634 2028 1831 1855 791 2206 1524 1283 1829 2049
                   67 944 1763 1919 1989 932 57 593 999 1589 1837 695 1453
                   1668 2020 1010 1135 2202 2195 52 622 1088 1985 1955
                   1618 1513 1202 1019 21 793 1397 1326 933 1653 2163 1643
                   772 800 829 1872 1467 1798 1323 1586 3 2067 1406 1442
                   1518 1424 1395 823 1160 2001 84 1008 1100 1811 1381
                   1645 1066 6 499 517 99 605 73 1584 1213 1977 1246 1298
                   1585 918 564 1887 1324 646 2036 1788 743 937 853 1710
                   1659 2000 461 1303 1454 1669 1950 915 1311 1016 930
                   62 1114 63 1015 33 1770 1422 2118 1096 632 767 1054
                   719 45 1249 476 102 1579 738 597 1111 692 946 1057 18
                   558 2040 858 97 672 1708 2047 1481 1940 1360 1115 1593
                   653 1558 482 2216 1024 1928 1859 1823 481 1821 1175
                   2212 1806 1514 1118 2119 1371 2111 1839 908 1241 725
                   1004 2147 1760 1445 1847 87 471 1600 1703 983 1931 895
                   1951 1062 868 924 889 1502 758 1348 616 2093 1196 1191
                   1418 2030 1388 943 703 515 609 1773 2196 2073 74 60
                   2132 2015 1610 2208 79 1778 1064 1601 1817 1501 2099
                   1624 1891 2199 898 1095 1353 2137 1625 1879 822 874
                   1813 606 2081 1023 541 2126 1412 1611 85 1576 613 1432
                   2161 35 1604 1110 486 717 639 2069 1612 467 745 508
                   839 2165 1864 1591 940 815 1686 2114 1523 1614 9 13
                   1013 1080 1720 1687 1934 1627 686 1863 2219 475 739
                   547 1350 712 1538 732 784 2 1429 1248 2097 1389 1207
                   82 894 2179 1214 1254 1512 1315 2191 749 1314 1185 645
                   1873 1768 1509 941 1372 2038 834 11 1425 557 602 2014
                   1410 1835 1233 906 2064 477 1754 1199 1472 1437 691
                   1086 86 1727 1041 1608 1091 2065 1623 1554 1466 498
                   1291 1201 1870 1805 1030 1473 2051 1673 1465 1534 1334
                   518 802 1365 1113 1542 674 1926 2141 1674 1734 1715
                   977 1696 1077 1181 1031 618 1814 1044 1219 1849 2138
                   1075 103 896 871 1568 1161 92 821 562 675 1264 994 1882
                   1462 1981 702 36 630 1330 929 44 2056 1972 1902 669
                   1497 1961 2035 1759 1845 1991 1745 1033 1916 2159 1850
                   1460 880 599 2059 1167 2135 837 813 1924 1917 1964 722
                   1953 1570 2082 643 2070 556 1697 1276 680 64 1930 2091
                   72 1220 1790 910 685 25 986 809 963 992 1957 504 786
                   733 100 1840 506 1963 953 2024 29 1525 1528 1786 1629
                   711 1875 746 1956 544 827 1562 1607 1154 1979 1656 1001
                   1151 684 19 1423 1259 1803 615 1632 1081 579 1992 1546
                   1654 720 1707 1493 1171 603 2151 69 2101 1644 1774 1573
                   959 559 885 1714 1309 1851 909 1946 1716 582 1695 1480
                   947 956 1121 1504 1139 678 1163 2088 642 2117 555 753
                   1137 77 1713 696 864 1785 1923 2075 1801 48 1256 59
                   726 1777 561 831 1784 2076 37 968 859 1809 1067 927
                   2019 2150 914 735 1379 1232 1401 1498 1947 1939 628
                   1822 665 89 2131 1943 1305 995 1646 2185 1203 2016 1216
                   807 2182 2127 2122 682 1266 998 39 964 1999 1035 1793
                   875 2112 2052 1731 1415 1942 764 1230 38 553 1561 1757
                   600 1967 1828 1984 1250 2213 2187 1451 1986 1436 1532
                   1517 1508 644 1918 1421 714 2098 2044 1680 1461 507
                   1147 20 2136 789 105 1595 1944 763 1237 46 78 474 1070
                   488 1485 1701 523 1581 1572 1028 1477 638 1819 2003
                   2169 1263 782 1225 12 810 1881 1895 1704 88 2148 470
                   2154 1172 1515 1378 2023 1020 1935 1356 2221 2002 1488
                   1966 2145 1987 1200 1789 2095 971 870 1560 2018 2157
                   801 1478 1487 1751 993 2160 718 1779 866 876 979 723
                   1799 1470 2203 1392 2037 1937 1402 958 1386 1588 849
                   1869 1900 1189 1812 1647 2224 1861 1022 747 1522 65
                   2061 590 780 901 93 740 1905 1914 744 525 1190 1729
                   751 2013 1400 1032 938 1128 1346 860 648 1856 1619 987
                   550 502 1231 882 1272 2197 1755 1294 1071 709 1243 484
                   855 756 926 904 1613 2181 552 1904 1878 1912 1765 1061
                   2174 2010 1661 1491 973 520 1896 970 1133 1743 1609
                   892 1131 997 1345 965 1580 2198 1021 1352 1810 500 1671
                   1089 1074 2068 2184 1791 1404 640 2115 1782 633 1693
                   1280 1660 1590 90 2121 1117 989 95 1431 1675 731 1050
                   540 1340 1003 899 1335 1236 1997 10 1387 966 886 1692
                   1182 1915 1678 1174 40 845 1833 1564 1648 288 1218 32
                   814 601 741 1034 1907 710 1002 1639 2022 2026 1366 761
                   2063 1104 2171 755



COVARIANCE COVERAGE OF DATA

Minimum covariance coverage value   0.100

     Number of missing data patterns             2


     PROPORTION OF DATA PRESENT


           Covariance Coverage
              CALL_C_B      DAY_BEFO
              ________      ________
 CALL_C_B       0.701
 DAY_BEFO       0.701         0.701


UNIVARIATE PROPORTIONS AND COUNTS FOR CATEGORICAL VARIABLES

    CALL_C_B
      Category 1    0.700        17712.000
      Category 2    0.300         7591.000



UNIVARIATE SAMPLE STATISTICS


     UNIVARIATE HIGHER-ORDER MOMENT DESCRIPTIVE STATISTICS

         Variable/         Mean/     Skewness/   Minimum/ % with                Percentiles
        Sample Size      Variance    Kurtosis    Maximum  Min/Max      20%/60%    40%/80%    Median

     DAY_BEFORE_W1       -14.739       0.041     -29.000    3.21%     -23.000    -18.000    -15.000
           25303.000      72.144      -1.158       0.000    3.26%     -12.000     -6.000


     WARNING: PROBLEMS OCCURRED IN SEVERAL ITERATIONS IN THE COMPUTATION OF THE STANDARDIZED ESTIMATES FOR SEVERAL
     CLUSTERS. THIS IS MOST LIKELY DUE TO AR COEFFICIENTS GREATER THAN 1 OR PARAMETERS GIVING NON-STATIONARY MODELS.
     SUCH POSTERIOR DRAWS ARE REMOVED. THE FOLLOWING CLUSTERS HAD SUCH PROBLEMS:
          415 794 1281 1295 501 490 797 635 1060 168 146 706 1781 397 679 788 1874 2217 671 1830 497
          1097 261 2155 1771 574 407 2134 1974 996 463 1540 1767 485 1557 445 835 1735 2166 1056 1143
          771 218 670 1136 663 1890 762 2103 620 681 1278 319 267 394 442 1706 1430 922 454 584 664 991
          293 1029 704 830 406 774 2123 206 1744 974 566 1587 2183 430 818 188 1797 422 451 398 326 263
          284 1098 268 111 325 210 269 419 1559 290 1536 291 155 1855 999 1135 2202 2195 1088 1985 1513
          1397 1653 800 1467 1798 3 1100 1213 937 461 915 1016 1054 719 45 1593 482 1806 1760 1348 1196
          1418 60 2208 1432 508 739 732 82 1214 557 477 2065 518 1696 103 675 702 1330 72 25 1629 1956
          1979 1001 1632 1081 1493 1504 1139 753 59 1777 2076 968 914 1232 2131 807 2122 523 1028 1263
          1172 2023 1020 2095 2157 801 1751 2160 979 1812 1647 1729 751 1856 1619 756 1765 1061 2010
          1491 1609 1003 1218 32 741 1034 1639

THE MODEL ESTIMATION TERMINATED NORMALLY

     USE THE FBITERATIONS OPTION TO INCREASE THE NUMBER OF ITERATIONS BY A FACTOR
     OF AT LEAST TWO TO CHECK CONVERGENCE AND THAT THE PSR VALUE DOES NOT INCREASE.

     THE EFFECTIVE SAMPLE SIZE FOR THE POSTERIOR DISTRIBUTION OF PARAMETER 2 IS LESS THAN 20.
     ESS > 200-400 IS RECOMMENDED. USE BITER=262000(131000) OR SIMPLIFY THE MODEL.



MODEL FIT INFORMATION

Number of Free Parameters                              12



MODEL RESULTS

                                Posterior  One-Tailed         95% C.I.
                    Estimate       S.D.      P-Value   Lower 2.5%  Upper 2.5%  Significance

Within Level

 F        BY
    CALL_C_B           1.000       0.000      0.000       1.000       1.000

 Means
    DAY_BEFORE       -14.740       0.053      0.000     -14.844     -14.636      *

 Variances
    DAY_BEFORE        72.161       0.645      0.000      70.907      73.432      *

 Residual Variances
    F                 82.025      14.110      0.000      57.281     108.945      *

Between Level

 CALL_C_B WITH
    STAB              -0.508       0.441      0.125      -1.386       0.361
    TREND              0.879       0.383      0.002       0.225       1.690      *

 STAB     WITH
    TREND             -0.001       0.006      0.433      -0.013       0.010

 Means
    TREND              0.002       0.019      0.461      -0.035       0.041
    STAB               0.099       0.025      0.000       0.049       0.147      *

 Thresholds
    CALL_C_B$1         9.612       0.875      0.000       7.925      11.149      *

 Variances
    CALL_C_B         185.516      33.522      0.000     126.121     246.726      *
    TREND              0.052       0.011      0.000       0.034       0.074      *
    STAB               0.047       0.008      0.000       0.033       0.064      *


STANDARDIZED MODEL RESULTS


STDYX Standardization

                                Posterior  One-Tailed         95% C.I.
                    Estimate       S.D.      P-Value   Lower 2.5%  Upper 2.5%  Significance

Within-Level Standardized Estimates Averaged Over Clusters

 F        BY
    CALL_C_B           0.975       0.003      0.000       0.968       0.980      *

 STAB | F ON
    F&1                0.110       0.028      0.000       0.048       0.150      *

 TREND | CALL_C_B ON
    DAY_BEFORE         0.004       0.016      0.409      -0.026       0.036

 Means
    DAY_BEFORE        -1.735       0.010      0.000      -1.755      -1.716      *

 Variances
    DAY_BEFORE         1.000       0.000      0.000       1.000       1.000

 Residual Variances
    F                  0.940       0.010      0.000       0.924       0.961      *

Between Level

 CALL_C_B WITH
    STAB              -0.179       0.145      0.125      -0.442       0.124
    TREND              0.289       0.099      0.002       0.087       0.465      *

 STAB     WITH
    TREND             -0.022       0.119      0.433      -0.254       0.204

 Means
    TREND              0.009       0.085      0.461      -0.153       0.179
    STAB               0.462       0.116      0.000       0.225       0.679      *

 Variances
    CALL_C_B           1.000       0.000      0.000       1.000       1.000
    TREND              1.000       0.000      0.000       1.000       1.000
    STAB               1.000       0.000      0.000       1.000       1.000


R-SQUARE

Within-Level R-Square Averaged Across Clusters

                                Posterior  One-Tailed         95% C.I.
    Variable        Estimate       S.D.      P-Value   Lower 2.5%  Upper 2.5%

    CALL_C_B           0.990       0.001      0.000       0.989       0.992

                                Posterior  One-Tailed         95% C.I.
    Variable        Estimate       S.D.      P-Value   Lower 2.5%  Upper 2.5%

    F                  0.060       0.010      0.000       0.039       0.076


RESIDUAL OUTPUT


     ESTIMATED MODEL


     AVERAGE CLUSTER ESTIMATES


           Means
              CALL_C_B      DAY_BEFO
              ________      ________
               -8.140       -14.739


           Covariances
              CALL_C_B      DAY_BEFO
              ________      ________
 CALL_C_B      67.397
 DAY_BEFO       0.113        72.157


           Correlations
              CALL_C_B      DAY_BEFO
              ________      ________
 CALL_C_B       1.000
 DAY_BEFO       0.002         1.000


     BETWEEN LEVEL


           Means
              CALL_C_B      DAY_BEFO
              ________      ________
                0.000         0.000


           Covariances
              CALL_C_B      DAY_BEFO
              ________      ________
 CALL_C_B     185.516
 DAY_BEFO       0.000         0.000


           Correlations
              CALL_C_B      DAY_BEFO
              ________      ________
 CALL_C_B       1.000
 DAY_BEFO       0.000         1.000


TECHNICAL 1 OUTPUT


     PARAMETER SPECIFICATION FOR WITHIN


           TAU
              CALL_C_B
              ________
                    0


           NU
              CALL_C_B      DAY_BEFO
              ________      ________
                    0             0


           LAMBDA
              F             F&1           CALL_C_B      DAY_BEFO
              ________      ________      ________      ________
 CALL_C_B           0             0             0             0
 DAY_BEFO           0             0             0             0


           THETA
              CALL_C_B      DAY_BEFO
              ________      ________
 CALL_C_B           0
 DAY_BEFO           0             0


           ALPHA
              F             F&1           CALL_C_B      DAY_BEFO
              ________      ________      ________      ________
                    0             0             0             1


           BETA
              F             F&1           CALL_C_B      DAY_BEFO
              ________      ________      ________      ________
 F                  0             0             0             0
 F&1                0             0             0             0
 CALL_C_B           0             0             0             0
 DAY_BEFO           0             0             0             0


           PSI
              F             F&1           CALL_C_B      DAY_BEFO
              ________      ________      ________      ________
 F                  2
 F&1                0             0
 CALL_C_B           0             0             0
 DAY_BEFO           0             0             0             3


     PARAMETER SPECIFICATION FOR BETWEEN


           TAU
              CALL_C_B
              ________
                   12


           NU
              CALL_C_B
              ________
                    0


           LAMBDA
              TREND         STAB          CALL_C_B
              ________      ________      ________
 CALL_C_B           0             0             0


           THETA
              CALL_C_B
              ________
 CALL_C_B           0


           ALPHA
              TREND         STAB          CALL_C_B
              ________      ________      ________
                    4             5             0


           BETA
              TREND         STAB          CALL_C_B
              ________      ________      ________
 TREND              0             0             0
 STAB               0             0             0
 CALL_C_B           0             0             0


           PSI
              TREND         STAB          CALL_C_B
              ________      ________      ________
 TREND              6
 STAB               7             8
 CALL_C_B           9            10            11


     STARTING VALUES FOR WITHIN


           TAU
              CALL_C_B
              ________
                0.000


           NU
              CALL_C_B      DAY_BEFO
              ________      ________
                0.000         0.000


           LAMBDA
              F             F&1           CALL_C_B      DAY_BEFO
              ________      ________      ________      ________
 CALL_C_B       0.000         0.000         1.000         0.000
 DAY_BEFO       0.000         0.000         0.000         1.000


           THETA
              CALL_C_B      DAY_BEFO
              ________      ________
 CALL_C_B       0.000
 DAY_BEFO       0.000         0.000


           ALPHA
              F             F&1           CALL_C_B      DAY_BEFO
              ________      ________      ________      ________
                0.000         0.000         0.000       -14.739


           BETA
              F             F&1           CALL_C_B      DAY_BEFO
              ________      ________      ________      ________
 F              0.000         0.000         0.000         0.000
 F&1            0.000         0.000         0.000         0.000
 CALL_C_B       1.000         0.000         0.000         0.000
 DAY_BEFO       0.000         0.000         0.000         0.000


           PSI
              F             F&1           CALL_C_B      DAY_BEFO
              ________      ________      ________      ________
 F              1.000
 F&1            0.000         1.000
 CALL_C_B       0.000         0.000         1.000
 DAY_BEFO       0.000         0.000         0.000        36.072


     STARTING VALUES FOR BETWEEN


           TAU
              CALL_C_B
              ________
                0.471


           NU
              CALL_C_B
              ________
                0.000


           LAMBDA
              TREND         STAB          CALL_C_B
              ________      ________      ________
 CALL_C_B       0.000         0.000         1.000


           THETA
              CALL_C_B
              ________
 CALL_C_B       0.000


           ALPHA
              TREND         STAB          CALL_C_B
              ________      ________      ________
                0.000         0.000         0.000


           BETA
              TREND         STAB          CALL_C_B
              ________      ________      ________
 TREND          0.000         0.000         0.000
 STAB           0.000         0.000         0.000
 CALL_C_B       0.000         0.000         0.000


           PSI
              TREND         STAB          CALL_C_B
              ________      ________      ________
 TREND          1.000
 STAB           0.000         1.000
 CALL_C_B       0.000         0.000         1.000



     PRIORS FOR ALL PARAMETERS            PRIOR MEAN      PRIOR VARIANCE     PRIOR STD. DEV.

     Parameter 1~N(0.000,infinity)           0.0000            infinity            infinity
     Parameter 2~IG(-1.000,0.000)          infinity            infinity            infinity
     Parameter 3~IG(-1.000,0.000)          infinity            infinity            infinity
     Parameter 4~N(0.000,infinity)           0.0000            infinity            infinity
     Parameter 5~N(0.000,infinity)           0.0000            infinity            infinity
     Parameter 6~IW(1.000,4)               infinity            infinity            infinity
     Parameter 7~IW(0.000,4)               infinity            infinity            infinity
     Parameter 8~IW(1.000,4)               infinity            infinity            infinity
     Parameter 9~IW(0.000,4)               infinity            infinity            infinity
     Parameter 10~IW(0.000,4)              infinity            infinity            infinity
     Parameter 11~IW(1.000,4)              infinity            infinity            infinity
     Parameter 12~N(0.000,5.000)             0.0000              5.0000              2.2361


TECHNICAL 4 OUTPUT


     AVERAGE ESTIMATES DERIVED FROM THE MODEL FOR WITHIN


           ESTIMATED MEANS FOR THE LATENT VARIABLES
              F             F&1           TREND         STAB          CALL_C_B
              ________      ________      ________      ________      ________
                0.000         0.000         0.002         0.099        -8.140


           ESTIMATED MEANS FOR THE LATENT VARIABLES
              DAY_BEFO
              ________
              -14.739


           ESTIMATED COVARIANCE MATRIX FOR THE LATENT VARIABLES
              F             F&1           TREND         STAB          CALL_C_B
              ________      ________      ________      ________      ________
 F             63.496
 F&1            7.263        63.496
 TREND          0.000         0.000         0.000
 STAB           0.000         0.000         0.000         0.000
 CALL_C_B      63.496         7.263         0.000         0.000        67.397
 DAY_BEFO       0.000         0.000         0.000         0.000         0.113


           ESTIMATED COVARIANCE MATRIX FOR THE LATENT VARIABLES
              DAY_BEFO
              ________
 DAY_BEFO      72.157


           ESTIMATED CORRELATION MATRIX FOR THE LATENT VARIABLES
              F             F&1           TREND         STAB          CALL_C_B
              ________      ________      ________      ________      ________
 F              1.000
 F&1            0.112         1.000
 TREND          0.000         0.000         1.000
 STAB           0.000         0.000         0.000         1.000
 CALL_C_B       0.971         0.109         0.000         0.000         1.000
 DAY_BEFO       0.000         0.000         0.000         0.000         0.002


           ESTIMATED CORRELATION MATRIX FOR THE LATENT VARIABLES
              DAY_BEFO
              ________
 DAY_BEFO       1.000


     ESTIMATES DERIVED FROM THE MODEL FOR BETWEEN


           ESTIMATED MEANS FOR THE LATENT VARIABLES
              F             F&1           TREND         STAB          CALL_C_B
              ________      ________      ________      ________      ________
                0.000         0.000         0.002         0.099         0.000


           ESTIMATED MEANS FOR THE LATENT VARIABLES
              DAY_BEFO
              ________
                0.000


           ESTIMATED COVARIANCE MATRIX FOR THE LATENT VARIABLES
              F             F&1           TREND         STAB          CALL_C_B
              ________      ________      ________      ________      ________
 F              0.000
 F&1            0.000         0.000
 TREND          0.000         0.000         0.052
 STAB           0.000         0.000        -0.001         0.047
 CALL_C_B       0.000         0.000         0.879        -0.508       185.516
 DAY_BEFO       0.000         0.000         0.000         0.000         0.000


           ESTIMATED COVARIANCE MATRIX FOR THE LATENT VARIABLES
              DAY_BEFO
              ________
 DAY_BEFO       0.000


           ESTIMATED CORRELATION MATRIX FOR THE LATENT VARIABLES
              F             F&1           TREND         STAB          CALL_C_B
              ________      ________      ________      ________      ________
 F              1.000
 F&1            0.000         1.000
 TREND          0.000         0.000         1.000
 STAB           0.000         0.000        -0.021         1.000
 CALL_C_B       0.000         0.000         0.284        -0.172         1.000
 DAY_BEFO       0.000         0.000         0.000         0.000         0.000


           ESTIMATED CORRELATION MATRIX FOR THE LATENT VARIABLES
              DAY_BEFO
              ________
 DAY_BEFO       1.000


TECHNICAL 8 OUTPUT


   TECHNICAL 8 OUTPUT FOR BAYES ESTIMATION

     PROCESSOR    BSEED
     1            0
     2            285380
     3            253358
     4            93468
     5            608496
     6            903420
     7            195873
     8            462953
     9            939021
     10           127215
     11           415931
     12           533738
     13           107446
     14           399671
     15           650371
     16           27071
     17           76974
     18           68985
     19           851945
     20           637345
     21           573096
     22           902278
     23           887676
     24           372176
     25           347515
     26           207896
     27           569131
     28           364676
     29           392418
     30           366706

                     POTENTIAL       PARAMETER WITH
     ITERATION    SCALE REDUCTION      HIGHEST PSR
     100              1.161               2
     200              1.256               10
     300              1.178               10
     400              1.041               2
     500              1.278               2
     600              1.500               2
     700              1.250               2
     800              1.097               2
     900              1.052               11
     1000             1.067               11
     1100             1.085               11
     1200             1.101               11
     1300             1.128               2
     1400             1.187               2
     1500             1.262               11
     1600             1.374               11
     1700             1.508               2
     1800             1.495               11
     1900             1.390               11
     2000             1.225               11
     2100             1.093               2
     2200             1.050               10
     2300             1.033               10
     2400             1.009               8
     2500             1.010               2
     2600             1.015               2
     2700             1.022               2
     2800             1.031               2
     2900             1.040               2
     3000             1.039               2
     3100             1.037               2
     3200             1.056               9
     3300             1.084               9
     3400             1.065               9
     3500             1.053               9
     3600             1.039               9
     3700             1.024               9
     3800             1.017               2
     3900             1.025               2
     4000             1.042               2
     4100             1.059               2
     4200             1.083               2
     4300             1.102               2
     4400             1.121               2
     4500             1.161               2
     4600             1.184               2
     4700             1.197               2
     4800             1.211               2
     4900             1.220               2
     5000             1.224               2
     5100             1.207               2
     5200             1.194               2
     5300             1.190               2
     5400             1.187               2
     5500             1.193               2
     5600             1.194               2
     5700             1.206               2
     5800             1.221               2
     5900             1.239               2
     6000             1.253               2
     6100             1.262               2
     6200             1.281               11
     6300             1.300               11
     6400             1.309               11
     6500             1.321               11
     6600             1.314               11
     6700             1.311               11
     6800             1.319               2
     6900             1.335               2
     7000             1.351               2
     7100             1.360               2
     7200             1.363               2
     7300             1.361               2
     7400             1.372               2
     7500             1.390               2
     7600             1.407               2
     7700             1.418               2
     7800             1.436               2
     7900             1.443               2
     8000             1.455               2
     8100             1.471               2
     8200             1.500               2
     8300             1.527               2
     8400             1.546               2
     8500             1.564               2
     8600             1.578               2
     8700             1.604               2
     8800             1.630               2
     8900             1.662               2
     9000             1.696               2
     9100             1.716               2
     9200             1.739               2
     9300             1.754               2
     9400             1.788               2
     9500             1.832               2
     9600             1.874               2
     9700             1.932               2
     9800             1.969               2
     9900             1.973               2
     10000            1.957               2
     10100            1.965               2
     10200            1.966               2
     10300            1.955               2
     10400            1.939               2
     10500            1.903               2
     10600            1.851               2
     10700            1.794               2
     10800            1.750               2
     10900            1.710               2
     11000            1.647               2
     11100            1.566               2
     11200            1.481               2
     11300            1.410               11
     11400            1.368               11
     11500            1.326               11
     11600            1.280               11
     11700            1.246               11
     11800            1.230               11
     11900            1.207               11
     12000            1.192               11
     12100            1.179               11
     12200            1.167               11
     12300            1.155               12
     12400            1.143               12
     12500            1.135               12
     12600            1.119               12
     12700            1.106               12
     12800            1.097               12
     12900            1.091               12
     13000            1.083               12
     13100            1.074               12


     MCMC EFFECTIVE SAMPLE SIZE (ESS) IN ASCENDING ORDER
        LOWEST 10 PARAMETERS
        PARAMETER    ESS
             2       <20
             6       <20
            11       <20
            12       <20
             9        36
            10        70
             5        91
             4       105
             8       149
             7       237


PLOT INFORMATION

The following plots are available:

  Histograms (sample values)
  Scatterplots (sample values)
  Between-level histograms (sample values, sample means/variances)
  Between-level scatterplots (sample values, sample means/variances)
  Time series plots (sample values, ACF, PACF)
  Histogram of subjects per time point
  Time interval plots
  Sample proportions
  Bayesian posterior parameter distributions
  Bayesian posterior parameter trace plots
  Bayesian autocorrelation plots
  Bayesian prior parameter distributions

     Beginning Time:  08:04:06
        Ending Time:  12:29:57
       Elapsed Time:  04:25:51



MUTHEN & MUTHEN
3463 Stoner Ave.
Los Angeles, CA  90066

Tel: (310) 391-9971
Fax: (310) 391-8971
Web: www.StatModel.com
Support: Support@StatModel.com

Copyright (c) 1998-2025 Muthen & Muthen
