Mplus VERSION 9 (Linux)
MUTHEN & MUTHEN
10/28/2025   5:47 PM

INPUT INSTRUCTIONS


  TITLE: Two-level AR(1) model for call_d_l2;

  DATA:
    FILE = "data_full_call_d_l2.dat";

  VARIABLE:
  NAMES = new_id age female edu edu_low edu_med edu_high nr_dev w1_inet w1_sp w1_pc_nr
       w1_sph_nr w1_tabl_nr date call_c msg_c phot_c call_d msg_d phot_d web_c web_d
       sm_c sm_d w1_date w1b_date w1_date_7 w1_date_30 w1b_date_7 w1b_date_30
       day_before_w1 day_before_w1b w1_7d_window w1b_7d_window w1_30d_window
       w1b_30d_window days_c call_d_l msg_d_l phot_d_l web_d_l sm_d_l call_c_l msg_c_l
       phot_c_l web_c_l sm_c_l days_c_l call_d_l2 msg_d_l2 phot_d_l2 web_d_l2 sm_d_l2
       call_c_l2 msg_c_l2 phot_c_l2 web_c_l2 sm_c_l2 call_c_b msg_c_b phot_c_b web_c_b
       sm_c_b time;
    MISSING = .;
    USEVARIABLES = call_d_l2 day_before_w1;
    WITHIN = day_before_w1;
    CLUSTER = new_id;
    TINTERVAL = time (1 time2);

  ANALYSIS:
    TYPE = TWOLEVEL RANDOM;
    ESTIMATOR = BAYES;
    PROCESSORS = 30;
    BITERATIONS = 80000 (10000);
    THIN = 20;

  MODEL:

  %WITHIN%
  f BY call_d_l2@1(&1);
  trend | call_d_l2 ON day_before_w1;
  stab | f ON f&1;

  logv | call_d_l2;

  day_before_w1;

  %BETWEEN%
  call_d_l2 WITH stab trend;
  stab WITH trend;

  [logv] (m);
  logv (s);

  Model Constraint:
            new(medv meanv 25qv 75qv);		
            medv = exp(m);
            meanv = exp(m + s/2);
    		! 25th and 75th quartiles
    		! based on normal dist of logv:
    		25qv = exp(m - sqrt(s)*0.675);
    		75qv = exp(m + sqrt(s)*0.675);




  OUTPUT: TECH1 TECH8 TECH4 STDYX residual;

  PLOT: TYPE = PLOT3;



*** WARNING in VARIABLE command
  Note that only the first 8 characters of variable names are used in the output.
  Shorten variable names to avoid any confusion.
*** WARNING in PLOT command
  Note that only the first 8 characters of variable names are used in plots.
  If variable names are not unique within the first 8 characters, problems
  may occur.
*** WARNING
  One or more individual-level variables have no variation within a
  cluster for the following clusters.

     Variable   Cluster IDs with no within-cluster variation

      CALL_D_L    1770 2073 1966

   3 WARNING(S) FOUND IN THE INPUT INSTRUCTIONS



Two-level AR(1) model for call_d_l2;

SUMMARY OF ANALYSIS

Number of groups                                                 1
Number of observations                                       19703

Number of dependent variables                                    1
Number of independent variables                                  1
Number of continuous latent variables                            5

Observed dependent variables

  Continuous
   CALL_D_L2

Observed independent variables
   DAY_BEFO

Continuous latent variables
   F           F&1         TREND       STAB        LOGV

Variables with special functions

  Cluster variable      NEW_ID

  Within variables
   DAY_BEFO


Estimator                                                    BAYES
Specifications for Bayesian Estimation
  Point estimate                                            MEDIAN
  Number of Markov chain Monte Carlo (MCMC) chains               2
  Random seed for the first chain                                0
  Starting value information                           UNPERTURBED
  Algorithm used for Markov chain Monte Carlo           GIBBS(PX1)
  Convergence criterion                                  0.500D-01
  Maximum number of iterations                               80000
  K-th iteration used for thinning                              20

Input data file(s)
  data_full_call_d_l2.dat
Input data format  FREE


SUMMARY OF DATA

     Number of clusters                        696

       Size (s)    Cluster ID with Size s

          3        514
          5        2062
          6        657 1796 501
          7        1060
          8        565 534 397 146 98
          9        1874
         10        2217 671
         11        862 833
         12        303
         13        245 1446
         15        407 412
         16        1540 752 463 773 1974
         17        2012 1146
         18        955 494 1197 1177
         19        2144 1899 647 2207
         20        900 1361 189 1677 1025 226
         21        521 1766
         22        1211 825 337 2034 902 363 1101 2139 620 931 762 2103
         23        341 1273 435 982 384 538 681 2039 1666
         24        1888 394 420 1877 1865 1152 441
         25        411 1155 386 270 1706 224 1430 1599 1780 1053
         26        1337 1109 272 1343 365 297 2007 1448 1549 1049
         27        967 1317 1302 991 293 611 636 1159 1998 392 1122 1184
                   1224
         28        934 26 631 974 1544 286 2140 524 2129 260 1971 728 492
                   592 978 1551 1339 495 1626 1516 380 667 108 1834
         29        418 110 2043 205 284 187 196 147 182 212 148 163 132
                   4 241 262 129 193 167 410 115 155 447 399 357 1468 455
                   452 274 440 301 229 428 250 137 287 117 220 405 446
                   443 432 376 143 320 198 353 307 414 252 217 246 1818
                   328 240 1210 1615 393 157 362 1227 370 235 398 172 239
                   396 177 317 263 354 149 433 180 111 298 153 323 2211
                   453 368 277 186 1637 314 309 2223 361 400 211 294 423
                   278 109 1808
         30        1199 1580 1021 88 90 1478 1003 966 886 876 1678 40 1905
                   1366 761 1307 1190 1524 1829 944 602 1661 1989 932 2115
                   593 1837 695 1340 1182 2022 1135 885 1955 1618 2028
                   1202 999 52 1716 1326 933 2163 21 772 829 1586 2067
                   1160 2001 678 1381 1645 2185 499 99 1008 1584 1811 1298
                   1585 918 1324 2036 1788 605 1710 1659 2000 461 1303
                   896 1669 1311 930 62 1114 39 1015 33 1770 1561 643 632
                   767 719 1249 1111 46 558 2040 2047 1940 1360 488 653
                   2216 97 1708 1115 1024 1928 2111 725 2147 1760 1839
                   1847 1445 471 1703 895 1502 12 616 1032 1778 1891 515
                   1773 1353 2073 1919 1421 79 1064 1601 1817 1581 2099
                   1624 2199 85 2137 1879 822 874 1612 606 2081 541 484
                   2165 1246 613 35 853 1110 486 717 639 2069 467 745 1934
                   1591 940 1686 1627 13 1720 965 1214 1350 1185 784 2
                   1509 1248 858 894 1254 1315 557 1314 906 645 1873 1768
                   1951 2038 834 11 1835 1472 2064 1323 1412 1870 1086
                   86 1727 1041 1608 1465 1623 1554 1365 498 1291 1674
                   1030 1673 1715 977 1334 802 646 1542 674 1926 2141 1181
                   1077 1031 1814 1044 1849 1075 946 2138 1568 562 92 821
                   1264 994 18 1981 630 44 2056 1902 669 1330 2035 1759
                   1745 1033 1916 1850 1460 880 599 547 837 813 1924 1953
                   2082 2070 1697 1276 680 712 1930 72 1790 986 809 992
                   1957 786 733 1840 506 1963 941 953 1528 2024 544 29
                   1562 1371 1931 1979 1154 1259 1151 684 19 1091 1803
                   615 579 1992 69 720 1644 1171 603 1774 2065 1946 1573
                   959 559 947 1714 1851 909 582 1695 956 642 1067 1139
                   929 753 1646 77 889 864 1785 1923 2075 48 1256 59 726
                   561 2052 37 1415 859 1809 100 1828 2150 711 735 1232
                   1947 665 1305 995 1607 2044 807 2182 682 1656 1999 1035
                   1793 1485 1731 1001 553 1028 1757 600 1967 1984 2213
                   1451 1546 644 2098 1654 1680 1461 1147 2003 105 1595
                   1881 763 1237 2148 474 1935 1701 1572 2169 1263 782
                   1225 508 810 1966 1895 1498 470 993 1987 1200 1789 870
                   686 2160 1402 1470 958 1588 849 1869 1189 2224 1522
                   65 2196 780 901 93 740 1914 1729 2013 1128 1022 860
                   648 550 502 882 2197 1755 1294 1071 2061 855 525 904
                   2181 1944 1765 973 938 987 1743 892 1231 709 2198 78
                   1352 1671 1089 1791 640 1782 633 1280 1660 1590 1754
                   2121 1117 1675 1050 540 1613 1335 1236 1997 552 1912
                   638 1174 845 1833 1648 520 32 1002 970 1133 2063 1104
                   2171



COVARIANCE COVERAGE OF DATA

Minimum covariance coverage value   0.100

     Number of missing data patterns             3


     PROPORTION OF DATA PRESENT


           Covariance Coverage
              CALL_D_L      DAY_BEFO
              ________      ________
 CALL_D_L       0.379
 DAY_BEFO       0.379         0.798



UNIVARIATE SAMPLE STATISTICS


     UNIVARIATE HIGHER-ORDER MOMENT DESCRIPTIVE STATISTICS

         Variable/         Mean/     Skewness/   Minimum/ % with                Percentiles
        Sample Size      Variance    Kurtosis    Maximum  Min/Max      20%/60%    40%/80%    Median

     CALL_D_L2            -0.197      -0.031      -4.094    3.01%      -1.792     -0.629     -0.143
            7467.000       3.290      -0.418       5.093    0.01%       0.312      1.369
     DAY_BEFORE_W1       -14.794       0.039     -29.000    3.17%     -23.000    -18.000    -15.000
           15717.000      71.045      -1.147       0.000    3.00%     -12.000     -6.000


     WARNING: PROBLEMS OCCURRED IN SEVERAL ITERATIONS IN THE COMPUTATION OF THE STANDARDIZED ESTIMATES FOR SEVERAL
     CLUSTERS. THIS IS MOST LIKELY DUE TO AR COEFFICIENTS GREATER THAN 1 OR PARAMETERS GIVING NON-STATIONARY MODELS.
     SUCH POSTERIOR DRAWS ARE REMOVED. THE FOLLOWING CLUSTERS HAD SUCH PROBLEMS:
          514 2062 657 1796 501 1060 565 534 397 146 98 1874 2217 671 862 833 303 245 1446 407 412 1540
          752 463 773 1974 1146 955 494 1197 1177 2144 647 2207 1361 226 1211 825 2034 902 2139 620 931
          762 2103 341 1273 982 384 538 681 1666 1888 394 1877 1865 441 411 386 270 1706 1599 1053 272
          1343 2007 1549 1049 1317 1122 1184 1224 934 1544 2140 524 2129 728 592 1551 1339 495 1516 667
          108 1834 110 2043 187 182 212 132 4 241 262 410 115 1468 455 452 274 440 301 117 405 446 443
          432 198 353 246 1818 240 1210 1615 393 157 362 370 235 398 172 239 396 149 433 111 298 2223
          361 211 294 109 1199 88 90 1478 886 876 1678 40 1905 1366 761 1307 1829 932 2115 1182 1955
          1716 2163 772 829 1586 2067 1381 2185 99 1584 1585 1324 1710 461 1303 1669 1114 1015 33 632
          1249 46 558 2047 1940 1360 2216 97 1708 1024 1928 2111 2147 1760 1847 1445 471 1703 1502 1032
          1778 1891 515 1773 1353 2073 1421 79 1064 1581 2099 1624 85 1879 822 1612 606 2081 541 484
          2165 1246 613 853 486 2069 467 745 1591 940 1627 13 1214 1185 784 2 858 1315 1314 906 645 1951
          2038 834 1472 1323 1870 1086 1608 1465 1554 1365 498 1291 1673 802 646 1542 674 1077 1814 1849
          1075 562 92 821 994 1981 630 44 2056 1902 669 1330 2035 1759 1745 599 547 837 813 1924 2070
          1697 1276 72 1790 809 992 733 1840 506 1963 1528 2024 1562 1371 1931 1979 1259 1151 684 19
          1091 579 69 1171 603 1573 959 947 1714 909 582 1695 642 1646 889 1923 48 2052 100 735 1947
          665 1305 1607 2044 1035 1485 553 1757 600 1967 1984 2213 1451 2098 1680 1147 2003 105 1881
          763 1237 2148 1935 1572 2169 1263 1225 1966 1498 470 1588 849 1869 2224 65 2196 780 901 93
          740 1729 1128 648 882 1755 1294 2181 1765 938 892 1231 2198 78 1791 640 1782 1660 1590 1050
          1335 1997 552 1912 638 1174 1833 1002 2063 2171

THE MODEL ESTIMATION TERMINATED NORMALLY

     USE THE FBITERATIONS OPTION TO INCREASE THE NUMBER OF ITERATIONS BY A FACTOR
     OF AT LEAST TWO TO CHECK CONVERGENCE AND THAT THE PSR VALUE DOES NOT INCREASE.

     THE EFFECTIVE SAMPLE SIZE FOR THE POSTERIOR DISTRIBUTION OF PARAMETER 2 IS ONLY 52.
     ESS > 200-400 IS RECOMMENDED. USE BITER=(38400) OR SIMPLIFY THE MODEL.



MODEL FIT INFORMATION

Number of Free Parameters                              14

Information Criteria

          Deviance (DIC)                       104690.906
          Estimated Number of Parameters (pD)   -1280.584



MODEL RESULTS

                                Posterior  One-Tailed         95% C.I.
                    Estimate       S.D.      P-Value   Lower 2.5%  Upper 2.5%  Significance

Within Level

 F        BY
    CALL_D_L2          1.000       0.000      0.000       1.000       1.000

 Means
    DAY_BEFORE       -14.795       0.067      0.000     -14.929     -14.662      *

 Variances
    DAY_BEFORE        71.051       0.807      0.000      69.498      72.664      *

 Residual Variances
    F                  0.320       0.113      0.000       0.138       0.578      *

Between Level

 CALL_D_L WITH
    STAB               0.050       0.061      0.202      -0.070       0.171
    TREND              0.013       0.003      0.000       0.007       0.020      *

 STAB     WITH
    TREND              0.000       0.001      0.369      -0.002       0.002

 Means
    CALL_D_L2         -0.423       0.062      0.000      -0.545      -0.303      *
    TREND              0.004       0.003      0.074      -0.001       0.009
    STAB               0.246       0.080      0.005       0.103       0.413      *
    LOGV               0.369       0.093      0.001       0.154       0.512      *

 Variances
    CALL_D_L2          1.466       0.125      0.000       1.244       1.731      *
    TREND              0.001       0.000      0.000       0.001       0.001      *
    STAB               0.028       0.019      0.000       0.005       0.074      *
    LOGV               0.233       0.047      0.000       0.162       0.346      *

New/Additional Parameters
    MEDV               1.446       0.130      0.000       1.167       1.669      *
    MEANV              1.627       0.124      0.000       1.360       1.846      *
    25QV               1.044       0.118      0.000       0.793       1.249      *
    75QV               2.004       0.145      0.000       1.692       2.261      *


STANDARDIZED MODEL RESULTS


STDYX Standardization

                                Posterior  One-Tailed         95% C.I.
                    Estimate       S.D.      P-Value   Lower 2.5%  Upper 2.5%  Significance

Within-Level Standardized Estimates Averaged Over Clusters

 F        BY
    CALL_D_L2          0.439       0.081      0.000       0.279       0.568      *

 STAB | F ON
    F&1                0.226       0.073      0.000       0.102       0.375      *

 TREND | CALL_D_L2 ON
    DAY_BEFORE         0.022       0.013      0.052      -0.004       0.047

 LOGV |
    CALL_D_L2          0.764       0.071      0.000       0.632       0.883      *

 Means
    DAY_BEFORE        -1.755       0.013      0.000      -1.781      -1.730      *

 Variances
    DAY_BEFORE         1.000       0.000      0.000       1.000       1.000

 Residual Variances
    F                  0.914       0.036      0.000       0.832       0.970      *

Between Level

 CALL_D_L WITH
    STAB               0.263       0.313      0.202      -0.376       0.846
    TREND              0.349       0.075      0.000       0.194       0.485      *

 STAB     WITH
    TREND              0.062       0.182      0.369      -0.314       0.394

 Means
    CALL_D_L2         -0.350       0.051      0.000      -0.449      -0.250      *
    TREND              0.119       0.084      0.074      -0.044       0.286
    STAB               1.514       1.064      0.005       0.460       4.434      *
    LOGV               0.763       0.242      0.001       0.269       1.206      *

 Variances
    CALL_D_L2          1.000       0.000      0.000       1.000       1.000
    TREND              1.000       0.000      0.000       1.000       1.000
    STAB               1.000       0.000      0.000       1.000       1.000
    LOGV               1.000       0.000      0.000       1.000       1.000


R-SQUARE

Within-Level R-Square Averaged Across Clusters

                                Posterior  One-Tailed         95% C.I.
    Variable        Estimate       S.D.      P-Value   Lower 2.5%  Upper 2.5%

    CALL_D_L2          0.236       0.071      0.000       0.117       0.367

                                Posterior  One-Tailed         95% C.I.
    Variable        Estimate       S.D.      P-Value   Lower 2.5%  Upper 2.5%

    F                  0.086       0.036      0.000       0.030       0.167


RESIDUAL OUTPUT


     ESTIMATED MODEL


     AVERAGE CLUSTER ESTIMATES


           Means
              CALL_D_L      DAY_BEFO
              ________      ________
               -0.479       -14.794


           Covariances
              CALL_D_L      DAY_BEFO
              ________      ________
 CALL_D_L       2.057
 DAY_BEFO       0.268        71.068


           Correlations
              CALL_D_L      DAY_BEFO
              ________      ________
 CALL_D_L       1.000
 DAY_BEFO       0.022         1.000


     BETWEEN LEVEL


           Means
              CALL_D_L      DAY_BEFO
              ________      ________
               -0.423         0.000


           Covariances
              CALL_D_L      DAY_BEFO
              ________      ________
 CALL_D_L       1.466
 DAY_BEFO       0.000         0.000


           Correlations
              CALL_D_L      DAY_BEFO
              ________      ________
 CALL_D_L       1.000
 DAY_BEFO       0.000         1.000


TECHNICAL 1 OUTPUT


     PARAMETER SPECIFICATION FOR WITHIN


           NU
              CALL_D_L      DAY_BEFO
              ________      ________
                    0             0


           LAMBDA
              F             F&1           CALL_D_L      DAY_BEFO
              ________      ________      ________      ________
 CALL_D_L           0             0             0             0
 DAY_BEFO           0             0             0             0


           THETA
              CALL_D_L      DAY_BEFO
              ________      ________
 CALL_D_L           0
 DAY_BEFO           0             0


           ALPHA
              F             F&1           CALL_D_L      DAY_BEFO
              ________      ________      ________      ________
                    0             0             0             1


           BETA
              F             F&1           CALL_D_L      DAY_BEFO
              ________      ________      ________      ________
 F                  0             0             0             0
 F&1                0             0             0             0
 CALL_D_L           0             0             0             0
 DAY_BEFO           0             0             0             0


           PSI
              F             F&1           CALL_D_L      DAY_BEFO
              ________      ________      ________      ________
 F                  2
 F&1                0             0
 CALL_D_L           0             0             0
 DAY_BEFO           0             0             0             3


     PARAMETER SPECIFICATION FOR BETWEEN


           NU
              CALL_D_L
              ________
                    0


           LAMBDA
              TREND         STAB          LOGV          CALL_D_L
              ________      ________      ________      ________
 CALL_D_L           0             0             0             0


           THETA
              CALL_D_L
              ________
 CALL_D_L           0


           ALPHA
              TREND         STAB          LOGV          CALL_D_L
              ________      ________      ________      ________
                    4             5             6             7


           BETA
              TREND         STAB          LOGV          CALL_D_L
              ________      ________      ________      ________
 TREND              0             0             0             0
 STAB               0             0             0             0
 LOGV               0             0             0             0
 CALL_D_L           0             0             0             0


           PSI
              TREND         STAB          LOGV          CALL_D_L
              ________      ________      ________      ________
 TREND              8
 STAB               9            10
 LOGV               0             0            11
 CALL_D_L          12            13             0            14


     PARAMETER SPECIFICATION FOR THE ADDITIONAL PARAMETERS


           NEW/ADDITIONAL PARAMETERS
              MEDV          MEANV         25QV          75QV
              ________      ________      ________      ________
                   15            16            17            18


     STARTING VALUES FOR WITHIN


           NU
              CALL_D_L      DAY_BEFO
              ________      ________
                0.000         0.000


           LAMBDA
              F             F&1           CALL_D_L      DAY_BEFO
              ________      ________      ________      ________
 CALL_D_L       0.000         0.000         1.000         0.000
 DAY_BEFO       0.000         0.000         0.000         1.000


           THETA
              CALL_D_L      DAY_BEFO
              ________      ________
 CALL_D_L       0.000
 DAY_BEFO       0.000         0.000


           ALPHA
              F             F&1           CALL_D_L      DAY_BEFO
              ________      ________      ________      ________
                0.000         0.000         0.000       -14.794


           BETA
              F             F&1           CALL_D_L      DAY_BEFO
              ________      ________      ________      ________
 F              0.000         0.000         0.000         0.000
 F&1            0.000         0.000         0.000         0.000
 CALL_D_L       1.000         0.000         0.000         0.000
 DAY_BEFO       0.000         0.000         0.000         0.000


           PSI
              F             F&1           CALL_D_L      DAY_BEFO
              ________      ________      ________      ________
 F              1.000
 F&1            0.000         1.000
 CALL_D_L       0.000         0.000         0.000
 DAY_BEFO       0.000         0.000         0.000        35.523


     STARTING VALUES FOR BETWEEN


           NU
              CALL_D_L
              ________
                0.000


           LAMBDA
              TREND         STAB          LOGV          CALL_D_L
              ________      ________      ________      ________
 CALL_D_L       0.000         0.000         0.000         1.000


           THETA
              CALL_D_L
              ________
 CALL_D_L       0.000


           ALPHA
              TREND         STAB          LOGV          CALL_D_L
              ________      ________      ________      ________
                0.000         0.000         0.000        -0.197


           BETA
              TREND         STAB          LOGV          CALL_D_L
              ________      ________      ________      ________
 TREND          0.000         0.000         0.000         0.000
 STAB           0.000         0.000         0.000         0.000
 LOGV           0.000         0.000         0.000         0.000
 CALL_D_L       0.000         0.000         0.000         0.000


           PSI
              TREND         STAB          LOGV          CALL_D_L
              ________      ________      ________      ________
 TREND          1.000
 STAB           0.000         1.000
 LOGV           0.000         0.000         1.000
 CALL_D_L       0.000         0.000         0.000         1.645


     STARTING VALUES FOR THE ADDITIONAL PARAMETERS


           NEW/ADDITIONAL PARAMETERS
              MEDV          MEANV         25QV          75QV
              ________      ________      ________      ________
                0.500         0.500         0.500         0.500



     PRIORS FOR ALL PARAMETERS            PRIOR MEAN      PRIOR VARIANCE     PRIOR STD. DEV.

     Parameter 1~N(0.000,infinity)           0.0000            infinity            infinity
     Parameter 2~IG(-1.000,0.000)          infinity            infinity            infinity
     Parameter 3~IG(-1.000,0.000)          infinity            infinity            infinity
     Parameter 4~N(0.000,infinity)           0.0000            infinity            infinity
     Parameter 5~N(0.000,infinity)           0.0000            infinity            infinity
     Parameter 6~N(0.000,infinity)           0.0000            infinity            infinity
     Parameter 7~N(0.000,infinity)           0.0000            infinity            infinity
     Parameter 8~IW(0.000,-4)              infinity            infinity            infinity
     Parameter 9~IW(0.000,-4)              infinity            infinity            infinity
     Parameter 10~IW(0.000,-4)             infinity            infinity            infinity
     Parameter 11~IG(-1.000,0.000)         infinity            infinity            infinity
     Parameter 12~IW(0.000,-4)             infinity            infinity            infinity
     Parameter 13~IW(0.000,-4)             infinity            infinity            infinity
     Parameter 14~IW(0.000,-4)             infinity            infinity            infinity


TECHNICAL 4 OUTPUT


     AVERAGE ESTIMATES DERIVED FROM THE MODEL FOR WITHIN


           ESTIMATED MEANS FOR THE LATENT VARIABLES
              F             F&1           TREND         STAB          LOGV
              ________      ________      ________      ________      ________
                0.000         0.000         0.004         0.249         0.369


           ESTIMATED MEANS FOR THE LATENT VARIABLES
              CALL_D_L      DAY_BEFO
              ________      ________
               -0.479       -14.794


           ESTIMATED COVARIANCE MATRIX FOR THE LATENT VARIABLES
              F             F&1           TREND         STAB          LOGV
              ________      ________      ________      ________      ________
 F              0.362
 F&1            0.099         0.362
 TREND          0.000         0.000         0.000
 STAB           0.000         0.000         0.000         0.000
 LOGV           0.000         0.000         0.000         0.000         0.000
 CALL_D_L       0.362         0.099         0.000         0.000         0.000
 DAY_BEFO       0.000         0.000         0.000         0.000         0.000


           ESTIMATED COVARIANCE MATRIX FOR THE LATENT VARIABLES
              CALL_D_L      DAY_BEFO
              ________      ________
 CALL_D_L       2.057
 DAY_BEFO       0.268        71.068


           ESTIMATED CORRELATION MATRIX FOR THE LATENT VARIABLES
              F             F&1           TREND         STAB          LOGV
              ________      ________      ________      ________      ________
 F              1.000
 F&1            0.271         1.000
 TREND          0.000         0.000         1.000
 STAB           0.000         0.000         0.000         1.000
 LOGV           0.000         0.000         0.000         0.000         1.000
 CALL_D_L       0.427         0.116         0.000         0.000         0.000
 DAY_BEFO       0.000         0.000         0.000         0.000         0.000


           ESTIMATED CORRELATION MATRIX FOR THE LATENT VARIABLES
              CALL_D_L      DAY_BEFO
              ________      ________
 CALL_D_L       1.000
 DAY_BEFO       0.022         1.000


     ESTIMATES DERIVED FROM THE MODEL FOR BETWEEN


           ESTIMATED MEANS FOR THE LATENT VARIABLES
              F             F&1           TREND         STAB          LOGV
              ________      ________      ________      ________      ________
                0.000         0.000         0.004         0.246         0.369


           ESTIMATED MEANS FOR THE LATENT VARIABLES
              CALL_D_L      DAY_BEFO
              ________      ________
               -0.423         0.000


           ESTIMATED COVARIANCE MATRIX FOR THE LATENT VARIABLES
              F             F&1           TREND         STAB          LOGV
              ________      ________      ________      ________      ________
 F              0.000
 F&1            0.000         0.000
 TREND          0.000         0.000         0.001
 STAB           0.000         0.000         0.000         0.028
 LOGV           0.000         0.000         0.000         0.000         0.233
 CALL_D_L       0.000         0.000         0.013         0.050         0.000
 DAY_BEFO       0.000         0.000         0.000         0.000         0.000


           ESTIMATED COVARIANCE MATRIX FOR THE LATENT VARIABLES
              CALL_D_L      DAY_BEFO
              ________      ________
 CALL_D_L       1.466
 DAY_BEFO       0.000         0.000


           ESTIMATED CORRELATION MATRIX FOR THE LATENT VARIABLES
              F             F&1           TREND         STAB          LOGV
              ________      ________      ________      ________      ________
 F              1.000
 F&1            0.000         1.000
 TREND          0.000         0.000         1.000
 STAB           0.000         0.000         0.054         1.000
 LOGV           0.000         0.000         0.000         0.000         1.000
 CALL_D_L       0.000         0.000         0.348         0.249         0.000
 DAY_BEFO       0.000         0.000         0.000         0.000         0.000


           ESTIMATED CORRELATION MATRIX FOR THE LATENT VARIABLES
              CALL_D_L      DAY_BEFO
              ________      ________
 CALL_D_L       1.000
 DAY_BEFO       0.000         1.000


TECHNICAL 8 OUTPUT


   TECHNICAL 8 OUTPUT FOR BAYES ESTIMATION

     PROCESSOR    BSEED
     1            0
     2            285380
     3            253358
     4            93468
     5            608496
     6            903420
     7            195873
     8            462953
     9            939021
     10           127215
     11           415931
     12           533738
     13           107446
     14           399671
     15           650371
     16           27071
     17           76974
     18           68985
     19           851945
     20           637345
     21           573096
     22           902278
     23           887676
     24           372176
     25           347515
     26           207896
     27           569131
     28           364676
     29           392418
     30           366706

                     POTENTIAL       PARAMETER WITH
     ITERATION    SCALE REDUCTION      HIGHEST PSR
     100              1.593               10
     200              1.366               2
     300              1.328               2
     400              1.259               2
     500              1.050               2
     600              1.104               2
     700              1.066               2
     800              1.103               2
     900              1.282               2
     1000             1.422               2
     1100             1.145               2
     1200             1.088               10
     1300             1.115               2
     1400             1.125               2
     1500             1.173               2
     1600             1.248               2
     1700             1.339               2
     1800             1.403               2
     1900             1.398               2
     2000             1.414               2
     2100             1.510               2
     2200             1.669               2
     2300             1.753               2
     2400             1.642               2
     2500             1.561               2
     2600             1.528               2
     2700             1.590               2
     2800             1.418               2
     2900             1.298               2
     3000             1.201               2
     3100             1.199               2
     3200             1.222               2
     3300             1.204               2
     3400             1.218               2
     3500             1.167               2
     3600             1.117               6
     3700             1.088               6
     3800             1.061               6
     3900             1.031               6
     4000             1.022               11
     4100             1.018               6
     4200             1.018               5
     4300             1.018               6
     4400             1.016               6
     4500             1.019               6
     4600             1.007               5
     4700             1.009               5
     4800             1.005               5
     4900             1.009               5
     5000             1.010               2
     5100             1.021               2
     5200             1.037               2
     5300             1.049               2
     5400             1.056               2
     5500             1.038               2
     5600             1.021               2
     5700             1.010               2
     5800             1.006               2
     5900             1.005               2
     6000             1.005               11
     6100             1.006               13
     6200             1.008               13
     6300             1.010               13
     6400             1.011               13
     6500             1.012               13
     6600             1.012               13
     6700             1.012               13
     6800             1.010               13
     6900             1.010               13
     7000             1.010               13
     7100             1.012               13
     7200             1.014               5
     7300             1.013               5
     7400             1.014               5
     7500             1.016               5
     7600             1.017               5
     7700             1.018               5
     7800             1.022               5
     7900             1.018               5
     8000             1.019               5
     8100             1.020               5
     8200             1.026               5
     8300             1.029               5
     8400             1.029               5
     8500             1.030               5
     8600             1.030               5
     8700             1.029               5
     8800             1.028               5
     8900             1.029               5
     9000             1.027               5
     9100             1.029               5
     9200             1.029               5
     9300             1.025               5
     9400             1.020               5
     9500             1.022               5
     9600             1.024               6
     9700             1.027               2
     9800             1.026               2
     9900             1.025               2
     10000            1.019               6


     MCMC EFFECTIVE SAMPLE SIZE (ESS) IN ASCENDING ORDER
        LOWEST 10 PARAMETERS
        PARAMETER    ESS
             2        52
            15        55
            17        56
             6        57
            16        60
            18        64
            11       103
             5       120
            10       196
            13       527


PLOT INFORMATION

The following plots are available:

  Histograms (sample values)
  Scatterplots (sample values)
  Between-level histograms (sample values, sample means/variances)
  Between-level scatterplots (sample values, sample means/variances)
  Time series plots (sample values, ACF, PACF)
  Histogram of subjects per time point
  Time interval plots
  Bayesian posterior parameter distributions
  Bayesian posterior parameter trace plots
  Bayesian autocorrelation plots

     Beginning Time:  17:47:42
        Ending Time:  19:33:01
       Elapsed Time:  01:45:19



MUTHEN & MUTHEN
3463 Stoner Ave.
Los Angeles, CA  90066

Tel: (310) 391-9971
Fax: (310) 391-8971
Web: www.StatModel.com
Support: Support@StatModel.com

Copyright (c) 1998-2025 Muthen & Muthen
