Mplus VERSION 9 (Linux)
MUTHEN & MUTHEN
10/28/2025   8:50 PM

INPUT INSTRUCTIONS


  TITLE: Two-level AR(1) model for msg_c_b;

  DATA:
    FILE = "data_full.dat";

  VARIABLE:
    NAMES = new_id age female edu edu_low edu_med edu_high nr_dev w1_inet w1_sp w1_pc_nr
       w1_sph_nr w1_tabl_nr date call_c msg_c phot_c call_d msg_d phot_d web_c web_d
       sm_c sm_d w1_date w1b_date w1_date_7 w1_date_30 w1b_date_7 w1b_date_30
       day_before_w1 day_before_w1b w1_7d_window w1b_7d_window w1_30d_window
       w1b_30d_window days_c call_d_l msg_d_l phot_d_l web_d_l sm_d_l call_c_l msg_c_l
       phot_c_l web_c_l sm_c_l days_c_l call_d_l2 msg_d_l2 phot_d_l2 web_d_l2 sm_d_l2
       call_c_l2 msg_c_l2 phot_c_l2 web_c_l2 sm_c_l2 call_c_b msg_c_b phot_c_b web_c_b
       sm_c_b time;
    MISSING = .;
    USEVARIABLES = msg_c_b day_before_w1;
    CATEGORICAL = msg_c_b;
    WITHIN = day_before_w1;
    CLUSTER = new_id;
    TINTERVAL = time (1 time2);

  ANALYSIS:
    TYPE = TWOLEVEL RANDOM;
    ESTIMATOR = BAYES;
    PROCESSORS = 30;
    BITERATIONS = 80000 (10000);
    THIN = 20;

  MODEL:
    %WITHIN%
      f BY msg_c_b@1(&1);
      trend | msg_c_b ON day_before_w1;
      stab | f ON f&1;

  day_before_w1;

    %BETWEEN%
      msg_c_b WITH stab trend;
      stab WITH trend;


  OUTPUT: TECH1 TECH8 TECH4 STDYX residual;

  PLOT: TYPE = PLOT3;



*** WARNING in VARIABLE command
  Note that only the first 8 characters of variable names are used in the output.
  Shorten variable names to avoid any confusion.
*** WARNING in PLOT command
  Note that only the first 8 characters of variable names are used in plots.
  If variable names are not unique within the first 8 characters, problems
  may occur.
*** WARNING
  One or more individual-level variables have no variation within a
  cluster for the following clusters.

     Variable   Cluster IDs with no within-cluster variation

      MSG_C_B     415 514 794 1281 2062 1295 750 1796 118 1511 501 490 797 1060 146 565 1106 98
                  1781 2218 679 310 1874 1055 1187 2217 671 862 1830 1097 833 388 261 303 1116
                  27 1325 245 2155 412 407 568 1974 996 1038 463 1540 1767 1146 2012 485 1815
                  693 1198 519 1327 769 1177 1980 1886 445 383 835 2021 1735 2166 226 1056 1164
                  181 1058 247 1978 1143 1677 783 1361 218 670 521 1575 988 869 663 1842 2139
                  762 1211 2120 1101 768 1084 982 1278 1909 319 619 341 104 267 1826 1888 420
                  1877 1732 1676 760 424 2192 1043 457 1865 1152 928 421 442 358 1780 386 1448
                  365 1141 922 1337 1049 454 1901 584 297 598 1507 636 1709 1998 1594 664 967
                  1270 121 392 1092 2194 792 1317 1029 704 1180 1099 371 1876 2106 2129 537 1544
                  978 774 2123 592 2140 808 957 380 566 1587 655 742 803 227 818 1691 237 133
                  891 338 455 229 405 249 287 165 453 1103 320 416 250 432 340 220 1290 400 282
                  143 360 252 1615 331 157 160 1368 1565 91 981 204 323 235 1527 1797 197 2211
                  316 370 167 298 422 398 326 437 138 1098 1210 433 347 1018 322 211 1808 325
                  205 241 372 342 49 1938 417 2085 148 269 177 423 1868 314 283 1559 290 193 274
                  276 294 1536 115 429 291 109 1831 2206 1283 67 1763 1919 932 57 593 999 1589
                  2020 1010 2202 2195 622 1088 1985 1513 1019 21 793 1397 1326 933 2163 800 1323
                  1586 1406 1442 1424 1395 823 1160 1008 1381 1645 1584 1977 1246 564 1887 2036
                  937 1710 1454 1669 930 63 1015 33 1422 632 767 1054 45 1579 692 946 558 1940
                  1360 1115 1558 482 1024 1859 1823 481 1821 1175 2212 1514 1118 1371 2111 908
                  1004 1760 1445 87 1600 1703 983 1062 889 758 2093 1196 1191 1418 2030 703 609
                  2196 2208 1501 898 1353 2137 1813 1023 2126 1432 2161 1864 815 1686 2114 1614
                  9 13 1687 2219 1538 1429 2097 1389 82 2179 1214 1512 2191 749 1185 645 941 1372
                  2038 11 1233 2064 1754 1199 1437 691 1086 1466 498 1201 1030 1473 2051 1534
                  802 1365 1113 674 1926 1674 977 1696 1031 1814 1075 871 1161 821 562 675 1882
                  1462 1981 36 630 929 1972 1902 1961 1759 1845 1991 1033 1916 1850 1460 2059
                  1167 813 1964 722 1953 643 2070 1697 2091 1220 685 963 992 1525 1528 746 1154
                  1151 684 1423 1259 1803 615 579 1992 720 1707 1493 603 2151 1644 1774 959 559
                  1309 1946 582 1695 1480 956 1504 1163 642 2117 555 1137 77 1713 864 1785 1923
                  1256 59 831 968 859 1809 1379 1232 1401 1947 1939 1943 1646 2185 1203 807 2122
                  682 1266 39 964 1035 1793 2052 1731 764 38 553 1757 1828 1250 2213 2187 1986
                  1517 644 1421 2098 2044 1680 507 20 2136 789 1237 46 1070 488 1701 1581 1572
                  1028 1477 1819 2169 782 12 810 1895 1704 470 1172 1378 1935 1488 1987 1789 2095
                  1560 2018 801 1487 1751 993 866 876 979 723 1799 1470 2203 1392 1937 958 1386
                  1812 1861 747 65 2061 780 901 1914 744 525 751 2013 1400 1032 1346 1856 1619
                  987 502 1272 2197 709 1243 926 552 1061 2174 2010 1661 1491 1896 970 1131 997
                  1345 1352 2068 1791 633 2121 989 95 1431 1050 1003 899 10 1387 1692 1678 40
                  845 1833 1564 1218 32 814 601 741 1034 710 1002 1639 2063 755

   3 WARNING(S) FOUND IN THE INPUT INSTRUCTIONS



Two-level AR(1) model for msg_c_b;

SUMMARY OF ANALYSIS

Number of groups                                                 1
Number of observations                                       36106

Number of dependent variables                                    1
Number of independent variables                                  1
Number of continuous latent variables                            4

Observed dependent variables

  Binary and ordered categorical (ordinal)
   MSG_C_B

Observed independent variables
   DAY_BEFO

Continuous latent variables
   F           F&1         TREND       STAB

Variables with special functions

  Cluster variable      NEW_ID

  Within variables
   DAY_BEFO


Estimator                                                    BAYES
Specifications for Bayesian Estimation
  Point estimate                                            MEDIAN
  Number of Markov chain Monte Carlo (MCMC) chains               2
  Random seed for the first chain                                0
  Starting value information                           UNPERTURBED
  Algorithm used for Markov chain Monte Carlo           GIBBS(PX1)
  Convergence criterion                                  0.500D-01
  Maximum number of iterations                               80000
  K-th iteration used for thinning                              20
Link                                                        PROBIT

Input data file(s)
  data_full.dat
Input data format  FREE


SUMMARY OF DATA

     Number of clusters                       1302

       Size (s)    Cluster ID with Size s

          2        415
          3        514
          4        794
          5        1281 2062
          6        1295 750 1796 118 1511 1641 501 657 490
          7        797 828 468 635 1060 352 168
          8        146 565 706 1106 534 98 1781 2218 397 679
          9        788 310 573 1874
         10        8 1055 1187 2217 671
         11        862 1830 497 1097 833 388
         12        261 303 1116 27
         13        1325 245 1446
         14        2155 1853 1771 574
         15        412 407 2134 568
         16        773 1974 996 1038 463 1540 752
         17        1767 1146 2012 485 1962 1815
         18        693 1198 1557 519 1327 271 554 955 1197 769 1177 1980
                   1886 445 494
         19        2144 383 1899 647 835 2021 1735 2166 2207 1776
         20        1188 226 1056 1164 181 1140 1058 247 1978 189 1143 900
                   771 1677 1025 783 1361 1718 218 884 670
         21        521 1136 1766 1575 988 869 663
         22        1842 337 2139 902 1890 363 762 931 825 1211 2103 2034
                   2120 1101 768 620
         23        1666 1084 538 384 681 982 1278 1909 319 2039 435 1662
                   619 341 1273 104
         24        1082 267 441 1520 903 1826 586 1888 420 1877 546 1373
                   1732 1079 1676 760 424 2192 1043 1486 394 457 1865 1152
         25        1069 1567 1574 928 421 897 1155 442 1251 224 270 1706
                   358 1605 1430 1282 1599 1780 1212 411 1053 386
         26        272 1343 427 1448 365 1141 922 1337 2007 2116 1049 454
                   701 1901 1549 584 1109 297 598 173 1507
         27        636 1709 1998 1594 664 1159 1122 967 1302 1270 121 991
                   2210 392 1092 2194 792 1723 293 1317 1029 1184 704 1224
                   611 1180 1099 371 1328
         28        1971 286 830 804 1876 2106 2129 667 583 191 934 537
                   492 728 1544 406 978 774 2123 592 206 2140 1968 812
                   1626 1551 808 1744 108 260 957 380 1339 495 631 974
                   1516 566 1587 655 2183 742 803 430 227 818 1691 26 536
                   237 524 133 891 338 1834
         29        399 357 1468 455 229 387 405 301 249 287 165 453 203
                   1103 207 320 307 414 416 250 137 188 432 340 117 220
                   1290 446 443 400 217 282 376 143 360 184 198 353 295
                   252 1615 393 331 157 413 246 160 1368 1565 328 91 981
                   240 204 323 1227 235 1527 1797 197 362 2211 1860 318
                   316 149 370 167 298 153 422 451 398 172 317 239 326
                   354 396 180 437 277 264 263 151 186 138 284 296 309
                   1098 1210 433 347 268 1818 377 1268 111 1637 1018 322
                   30 418 304 211 426 1299 1808 325 110 205 332 241 372
                   142 342 49 210 196 1938 129 417 182 187 147 2085 148
                   368 269 212 177 419 349 163 132 4 423 1868 314 283 1559
                   290 2223 262 193 452 1458 361 274 2043 410 330 276 294
                   1536 440 115 428 278 429 291 109 155 447 253 402
         30        1307 1634 2028 1831 1855 791 2206 1524 1283 1829 2049
                   67 944 1763 1919 1989 932 57 593 999 1589 1837 695 1453
                   1668 2020 1010 1135 2202 2195 52 622 1088 1985 1955
                   1618 1513 1202 1019 21 793 1397 1326 933 1653 2163 1643
                   772 800 829 1872 1467 1798 1323 1586 3 2067 1406 1442
                   1518 1424 1395 823 1160 2001 84 1008 1100 1811 1381
                   1645 1066 6 499 517 99 605 73 1584 1213 1977 1246 1298
                   1585 918 564 1887 1324 646 2036 1788 743 937 853 1710
                   1659 2000 461 1303 1454 1669 1950 915 1311 1016 930
                   62 1114 63 1015 33 1770 1422 2118 1096 632 767 1054
                   719 45 1249 476 102 1579 738 597 1111 692 946 1057 18
                   558 2040 858 97 672 1708 2047 1481 1940 1360 1115 1593
                   653 1558 482 2216 1024 1928 1859 1823 481 1821 1175
                   2212 1806 1514 1118 2119 1371 2111 1839 908 1241 725
                   1004 2147 1760 1445 1847 87 471 1600 1703 983 1931 895
                   1951 1062 868 924 889 1502 758 1348 616 2093 1196 1191
                   1418 2030 1388 943 703 515 609 1773 2196 2073 74 60
                   2132 2015 1610 2208 79 1778 1064 1601 1817 1501 2099
                   1624 1891 2199 898 1095 1353 2137 1625 1879 822 874
                   1813 606 2081 1023 541 2126 1412 1611 85 1576 613 1432
                   2161 35 1604 1110 486 717 639 2069 1612 467 745 508
                   839 2165 1864 1591 940 815 1686 2114 1523 1614 9 13
                   1013 1080 1720 1687 1934 1627 686 1863 2219 475 739
                   547 1350 712 1538 732 784 2 1429 1248 2097 1389 1207
                   82 894 2179 1214 1254 1512 1315 2191 749 1314 1185 645
                   1873 1768 1509 941 1372 2038 834 11 1425 557 602 2014
                   1410 1835 1233 906 2064 477 1754 1199 1472 1437 691
                   1086 86 1727 1041 1608 1091 2065 1623 1554 1466 498
                   1291 1201 1870 1805 1030 1473 2051 1673 1465 1534 1334
                   518 802 1365 1113 1542 674 1926 2141 1674 1734 1715
                   977 1696 1077 1181 1031 618 1814 1044 1219 1849 2138
                   1075 103 896 871 1568 1161 92 821 562 675 1264 994 1882
                   1462 1981 702 36 630 1330 929 44 2056 1972 1902 669
                   1497 1961 2035 1759 1845 1991 1745 1033 1916 2159 1850
                   1460 880 599 2059 1167 2135 837 813 1924 1917 1964 722
                   1953 1570 2082 643 2070 556 1697 1276 680 64 1930 2091
                   72 1220 1790 910 685 25 986 809 963 992 1957 504 786
                   733 100 1840 506 1963 953 2024 29 1525 1528 1786 1629
                   711 1875 746 1956 544 827 1562 1607 1154 1979 1656 1001
                   1151 684 19 1423 1259 1803 615 1632 1081 579 1992 1546
                   1654 720 1707 1493 1171 603 2151 69 2101 1644 1774 1573
                   959 559 885 1714 1309 1851 909 1946 1716 582 1695 1480
                   947 956 1121 1504 1139 678 1163 2088 642 2117 555 753
                   1137 77 1713 696 864 1785 1923 2075 1801 48 1256 59
                   726 1777 561 831 1784 2076 37 968 859 1809 1067 927
                   2019 2150 914 735 1379 1232 1401 1498 1947 1939 628
                   1822 665 89 2131 1943 1305 995 1646 2185 1203 2016 1216
                   807 2182 2127 2122 682 1266 998 39 964 1999 1035 1793
                   875 2112 2052 1731 1415 1942 764 1230 38 553 1561 1757
                   600 1967 1828 1984 1250 2213 2187 1451 1986 1436 1532
                   1517 1508 644 1918 1421 714 2098 2044 1680 1461 507
                   1147 20 2136 789 105 1595 1944 763 1237 46 78 474 1070
                   488 1485 1701 523 1581 1572 1028 1477 638 1819 2003
                   2169 1263 782 1225 12 810 1881 1895 1704 88 2148 470
                   2154 1172 1515 1378 2023 1020 1935 1356 2221 2002 1488
                   1966 2145 1987 1200 1789 2095 971 870 1560 2018 2157
                   801 1478 1487 1751 993 2160 718 1779 866 876 979 723
                   1799 1470 2203 1392 2037 1937 1402 958 1386 1588 849
                   1869 1900 1189 1812 1647 2224 1861 1022 747 1522 65
                   2061 590 780 901 93 740 1905 1914 744 525 1190 1729
                   751 2013 1400 1032 938 1128 1346 860 648 1856 1619 987
                   550 502 1231 882 1272 2197 1755 1294 1071 709 1243 484
                   855 756 926 904 1613 2181 552 1904 1878 1912 1765 1061
                   2174 2010 1661 1491 973 520 1896 970 1133 1743 1609
                   892 1131 997 1345 965 1580 2198 1021 1352 1810 500 1671
                   1089 1074 2068 2184 1791 1404 640 2115 1782 633 1693
                   1280 1660 1590 90 2121 1117 989 95 1431 1675 731 1050
                   540 1340 1003 899 1335 1236 1997 10 1387 966 886 1692
                   1182 1915 1678 1174 40 845 1833 1564 1648 288 1218 32
                   814 601 741 1034 1907 710 1002 1639 2022 2026 1366 761
                   2063 1104 2171 755



COVARIANCE COVERAGE OF DATA

Minimum covariance coverage value   0.100

     Number of missing data patterns             2


     PROPORTION OF DATA PRESENT


           Covariance Coverage
              MSG_C_B       DAY_BEFO
              ________      ________
 MSG_C_B        0.701
 DAY_BEFO       0.701         0.701


UNIVARIATE PROPORTIONS AND COUNTS FOR CATEGORICAL VARIABLES

    MSG_C_B
      Category 1    0.740        18712.000
      Category 2    0.260         6591.000



UNIVARIATE SAMPLE STATISTICS


     UNIVARIATE HIGHER-ORDER MOMENT DESCRIPTIVE STATISTICS

         Variable/         Mean/     Skewness/   Minimum/ % with                Percentiles
        Sample Size      Variance    Kurtosis    Maximum  Min/Max      20%/60%    40%/80%    Median

     DAY_BEFORE_W1       -14.739       0.041     -29.000    3.21%     -23.000    -18.000    -15.000
           25303.000      72.144      -1.158       0.000    3.26%     -12.000     -6.000


     WARNING: PROBLEMS OCCURRED IN SEVERAL ITERATIONS IN THE COMPUTATION OF THE STANDARDIZED ESTIMATES FOR SEVERAL
     CLUSTERS. THIS IS MOST LIKELY DUE TO AR COEFFICIENTS GREATER THAN 1 OR PARAMETERS GIVING NON-STATIONARY MODELS.
     SUCH POSTERIOR DRAWS ARE REMOVED. THE FOLLOWING CLUSTERS HAD SUCH PROBLEMS:
          415 514 794 1281 2062 1295 750 1796 118 1511 1641 501 657 490 797 828 468 635 1060 352 168
          146 565 706 1106 534 98 1781 2218 397 679 788 310 573 1874 8 1055 1187 2217 671 862 1830 497
          1097 833 388 261 303 1116 27 1325 245 1446 2155 1853 1771 574 412 407 2134 568 773 1974 996
          1038 463 1540 752 1767 1146 2012 485 1962 1815 693 1198 1557 519 1327 271 554 955 1197 1177
          1980 1886 445 494 2144 383 1899 647 835 2021 1735 2166 2207 1776 1188 226 1056 1164 181 1140
          1058 247 1978 189 1143 900 771 1677 1025 783 1361 1718 218 884 670 521 1136 1766 1575 988 869
          663 1842 337 2139 902 1890 363 762 931 825 1211 2103 2034 2120 1101 768 620 1666 1084 538 384
          681 982 1278 1909 319 2039 435 1662 619 341 1273 104 1082 267 441 1520 903 1826 586 1888 420
          546 1373 1732 1079 1676 760 424 2192 1043 1486 394 457 1865 1152 1069 1567 1574 928 421 897
          442 1251 224 270 1706 358 1605 1430 1282 1780 1212 411 1053 386 272 1343 427 1448 365 1141
          922 1337 2007 2116 1049 454 701 1901 584 1109 297 598 173 1507 636 1709 1998 1594 664 1159
          1122 967 1302 1270 121 2210 392 1092 2194 792 1723 1317 1029 1184 704 1224 1180 1099 371 1328
          1971 830 804 1876 2106 667 583 191 934 492 728 1544 406 978 774 592 206 2140 1968 812 1626
          1551 808 108 260 957 380 1339 495 974 566 1587 655 2183 742 803 430 227 818 26 536 237 524
          338 1834 399 1468 455 387 405 301 249 287 165 453 203 1103 207 320 416 250 137 188 340 117
          220 446 443 400 217 282 376 184 198 353 295 393 331 157 413 246 160 1565 328 91 981 240 204
          323 1227 235 197 316 149 370 167 298 153 422 451 398 317 239 326 354 396 180 437 264 263 186
          138 284 296 309 1210 347 268 1818 377 1268 111 1018 322 418 304 211 426 1299 1808 325 205 332
          241 372 142 342 49 210 196 1938 417 182 147 2085 148 368 269 212 177 419 349 163 4 423 1868
          314 283 1559 290 2223 262 193 452 274 2043 410 330 276 294 1536 440 428 278 429 291 109 155
          447 253 1307 2028 1831 1855 791 1524 1283 1829 67 1763 1989 932 57 593 999 1589 1837 695 1453
          1668 2020 2202 2195 52 1985 1955 1618 1513 1202 21 793 1397 1326 933 1653 1643 772 800 1872
          1467 3 2067 1406 1442 1518 1424 1395 1160 84 1008 1100 1811 1381 1645 1066 6 517 1584 1977
          1246 1298 1585 918 564 1887 1324 646 2036 937 853 1710 1659 2000 461 1303 1454 1669 915 1311
          930 62 1114 33 1770 1422 2118 1096 632 1054 45 1249 476 102 1579 738 597 692 1057 18 558 858
          672 1708 1481 1940 1115 1593 653 482 2216 1859 1823 481 1821 2212 1514 1118 1371 2111 1839
          908 1241 725 1445 1847 87 471 1600 1703 983 1931 1062 868 924 889 1502 758 1348 616 2093 1196
          1191 1418 2030 943 515 609 2196 2073 74 60 2132 2208 79 1601 1817 1501 2099 1891 1095 1353
          2137 1625 1879 874 2081 1023 541 2126 1412 1611 1576 613 1432 2161 1110 717 639 2069 467 745
          508 839 2165 1864 1591 940 815 1686 2114 1523 1614 9 1080 1687 1934 2219 475 547 1350 712 1538
          732 784 1429 1248 1389 1207 82 2179 1254 1512 1315 2191 749 1314 1185 1873 1768 1509 1372 2038
          834 11 557 602 2014 1410 1233 2064 1754 1199 1437 691 1086 1041 2065 1623 1554 1466 498 1291
          1201 1870 1805 1030 1473 2051 1673 1465 1534 518 802 1365 1113 1542 674 1926 2141 1674 1734
          977 1696 1077 1181 1031 618 1814 1219 2138 1075 103 896 871 1568 1161 92 562 675 1264 994 1882
          1462 1981 702 36 1330 929 44 2056 1972 1902 669 1497 1961 1759 1845 1745 1033 1916 2159 1850
          1460 599 2059 1167 2135 837 1924 1964 722 1953 1570 2082 643 2070 556 1697 1276 680 64 1930
          2091 1790 685 986 809 963 992 1957 504 786 733 100 1840 506 2024 29 1525 1528 1786 1629 711
          1875 746 1562 1154 1979 1656 1001 1151 684 19 1423 1259 1803 615 1632 1081 579 1992 1546 720
          1707 1493 1171 603 69 2101 1774 1573 959 1309 1851 909 1946 1716 1695 1480 956 1121 1504 678
          2088 642 555 753 1137 77 1713 696 864 1785 1923 2075 1801 48 59 726 831 1784 2076 37 968 859
          1809 927 2019 2150 914 1379 1232 1401 1939 628 1822 2131 1943 995 1646 2185 2016 1216 807 2182
          2127 2122 682 1266 998 964 1999 1035 1793 875 2052 1731 1415 1942 764 1230 38 553 1561 1757
          1828 1250 2213 2187 1451 1986 1436 1532 1517 1508 644 1421 714 2044 1680 1461 507 1147 789
          105 1944 763 1237 46 474 1070 488 1485 1701 1581 1572 1477 638 1819 2169 1263 782 12 810 1881
          1895 1704 88 470 2154 1172 1515 1378 2023 1020 1935 2221 2002 1488 2145 1987 1200 1789 2095
          971 1560 2157 801 1478 1487 1751 993 2160 718 1779 866 876 979 723 1799 1470 1392 2037 1937
          1402 958 1386 849 1900 1189 1812 1647 2224 1861 1022 747 65 590 780 901 93 1905 1914 744 1190
          1729 751 2013 1400 1032 938 1128 1346 860 648 1856 987 550 1231 882 1272 2197 1755 1071 709
          1243 484 926 904 1904 1878 1912 1765 2174 2010 1661 1491 973 1896 970 1133 1743 892 1131 997
          1345 965 2198 1021 1352 1810 500 1671 1074 2068 2184 640 2115 1782 633 1693 1660 1590 90 2121
          1117 989 1431 1675 731 1050 540 1340 1003 899 10 1387 966 886 1692 1182 1915 1678 40 845 1833
          1564 1648 288 1218 32 601 741 1034 710 1002 1639 2022 2026 1366 761 2063 1104 2171

THE MODEL ESTIMATION TERMINATED NORMALLY

     USE THE FBITERATIONS OPTION TO INCREASE THE NUMBER OF ITERATIONS BY A FACTOR
     OF AT LEAST TWO TO CHECK CONVERGENCE AND THAT THE PSR VALUE DOES NOT INCREASE.

     THE EFFECTIVE SAMPLE SIZE FOR THE POSTERIOR DISTRIBUTION OF PARAMETER 2 IS LESS THAN 20.
     ESS > 200-400 IS RECOMMENDED. USE BITER=374000(187000) OR SIMPLIFY THE MODEL.



MODEL FIT INFORMATION

Number of Free Parameters                              12



MODEL RESULTS

                                Posterior  One-Tailed         95% C.I.
                    Estimate       S.D.      P-Value   Lower 2.5%  Upper 2.5%  Significance

Within Level

 F        BY
    MSG_C_B            1.000       0.000      0.000       1.000       1.000

 Means
    DAY_BEFORE       -14.739       0.053      0.000     -14.843     -14.635      *

 Variances
    DAY_BEFORE        72.157       0.638      0.000      70.915      73.405      *

 Residual Variances
    F                 60.457       8.304      0.000      41.787      72.325      *

Between Level

 MSG_C_B  WITH
    STAB               0.951       0.648      0.072      -0.328       2.264
    TREND             -0.138       0.385      0.365      -0.869       0.635

 STAB     WITH
    TREND             -0.007       0.008      0.182      -0.022       0.008

 Means
    TREND              0.017       0.021      0.204      -0.024       0.057
    STAB               0.133       0.035      0.000       0.063       0.200      *

 Thresholds
    MSG_C_B$1         10.582       0.829      0.000       8.868      12.029      *

 Variances
    MSG_C_B          189.845      28.349      0.000     130.050     236.194      *
    TREND              0.047       0.009      0.000       0.033       0.067      *
    STAB               0.086       0.013      0.000       0.064       0.113      *


STANDARDIZED MODEL RESULTS


STDYX Standardization

                                Posterior  One-Tailed         95% C.I.
                    Estimate       S.D.      P-Value   Lower 2.5%  Upper 2.5%  Significance

Within-Level Standardized Estimates Averaged Over Clusters

 F        BY
    MSG_C_B            0.970       0.004      0.000       0.963       0.977      *

 STAB | F ON
    F&1                0.131       0.028      0.000       0.077       0.180      *

 TREND | MSG_C_B ON
    DAY_BEFORE         0.014       0.018      0.239      -0.025       0.047

 Means
    DAY_BEFORE        -1.735       0.010      0.000      -1.754      -1.715      *

 Variances
    DAY_BEFORE         1.000       0.000      0.000       1.000       1.000

 Residual Variances
    F                  0.898       0.009      0.000       0.881       0.915      *

Between Level

 MSG_C_B  WITH
    STAB               0.240       0.150      0.072      -0.092       0.519
    TREND             -0.048       0.130      0.365      -0.297       0.209

 STAB     WITH
    TREND             -0.112       0.119      0.182      -0.331       0.135

 Means
    TREND              0.079       0.093      0.204      -0.115       0.250
    STAB               0.453       0.143      0.000       0.195       0.749      *

 Variances
    MSG_C_B            1.000       0.000      0.000       1.000       1.000
    TREND              1.000       0.000      0.000       1.000       1.000
    STAB               1.000       0.000      0.000       1.000       1.000


R-SQUARE

Within-Level R-Square Averaged Across Clusters

                                Posterior  One-Tailed         95% C.I.
    Variable        Estimate       S.D.      P-Value   Lower 2.5%  Upper 2.5%

    MSG_C_B            0.986       0.001      0.000       0.984       0.988

                                Posterior  One-Tailed         95% C.I.
    Variable        Estimate       S.D.      P-Value   Lower 2.5%  Upper 2.5%

    F                  0.102       0.009      0.000       0.085       0.118


RESIDUAL OUTPUT


     ESTIMATED MODEL


     AVERAGE CLUSTER ESTIMATES


           Means
              MSG_C_B       DAY_BEFO
              ________      ________
               -9.410       -14.739


           Covariances
              MSG_C_B       DAY_BEFO
              ________      ________
 MSG_C_B       68.729
 DAY_BEFO       1.194        72.158


           Correlations
              MSG_C_B       DAY_BEFO
              ________      ________
 MSG_C_B        1.000
 DAY_BEFO       0.020         1.000


     BETWEEN LEVEL


           Means
              MSG_C_B       DAY_BEFO
              ________      ________
                0.000         0.000


           Covariances
              MSG_C_B       DAY_BEFO
              ________      ________
 MSG_C_B      189.845
 DAY_BEFO       0.000         0.000


           Correlations
              MSG_C_B       DAY_BEFO
              ________      ________
 MSG_C_B        1.000
 DAY_BEFO       0.000         1.000


TECHNICAL 1 OUTPUT


     PARAMETER SPECIFICATION FOR WITHIN


           TAU
              MSG_C_B$
              ________
                    0


           NU
              MSG_C_B       DAY_BEFO
              ________      ________
                    0             0


           LAMBDA
              F             F&1           MSG_C_B       DAY_BEFO
              ________      ________      ________      ________
 MSG_C_B            0             0             0             0
 DAY_BEFO           0             0             0             0


           THETA
              MSG_C_B       DAY_BEFO
              ________      ________
 MSG_C_B            0
 DAY_BEFO           0             0


           ALPHA
              F             F&1           MSG_C_B       DAY_BEFO
              ________      ________      ________      ________
                    0             0             0             1


           BETA
              F             F&1           MSG_C_B       DAY_BEFO
              ________      ________      ________      ________
 F                  0             0             0             0
 F&1                0             0             0             0
 MSG_C_B            0             0             0             0
 DAY_BEFO           0             0             0             0


           PSI
              F             F&1           MSG_C_B       DAY_BEFO
              ________      ________      ________      ________
 F                  2
 F&1                0             0
 MSG_C_B            0             0             0
 DAY_BEFO           0             0             0             3


     PARAMETER SPECIFICATION FOR BETWEEN


           TAU
              MSG_C_B$
              ________
                   12


           NU
              MSG_C_B
              ________
                    0


           LAMBDA
              TREND         STAB          MSG_C_B
              ________      ________      ________
 MSG_C_B            0             0             0


           THETA
              MSG_C_B
              ________
 MSG_C_B            0


           ALPHA
              TREND         STAB          MSG_C_B
              ________      ________      ________
                    4             5             0


           BETA
              TREND         STAB          MSG_C_B
              ________      ________      ________
 TREND              0             0             0
 STAB               0             0             0
 MSG_C_B            0             0             0


           PSI
              TREND         STAB          MSG_C_B
              ________      ________      ________
 TREND              6
 STAB               7             8
 MSG_C_B            9            10            11


     STARTING VALUES FOR WITHIN


           TAU
              MSG_C_B$
              ________
                0.000


           NU
              MSG_C_B       DAY_BEFO
              ________      ________
                0.000         0.000


           LAMBDA
              F             F&1           MSG_C_B       DAY_BEFO
              ________      ________      ________      ________
 MSG_C_B        0.000         0.000         1.000         0.000
 DAY_BEFO       0.000         0.000         0.000         1.000


           THETA
              MSG_C_B       DAY_BEFO
              ________      ________
 MSG_C_B        0.000
 DAY_BEFO       0.000         0.000


           ALPHA
              F             F&1           MSG_C_B       DAY_BEFO
              ________      ________      ________      ________
                0.000         0.000         0.000       -14.739


           BETA
              F             F&1           MSG_C_B       DAY_BEFO
              ________      ________      ________      ________
 F              0.000         0.000         0.000         0.000
 F&1            0.000         0.000         0.000         0.000
 MSG_C_B        1.000         0.000         0.000         0.000
 DAY_BEFO       0.000         0.000         0.000         0.000


           PSI
              F             F&1           MSG_C_B       DAY_BEFO
              ________      ________      ________      ________
 F              1.000
 F&1            0.000         1.000
 MSG_C_B        0.000         0.000         1.000
 DAY_BEFO       0.000         0.000         0.000        36.072


     STARTING VALUES FOR BETWEEN


           TAU
              MSG_C_B$
              ________
                0.580


           NU
              MSG_C_B
              ________
                0.000


           LAMBDA
              TREND         STAB          MSG_C_B
              ________      ________      ________
 MSG_C_B        0.000         0.000         1.000


           THETA
              MSG_C_B
              ________
 MSG_C_B        0.000


           ALPHA
              TREND         STAB          MSG_C_B
              ________      ________      ________
                0.000         0.000         0.000


           BETA
              TREND         STAB          MSG_C_B
              ________      ________      ________
 TREND          0.000         0.000         0.000
 STAB           0.000         0.000         0.000
 MSG_C_B        0.000         0.000         0.000


           PSI
              TREND         STAB          MSG_C_B
              ________      ________      ________
 TREND          1.000
 STAB           0.000         1.000
 MSG_C_B        0.000         0.000         1.000



     PRIORS FOR ALL PARAMETERS            PRIOR MEAN      PRIOR VARIANCE     PRIOR STD. DEV.

     Parameter 1~N(0.000,infinity)           0.0000            infinity            infinity
     Parameter 2~IG(-1.000,0.000)          infinity            infinity            infinity
     Parameter 3~IG(-1.000,0.000)          infinity            infinity            infinity
     Parameter 4~N(0.000,infinity)           0.0000            infinity            infinity
     Parameter 5~N(0.000,infinity)           0.0000            infinity            infinity
     Parameter 6~IW(1.000,4)               infinity            infinity            infinity
     Parameter 7~IW(0.000,4)               infinity            infinity            infinity
     Parameter 8~IW(1.000,4)               infinity            infinity            infinity
     Parameter 9~IW(0.000,4)               infinity            infinity            infinity
     Parameter 10~IW(0.000,4)              infinity            infinity            infinity
     Parameter 11~IW(1.000,4)              infinity            infinity            infinity
     Parameter 12~N(0.000,5.000)             0.0000              5.0000              2.2361


TECHNICAL 4 OUTPUT


     AVERAGE ESTIMATES DERIVED FROM THE MODEL FOR WITHIN


           ESTIMATED MEANS FOR THE LATENT VARIABLES
              F             F&1           TREND         STAB          MSG_C_B
              ________      ________      ________      ________      ________
                0.000         0.000         0.017         0.139        -9.410


           ESTIMATED MEANS FOR THE LATENT VARIABLES
              DAY_BEFO
              ________
              -14.739


           ESTIMATED COVARIANCE MATRIX FOR THE LATENT VARIABLES
              F             F&1           TREND         STAB          MSG_C_B
              ________      ________      ________      ________      ________
 F             64.953
 F&1           14.857        64.953
 TREND          0.000         0.000         0.000
 STAB           0.000         0.000         0.000         0.000
 MSG_C_B       64.953        14.857         0.000         0.000        68.729
 DAY_BEFO       0.000         0.000         0.000         0.000         1.194


           ESTIMATED COVARIANCE MATRIX FOR THE LATENT VARIABLES
              DAY_BEFO
              ________
 DAY_BEFO      72.158


           ESTIMATED CORRELATION MATRIX FOR THE LATENT VARIABLES
              F             F&1           TREND         STAB          MSG_C_B
              ________      ________      ________      ________      ________
 F              1.000
 F&1            0.201         1.000
 TREND          0.000         0.000         1.000
 STAB           0.000         0.000         0.000         1.000
 MSG_C_B        0.967         0.195         0.000         0.000         1.000
 DAY_BEFO       0.000         0.000         0.000         0.000         0.020


           ESTIMATED CORRELATION MATRIX FOR THE LATENT VARIABLES
              DAY_BEFO
              ________
 DAY_BEFO       1.000


     ESTIMATES DERIVED FROM THE MODEL FOR BETWEEN


           ESTIMATED MEANS FOR THE LATENT VARIABLES
              F             F&1           TREND         STAB          MSG_C_B
              ________      ________      ________      ________      ________
                0.000         0.000         0.017         0.133         0.000


           ESTIMATED MEANS FOR THE LATENT VARIABLES
              DAY_BEFO
              ________
                0.000


           ESTIMATED COVARIANCE MATRIX FOR THE LATENT VARIABLES
              F             F&1           TREND         STAB          MSG_C_B
              ________      ________      ________      ________      ________
 F              0.000
 F&1            0.000         0.000
 TREND          0.000         0.000         0.047
 STAB           0.000         0.000        -0.007         0.086
 MSG_C_B        0.000         0.000        -0.138         0.951       189.845
 DAY_BEFO       0.000         0.000         0.000         0.000         0.000


           ESTIMATED COVARIANCE MATRIX FOR THE LATENT VARIABLES
              DAY_BEFO
              ________
 DAY_BEFO       0.000


           ESTIMATED CORRELATION MATRIX FOR THE LATENT VARIABLES
              F             F&1           TREND         STAB          MSG_C_B
              ________      ________      ________      ________      ________
 F              1.000
 F&1            0.000         1.000
 TREND          0.000         0.000         1.000
 STAB           0.000         0.000        -0.111         1.000
 MSG_C_B        0.000         0.000        -0.046         0.235         1.000
 DAY_BEFO       0.000         0.000         0.000         0.000         0.000


           ESTIMATED CORRELATION MATRIX FOR THE LATENT VARIABLES
              DAY_BEFO
              ________
 DAY_BEFO       1.000


TECHNICAL 8 OUTPUT


   TECHNICAL 8 OUTPUT FOR BAYES ESTIMATION

     PROCESSOR    BSEED
     1            0
     2            285380
     3            253358
     4            93468
     5            608496
     6            903420
     7            195873
     8            462953
     9            939021
     10           127215
     11           415931
     12           533738
     13           107446
     14           399671
     15           650371
     16           27071
     17           76974
     18           68985
     19           851945
     20           637345
     21           573096
     22           902278
     23           887676
     24           372176
     25           347515
     26           207896
     27           569131
     28           364676
     29           392418
     30           366706

                     POTENTIAL       PARAMETER WITH
     ITERATION    SCALE REDUCTION      HIGHEST PSR
     100              1.170               10
     200              1.217               10
     300              1.284               9
     400              1.173               9
     500              1.343               9
     600              1.256               9
     700              1.084               2
     800              1.077               9
     900              1.096               9
     1000             1.078               8
     1100             1.075               2
     1200             1.103               11
     1300             1.133               11
     1400             1.141               11
     1500             1.181               11
     1600             1.215               11
     1700             1.259               11
     1800             1.263               11
     1900             1.221               11
     2000             1.202               8
     2100             1.266               8
     2200             1.288               8
     2300             1.218               8
     2400             1.143               8
     2500             1.133               8
     2600             1.127               8
     2700             1.098               8
     2800             1.069               8
     2900             1.064               8
     3000             1.063               11
     3100             1.065               11
     3200             1.083               11
     3300             1.091               2
     3400             1.094               2
     3500             1.109               11
     3600             1.127               11
     3700             1.138               11
     3800             1.161               11
     3900             1.179               11
     4000             1.220               11
     4100             1.288               11
     4200             1.378               11
     4300             1.450               11
     4400             1.461               11
     4500             1.442               2
     4600             1.444               2
     4700             1.441               2
     4800             1.431               2
     4900             1.420               11
     5000             1.398               11
     5100             1.393               11
     5200             1.420               11
     5300             1.435               11
     5400             1.441               11
     5500             1.443               11
     5600             1.442               11
     5700             1.455               11
     5800             1.460               11
     5900             1.489               11
     6000             1.509               11
     6100             1.546               11
     6200             1.602               11
     6300             1.649               11
     6400             1.667               11
     6500             1.692               11
     6600             1.654               11
     6700             1.626               2
     6800             1.649               2
     6900             1.681               2
     7000             1.711               2
     7100             1.734               2
     7200             1.745               2
     7300             1.747               2
     7400             1.777               2
     7500             1.804               2
     7600             1.809               2
     7700             1.792               2
     7800             1.777               2
     7900             1.757               2
     8000             1.725               2
     8100             1.701               2
     8200             1.703               2
     8300             1.678               2
     8400             1.652               2
     8500             1.622               2
     8600             1.603               2
     8700             1.597               2
     8800             1.584               2
     8900             1.571               2
     9000             1.566               2
     9100             1.543               2
     9200             1.513               2
     9300             1.491               2
     9400             1.485               2
     9500             1.483               2
     9600             1.490               2
     9700             1.511               2
     9800             1.530               2
     9900             1.533               2
     10000            1.528               2
     10100            1.538               2
     10200            1.540               2
     10300            1.534               2
     10400            1.528               2
     10500            1.523               2
     10600            1.503               2
     10700            1.481               2
     10800            1.468               2
     10900            1.456               2
     11000            1.437               2
     11100            1.414               2
     11200            1.387               2
     11300            1.361               2
     11400            1.343               11
     11500            1.348               11
     11600            1.355               11
     11700            1.357               11
     11800            1.363               11
     11900            1.365               11
     12000            1.371               11
     12100            1.374               11
     12200            1.379               11
     12300            1.387               11
     12400            1.400               11
     12500            1.417               11
     12600            1.426               11
     12700            1.435               11
     12800            1.453               11
     12900            1.469               11
     13000            1.487               11
     13100            1.504               11
     13200            1.520               11
     13300            1.533               11
     13400            1.541               11
     13500            1.549               11
     13600            1.558               11
     13700            1.562               11
     13800            1.561               11
     13900            1.558               11
     14000            1.545               11
     14100            1.538               11
     14200            1.525               11
     14300            1.517               11
     14400            1.516               11
     14500            1.507               11
     14600            1.508               11
     14700            1.511               11
     14800            1.519               11
     14900            1.528               11
     15000            1.530               11
     15100            1.513               11
     15200            1.497               11
     15300            1.483               11
     15400            1.462               11
     15500            1.431               11
     15600            1.414               11
     15700            1.394               11
     15800            1.358               11
     15900            1.324               11
     16000            1.310               11
     16100            1.306               11
     16200            1.301               11
     16300            1.300               11
     16400            1.294               11
     16500            1.280               11
     16600            1.268               11
     16700            1.246               11
     16800            1.237               11
     16900            1.229               11
     17000            1.222               11
     17100            1.216               11
     17200            1.212               11
     17300            1.202               11
     17400            1.196               11
     17500            1.190               11
     17600            1.176               11
     17700            1.165               11
     17800            1.153               11
     17900            1.144               11
     18000            1.134               11
     18100            1.125               11
     18200            1.114               11
     18300            1.104               11
     18400            1.096               11
     18500            1.089               11
     18600            1.081               11
     18700            1.076               2


     MCMC EFFECTIVE SAMPLE SIZE (ESS) IN ASCENDING ORDER
        LOWEST 10 PARAMETERS
        PARAMETER    ESS
             2       <20
            11       <20
            12       <20
             5        24
             8        25
            10        30
             6        80
             9        87
             7       107
             4       136


PLOT INFORMATION

The following plots are available:

  Histograms (sample values)
  Scatterplots (sample values)
  Between-level histograms (sample values, sample means/variances)
  Between-level scatterplots (sample values, sample means/variances)
  Time series plots (sample values, ACF, PACF)
  Histogram of subjects per time point
  Time interval plots
  Sample proportions
  Bayesian posterior parameter distributions
  Bayesian posterior parameter trace plots
  Bayesian autocorrelation plots
  Bayesian prior parameter distributions

     Beginning Time:  20:50:27
        Ending Time:  01:40:34
       Elapsed Time:  04:50:07



MUTHEN & MUTHEN
3463 Stoner Ave.
Los Angeles, CA  90066

Tel: (310) 391-9971
Fax: (310) 391-8971
Web: www.StatModel.com
Support: Support@StatModel.com

Copyright (c) 1998-2025 Muthen & Muthen
