Mplus VERSION 8.11 (Linux)
MUTHEN & MUTHEN
10/19/2025  10:11 AM

INPUT INSTRUCTIONS


  TITLE: Two-level AR(1) model for msg_c_l2;

  DATA:
    FILE = "data_full_msg_c_l2.dat";

  VARIABLE:
    NAMES = new_id age female edu edu_low edu_med edu_high nr_dev w1_inet w1_sp w1_pc_nr
       w1_sph_nr w1_tabl_nr date call_c msg_c phot_c call_d msg_d phot_d web_c web_d
       sm_c sm_d w1_date w1b_date w1_date_7 w1_date_30 w1b_date_7 w1b_date_30
       day_before_w1 day_before_w1b w1_7d_window w1b_7d_window w1_30d_window
       w1b_30d_window days_c call_d_l msg_d_l phot_d_l web_d_l sm_d_l call_c_l msg_c_l
       phot_c_l web_c_l sm_c_l days_c_l call_d_l2 msg_d_l2 phot_d_l2 web_d_l2 sm_d_l2
       call_c_l2 msg_c_l2 phot_c_l2 web_c_l2 sm_c_l2 call_c_b msg_c_b phot_c_b web_c_b
       sm_c_b time;
    MISSING = .;
    USEVARIABLES = msg_c_l2;
    CLUSTER = new_id;
    TINTERVAL = time (1 time2);

  ANALYSIS:
    TYPE = TWOLEVEL RANDOM;
    ESTIMATOR = BAYES;
    PROCESSORS = 30;
    BITERATIONS = 50000 (5000);
    THIN = 10;

  MODEL:

  %WITHIN%
  f BY msg_c_l2@1(&1);
  stab | f ON f&1;

  logv | msg_c_l2;

  %BETWEEN%
  msg_c_l2 WITH stab;

  [logv] (m);
  logv (s);

  Model Constraint:
            new(medv meanv 25qv 75qv);		
            medv = exp(m);
            meanv = exp(m + s/2);
    		! 25th and 75th quartiles
    		! based on normal dist of logv:
    		25qv = exp(m - sqrt(s)*0.675);
    		75qv = exp(m + sqrt(s)*0.675);




  OUTPUT: TECH1 TECH8 TECH4 STDYX residual;

  PLOT: TYPE = PLOT3;



*** WARNING
  One or more individual-level variables have no variation within a
  cluster for the following clusters.

     Variable   Cluster IDs with no within-cluster variation

      MSG_C_L2    1872 738 1851 752 1303 1570 2150 111 427 19 1216 902 471 1089 773 411 1766 1811
                  330 1776 868 2034 669 1734 1551 461 2065 1236 1875 973 1546 270 1951 830 839
                  1133 1021 640 2127 430 631 991 927 1611 1356 1818 1660 606 2067 1299 2115 278
                  29 253 1942 1466 1066 1462 1656 2132 672

*** WARNING
  Data set contains cases with missing on all variables.
  These cases were not included in the analysis.
  Number of cases with missing on all variables:  7554
   2 WARNING(S) FOUND IN THE INPUT INSTRUCTIONS



Two-level AR(1) model for msg_c_l2;

SUMMARY OF ANALYSIS

Number of groups                                                 1
Number of observations                                       15643

Number of dependent variables                                    1
Number of independent variables                                  0
Number of continuous latent variables                            4

Observed dependent variables

  Continuous
   MSG_C_L2

Continuous latent variables
   F           F&1         STAB        LOGV

Variables with special functions

  Cluster variable      NEW_ID

Estimator                                                    BAYES
Specifications for Bayesian Estimation
  Point estimate                                            MEDIAN
  Number of Markov chain Monte Carlo (MCMC) chains               2
  Random seed for the first chain                                0
  Starting value information                           UNPERTURBED
  Algorithm used for Markov chain Monte Carlo           GIBBS(PX1)
  Convergence criterion                                  0.500D-01
  Maximum number of iterations                               50000
  K-th iteration used for thinning                              10

Input data file(s)
  data_full_msg_c_l2.dat
Input data format  FREE


SUMMARY OF DATA

     Number of clusters                        625

       Size (s)    Cluster ID with Size s

          2        1872 573
          3        2207 1853
          4        738 1851 752
          5        1899
          6        207 657 1182 490
          7        1060 1303 1570 468
          8        271 534 955 1225 2224 1574 2150 679 397 435 272 111
                   98 565
          9        1675 1666 8
         10        363 1879 1055 427 671 19 1997 1074
         11        761 388 288 441 1662 497
         12        1216 1251 753 309 2101 647
         13        620 1900 583 557 902 1962 1784 944 1568
         14        574 494 471 538
         15        1593 263 377 1328 1849 1944
         16        1089 773 1590 217 2099 500 411 1834 701 2216 1200 834
         17        1627 1673 1766 2223 184
         18        1811 554 330 1282 1067 540 1557 1715 966 791 693
         19        1412 1776 771 452 295 613 1706
         20        181 30 26 1140 1136 868 189 117 2034 1082 1588 191 669
                   1486 1734
         21        825 1080 2035 384 37 2160 1174 6 1453 590 1605 149 1551
                   1273 2103
         22        2075 337 97 393 461 1155 2073 2065 1599 1315 1343 2112
                   73 1966 1236 667
         23        812 1790 1875 394 1307 132 1520 60 2039 368 2016 681
                   1918 1955 973 524 897
         24        586 1516 1778 1079 2148 1744 546 88 1788 1873 1729 1095
                   1727 611 362 1263 544 903 293 686 1077 286 1546 151
                   2159 1805 212 1227
         25        270 1951 830 1340 1773 735 839 428 1044 180 188 1957
                   475 1497 406 69 599 4 1096 880 1053 1801
         26        1133 1021 1971 1348 495 640 2 696 756 1870 860 605 536
                   1276 1109 2127 301 418 105 103 1337 743 1912 1339
         27        74 476 1159 2171 260 2210 349 1585 1693 430 1798 1839
                   1254 904 477 631 600 991 1241 446 1723 927 1184 1611
                   44 86 740 1302 1637 2019 1224 89 892 1264 1334 155 561
                   1648 1081 2184
         28        718 648 1561 186 882 665 1817 499 523 1356 712 2165
                   728 1818 971 1660 606 837 1626 739 1968 855 100 894
                   2028 974 910 725 410 284 1461 1591 822 72 1863 745 906
                   187 196 849 934 597 2183 296 1905 1847
         29        147 52 2067 1299 2043 328 172 2115 443 2001 402 1654
                   1458 1147 1562 318 278 440 137 1659 1335 1298 110 198
                   2147 29 1770 1610 1595 1743 1013 1509 1468 414 1714
                   253 1942 3 419 1404 129 1524 874 1111 25 2002 1121 93
                   451 268 163 2088 1625 353 142 1808 304 413 239 1604
                   1999 78 1956 262 307 357 361 264 1720 1613 376 277 1268
                   447 203 182 387 210 453 1451 423 205 274 287 193 241
         30        1609 1528 938 1231 1294 515 1110 1979 2022 2076 2208
                   79 2049 1629 602 1782 870 741 726 1311 1392 2093 2221
                   1891 508 953 1071 520 719 896 484 1931 1330 1716 1421
                   1437 1924 1181 486 1647 618 1710 1928 1350 1881 1207
                   1466 32 1066 784 1462 1656 915 2157 504 1634 1189 1022
                   875 2069 1935 2003 1232 1967 62 1472 48 1379 1837 1117
                   2213 914 1779 99 556 1580 1397 1305 2145 1755 92 2182
                   1917 2037 2082 2132 2063 1856 518 1835 1249 1454 1963
                   2119 1855 772 895 1878 1064 1091 2040 1624 2199 638
                   829 84 1485 926 943 924 2000 995 1402 1653 2196 998
                   1618 2047 1950 1020 1668 965 1041 695 1248 763 733 1213
                   858 1542 827 1001 550 1465 1708 90 947 1151 2014 639
                   1135 859 1612 986 2181 547 918 35 1765 1869 1907 1114
                   711 1171 85 1840 1502 678 2138 1806 1314 909 1219 2026
                   616 517 467 680 2015 786 1623 2141 1643 2131 1576 1573
                   853 1934 1645 1930 1202 2081 1035 1581 1326 470 1172
                   1057 809 2010 675 1914 886 1703 1987 1086 2052 2137
                   1793 18 11 672 1002 1701 1757 1564 782 1745 59



COVARIANCE COVERAGE OF DATA

Minimum covariance coverage value   0.100

     Number of missing data patterns             2


     PROPORTION OF DATA PRESENT


           Covariance Coverage
              MSG_C_L2
              ________
 MSG_C_L2       0.414



UNIVARIATE SAMPLE STATISTICS


     UNIVARIATE HIGHER-ORDER MOMENT DESCRIPTIVE STATISTICS

         Variable/         Mean/     Skewness/   Minimum/ % with                Percentiles
        Sample Size      Variance    Kurtosis    Maximum  Min/Max      20%/60%    40%/80%    Median

     MSG_C_L2              1.390       0.830       0.000   28.06%       0.000      0.693      1.099
            6482.000       1.662       0.127       6.308    0.02%       1.609      2.485


     THE CONVERGENCE CRITERION IS NOT SATISFIED.
     INCREASE THE MAXIMUM NUMBER OF ITERATIONS OR INCREASE
     THE CONVERGENCE CRITERION.






MODEL RESULTS

                    Estimate

Within Level

 F        BY
    MSG_C_L2           1.000

 Residual Variances
    F                  0.069

Between Level

 MSG_C_L2 WITH
    STAB               0.071

 Means
    MSG_C_L2           0.959
    STAB               0.750
    LOGV              -0.858

 Variances
    MSG_C_L2           0.380
    STAB               0.015
    LOGV               0.345

New/Additional Parameters
    MEDV               0.000
    MEANV              0.000
    25QV               0.000
    75QV               0.000


MODEL COMMAND WITH FINAL ESTIMATES USED AS STARTING VALUES

     %WITHIN%

     stab | f ON f&1;
     logv | msg_c_l2;

     f BY msg_c_l2@1;

     f*0.06909;

     %BETWEEN%

     msg_c_l2 WITH stab*0.07080;

     [ msg_c_l2*0.95854 ];
     [ stab*0.75027 ];
     [ logv*-0.85791 ] (m);

     msg_c_l2*0.37959;
     stab*0.01525;
     logv*0.34464 (s);

     ! NEW statements in MODEL CONSTRAINT
     NEW(medv*0);
     NEW(meanv*0);
     NEW(25qv*0);
     NEW(75qv*0);




TECHNICAL 1 OUTPUT


     PARAMETER SPECIFICATION FOR WITHIN


           NU
              MSG_C_L2
              ________
                    0


           LAMBDA
              F             F&1           MSG_C_L2
              ________      ________      ________
 MSG_C_L2           0             0             0


           THETA
              MSG_C_L2
              ________
 MSG_C_L2           0


           ALPHA
              F             F&1           MSG_C_L2
              ________      ________      ________
                    0             0             0


           BETA
              F             F&1           MSG_C_L2
              ________      ________      ________
 F                  0             0             0
 F&1                0             0             0
 MSG_C_L2           0             0             0


           PSI
              F             F&1           MSG_C_L2
              ________      ________      ________
 F                  1
 F&1                0             0
 MSG_C_L2           0             0             0


     PARAMETER SPECIFICATION FOR BETWEEN


           NU
              MSG_C_L2
              ________
                    0


           LAMBDA
              STAB          LOGV          MSG_C_L2
              ________      ________      ________
 MSG_C_L2           0             0             0


           THETA
              MSG_C_L2
              ________
 MSG_C_L2           0


           ALPHA
              STAB          LOGV          MSG_C_L2
              ________      ________      ________
                    2             3             4


           BETA
              STAB          LOGV          MSG_C_L2
              ________      ________      ________
 STAB               0             0             0
 LOGV               0             0             0
 MSG_C_L2           0             0             0


           PSI
              STAB          LOGV          MSG_C_L2
              ________      ________      ________
 STAB               5
 LOGV               0             6
 MSG_C_L2           7             0             8


     PARAMETER SPECIFICATION FOR THE ADDITIONAL PARAMETERS


           NEW/ADDITIONAL PARAMETERS
              MEDV          MEANV         25QV          75QV
              ________      ________      ________      ________
                    9            10            11            12


     STARTING VALUES FOR WITHIN


           NU
              MSG_C_L2
              ________
                0.000


           LAMBDA
              F             F&1           MSG_C_L2
              ________      ________      ________
 MSG_C_L2       0.000         0.000         1.000


           THETA
              MSG_C_L2
              ________
 MSG_C_L2       0.000


           ALPHA
              F             F&1           MSG_C_L2
              ________      ________      ________
                0.000         0.000         0.000


           BETA
              F             F&1           MSG_C_L2
              ________      ________      ________
 F              0.000         0.000         0.000
 F&1            0.000         0.000         0.000
 MSG_C_L2       1.000         0.000         0.000


           PSI
              F             F&1           MSG_C_L2
              ________      ________      ________
 F              1.000
 F&1            0.000         1.000
 MSG_C_L2       0.000         0.000         0.000


     STARTING VALUES FOR BETWEEN


           NU
              MSG_C_L2
              ________
                0.000


           LAMBDA
              STAB          LOGV          MSG_C_L2
              ________      ________      ________
 MSG_C_L2       0.000         0.000         1.000


           THETA
              MSG_C_L2
              ________
 MSG_C_L2       0.000


           ALPHA
              STAB          LOGV          MSG_C_L2
              ________      ________      ________
                0.000         0.000         1.390


           BETA
              STAB          LOGV          MSG_C_L2
              ________      ________      ________
 STAB           0.000         0.000         0.000
 LOGV           0.000         0.000         0.000
 MSG_C_L2       0.000         0.000         0.000


           PSI
              STAB          LOGV          MSG_C_L2
              ________      ________      ________
 STAB           1.000
 LOGV           0.000         1.000
 MSG_C_L2       0.000         0.000         0.831


     STARTING VALUES FOR THE ADDITIONAL PARAMETERS


           NEW/ADDITIONAL PARAMETERS
              MEDV          MEANV         25QV          75QV
              ________      ________      ________      ________
                0.500         0.500         0.500         0.500



     PRIORS FOR ALL PARAMETERS            PRIOR MEAN      PRIOR VARIANCE     PRIOR STD. DEV.

     Parameter 1~IG(-1.000,0.000)          infinity            infinity            infinity
     Parameter 2~N(0.000,infinity)           0.0000            infinity            infinity
     Parameter 3~N(0.000,infinity)           0.0000            infinity            infinity
     Parameter 4~N(0.000,infinity)           0.0000            infinity            infinity
     Parameter 5~IW(0.000,-3)              infinity            infinity            infinity
     Parameter 6~IG(-1.000,0.000)          infinity            infinity            infinity
     Parameter 7~IW(0.000,-3)              infinity            infinity            infinity
     Parameter 8~IW(0.000,-3)              infinity            infinity            infinity


TECHNICAL 8 OUTPUT


   TECHNICAL 8 OUTPUT FOR BAYES ESTIMATION

     PROCESSOR    BSEED
     1            0
     2            285380
     3            253358
     4            93468
     5            608496
     6            903420
     7            195873
     8            462953
     9            939021
     10           127215
     11           415931
     12           533738
     13           107446
     14           399671
     15           650371
     16           27071
     17           76974
     18           68985
     19           851945
     20           637345
     21           573096
     22           902278
     23           887676
     24           372176
     25           347515
     26           207896
     27           569131
     28           364676
     29           392418
     30           366706

                     POTENTIAL       PARAMETER WITH
     ITERATION    SCALE REDUCTION      HIGHEST PSR
     100              4.764               2
     200              2.112               8
     300              2.138               2
     400              2.624               2
     500              3.270               2
     600              3.428               2
     700              2.953               2
     800              3.402               2
     900              2.940               2
     1000             1.891               2
     1100             1.433               8
     1200             1.499               8
     1300             1.462               8
     1400             1.447               8
     1500             1.485               8
     1600             1.474               8
     1700             1.495               8
     1800             1.594               8
     1900             1.636               8
     2000             1.612               8
     2100             1.627               8
     2200             1.607               8
     2300             1.601               8
     2400             1.625               8
     2500             1.668               8
     2600             1.739               8
     2700             1.755               8
     2800             1.783               8
     2900             1.761               8
     3000             1.701               8
     3100             1.701               8
     3200             1.717               8
     3300             1.700               8
     3400             1.721               8
     3500             1.747               8
     3600             1.770               8
     3700             1.794               8
     3800             1.807               8
     3900             1.755               8
     4000             1.728               8
     4100             1.732               8
     4200             1.722               8
     4300             1.728               8
     4400             1.716               8
     4500             1.735               8
     4600             1.741               8
     4700             1.744               8
     4800             1.740               8
     4900             1.744               8
     5000             1.715               8
     5100             1.686               8
     5200             1.674               8
     5300             1.682               8
     5400             1.679               8
     5500             1.665               8
     5600             1.666               8
     5700             1.674               8
     5800             1.677               8
     5900             1.695               8
     6000             1.704               8
     6100             1.710               8
     6200             1.737               8
     6300             1.758               8
     6400             1.779               8
     6500             1.774               8
     6600             1.762               8
     6700             1.756               8
     6800             1.750               8
     6900             1.744               8
     7000             1.748               8
     7100             1.728               8
     7200             1.733               8
     7300             1.742               8
     7400             1.757               8
     7500             1.766               8
     7600             1.730               8
     7700             1.716               8
     7800             1.736               8
     7900             1.756               8
     8000             1.770               8
     8100             1.740               8
     8200             1.731               8
     8300             1.743               8
     8400             1.752               8
     8500             1.762               8
     8600             1.764               8
     8700             1.766               8
     8800             1.775               8
     8900             1.761               8
     9000             1.758               8
     9100             1.744               8
     9200             1.757               8
     9300             1.756               8
     9400             1.762               8
     9500             1.763               8
     9600             1.775               8
     9700             1.787               8
     9800             1.789               8
     9900             1.794               8
     10000            1.795               8
     10100            1.786               8
     10200            1.794               8
     10300            1.800               8
     10400            1.790               8
     10500            1.781               8
     10600            1.770               8
     10700            1.772               8
     10800            1.785               8
     10900            1.773               8
     11000            1.777               8
     11100            1.765               2
     11200            1.751               2
     11300            1.732               8
     11400            1.736               8
     11500            1.737               8
     11600            1.742               8
     11700            1.743               8
     11800            1.743               8
     11900            1.750               8
     12000            1.762               8
     12100            1.764               8
     12200            1.752               8
     12300            1.744               8
     12400            1.733               8
     12500            1.715               8
     12600            1.700               8
     12700            1.700               8
     12800            1.701               8
     12900            1.710               8
     13000            1.714               8
     13100            1.707               8
     13200            1.716               8
     13300            1.717               8
     13400            1.717               8
     13500            1.713               8
     13600            1.707               8
     13700            1.705               8
     13800            1.701               8
     13900            1.690               8
     14000            1.690               8
     14100            1.695               8
     14200            1.695               8
     14300            1.686               8
     14400            1.683               8
     14500            1.685               8
     14600            1.679               8
     14700            1.670               8
     14800            1.662               8
     14900            1.663               8
     15000            1.668               8
     15100            1.685               8
     15200            1.693               8
     15300            1.700               8
     15400            1.714               8
     15500            1.718               8
     15600            1.722               8
     15700            1.723               8
     15800            1.728               8
     15900            1.727               8
     16000            1.731               8
     16100            1.741               8
     16200            1.737               8
     16300            1.740               8
     16400            1.743               8
     16500            1.746               8
     16600            1.751               8
     16700            1.752               8
     16800            1.741               8
     16900            1.726               8
     17000            1.713               8
     17100            1.708               8
     17200            1.706               8
     17300            1.705               8
     17400            1.705               8
     17500            1.707               8
     17600            1.710               8
     17700            1.716               8
     17800            1.717               8
     17900            1.710               8
     18000            1.705               8
     18100            1.700               8
     18200            1.701               8
     18300            1.697               8
     18400            1.695               8
     18500            1.701               8
     18600            1.704               8
     18700            1.696               8
     18800            1.698               8
     18900            1.702               8
     19000            1.706               8
     19100            1.707               8
     19200            1.701               8
     19300            1.693               8
     19400            1.691               8
     19500            1.691               8
     19600            1.690               8
     19700            1.699               8
     19800            1.702               8
     19900            1.709               8
     20000            1.713               8
     20100            1.718               8
     20200            1.720               8
     20300            1.722               8
     20400            1.724               8
     20500            1.725               8
     20600            1.732               8
     20700            1.739               8
     20800            1.741               8
     20900            1.749               8
     21000            1.753               8
     21100            1.758               8
     21200            1.756               8
     21300            1.761               8
     21400            1.755               8
     21500            1.754               8
     21600            1.758               8
     21700            1.761               8
     21800            1.766               8
     21900            1.770               8
     22000            1.774               8
     22100            1.786               8
     22200            1.790               8
     22300            1.789               8
     22400            1.790               8
     22500            1.795               8
     22600            1.802               8
     22700            1.808               8
     22800            1.804               8
     22900            1.806               8
     23000            1.804               8
     23100            1.802               8
     23200            1.802               8
     23300            1.802               8
     23400            1.801               8
     23500            1.799               8
     23600            1.803               8
     23700            1.800               8
     23800            1.796               8
     23900            1.788               8
     24000            1.778               8
     24100            1.780               8
     24200            1.772               8
     24300            1.778               8
     24400            1.777               8
     24500            1.777               8
     24600            1.784               8
     24700            1.785               8
     24800            1.788               8
     24900            1.794               8
     25000            1.797               8
     25100            1.802               8
     25200            1.792               8
     25300            1.784               8
     25400            1.782               8
     25500            1.776               8
     25600            1.771               8
     25700            1.772               8
     25800            1.772               8
     25900            1.774               8
     26000            1.773               8
     26100            1.771               8
     26200            1.774               8
     26300            1.774               8
     26400            1.775               8
     26500            1.777               8
     26600            1.775               8
     26700            1.770               8
     26800            1.763               8
     26900            1.767               8
     27000            1.764               8
     27100            1.762               8
     27200            1.755               8
     27300            1.753               8
     27400            1.751               8
     27500            1.752               8
     27600            1.755               8
     27700            1.758               8
     27800            1.760               8
     27900            1.761               8
     28000            1.763               8
     28100            1.766               8
     28200            1.764               8
     28300            1.763               8
     28400            1.764               8
     28500            1.765               8
     28600            1.765               8
     28700            1.763               8
     28800            1.764               8
     28900            1.759               8
     29000            1.757               8
     29100            1.757               8
     29200            1.748               8
     29300            1.740               8
     29400            1.742               8
     29500            1.742               8
     29600            1.746               8
     29700            1.745               8
     29800            1.745               8
     29900            1.748               8
     30000            1.744               8
     30100            1.739               8
     30200            1.734               8
     30300            1.735               8
     30400            1.738               8
     30500            1.736               8
     30600            1.732               8
     30700            1.730               8
     30800            1.726               8
     30900            1.724               8
     31000            1.724               8
     31100            1.721               8
     31200            1.714               8
     31300            1.714               8
     31400            1.717               8
     31500            1.711               8
     31600            1.708               8
     31700            1.705               8
     31800            1.698               8
     31900            1.693               8
     32000            1.690               8
     32100            1.685               8
     32200            1.684               8
     32300            1.685               8
     32400            1.690               8
     32500            1.693               8
     32600            1.694               8
     32700            1.691               8
     32800            1.688               8
     32900            1.688               8
     33000            1.688               8
     33100            1.683               8
     33200            1.683               8
     33300            1.677               8
     33400            1.679               8
     33500            1.681               8
     33600            1.682               8
     33700            1.687               8
     33800            1.691               8
     33900            1.698               8
     34000            1.702               8
     34100            1.702               8
     34200            1.703               8
     34300            1.706               8
     34400            1.703               8
     34500            1.705               8
     34600            1.706               8
     34700            1.709               8
     34800            1.707               8
     34900            1.707               8
     35000            1.705               8
     35100            1.706               8
     35200            1.705               8
     35300            1.707               8
     35400            1.709               8
     35500            1.701               8
     35600            1.702               8
     35700            1.702               8
     35800            1.700               8
     35900            1.699               8
     36000            1.700               8
     36100            1.701               8
     36200            1.703               8
     36300            1.706               8
     36400            1.701               8
     36500            1.699               8
     36600            1.701               8
     36700            1.703               8
     36800            1.707               8
     36900            1.707               8
     37000            1.706               8
     37100            1.705               8
     37200            1.705               8
     37300            1.703               8
     37400            1.707               8
     37500            1.704               8
     37600            1.696               8
     37700            1.695               8
     37800            1.697               8
     37900            1.693               8
     38000            1.693               8
     38100            1.693               8
     38200            1.694               8
     38300            1.693               8
     38400            1.694               8
     38500            1.697               8
     38600            1.698               8
     38700            1.697               8
     38800            1.699               8
     38900            1.699               8
     39000            1.695               8
     39100            1.693               8
     39200            1.692               8
     39300            1.687               8
     39400            1.688               8
     39500            1.687               8
     39600            1.686               8
     39700            1.686               8
     39800            1.686               8
     39900            1.686               8
     40000            1.688               8
     40100            1.688               8
     40200            1.689               8
     40300            1.691               8
     40400            1.692               8
     40500            1.691               8
     40600            1.692               8
     40700            1.692               8
     40800            1.695               8
     40900            1.697               8
     41000            1.697               8
     41100            1.695               8
     41200            1.694               8
     41300            1.695               8
     41400            1.695               8
     41500            1.691               8
     41600            1.690               8
     41700            1.687               8
     41800            1.688               8
     41900            1.686               8
     42000            1.684               8
     42100            1.680               8
     42200            1.680               8
     42300            1.684               8
     42400            1.685               8
     42500            1.688               8
     42600            1.686               8
     42700            1.688               8
     42800            1.688               8
     42900            1.689               8
     43000            1.687               8
     43100            1.686               8
     43200            1.686               8
     43300            1.685               8
     43400            1.684               8
     43500            1.684               8
     43600            1.683               8
     43700            1.681               8
     43800            1.680               8
     43900            1.683               8
     44000            1.686               8
     44100            1.683               8
     44200            1.681               8
     44300            1.681               8
     44400            1.681               8
     44500            1.683               8
     44600            1.683               8
     44700            1.683               8
     44800            1.681               8
     44900            1.681               8
     45000            1.679               8
     45100            1.675               8
     45200            1.673               8
     45300            1.675               8
     45400            1.676               8
     45500            1.678               8
     45600            1.680               8
     45700            1.678               8
     45800            1.677               8
     45900            1.678               8
     46000            1.677               8
     46100            1.676               8
     46200            1.677               8
     46300            1.675               8
     46400            1.674               8
     46500            1.674               8
     46600            1.672               8
     46700            1.671               8
     46800            1.671               8
     46900            1.670               8
     47000            1.672               8
     47100            1.674               8
     47200            1.675               8
     47300            1.674               8
     47400            1.673               8
     47500            1.670               8
     47600            1.671               8
     47700            1.672               8
     47800            1.673               8
     47900            1.674               8
     48000            1.668               8
     48100            1.668               8
     48200            1.667               8
     48300            1.669               8
     48400            1.673               8
     48500            1.674               8
     48600            1.675               8
     48700            1.674               8
     48800            1.676               8
     48900            1.675               8
     49000            1.675               8
     49100            1.675               8
     49200            1.677               8
     49300            1.677               8
     49400            1.677               8
     49500            1.674               8
     49600            1.674               8
     49700            1.675               8
     49800            1.677               8
     49900            1.679               8
     50000            1.680               8


PLOT INFORMATION

The following plots are available:

  Bayesian posterior parameter trace plots
  Bayesian autocorrelation plots

     Beginning Time:  10:11:21
        Ending Time:  18:03:25
       Elapsed Time:  07:52:04



MUTHEN & MUTHEN
3463 Stoner Ave.
Los Angeles, CA  90066

Tel: (310) 391-9971
Fax: (310) 391-8971
Web: www.StatModel.com
Support: Support@StatModel.com

Copyright (c) 1998-2024 Muthen & Muthen
