Mplus VERSION 8.11 (Linux)
MUTHEN & MUTHEN
10/19/2025   6:03 PM

INPUT INSTRUCTIONS


  TITLE: Two-level AR(1) model for msg_d_l2;

  DATA:
    FILE = "data_full_msg_d_l2.dat";

  VARIABLE:
  NAMES = new_id age female edu edu_low edu_med edu_high nr_dev w1_inet w1_sp w1_pc_nr
       w1_sph_nr w1_tabl_nr date call_c msg_c phot_c call_d msg_d phot_d web_c web_d
       sm_c sm_d w1_date w1b_date w1_date_7 w1_date_30 w1b_date_7 w1b_date_30
       day_before_w1 day_before_w1b w1_7d_window w1b_7d_window w1_30d_window
       w1b_30d_window days_c call_d_l msg_d_l phot_d_l web_d_l sm_d_l call_c_l msg_c_l
       phot_c_l web_c_l sm_c_l days_c_l call_d_l2 msg_d_l2 phot_d_l2 web_d_l2 sm_d_l2
       call_c_l2 msg_c_l2 phot_c_l2 web_c_l2 sm_c_l2 call_c_b msg_c_b phot_c_b web_c_b
       sm_c_b time;
    MISSING = .;
    USEVARIABLES = msg_d_l2 day_before_w1;
    CLUSTER = new_id;
    TINTERVAL = time (1 time2);

  ANALYSIS:
    TYPE = TWOLEVEL RANDOM;
    ESTIMATOR = BAYES;
    PROCESSORS = 30;
    BITERATIONS = 50000 (5000);
    THIN = 10;

  MODEL:

  %WITHIN%
  f BY msg_d_l2@1(&1);
  trend | msg_d_l2 ON day_before_w1;
  stab | f ON f&1;

  logv | msg_d_l2;

  %BETWEEN%
  msg_d_l2 WITH stab trend;
  stab WITH trend;

  [logv] (m);
  logv (s);

  Model Constraint:
            new(medv meanv 25qv 75qv);		
            medv = exp(m);
            meanv = exp(m + s/2);
    		! 25th and 75th quartiles
    		! based on normal dist of logv:
    		25qv = exp(m - sqrt(s)*0.675);
    		75qv = exp(m + sqrt(s)*0.675);




  OUTPUT: TECH1 TECH8 TECH4 STDYX residual;

  PLOT: TYPE = PLOT3;



*** WARNING in VARIABLE command
  Note that only the first 8 characters of variable names are used in the output.
  Shorten variable names to avoid any confusion.
*** WARNING in MODEL command
  A y-variable has been declared on the within level but not referred to on
  the between level.  Please check that this is what is intended.  If this is not intended,
  specify the variable as a within variable.  Problem with:  DAY_BEFORE_W1
*** WARNING in PLOT command
  Note that only the first 8 characters of variable names are used in plots.
  If variable names are not unique within the first 8 characters, problems
  may occur.
*** WARNING
  Data set contains cases with missing on x-variables converted to dependent variables.
  The autocorrelation of these variables should be included in the model and the variables
  added to the LAGGED option.  The following converted x-variable(s) have cases with missing:

      DAY_BEFORE_W1 (3731 cases with missing data)

*** WARNING
  One or more individual-level variables have no variation within a
  cluster for the following clusters.

     Variable   Cluster IDs with no within-cluster variation

      MSG_D_L2    270 1021 1656

   5 WARNING(S) FOUND IN THE INPUT INSTRUCTIONS



Two-level AR(1) model for msg_d_l2;

SUMMARY OF ANALYSIS

Number of groups                                                 1
Number of observations                                       17767

Number of dependent variables                                    2
Number of independent variables                                  0
Number of continuous latent variables                            5

Observed dependent variables

  Continuous
   MSG_D_L2    DAY_BEFORE

Continuous latent variables
   F           F&1         TREND       STAB        LOGV

Variables with special functions

  Cluster variable      NEW_ID

Estimator                                                    BAYES
Specifications for Bayesian Estimation
  Point estimate                                            MEDIAN
  Number of Markov chain Monte Carlo (MCMC) chains               2
  Random seed for the first chain                                0
  Starting value information                           UNPERTURBED
  Algorithm used for Markov chain Monte Carlo           GIBBS(PX1)
  Convergence criterion                                  0.500D-01
  Maximum number of iterations                               50000
  K-th iteration used for thinning                              10

Input data file(s)
  data_full_msg_d_l2.dat
Input data format  FREE


SUMMARY OF DATA

     Number of clusters                        625

       Size (s)    Cluster ID with Size s

          6        657 490
          7        1060 468
          8        98 534 565 397 679
          9        573
         10        1055 8 671
         11        497 388
         14        574 1853
         16        773 752
         17        1962
         18        271 554 494 955 693 1557
         19        1776 2207 1899 647
         20        1140 189 181 771
         21        1136 1766
         22        902 2034 363 620 2103 337 825
         23        538 681 1666 1273 384 435 1662 2039
         24        1520 394 1082 546 1079 1486 903 586 441
         25        1251 1599 1282 1155 1574 270 897 1706 1605 411 1053
         26        272 427 1109 701 1343 1337
         27        991 1302 1159 611 293 2210 1184 1328 1224 1723
         28        974 260 1551 524 1968 1971 583 286 728 536 26 1626 1516
                   2183 830 667 1339 495 812 191 430 1744 934 406 631 1834
         29        387 142 1637 182 1808 110 296 163 132 4 284 187 262
                   410 330 155 447 357 1468 1268 212 453 1299 137 188 117
                   1818 446 443 210 376 452 184 198 353 274 196 147 377
                   328 287 419 307 414 362 241 451 172 239 129 393 264
                   263 423 193 268 111 301 440 304 149 207 428 277 151
                   186 2043 368 309 203 349 295 217 2223 30 1458 361 418
                   1227 318 180 278 413 205 253 402
         30        78 938 1231 1397 1613 1878 1912 520 1133 1609 1580 1021
                   1074 90 638 966 886 88 1564 1900 761 1307 1855 791 1905
                   1524 2049 944 1454 1716 1837 695 756 1404 2115 1135
                   1955 1618 1340 1202 678 1182 1326 1653 2022 772 829
                   1872 1798 3 2067 2001 84 1561 1634 1645 1066 499 517
                   99 2028 1298 1585 918 1788 1931 1710 1659 2000 461 1303
                   915 1311 62 1114 1453 1770 1668 1096 719 1249 476 738
                   597 52 1356 1057 2040 672 2047 1593 2216 2196 602 1811
                   605 73 1241 725 2147 1847 868 1643 896 1502 616 2093
                   515 1773 6 2073 74 1950 2015 1213 79 1111 1064 1817
                   743 2099 1624 2199 1095 97 2137 1625 1879 822 874 1708
                   606 2081 1928 1806 613 35 2119 1110 486 639 2069 467
                   745 1839 839 471 1591 1703 1013 1080 1720 853 895 1581
                   924 739 943 1350 484 784 2 1248 60 1207 894 1254 1315
                   1314 2132 1873 1610 834 11 2208 2014 1835 1778 477 1891
                   858 85 1576 1086 86 1727 1041 965 1623 1612 1805 1673
                   1334 518 2165 1542 2141 1934 1734 1077 618 1044 1849
                   103 1627 1863 1568 92 1951 675 1509 44 669 1497 2026
                   2035 1745 2159 880 599 18 837 1917 557 1570 2082 556
                   1276 680 906 72 1790 910 25 986 809 1957 504 786 733
                   1840 1963 1412 1604 1528 1629 1875 544 1472 1562 1421
                   1979 547 1466 1151 19 1081 712 1870 1171 1465 1715 1348
                   1181 1573 1714 1851 909 2138 1611 1121 1437 2088 1264
                   753 1330 696 2075 1801 48 59 726 561 1091 37 859 1924
                   927 1930 2150 2065 735 1379 1232 665 89 2131 1305 995
                   953 2016 2182 2127 998 1999 1035 1793 29 1956 827 1757
                   600 1967 2213 1451 1462 1918 1461 1147 100 105 1595
                   711 763 69 2101 1656 1701 523 1263 782 1225 947 1001
                   470 1172 1784 2076 2221 1067 2145 1987 1200 2019 870
                   2157 914 2160 1546 1779 1392 2037 1588 849 1869 1189
                   1647 2224 93 740 1216 1914 1654 1729 508 2112 860 648
                   1856 550 882 1755 1294 1071 2052 855 686 926 904 875
                   2181 1485 1765 2010 1942 973 2003 475 1743 892 1881
                   500 1089 2148 2184 640 1020 1782 1693 1660 1590 1935
                   1117 1675 540 2002 1335 1236 1997 1966 971 718 1174
                   1648 288 1944 32 1402 741 1907 1002 1219 1022 590 2063
                   2171



COVARIANCE COVERAGE OF DATA

Minimum covariance coverage value   0.100

     Number of missing data patterns             3


     PROPORTION OF DATA PRESENT


           Covariance Coverage
              MSG_D_L2      DAY_BEFO
              ________      ________
 MSG_D_L2       0.365
 DAY_BEFO       0.365         0.790



UNIVARIATE SAMPLE STATISTICS


     UNIVARIATE HIGHER-ORDER MOMENT DESCRIPTIVE STATISTICS

         Variable/         Mean/     Skewness/   Minimum/ % with                Percentiles
        Sample Size      Variance    Kurtosis    Maximum  Min/Max      20%/60%    40%/80%    Median

     MSG_D_L2              0.760      -0.001      -4.094    0.85%      -1.099      0.210      0.765
            6482.000       4.098      -0.568       6.339    0.02%       1.352      2.568
     DAY_BEFORE_W1       -14.710       0.027     -29.000    3.17%     -23.000    -18.000    -15.000
           14036.000      71.054      -1.147       0.000    3.04%     -12.000     -6.000


     WARNING: PROBLEMS OCCURRED IN SEVERAL ITERATIONS IN THE COMPUTATION OF THE STANDARDIZED ESTIMATES FOR SEVERAL
     CLUSTERS. THIS IS MOST LIKELY DUE TO AR COEFFICIENTS GREATER THAN 1 OR PARAMETERS GIVING NON-STATIONARY MODELS.
     SUCH POSTERIOR DRAWS ARE REMOVED. THE FOLLOWING CLUSTERS HAD SUCH PROBLEMS:
          657 490 1060 468 98 534 565 397 679 573 1055 8 671 497 388 574 1853 773 752 1962 271 554 494
          955 693 1557 1776 2207 1899 647 1140 189 181 771 1136 1766 902 2034 363 620 2103 337 825 538
          681 1666 1273 384 435 1662 2039 1520 394 1082 546 1079 1486 903 586 441 1251 1599 1282 1155
          1574 270 897 1706 1605 411 1053 272 427 1109 701 1343 1337 991 1302 1159 611 293 2210 1184
          1328 1224 1723 974 260 1551 524 1968 1971 583 286 728 536 26 1626 1516 2183 830 667 1339 495
          812 191 430 1744 934 406 631 1834 387 142 1637 182 1808 110 296 163 132 4 284 187 262 410 330
          155 447 357 1468 1268 212 453 1299 137 188 117 1818 446 443 210 376 452 184 198 353 274 196
          147 377 328 287 419 307 414 362 241 451 172 239 129 393 264 263 423 193 268 111 301 440 304
          149 207 428 277 151 186 2043 368 309 203 349 295 217 2223 30 1458 361 418 1227 318 180 278
          413 205 253 402 78 938 1231 1397 1613 1878 1912 520 1133 1609 1580 1021 1074 90 638 966 886
          88 1564 1900 761 1307 1855 791 1905 1524 2049 944 1454 1716 1837 695 756 1404 2115 1135 1955
          1618 1340 1202 678 1182 1326 1653 2022 772 829 1872 1798 3 2067 2001 84 1561 1634 1645 1066
          499 517 99 2028 1298 1585 918 1788 1931 1710 1659 2000 461 1303 915 1311 62 1114 1453 1770
          1668 1096 719 1249 476 738 597 52 1356 1057 2040 672 2047 1593 2216 2196 602 1811 605 73 1241
          725 2147 1847 868 1643 896 1502 616 2093 515 1773 6 2073 74 1950 2015 1213 79 1111 1064 1817
          743 2099 1624 2199 1095 97 2137 1625 1879 822 874 1708 606 2081 1928 1806 613 35 2119 1110
          486 639 2069 467 745 1839 839 471 1591 1703 1013 1080 1720 853 895 1581 924 739 943 1350 484
          784 2 1248 60 1207 894 1254 1315 1314 2132 1873 1610 834 11 2208 2014 1835 1778 477 1891 858
          85 1576 1086 86 1727 1041 965 1623 1612 1805 1673 1334 518 2165 1542 2141 1934 1734 1077 618
          1044 1849 103 1627 1863 1568 92 1951 675 1509 44 669 1497 2026 2035 1745 2159 880 599 18 837
          1917 557 1570 2082 556 1276 680 906 72 1790 910 25 986 809 1957 504 786 733 1840 1963 1412
          1604 1528 1629 1875 544 1472 1562 1421 1979 547 1466 1151 19 1081 712 1870 1171 1465 1715 1348
          1181 1573 1714 1851 909 2138 1611 1121 1437 2088 1264 753 1330 696 2075 1801 48 59 726 561
          1091 37 859 1924 927 1930 2150 2065 735 1379 1232 665 89 2131 1305 995 953 2016 2182 2127 998
          1999 1035 1793 29 1956 827 1757 600 1967 2213 1451 1462 1918 1461 1147 100 105 1595 711 763
          69 2101 1656 1701 523 1263 782 1225 947 1001 470 1172 1784 2076 2221 1067 2145 1987 1200 2019
          870 2157 914 2160 1546 1779 1392 2037 1588 849 1869 1189 1647 2224 93 740 1216 1914 1654 1729
          508 2112 860 648 1856 550 882 1755 1294 1071 2052 855 686 926 904 875 2181 1485 1765 2010 1942
          973 2003 475 1743 892 1881 500 1089 2148 2184 640 1020 1782 1693 1660 1590 1935 1117 1675 540
          2002 1335 1236 1997 1966 971 718 1174 1648 288 1944 32 1402 741 1907 1002 1219 1022 590 2063
          2171

THE MODEL ESTIMATION TERMINATED NORMALLY

     USE THE FBITERATIONS OPTION TO INCREASE THE NUMBER OF ITERATIONS BY A FACTOR
     OF AT LEAST TWO TO CHECK CONVERGENCE AND THAT THE PSR VALUE DOES NOT INCREASE.



MODEL FIT INFORMATION

Number of Free Parameters                              15

Information Criteria

          Deviance (DIC)                        90126.669
          Estimated Number of Parameters (pD)   -1599.705



MODEL RESULTS

                                Posterior  One-Tailed         95% C.I.
                    Estimate       S.D.      P-Value   Lower 2.5%  Upper 2.5%  Significance

Within Level

 F        BY
    MSG_D_L2           1.000       0.000      0.000       1.000       1.000

 Variances
    DAY_BEFORE        71.063       0.847      0.000      69.396      72.763      *

 Residual Variances
    F                  0.203       0.049      0.000       0.112       0.301      *

Between Level

 MSG_D_L2 WITH
    STAB               0.048       0.047      0.152      -0.041       0.141
    TREND              0.002       0.004      0.257      -0.005       0.010

 STAB     WITH
    TREND              0.000       0.001      0.426      -0.002       0.002

 Means
    MSG_D_L2           0.280       0.060      0.000       0.160       0.395      *
    DAY_BEFORE       -14.709       0.069      0.000     -14.839     -14.577      *
    TREND             -0.001       0.003      0.397      -0.007       0.005
    STAB               0.551       0.089      0.000       0.365       0.704      *
    LOGV               0.373       0.055      0.000       0.259       0.476      *

 Variances
    MSG_D_L2           1.740       0.126      0.000       1.515       1.999      *
    DAY_BEFORE         0.024       0.034      0.000       0.002       0.127      *
    TREND              0.001       0.000      0.000       0.001       0.001      *
    STAB               0.031       0.016      0.000       0.011       0.071      *
    LOGV               0.410       0.052      0.000       0.320       0.519      *

New/Additional Parameters
    MEDV               1.451       0.079      0.000       1.296       1.609      *
    MEANV              1.781       0.091      0.000       1.606       1.969      *
    25QV               0.941       0.066      0.000       0.819       1.075      *
    75QV               2.233       0.115      0.000       2.014       2.470      *


STANDARDIZED MODEL RESULTS


STDYX Standardization

                                Posterior  One-Tailed         95% C.I.
                    Estimate       S.D.      P-Value   Lower 2.5%  Upper 2.5%  Significance

Within-Level Standardized Estimates Averaged Over Clusters

 F        BY
    MSG_D_L2           0.426       0.039      0.000       0.341       0.500      *

 STAB | F ON
    F&1                0.556       0.097      0.000       0.362       0.731      *

 TREND | MSG_D_L2 ON
    DAY_BEFORE        -0.004       0.016      0.400      -0.036       0.025

 LOGV |
    MSG_D_L2           0.763       0.033      0.000       0.695       0.830      *

 Variances
    DAY_BEFORE         1.000       0.000      0.000       1.000       1.000

 Residual Variances
    F                  0.660       0.094      0.000       0.455       0.801      *

Between Level

 MSG_D_L2 WITH
    STAB               0.207       0.208      0.152      -0.179       0.639
    TREND              0.059       0.092      0.257      -0.123       0.237

 STAB     WITH
    TREND              0.035       0.191      0.426      -0.325       0.421

 Means
    MSG_D_L2           0.212       0.046      0.000       0.120       0.302      *
    DAY_BEFORE       -94.558      69.612      0.000    -318.550     -41.343      *
    TREND             -0.025       0.096      0.397      -0.220       0.160
    STAB               3.095       1.355      0.000       1.394       6.612      *
    LOGV               0.581       0.106      0.000       0.385       0.800      *

 Variances
    MSG_D_L2           1.000       0.000      0.000       1.000       1.000
    DAY_BEFORE         1.000       0.000      0.000       1.000       1.000
    TREND              1.000       0.000      0.000       1.000       1.000
    STAB               1.000       0.000      0.000       1.000       1.000
    LOGV               1.000       0.000      0.000       1.000       1.000


R-SQUARE

Within-Level R-Square Averaged Across Clusters

                                Posterior  One-Tailed         95% C.I.
    Variable        Estimate       S.D.      P-Value   Lower 2.5%  Upper 2.5%

    MSG_D_L2           0.237       0.033      0.000       0.170       0.304

                                Posterior  One-Tailed         95% C.I.
    Variable        Estimate       S.D.      P-Value   Lower 2.5%  Upper 2.5%

    F                  0.340       0.094      0.000       0.198       0.545


RESIDUAL OUTPUT


     ESTIMATED MODEL


     AVERAGE CLUSTER ESTIMATES


           Means
              MSG_D_L2      DAY_BEFO
              ________      ________
                0.279       -14.707


           Covariances
              MSG_D_L2      DAY_BEFO
              ________      ________
 MSG_D_L2       2.370
 DAY_BEFO      -0.056        71.061


           Correlations
              MSG_D_L2      DAY_BEFO
              ________      ________
 MSG_D_L2       1.000
 DAY_BEFO      -0.004         1.000


     BETWEEN LEVEL


           Means
              MSG_D_L2      DAY_BEFO
              ________      ________
                0.280       -14.709


           Covariances
              MSG_D_L2      DAY_BEFO
              ________      ________
 MSG_D_L2       1.740
 DAY_BEFO       0.000         0.024


           Correlations
              MSG_D_L2      DAY_BEFO
              ________      ________
 MSG_D_L2       1.000
 DAY_BEFO       0.000         1.000


TECHNICAL 1 OUTPUT


     PARAMETER SPECIFICATION FOR WITHIN


           NU
              MSG_D_L2      DAY_BEFO
              ________      ________
                    0             0


           LAMBDA
              F             F&1           MSG_D_L2      DAY_BEFO
              ________      ________      ________      ________
 MSG_D_L2           0             0             0             0
 DAY_BEFO           0             0             0             0


           THETA
              MSG_D_L2      DAY_BEFO
              ________      ________
 MSG_D_L2           0
 DAY_BEFO           0             0


           ALPHA
              F             F&1           MSG_D_L2      DAY_BEFO
              ________      ________      ________      ________
                    0             0             0             0


           BETA
              F             F&1           MSG_D_L2      DAY_BEFO
              ________      ________      ________      ________
 F                  0             0             0             0
 F&1                0             0             0             0
 MSG_D_L2           0             0             0             0
 DAY_BEFO           0             0             0             0


           PSI
              F             F&1           MSG_D_L2      DAY_BEFO
              ________      ________      ________      ________
 F                  1
 F&1                0             0
 MSG_D_L2           0             0             0
 DAY_BEFO           0             0             0             2


     PARAMETER SPECIFICATION FOR BETWEEN


           NU
              MSG_D_L2      DAY_BEFO
              ________      ________
                    0             0


           LAMBDA
              TREND         STAB          LOGV          MSG_D_L2      DAY_BEFO
              ________      ________      ________      ________      ________
 MSG_D_L2           0             0             0             0             0
 DAY_BEFO           0             0             0             0             0


           THETA
              MSG_D_L2      DAY_BEFO
              ________      ________
 MSG_D_L2           0
 DAY_BEFO           0             0


           ALPHA
              TREND         STAB          LOGV          MSG_D_L2      DAY_BEFO
              ________      ________      ________      ________      ________
                    3             4             5             6             7


           BETA
              TREND         STAB          LOGV          MSG_D_L2      DAY_BEFO
              ________      ________      ________      ________      ________
 TREND              0             0             0             0             0
 STAB               0             0             0             0             0
 LOGV               0             0             0             0             0
 MSG_D_L2           0             0             0             0             0
 DAY_BEFO           0             0             0             0             0


           PSI
              TREND         STAB          LOGV          MSG_D_L2      DAY_BEFO
              ________      ________      ________      ________      ________
 TREND              8
 STAB               9            10
 LOGV               0             0            11
 MSG_D_L2          12            13             0            14
 DAY_BEFO           0             0             0             0            15


     PARAMETER SPECIFICATION FOR THE ADDITIONAL PARAMETERS


           NEW/ADDITIONAL PARAMETERS
              MEDV          MEANV         25QV          75QV
              ________      ________      ________      ________
                   16            17            18            19


     STARTING VALUES FOR WITHIN


           NU
              MSG_D_L2      DAY_BEFO
              ________      ________
                0.000         0.000


           LAMBDA
              F             F&1           MSG_D_L2      DAY_BEFO
              ________      ________      ________      ________
 MSG_D_L2       0.000         0.000         1.000         0.000
 DAY_BEFO       0.000         0.000         0.000         1.000


           THETA
              MSG_D_L2      DAY_BEFO
              ________      ________
 MSG_D_L2       0.000
 DAY_BEFO       0.000         0.000


           ALPHA
              F             F&1           MSG_D_L2      DAY_BEFO
              ________      ________      ________      ________
                0.000         0.000         0.000         0.000


           BETA
              F             F&1           MSG_D_L2      DAY_BEFO
              ________      ________      ________      ________
 F              0.000         0.000         0.000         0.000
 F&1            0.000         0.000         0.000         0.000
 MSG_D_L2       1.000         0.000         0.000         0.000
 DAY_BEFO       0.000         0.000         0.000         0.000


           PSI
              F             F&1           MSG_D_L2      DAY_BEFO
              ________      ________      ________      ________
 F              1.000
 F&1            0.000         1.000
 MSG_D_L2       0.000         0.000         0.000
 DAY_BEFO       0.000         0.000         0.000        35.527


     STARTING VALUES FOR BETWEEN


           NU
              MSG_D_L2      DAY_BEFO
              ________      ________
                0.000         0.000


           LAMBDA
              TREND         STAB          LOGV          MSG_D_L2      DAY_BEFO
              ________      ________      ________      ________      ________
 MSG_D_L2       0.000         0.000         0.000         1.000         0.000
 DAY_BEFO       0.000         0.000         0.000         0.000         1.000


           THETA
              MSG_D_L2      DAY_BEFO
              ________      ________
 MSG_D_L2       0.000
 DAY_BEFO       0.000         0.000


           ALPHA
              TREND         STAB          LOGV          MSG_D_L2      DAY_BEFO
              ________      ________      ________      ________      ________
                0.000         0.000         0.000         0.760       -14.710


           BETA
              TREND         STAB          LOGV          MSG_D_L2      DAY_BEFO
              ________      ________      ________      ________      ________
 TREND          0.000         0.000         0.000         0.000         0.000
 STAB           0.000         0.000         0.000         0.000         0.000
 LOGV           0.000         0.000         0.000         0.000         0.000
 MSG_D_L2       0.000         0.000         0.000         0.000         0.000
 DAY_BEFO       0.000         0.000         0.000         0.000         0.000


           PSI
              TREND         STAB          LOGV          MSG_D_L2      DAY_BEFO
              ________      ________      ________      ________      ________
 TREND          1.000
 STAB           0.000         1.000
 LOGV           0.000         0.000         1.000
 MSG_D_L2       0.000         0.000         0.000         2.049
 DAY_BEFO       0.000         0.000         0.000         0.000        35.527


     STARTING VALUES FOR THE ADDITIONAL PARAMETERS


           NEW/ADDITIONAL PARAMETERS
              MEDV          MEANV         25QV          75QV
              ________      ________      ________      ________
                0.500         0.500         0.500         0.500



     PRIORS FOR ALL PARAMETERS            PRIOR MEAN      PRIOR VARIANCE     PRIOR STD. DEV.

     Parameter 1~IG(-1.000,0.000)          infinity            infinity            infinity
     Parameter 2~IG(-1.000,0.000)          infinity            infinity            infinity
     Parameter 3~N(0.000,infinity)           0.0000            infinity            infinity
     Parameter 4~N(0.000,infinity)           0.0000            infinity            infinity
     Parameter 5~N(0.000,infinity)           0.0000            infinity            infinity
     Parameter 6~N(0.000,infinity)           0.0000            infinity            infinity
     Parameter 7~N(0.000,infinity)           0.0000            infinity            infinity
     Parameter 8~IW(0.000,-4)              infinity            infinity            infinity
     Parameter 9~IW(0.000,-4)              infinity            infinity            infinity
     Parameter 10~IW(0.000,-4)             infinity            infinity            infinity
     Parameter 11~IG(-1.000,0.000)         infinity            infinity            infinity
     Parameter 12~IW(0.000,-4)             infinity            infinity            infinity
     Parameter 13~IW(0.000,-4)             infinity            infinity            infinity
     Parameter 14~IW(0.000,-4)             infinity            infinity            infinity
     Parameter 15~IG(-1.000,0.000)         infinity            infinity            infinity


TECHNICAL 4 OUTPUT


     AVERAGE ESTIMATES DERIVED FROM THE MODEL FOR WITHIN


           ESTIMATED MEANS FOR THE LATENT VARIABLES
              F             F&1           TREND         STAB          LOGV
              ________      ________      ________      ________      ________
                0.000         0.000        -0.001         0.534         0.365


           ESTIMATED MEANS FOR THE LATENT VARIABLES
              MSG_D_L2      DAY_BEFO
              ________      ________
                0.279       -14.707


           ESTIMATED COVARIANCE MATRIX FOR THE LATENT VARIABLES
              F             F&1           TREND         STAB          LOGV
              ________      ________      ________      ________      ________
 F              0.549
 F&1            0.405         0.549
 TREND          0.000         0.000         0.000
 STAB           0.000         0.000         0.000         0.000
 LOGV           0.000         0.000         0.000         0.000         0.000
 MSG_D_L2       0.549         0.405         0.000         0.000         0.000
 DAY_BEFO       0.000         0.000         0.000         0.000         0.000


           ESTIMATED COVARIANCE MATRIX FOR THE LATENT VARIABLES
              MSG_D_L2      DAY_BEFO
              ________      ________
 MSG_D_L2       2.370
 DAY_BEFO      -0.056        71.061


           ESTIMATED CORRELATION MATRIX FOR THE LATENT VARIABLES
              F             F&1           TREND         STAB          LOGV
              ________      ________      ________      ________      ________
 F              1.000
 F&1            0.652         1.000
 TREND          0.000         0.000         1.000
 STAB           0.000         0.000         0.000         1.000
 LOGV           0.000         0.000         0.000         0.000         1.000
 MSG_D_L2       0.456         0.304         0.000         0.000         0.000
 DAY_BEFO       0.000         0.000         0.000         0.000         0.000


           ESTIMATED CORRELATION MATRIX FOR THE LATENT VARIABLES
              MSG_D_L2      DAY_BEFO
              ________      ________
 MSG_D_L2       1.000
 DAY_BEFO      -0.004         1.000


     ESTIMATES DERIVED FROM THE MODEL FOR BETWEEN


           ESTIMATED MEANS FOR THE LATENT VARIABLES
              F             F&1           TREND         STAB          LOGV
              ________      ________      ________      ________      ________
                0.000         0.000        -0.001         0.551         0.373


           ESTIMATED MEANS FOR THE LATENT VARIABLES
              MSG_D_L2      DAY_BEFO
              ________      ________
                0.280       -14.709


           ESTIMATED COVARIANCE MATRIX FOR THE LATENT VARIABLES
              F             F&1           TREND         STAB          LOGV
              ________      ________      ________      ________      ________
 F              0.000
 F&1            0.000         0.000
 TREND          0.000         0.000         0.001
 STAB           0.000         0.000         0.000         0.031
 LOGV           0.000         0.000         0.000         0.000         0.410
 MSG_D_L2       0.000         0.000         0.002         0.048         0.000
 DAY_BEFO       0.000         0.000         0.000         0.000         0.000


           ESTIMATED COVARIANCE MATRIX FOR THE LATENT VARIABLES
              MSG_D_L2      DAY_BEFO
              ________      ________
 MSG_D_L2       1.740
 DAY_BEFO       0.000         0.024


           ESTIMATED CORRELATION MATRIX FOR THE LATENT VARIABLES
              F             F&1           TREND         STAB          LOGV
              ________      ________      ________      ________      ________
 F              1.000
 F&1            0.000         1.000
 TREND          0.000         0.000         1.000
 STAB           0.000         0.000         0.035         1.000
 LOGV           0.000         0.000         0.000         0.000         1.000
 MSG_D_L2       0.000         0.000         0.059         0.204         0.000
 DAY_BEFO       0.000         0.000         0.000         0.000         0.000


           ESTIMATED CORRELATION MATRIX FOR THE LATENT VARIABLES
              MSG_D_L2      DAY_BEFO
              ________      ________
 MSG_D_L2       1.000
 DAY_BEFO       0.000         1.000


TECHNICAL 8 OUTPUT


   TECHNICAL 8 OUTPUT FOR BAYES ESTIMATION

     PROCESSOR    BSEED
     1            0
     2            285380
     3            253358
     4            93468
     5            608496
     6            903420
     7            195873
     8            462953
     9            939021
     10           127215
     11           415931
     12           533738
     13           107446
     14           399671
     15           650371
     16           27071
     17           76974
     18           68985
     19           851945
     20           637345
     21           573096
     22           902278
     23           887676
     24           372176
     25           347515
     26           207896
     27           569131
     28           364676
     29           392418
     30           366706

                     POTENTIAL       PARAMETER WITH
     ITERATION    SCALE REDUCTION      HIGHEST PSR
     100              1.930               1
     200              1.275               4
     300              1.177               10
     400              1.266               15
     500              1.337               10
     600              1.137               1
     700              1.600               1
     800              1.414               1
     900              1.475               1
     1000             1.670               1
     1100             1.534               1
     1200             1.386               1
     1300             1.290               1
     1400             1.173               1
     1500             1.095               1
     1600             1.066               7
     1700             1.051               7
     1800             1.031               7
     1900             1.025               15
     2000             1.037               7
     2100             1.052               7
     2200             1.044               7
     2300             1.054               13
     2400             1.058               13
     2500             1.060               13
     2600             1.058               13
     2700             1.062               13
     2800             1.075               13
     2900             1.064               13
     3000             1.054               13
     3100             1.060               13
     3200             1.056               13
     3300             1.048               13
     3400             1.049               13
     3500             1.054               13
     3600             1.077               13
     3700             1.080               13
     3800             1.082               13
     3900             1.072               13
     4000             1.073               13
     4100             1.076               13
     4200             1.070               13
     4300             1.065               13
     4400             1.057               13
     4500             1.054               13
     4600             1.055               13
     4700             1.033               13
     4800             1.027               13
     4900             1.027               13
     5000             1.030               13


PLOT INFORMATION

The following plots are available:

  Histograms (sample values)
  Scatterplots (sample values)
  Between-level histograms (sample values, sample means/variances)
  Between-level scatterplots (sample values, sample means/variances)
  Time series plots (sample values, ACF, PACF)
  Histogram of subjects per time point
  Time interval plots
  Bayesian posterior parameter distributions
  Bayesian posterior parameter trace plots
  Bayesian autocorrelation plots

     Beginning Time:  18:03:50
        Ending Time:  18:54:12
       Elapsed Time:  00:50:22



MUTHEN & MUTHEN
3463 Stoner Ave.
Los Angeles, CA  90066

Tel: (310) 391-9971
Fax: (310) 391-8971
Web: www.StatModel.com
Support: Support@StatModel.com

Copyright (c) 1998-2024 Muthen & Muthen
