Mplus VERSION 8.11 (Linux)
MUTHEN & MUTHEN
10/17/2025   5:49 PM

INPUT INSTRUCTIONS


  TITLE: Two-level AR(1) model for msg_d_l2;

  DATA:
    FILE = "data_full_msg_d_l2.dat";

  VARIABLE:
    NAMES = new_id age female edu edu_low edu_med edu_high nr_dev w1_inet w1_sp w1_pc_nr
       w1_sph_nr w1_tabl_nr date call_c msg_c phot_c call_d msg_d phot_d web_c web_d
       sm_c sm_d w1_date w1b_date w1_date_7 w1_date_30 w1b_date_7 w1b_date_30
       day_before_w1 day_before_w1b w1_7d_window w1b_7d_window w1_30d_window
       w1b_30d_window days_c call_d_l msg_d_l phot_d_l web_d_l sm_d_l call_c_l msg_c_l
       phot_c_l web_c_l sm_c_l days_c_l call_d_l2 msg_d_l2 phot_d_l2 web_d_l2 sm_d_l2
       call_c_l2 msg_c_l2 phot_c_l2 web_c_l2 sm_c_l2 call_c_b msg_c_b phot_c_b web_c_b
       sm_c_b time;
    MISSING = .;
    USEVARIABLES = msg_d_l2;
    CLUSTER = new_id;
    TINTERVAL = time (1 time2);

  ANALYSIS:
    TYPE = TWOLEVEL RANDOM;
    ESTIMATOR = BAYES;
    PROCESSORS = 30;
    BITERATIONS = 20000 (5000);
    THIN = 10;

  MODEL:

  %WITHIN%
  f BY msg_d_l2@1(&1);
  stab | f ON f&1;

  logv | msg_d_l2;

  %BETWEEN%
  msg_d_l2 WITH stab;

  [logv] (m);
  logv (s);

  Model Constraint:
            new(medv meanv 25qv 75qv);		
            medv = exp(m);
            meanv = exp(m + s/2);
    		! 25th and 75th quartiles
    		! based on normal dist of logv:
    		25qv = exp(m - sqrt(s)*0.675);
    		75qv = exp(m + sqrt(s)*0.675);




  OUTPUT: TECH1 TECH8 TECH4 STDYX residual;

  PLOT: TYPE = PLOT3;



*** WARNING
  One or more individual-level variables have no variation within a
  cluster for the following clusters.

     Variable   Cluster IDs with no within-cluster variation

      MSG_D_L2    270 1021 1656

*** WARNING
  Data set contains cases with missing on all variables.
  These cases were not included in the analysis.
  Number of cases with missing on all variables:  7554
   2 WARNING(S) FOUND IN THE INPUT INSTRUCTIONS



Two-level AR(1) model for msg_d_l2;

SUMMARY OF ANALYSIS

Number of groups                                                 1
Number of observations                                       15643

Number of dependent variables                                    1
Number of independent variables                                  0
Number of continuous latent variables                            4

Observed dependent variables

  Continuous
   MSG_D_L2

Continuous latent variables
   F           F&1         STAB        LOGV

Variables with special functions

  Cluster variable      NEW_ID

Estimator                                                    BAYES
Specifications for Bayesian Estimation
  Point estimate                                            MEDIAN
  Number of Markov chain Monte Carlo (MCMC) chains               2
  Random seed for the first chain                                0
  Starting value information                           UNPERTURBED
  Algorithm used for Markov chain Monte Carlo           GIBBS(PX1)
  Convergence criterion                                  0.500D-01
  Maximum number of iterations                               20000
  K-th iteration used for thinning                              10

Input data file(s)
  data_full_msg_d_l2.dat
Input data format  FREE


SUMMARY OF DATA

     Number of clusters                        625

       Size (s)    Cluster ID with Size s

          2        1872 573
          3        2207 1853
          4        738 1851 752
          5        1899
          6        207 657 1182 490
          7        1060 1303 1570 468
          8        271 534 955 1225 2224 1574 2150 679 397 435 272 111
                   98 565
          9        1675 1666 8
         10        363 1879 1055 427 671 19 1997 1074
         11        761 388 288 441 1662 497
         12        1216 1251 753 309 2101 647
         13        620 1900 583 557 902 1962 1784 944 1568
         14        574 494 471 538
         15        1593 263 377 1328 1849 1944
         16        1089 773 1590 217 2099 500 411 1834 701 2216 1200 834
         17        1627 1673 1766 2223 184
         18        1811 554 330 1282 1067 540 1557 1715 966 791 693
         19        1412 1776 771 452 295 613 1706
         20        181 30 26 1140 1136 868 189 117 2034 1082 1588 191 669
                   1486 1734
         21        825 1080 2035 384 37 2160 1174 6 1453 590 1605 149 1551
                   1273 2103
         22        2075 337 97 393 461 1155 2073 2065 1599 1315 1343 2112
                   73 1966 1236 667
         23        812 1790 1875 394 1307 132 1520 60 2039 368 2016 681
                   1918 1955 973 524 897
         24        586 1516 1778 1079 2148 1744 546 88 1788 1873 1729 1095
                   1727 611 362 1263 544 903 293 686 1077 286 1546 151
                   2159 1805 212 1227
         25        270 1951 830 1340 1773 735 839 428 1044 180 188 1957
                   475 1497 406 69 599 4 1096 880 1053 1801
         26        1133 1021 1971 1348 495 640 2 696 756 1870 860 605 536
                   1276 1109 2127 301 418 105 103 1337 743 1912 1339
         27        74 476 1159 2171 260 2210 349 1585 1693 430 1798 1839
                   1254 904 477 631 600 991 1241 446 1723 927 1184 1611
                   44 86 740 1302 1637 2019 1224 89 892 1264 1334 155 561
                   1648 1081 2184
         28        718 648 1561 186 882 665 1817 499 523 1356 712 2165
                   728 1818 971 1660 606 837 1626 739 1968 855 100 894
                   2028 974 910 725 410 284 1461 1591 822 72 1863 745 906
                   187 196 849 934 597 2183 296 1905 1847
         29        147 52 2067 1299 2043 328 172 2115 443 2001 402 1654
                   1458 1147 1562 318 278 440 137 1659 1335 1298 110 198
                   2147 29 1770 1610 1595 1743 1013 1509 1468 414 1714
                   253 1942 3 419 1404 129 1524 874 1111 25 2002 1121 93
                   451 268 163 2088 1625 353 142 1808 304 413 239 1604
                   1999 78 1956 262 307 357 361 264 1720 1613 376 277 1268
                   447 203 182 387 210 453 1451 423 205 274 287 193 241
         30        1609 1528 938 1231 1294 515 1110 1979 2022 2076 2208
                   79 2049 1629 602 1782 870 741 726 1311 1392 2093 2221
                   1891 508 953 1071 520 719 896 484 1931 1330 1716 1421
                   1437 1924 1181 486 1647 618 1710 1928 1350 1881 1207
                   1466 32 1066 784 1462 1656 915 2157 504 1634 1189 1022
                   875 2069 1935 2003 1232 1967 62 1472 48 1379 1837 1117
                   2213 914 1779 99 556 1580 1397 1305 2145 1755 92 2182
                   1917 2037 2082 2132 2063 1856 518 1835 1249 1454 1963
                   2119 1855 772 895 1878 1064 1091 2040 1624 2199 638
                   829 84 1485 926 943 924 2000 995 1402 1653 2196 998
                   1618 2047 1950 1020 1668 965 1041 695 1248 763 733 1213
                   858 1542 827 1001 550 1465 1708 90 947 1151 2014 639
                   1135 859 1612 986 2181 547 918 35 1765 1869 1907 1114
                   711 1171 85 1840 1502 678 2138 1806 1314 909 1219 2026
                   616 517 467 680 2015 786 1623 2141 1643 2131 1576 1573
                   853 1934 1645 1930 1202 2081 1035 1581 1326 470 1172
                   1057 809 2010 675 1914 886 1703 1987 1086 2052 2137
                   1793 18 11 672 1002 1701 1757 1564 782 1745 59



COVARIANCE COVERAGE OF DATA

Minimum covariance coverage value   0.100

     Number of missing data patterns             2


     PROPORTION OF DATA PRESENT


           Covariance Coverage
              MSG_D_L2
              ________
 MSG_D_L2       0.414



UNIVARIATE SAMPLE STATISTICS


     UNIVARIATE HIGHER-ORDER MOMENT DESCRIPTIVE STATISTICS

         Variable/         Mean/     Skewness/   Minimum/ % with                Percentiles
        Sample Size      Variance    Kurtosis    Maximum  Min/Max      20%/60%    40%/80%    Median

     MSG_D_L2              0.760      -0.001      -4.094    0.85%      -1.099      0.210      0.765
            6482.000       4.098      -0.568       6.339    0.02%       1.352      2.568


     WARNING: PROBLEMS OCCURRED IN SEVERAL ITERATIONS IN THE COMPUTATION OF THE STANDARDIZED ESTIMATES FOR SEVERAL
     CLUSTERS. THIS IS MOST LIKELY DUE TO AR COEFFICIENTS GREATER THAN 1 OR PARAMETERS GIVING NON-STATIONARY MODELS.
     SUCH POSTERIOR DRAWS ARE REMOVED. THE FOLLOWING CLUSTERS HAD SUCH PROBLEMS:
          1872 573 2207 1853 738 1851 752 1899 207 657 1182 490 1060 1303 1570 468 271 534 955 1225 2224
          1574 2150 679 397 435 272 111 98 565 1675 1666 8 363 1879 1055 427 671 19 1997 1074 761 388
          288 441 1662 497 1216 1251 753 309 2101 647 620 1900 583 557 902 1962 1784 944 1568 574 494
          471 538 1593 263 377 1328 1849 1944 1089 773 1590 217 2099 500 411 1834 701 2216 1200 834 1627
          1673 1766 2223 184 1811 554 330 1282 1067 540 1557 1715 966 791 693 1412 1776 771 452 295 613
          1706 181 30 26 1140 1136 868 189 117 2034 1082 1588 191 669 1486 1734 825 1080 2035 384 37
          2160 1174 6 1453 590 1605 149 1551 1273 2103 2075 337 97 393 461 1155 2073 2065 1599 1315 1343
          2112 73 1966 1236 667 812 1790 1875 394 1307 132 1520 60 2039 368 2016 681 1918 1955 973 524
          897 586 1516 1778 1079 2148 1744 546 88 1788 1873 1729 1095 1727 611 362 1263 544 903 293 686
          1077 286 1546 151 2159 1805 212 1227 270 1951 830 1340 1773 735 839 428 1044 180 188 1957 475
          1497 406 69 599 4 1096 880 1053 1801 1133 1021 1971 1348 495 640 2 696 756 1870 860 605 536
          1276 1109 2127 301 418 105 103 1337 743 1912 1339 74 476 1159 2171 260 2210 349 1585 1693 430
          1798 1839 1254 904 477 631 600 991 1241 446 1723 927 1184 1611 44 740 1302 1637 2019 1224 89
          892 1264 1334 155 561 1648 1081 2184 718 648 1561 186 882 665 1817 499 523 1356 712 2165 728
          1818 971 1660 606 837 1626 739 1968 855 100 894 2028 974 910 725 410 284 1461 1591 822 72 1863
          745 906 187 196 849 934 597 2183 296 1905 1847 147 52 2067 1299 2043 328 172 2115 443 2001
          402 1654 1458 1147 1562 318 278 440 137 1659 1335 1298 110 198 2147 29 1770 1610 1595 1743
          1013 1509 1468 414 1714 253 1942 3 419 1404 129 1524 874 1111 25 2002 1121 93 451 268 163 2088
          1625 353 142 1808 304 413 239 1604 1999 78 1956 262 307 357 361 264 1720 1613 376 277 1268
          447 203 182 387 210 453 1451 423 205 274 287 193 241 1609 1528 938 1231 1294 515 1110 1979
          2022 2076 2208 79 2049 1629 602 1782 870 741 726 1311 1392 2093 2221 1891 508 953 1071 520
          719 896 484 1931 1330 1716 1421 1437 1924 1181 486 1647 618 1710 1928 1350 1881 1207 1466 32
          1066 784 1462 1656 915 2157 504 1634 1189 1022 875 2069 1935 2003 1232 1967 62 1472 48 1379
          1837 1117 2213 914 1779 99 556 1580 1397 1305 2145 1755 92 2182 1917 2037 2082 2132 2063 1856
          518 1835 1249 1454 1963 2119 1855 772 895 1878 1064 1091 2040 1624 2199 638 829 84 1485 926
          943 924 2000 995 1402 1653 2196 998 1618 2047 1950 1020 1668 965 1041 695 1248 763 733 1213
          858 1542 827 1001 550 1465 1708 90 947 1151 2014 639 1135 859 1612 986 2181 547 918 35 1765
          1869 1907 1114 711 1171 85 1840 1502 678 2138 1806 1314 909 1219 2026 616 517 467 680 2015
          786 1623 2141 1643 2131 1576 1573 853 1934 1645 1930 1202 2081 1035 1581 1326 470 1172 1057
          809 2010 675 1914 886 1703 1987 1086 2052 2137 1793 18 11 672 1002 1701 1757 1564 782 1745
          59

THE MODEL ESTIMATION TERMINATED NORMALLY

     USE THE FBITERATIONS OPTION TO INCREASE THE NUMBER OF ITERATIONS BY A FACTOR
     OF AT LEAST TWO TO CHECK CONVERGENCE AND THAT THE PSR VALUE DOES NOT INCREASE.



MODEL FIT INFORMATION

Number of Free Parameters                               8

Information Criteria

          Deviance (DIC)                        15922.391
          Estimated Number of Parameters (pD)   -1376.994



MODEL RESULTS

                                Posterior  One-Tailed         95% C.I.
                    Estimate       S.D.      P-Value   Lower 2.5%  Upper 2.5%  Significance

Within Level

 F        BY
    MSG_D_L2           1.000       0.000      0.000       1.000       1.000

 Residual Variances
    F                  0.207       0.063      0.000       0.096       0.328      *

Between Level

 MSG_D_L2 WITH
    STAB               0.063       0.033      0.040      -0.009       0.122

 Means
    MSG_D_L2           0.282       0.059      0.000       0.168       0.398      *
    STAB               0.660       0.099      0.000       0.490       0.851      *
    LOGV               0.366       0.058      0.000       0.251       0.480      *

 Variances
    MSG_D_L2           1.642       0.150      0.000       1.345       1.933      *
    STAB               0.020       0.012      0.000       0.004       0.048      *
    LOGV               0.408       0.052      0.000       0.316       0.519      *

New/Additional Parameters
    MEDV               1.442       0.084      0.000       1.285       1.616      *
    MEANV              1.771       0.093      0.000       1.604       1.965      *
    25QV               0.937       0.070      0.000       0.811       1.082      *
    75QV               2.221       0.117      0.000       2.011       2.464      *


STANDARDIZED MODEL RESULTS


STDYX Standardization

                                Posterior  One-Tailed         95% C.I.
                    Estimate       S.D.      P-Value   Lower 2.5%  Upper 2.5%  Significance

Within-Level Standardized Estimates Averaged Over Clusters

 F        BY
    MSG_D_L2           0.468       0.027      0.000       0.403       0.515      *

 STAB | F ON
    F&1                0.749       0.081      0.000       0.594       0.858      *

 LOGV |
    MSG_D_L2           0.761       0.026      0.000       0.712       0.819      *

 Residual Variances
    F                  0.429       0.112      0.000       0.260       0.620      *

Between Level

 MSG_D_L2 WITH
    STAB               0.367       0.254      0.040      -0.046       0.918

 Means
    MSG_D_L2           0.221       0.048      0.000       0.129       0.316      *
    STAB               4.709       3.071      0.000       2.262      13.824      *
    LOGV               0.573       0.112      0.000       0.369       0.813      *

 Variances
    MSG_D_L2           1.000       0.000      0.000       1.000       1.000
    STAB               1.000       0.000      0.000       1.000       1.000
    LOGV               1.000       0.000      0.000       1.000       1.000


R-SQUARE

Within-Level R-Square Averaged Across Clusters

                                Posterior  One-Tailed         95% C.I.
    Variable        Estimate       S.D.      P-Value   Lower 2.5%  Upper 2.5%

    MSG_D_L2           0.239       0.026      0.000       0.181       0.287

                                Posterior  One-Tailed         95% C.I.
    Variable        Estimate       S.D.      P-Value   Lower 2.5%  Upper 2.5%

    F                  0.571       0.112      0.000       0.380       0.740


RESIDUAL OUTPUT


     ESTIMATED MODEL


     AVERAGE CLUSTER ESTIMATES


           Means
              MSG_D_L2
              ________
                0.278


           Covariances
              MSG_D_L2
              ________
 MSG_D_L2       2.474


           Correlations
              MSG_D_L2
              ________
 MSG_D_L2       1.000


     BETWEEN LEVEL


           Means
              MSG_D_L2
              ________
                0.282


           Covariances
              MSG_D_L2
              ________
 MSG_D_L2       1.642


           Correlations
              MSG_D_L2
              ________
 MSG_D_L2       1.000


TECHNICAL 1 OUTPUT


     PARAMETER SPECIFICATION FOR WITHIN


           NU
              MSG_D_L2
              ________
                    0


           LAMBDA
              F             F&1           MSG_D_L2
              ________      ________      ________
 MSG_D_L2           0             0             0


           THETA
              MSG_D_L2
              ________
 MSG_D_L2           0


           ALPHA
              F             F&1           MSG_D_L2
              ________      ________      ________
                    0             0             0


           BETA
              F             F&1           MSG_D_L2
              ________      ________      ________
 F                  0             0             0
 F&1                0             0             0
 MSG_D_L2           0             0             0


           PSI
              F             F&1           MSG_D_L2
              ________      ________      ________
 F                  1
 F&1                0             0
 MSG_D_L2           0             0             0


     PARAMETER SPECIFICATION FOR BETWEEN


           NU
              MSG_D_L2
              ________
                    0


           LAMBDA
              STAB          LOGV          MSG_D_L2
              ________      ________      ________
 MSG_D_L2           0             0             0


           THETA
              MSG_D_L2
              ________
 MSG_D_L2           0


           ALPHA
              STAB          LOGV          MSG_D_L2
              ________      ________      ________
                    2             3             4


           BETA
              STAB          LOGV          MSG_D_L2
              ________      ________      ________
 STAB               0             0             0
 LOGV               0             0             0
 MSG_D_L2           0             0             0


           PSI
              STAB          LOGV          MSG_D_L2
              ________      ________      ________
 STAB               5
 LOGV               0             6
 MSG_D_L2           7             0             8


     PARAMETER SPECIFICATION FOR THE ADDITIONAL PARAMETERS


           NEW/ADDITIONAL PARAMETERS
              MEDV          MEANV         25QV          75QV
              ________      ________      ________      ________
                    9            10            11            12


     STARTING VALUES FOR WITHIN


           NU
              MSG_D_L2
              ________
                0.000


           LAMBDA
              F             F&1           MSG_D_L2
              ________      ________      ________
 MSG_D_L2       0.000         0.000         1.000


           THETA
              MSG_D_L2
              ________
 MSG_D_L2       0.000


           ALPHA
              F             F&1           MSG_D_L2
              ________      ________      ________
                0.000         0.000         0.000


           BETA
              F             F&1           MSG_D_L2
              ________      ________      ________
 F              0.000         0.000         0.000
 F&1            0.000         0.000         0.000
 MSG_D_L2       1.000         0.000         0.000


           PSI
              F             F&1           MSG_D_L2
              ________      ________      ________
 F              1.000
 F&1            0.000         1.000
 MSG_D_L2       0.000         0.000         0.000


     STARTING VALUES FOR BETWEEN


           NU
              MSG_D_L2
              ________
                0.000


           LAMBDA
              STAB          LOGV          MSG_D_L2
              ________      ________      ________
 MSG_D_L2       0.000         0.000         1.000


           THETA
              MSG_D_L2
              ________
 MSG_D_L2       0.000


           ALPHA
              STAB          LOGV          MSG_D_L2
              ________      ________      ________
                0.000         0.000         0.760


           BETA
              STAB          LOGV          MSG_D_L2
              ________      ________      ________
 STAB           0.000         0.000         0.000
 LOGV           0.000         0.000         0.000
 MSG_D_L2       0.000         0.000         0.000


           PSI
              STAB          LOGV          MSG_D_L2
              ________      ________      ________
 STAB           1.000
 LOGV           0.000         1.000
 MSG_D_L2       0.000         0.000         2.049


     STARTING VALUES FOR THE ADDITIONAL PARAMETERS


           NEW/ADDITIONAL PARAMETERS
              MEDV          MEANV         25QV          75QV
              ________      ________      ________      ________
                0.500         0.500         0.500         0.500



     PRIORS FOR ALL PARAMETERS            PRIOR MEAN      PRIOR VARIANCE     PRIOR STD. DEV.

     Parameter 1~IG(-1.000,0.000)          infinity            infinity            infinity
     Parameter 2~N(0.000,infinity)           0.0000            infinity            infinity
     Parameter 3~N(0.000,infinity)           0.0000            infinity            infinity
     Parameter 4~N(0.000,infinity)           0.0000            infinity            infinity
     Parameter 5~IW(0.000,-3)              infinity            infinity            infinity
     Parameter 6~IG(-1.000,0.000)          infinity            infinity            infinity
     Parameter 7~IW(0.000,-3)              infinity            infinity            infinity
     Parameter 8~IW(0.000,-3)              infinity            infinity            infinity


TECHNICAL 4 OUTPUT


     AVERAGE ESTIMATES DERIVED FROM THE MODEL FOR WITHIN


           ESTIMATED MEANS FOR THE LATENT VARIABLES
              F             F&1           STAB          LOGV          MSG_D_L2
              ________      ________      ________      ________      ________
                0.000         0.000         0.650         0.364         0.278


           ESTIMATED COVARIANCE MATRIX FOR THE LATENT VARIABLES
              F             F&1           STAB          LOGV          MSG_D_L2
              ________      ________      ________      ________      ________
 F              0.730
 F&1            0.598         0.730
 STAB           0.000         0.000         0.000
 LOGV           0.000         0.000         0.000         0.000
 MSG_D_L2       0.730         0.598         0.000         0.000         2.474


           ESTIMATED CORRELATION MATRIX FOR THE LATENT VARIABLES
              F             F&1           STAB          LOGV          MSG_D_L2
              ________      ________      ________      ________      ________
 F              1.000
 F&1            0.758         1.000
 STAB           0.000         0.000         1.000
 LOGV           0.000         0.000         0.000         1.000
 MSG_D_L2       0.516         0.397         0.000         0.000         1.000


     ESTIMATES DERIVED FROM THE MODEL FOR BETWEEN


           ESTIMATED MEANS FOR THE LATENT VARIABLES
              F             F&1           STAB          LOGV          MSG_D_L2
              ________      ________      ________      ________      ________
                0.000         0.000         0.660         0.366         0.282


           ESTIMATED COVARIANCE MATRIX FOR THE LATENT VARIABLES
              F             F&1           STAB          LOGV          MSG_D_L2
              ________      ________      ________      ________      ________
 F              0.000
 F&1            0.000         0.000
 STAB           0.000         0.000         0.020
 LOGV           0.000         0.000         0.000         0.408
 MSG_D_L2       0.000         0.000         0.063         0.000         1.642


           ESTIMATED CORRELATION MATRIX FOR THE LATENT VARIABLES
              F             F&1           STAB          LOGV          MSG_D_L2
              ________      ________      ________      ________      ________
 F              1.000
 F&1            0.000         1.000
 STAB           0.000         0.000         1.000
 LOGV           0.000         0.000         0.000         1.000
 MSG_D_L2       0.000         0.000         0.353         0.000         1.000


TECHNICAL 8 OUTPUT


   TECHNICAL 8 OUTPUT FOR BAYES ESTIMATION

     PROCESSOR    BSEED
     1            0
     2            285380
     3            253358
     4            93468
     5            608496
     6            903420
     7            195873
     8            462953
     9            939021
     10           127215
     11           415931
     12           533738
     13           107446
     14           399671
     15           650371
     16           27071
     17           76974
     18           68985
     19           851945
     20           637345
     21           573096
     22           902278
     23           887676
     24           372176
     25           347515
     26           207896
     27           569131
     28           364676
     29           392418
     30           366706

                     POTENTIAL       PARAMETER WITH
     ITERATION    SCALE REDUCTION      HIGHEST PSR
     100              1.952               2
     200              1.208               5
     300              1.218               5
     400              1.370               1
     500              1.503               2
     600              1.353               2
     700              1.289               7
     800              1.567               7
     900              1.805               7
     1000             1.781               7
     1100             1.177               2
     1200             1.163               2
     1300             1.059               2
     1400             1.046               7
     1500             1.021               1
     1600             1.033               1
     1700             1.043               2
     1800             1.038               2
     1900             1.062               2
     2000             1.106               2
     2100             1.156               2
     2200             1.151               2
     2300             1.078               2
     2400             1.041               2
     2500             1.033               5
     2600             1.012               5
     2700             1.011               7
     2800             1.017               7
     2900             1.014               7
     3000             1.010               6
     3100             1.019               1
     3200             1.024               1
     3300             1.021               1
     3400             1.013               1
     3500             1.008               7
     3600             1.010               7
     3700             1.009               7
     3800             1.015               7
     3900             1.008               7
     4000             1.008               7
     4100             1.008               5
     4200             1.008               7
     4300             1.011               8
     4400             1.013               7
     4500             1.021               7
     4600             1.023               7
     4700             1.020               7
     4800             1.021               7
     4900             1.028               7
     5000             1.032               7


PLOT INFORMATION

The following plots are available:

  Histograms (sample values)
  Scatterplots (sample values)
  Between-level histograms (sample values, sample means/variances)
  Between-level scatterplots (sample values, sample means/variances)
  Time series plots (sample values, ACF, PACF)
  Histogram of subjects per time point
  Time interval plots
  Bayesian posterior parameter distributions
  Bayesian posterior parameter trace plots
  Bayesian autocorrelation plots

     Beginning Time:  17:49:36
        Ending Time:  18:30:33
       Elapsed Time:  00:40:57



MUTHEN & MUTHEN
3463 Stoner Ave.
Los Angeles, CA  90066

Tel: (310) 391-9971
Fax: (310) 391-8971
Web: www.StatModel.com
Support: Support@StatModel.com

Copyright (c) 1998-2024 Muthen & Muthen
