Mplus VERSION 9 (Linux)
MUTHEN & MUTHEN
10/30/2025   5:47 PM

INPUT INSTRUCTIONS


  TITLE: Two-level AR(1) model for phot_d_l2;

  DATA:
    FILE = "data_full_phot_d_l2.dat";

  VARIABLE:
  NAMES = new_id age female edu edu_low edu_med edu_high nr_dev w1_inet w1_sp w1_pc_nr
       w1_sph_nr w1_tabl_nr date call_c msg_c phot_c call_d msg_d phot_d web_c web_d
       sm_c sm_d w1_date w1b_date w1_date_7 w1_date_30 w1b_date_7 w1b_date_30
       day_before_w1 day_before_w1b w1_7d_window w1b_7d_window w1_30d_window
       w1b_30d_window days_c call_d_l msg_d_l phot_d_l web_d_l sm_d_l call_c_l msg_c_l
       phot_c_l web_c_l sm_c_l days_c_l call_d_l2 msg_d_l2 phot_d_l2 web_d_l2 sm_d_l2
       call_c_l2 msg_c_l2 phot_c_l2 web_c_l2 sm_c_l2 call_c_b msg_c_b phot_c_b web_c_b
       sm_c_b time;
    MISSING = .;
    USEVARIABLES = phot_d_l2 day_before_w1;
    WITHIN = day_before_w1;
    CLUSTER = new_id;
    TINTERVAL = time (1 time2);

  ANALYSIS:
    TYPE = TWOLEVEL RANDOM;
    ESTIMATOR = BAYES;
    PROCESSORS = 30;
    BITERATIONS = 80000 (10000);
    THIN = 20;

  MODEL:

  %WITHIN%
  f BY phot_d_l2@1(&1);
  trend | phot_d_l2 ON day_before_w1;
  stab | f ON f&1;

  logv | phot_d_l2;

  day_before_w1;

  %BETWEEN%
  phot_d_l2 WITH stab trend;
  stab WITH trend;

  [logv] (m);
  logv (s);

  Model Constraint:
            new(medv meanv 25qv 75qv);		
            medv = exp(m);
            meanv = exp(m + s/2);
    		! 25th and 75th quartiles
    		! based on normal dist of logv:
    		25qv = exp(m - sqrt(s)*0.675);
    		75qv = exp(m + sqrt(s)*0.675);




  OUTPUT: TECH1 TECH8 TECH4 STDYX residual;

  PLOT: TYPE = PLOT3;



*** WARNING in VARIABLE command
  Note that only the first 8 characters of variable names are used in the output.
  Shorten variable names to avoid any confusion.
*** WARNING in PLOT command
  Note that only the first 8 characters of variable names are used in plots.
  If variable names are not unique within the first 8 characters, problems
  may occur.
*** WARNING
  One or more individual-level variables have no variation within a
  cluster for the following clusters.

     Variable   Cluster IDs with no within-cluster variation

      PHOT_D_L    2014

   3 WARNING(S) FOUND IN THE INPUT INSTRUCTIONS



Two-level AR(1) model for phot_d_l2;

SUMMARY OF ANALYSIS

Number of groups                                                 1
Number of observations                                       18489

Number of dependent variables                                    1
Number of independent variables                                  1
Number of continuous latent variables                            5

Observed dependent variables

  Continuous
   PHOT_D_L2

Observed independent variables
   DAY_BEFO

Continuous latent variables
   F           F&1         TREND       STAB        LOGV

Variables with special functions

  Cluster variable      NEW_ID

  Within variables
   DAY_BEFO


Estimator                                                    BAYES
Specifications for Bayesian Estimation
  Point estimate                                            MEDIAN
  Number of Markov chain Monte Carlo (MCMC) chains               2
  Random seed for the first chain                                0
  Starting value information                           UNPERTURBED
  Algorithm used for Markov chain Monte Carlo           GIBBS(PX1)
  Convergence criterion                                  0.500D-01
  Maximum number of iterations                               80000
  K-th iteration used for thinning                              20

Input data file(s)
  data_full_phot_d_l2.dat
Input data format  FREE


SUMMARY OF DATA

     Number of clusters                        649

       Size (s)    Cluster ID with Size s

          3        514
          6        750 118 501
          8        565 98 534 397 1781
          9        573 1874
         10        2217 8
         11        833 862
         13        245 1446
         16        752 773 463 1540 1974
         17        1962
         18        1197 494
         19        2207 2144 1899
         20        1718 900 189 1361 1677
         21        1766 521
         22        620 1101 762 1211 902 363 337 2120 2139 931 2034
         23        681 384 1666 982 1273 435 538 2039
         24        903 441 420 1877
         25        1251 386 224 1780 1599 270 1053 1155
         26        1343 365 701 1448 2007 1549 1049
         27        991 1998 1302 1317 611 1122 1328 636 1159 1709 392
         28        934 108 26 631 974 1544 2129 524 1626 1516 537 492 1968
                   592 1551 536 667 1339 260 1971 1834
         29        235 405 309 317 354 180 418 203 205 432 1637 211 1808
                   182 163 132 4 110 283 217 262 2043 410 187 212 155 447
                   399 357 1468 400 284 323 2211 1818 177 250 137 188 452
                   274 117 220 446 413 376 196 198 353 147 229 1210 287
                   246 453 115 328 91 320 307 414 423 316 370 301 422 398
                   172 239 396 426 263 241 433 1615 111 304 393 157 129
                   332 295 252 153 193 368 440 349 1227 277 1868 2223 361
                   294 278 109 186 253 402
         30        520 970 1131 1498 1580 1021 90 1203 966 886 889 1678
                   40 814 602 1366 761 1307 1944 1524 1283 1829 944 78
                   1989 932 593 1837 695 638 88 1478 2195 876 622 1088
                   1985 1955 1618 1905 1190 508 1687 1326 1661 772 829
                   1586 3 2067 1518 1160 2001 1404 2115 499 99 1340 1182
                   1584 686 1298 1585 918 1324 2036 1788 2028 1710 1659
                   2000 461 1303 67 1669 915 1311 930 62 896 1015 33 1770
                   999 52 1096 632 767 45 1249 21 692 1754 558 2040 1481
                   1940 1360 1219 1593 2216 885 1008 1811 73 1716 678 1241
                   725 2147 1760 2185 1847 87 1111 1502 616 643 97 515
                   1773 1708 2073 1115 1024 79 1064 1601 1817 1928 2099
                   1624 2111 898 1839 2137 1879 822 895 541 39 1561 2030
                   35 1110 486 639 2069 467 745 46 1591 940 1686 13 1720
                   2208 1778 1350 1891 784 2 1353 1248 488 894 1254 1315
                   12 1314 1032 645 1768 2038 11 2014 1835 1233 85 1612
                   1421 2165 1581 1086 86 1727 965 1623 1934 498 1291 1805
                   1030 1627 1334 802 1214 1542 674 1926 2141 557 1077
                   906 1814 1044 1849 1075 1246 1472 1568 743 92 821 1466
                   675 2026 1870 1981 702 44 2056 1902 669 1465 2035 1745
                   1033 1850 1460 880 599 1365 837 813 1674 722 1953 2082
                   1697 1276 977 858 72 1790 910 986 809 992 1957 786 1840
                   506 1963 1181 2138 1264 994 630 1951 1562 1924 1979
                   1964 1151 19 1803 615 1081 579 1992 1930 57 720 1171
                   603 953 2024 29 959 559 1412 1714 1851 909 1695 1956
                   1323 1154 1259 646 753 69 1644 696 864 1785 1923 2075
                   48 59 726 561 1774 37 859 1809 547 1946 2150 947 735
                   1947 665 1305 995 956 2182 642 682 2076 1999 1035 1793
                   1067 1731 941 1646 553 1216 1757 600 1967 2213 1451
                   946 644 2052 1680 1461 1147 2136 105 1595 1415 1237
                   18 1091 1701 1572 1263 782 1225 1828 1895 2065 470 1201
                   1200 1789 2095 1485 870 2157 929 2160 1397 100 1470
                   2203 2037 1937 1588 849 1869 2003 2224 1522 65 711 901
                   93 740 1607 1914 1729 2013 993 860 648 550 1272 2197
                   1755 1294 1071 1656 1402 904 2181 590 525 1001 938 1743
                   987 892 2198 1231 1352 1810 1671 1089 2184 1791 640
                   1782 633 1660 1590 709 2121 1117 1675 1050 540 1335
                   1236 1997 1546 1174 845 1833 1648 1654 32 1034 1907
                   1002 1613 552 1878 1912 2063 1104



COVARIANCE COVERAGE OF DATA

Minimum covariance coverage value   0.100

     Number of missing data patterns             3


     PROPORTION OF DATA PRESENT


           Covariance Coverage
              PHOT_D_L      DAY_BEFO
              ________      ________
 PHOT_D_L       0.332
 DAY_BEFO       0.332         0.803



UNIVARIATE SAMPLE STATISTICS


     UNIVARIATE HIGHER-ORDER MOMENT DESCRIPTIVE STATISTICS

         Variable/         Mean/     Skewness/   Minimum/ % with                Percentiles
        Sample Size      Variance    Kurtosis    Maximum  Min/Max      20%/60%    40%/80%    Median

     PHOT_D_L2            -0.242      -0.041      -4.094    1.42%      -1.529     -0.598     -0.223
            6135.000       2.384      -0.188       4.435    0.02%       0.182      1.059
     DAY_BEFORE_W1       -14.755       0.034     -29.000    3.19%     -23.000    -18.000    -15.000
           14845.000      71.352      -1.154       0.000    3.00%     -12.000     -6.000


     WARNING: PROBLEMS OCCURRED IN SEVERAL ITERATIONS IN THE COMPUTATION OF THE STANDARDIZED ESTIMATES FOR SEVERAL
     CLUSTERS. THIS IS MOST LIKELY DUE TO AR COEFFICIENTS GREATER THAN 1 OR PARAMETERS GIVING NON-STATIONARY MODELS.
     SUCH POSTERIOR DRAWS ARE REMOVED. THE FOLLOWING CLUSTERS HAD SUCH PROBLEMS:
          514 750 118 501 565 98 534 397 1781 573 1874 2217 8 833 862 245 1446 752 773 463 1540 1974
          1962 1197 494 2207 2144 1899 1718 900 189 1361 1677 1766 521 620 1101 762 902 363 337 2120
          2139 931 2034 384 1666 982 1273 435 538 2039 903 441 420 1877 1251 386 224 1599 270 1053 1155
          1343 1448 2007 1549 1049 991 1302 1317 611 1122 636 1159 934 26 631 974 2129 524 1626 1516
          537 1968 592 536 667 1339 405 317 354 180 418 203 205 1637 211 1808 182 163 132 4 110 283 217
          262 410 187 212 155 447 399 1468 400 284 323 2211 1818 137 188 274 117 220 446 413 376 196
          198 353 1210 287 453 115 328 320 414 423 316 301 422 398 172 239 396 426 263 241 1615 111 304
          393 157 129 332 295 252 153 193 368 440 349 277 1868 2223 361 294 278 186 253 520 970 1131
          1498 1580 1021 90 1203 886 889 1678 40 814 602 1366 761 1307 1944 1524 1283 78 932 593 1837
          695 638 88 1478 2195 622 1088 1985 1955 1618 1905 1687 1326 772 1586 2067 1518 1160 2001 1404
          2115 99 1340 1182 686 1298 1324 2036 1788 2028 1710 1659 2000 461 1303 67 1669 915 1311 930
          896 1015 1770 999 52 1096 632 767 45 1249 21 692 1754 558 2040 1481 1360 1593 2216 885 1811
          73 1716 678 1241 2147 1760 2185 87 1502 616 97 515 1773 1708 2073 1024 79 1064 1601 1817 1928
          2099 1624 2111 898 1839 2137 1879 895 541 39 2030 35 467 745 46 13 1720 2208 1350 1891 2 1353
          1248 488 894 1254 1315 12 1314 1032 645 1768 2038 2014 1233 1612 1421 2165 86 1727 965 1623
          1934 498 1805 1030 1542 674 1926 2141 557 1814 1044 1849 1075 1246 1568 743 92 1466 675 2026
          1870 702 2056 1902 669 1465 2035 1745 1033 1460 599 1365 837 813 1674 2082 1276 858 72 1790
          910 986 809 1957 1840 506 1963 1181 2138 1264 994 630 1562 1979 1964 1151 19 1803 579 1930
          57 603 953 2024 29 959 1412 1714 909 1695 1956 1154 1259 646 753 69 1644 864 1785 1923 2075
          48 59 726 561 859 1809 1946 947 665 1305 2182 642 682 2076 1999 1035 1793 1067 1731 941 553
          1216 600 1967 2213 1451 946 644 1680 1461 1147 2136 105 1415 18 1572 1263 1828 1895 2065 1201
          1200 2095 1485 929 2160 1397 100 1470 2203 2037 1937 1588 849 2224 1522 711 901 93 740 1607
          993 860 648 550 1272 1755 1294 1071 1656 1402 904 2181 525 987 892 2198 1231 1810 1671 2184
          640 1782 633 1660 709 2121 1117 1675 1050 540 1335 1236 1546 845 1833 1654 32 1034 1907 1002
          1613 552 1878 2063

THE MODEL ESTIMATION TERMINATED NORMALLY

     USE THE FBITERATIONS OPTION TO INCREASE THE NUMBER OF ITERATIONS BY A FACTOR
     OF AT LEAST TWO TO CHECK CONVERGENCE AND THAT THE PSR VALUE DOES NOT INCREASE.

     THE EFFECTIVE SAMPLE SIZE FOR THE POSTERIOR DISTRIBUTION OF PARAMETER 6 IS ONLY 21.
     ESS > 200-400 IS RECOMMENDED. USE BITER=190400(95200) OR SIMPLIFY THE MODEL.



MODEL FIT INFORMATION

Number of Free Parameters                              14

Information Criteria

          Deviance (DIC)                       102425.735
          Estimated Number of Parameters (pD)   -2438.676



MODEL RESULTS

                                Posterior  One-Tailed         95% C.I.
                    Estimate       S.D.      P-Value   Lower 2.5%  Upper 2.5%  Significance

Within Level

 F        BY
    PHOT_D_L2          1.000       0.000      0.000       1.000       1.000

 Means
    DAY_BEFORE       -14.755       0.069      0.000     -14.891     -14.621      *

 Variances
    DAY_BEFORE        71.371       0.826      0.000      69.766      73.052      *

 Residual Variances
    F                  0.619       0.232      0.000       0.269       1.117      *

Between Level

 PHOT_D_L WITH
    STAB               0.054       0.040      0.083      -0.022       0.134
    TREND              0.010       0.003      0.000       0.005       0.016      *

 STAB     WITH
    TREND              0.000       0.001      0.403      -0.002       0.003

 Means
    PHOT_D_L2         -0.350       0.051      0.000      -0.450      -0.250      *
    TREND              0.002       0.003      0.210      -0.003       0.008
    STAB               0.196       0.072      0.001       0.088       0.365      *
    LOGV               0.109       0.250      0.329      -0.550       0.403

 Variances
    PHOT_D_L2          0.497       0.078      0.000       0.356       0.662      *
    TREND              0.001       0.000      0.000       0.001       0.001      *
    STAB               0.043       0.018      0.000       0.012       0.083      *
    LOGV               0.186       0.102      0.000       0.096       0.503      *

New/Additional Parameters
    MEDV               1.115       0.247      0.000       0.577       1.496      *
    MEANV              1.224       0.233      0.000       0.731       1.589      *
    25QV               0.835       0.223      0.000       0.366       1.191      *
    75QV               1.488       0.265      0.000       0.914       1.895      *


STANDARDIZED MODEL RESULTS


STDYX Standardization

                                Posterior  One-Tailed         95% C.I.
                    Estimate       S.D.      P-Value   Lower 2.5%  Upper 2.5%  Significance

Within-Level Standardized Estimates Averaged Over Clusters

 F        BY
    PHOT_D_L2          0.574       0.099      0.000       0.432       0.757      *

 STAB | F ON
    F&1                0.210       0.077      0.000       0.101       0.386      *

 TREND | PHOT_D_L2 ON
    DAY_BEFORE         0.013       0.015      0.189      -0.016       0.044

 LOGV |
    PHOT_D_L2          0.628       0.119      0.000       0.385       0.773      *

 Means
    DAY_BEFORE        -1.747       0.013      0.000      -1.771      -1.720      *

 Variances
    DAY_BEFORE         1.000       0.000      0.000       1.000       1.000

 Residual Variances
    F                  0.909       0.039      0.000       0.817       0.966      *

Between Level

 PHOT_D_L WITH
    STAB               0.392       0.263      0.083      -0.160       0.852
    TREND              0.457       0.086      0.000       0.272       0.606      *

 STAB     WITH
    TREND              0.049       0.201      0.403      -0.352       0.423

 Means
    PHOT_D_L2         -0.498       0.078      0.000      -0.654      -0.351      *
    TREND              0.071       0.090      0.210      -0.105       0.247
    STAB               0.956       0.516      0.001       0.392       2.396      *
    LOGV               0.256       0.547      0.329      -0.809       1.204

 Variances
    PHOT_D_L2          1.000       0.000      0.000       1.000       1.000
    TREND              1.000       0.000      0.000       1.000       1.000
    STAB               1.000       0.000      0.000       1.000       1.000
    LOGV               1.000       0.000      0.000       1.000       1.000


R-SQUARE

Within-Level R-Square Averaged Across Clusters

                                Posterior  One-Tailed         95% C.I.
    Variable        Estimate       S.D.      P-Value   Lower 2.5%  Upper 2.5%

    PHOT_D_L2          0.372       0.119      0.000       0.226       0.614

                                Posterior  One-Tailed         95% C.I.
    Variable        Estimate       S.D.      P-Value   Lower 2.5%  Upper 2.5%

    F                  0.091       0.039      0.000       0.034       0.182


RESIDUAL OUTPUT


     ESTIMATED MODEL


     AVERAGE CLUSTER ESTIMATES


           Means
              PHOT_D_L      DAY_BEFO
              ________      ________
               -0.383       -14.755


           Covariances
              PHOT_D_L      DAY_BEFO
              ________      ________
 PHOT_D_L       1.994
 DAY_BEFO       0.161        71.375


           Correlations
              PHOT_D_L      DAY_BEFO
              ________      ________
 PHOT_D_L       1.000
 DAY_BEFO       0.014         1.000


     BETWEEN LEVEL


           Means
              PHOT_D_L      DAY_BEFO
              ________      ________
               -0.350         0.000


           Covariances
              PHOT_D_L      DAY_BEFO
              ________      ________
 PHOT_D_L       0.497
 DAY_BEFO       0.000         0.000


           Correlations
              PHOT_D_L      DAY_BEFO
              ________      ________
 PHOT_D_L       1.000
 DAY_BEFO       0.000         1.000


TECHNICAL 1 OUTPUT


     PARAMETER SPECIFICATION FOR WITHIN


           NU
              PHOT_D_L      DAY_BEFO
              ________      ________
                    0             0


           LAMBDA
              F             F&1           PHOT_D_L      DAY_BEFO
              ________      ________      ________      ________
 PHOT_D_L           0             0             0             0
 DAY_BEFO           0             0             0             0


           THETA
              PHOT_D_L      DAY_BEFO
              ________      ________
 PHOT_D_L           0
 DAY_BEFO           0             0


           ALPHA
              F             F&1           PHOT_D_L      DAY_BEFO
              ________      ________      ________      ________
                    0             0             0             1


           BETA
              F             F&1           PHOT_D_L      DAY_BEFO
              ________      ________      ________      ________
 F                  0             0             0             0
 F&1                0             0             0             0
 PHOT_D_L           0             0             0             0
 DAY_BEFO           0             0             0             0


           PSI
              F             F&1           PHOT_D_L      DAY_BEFO
              ________      ________      ________      ________
 F                  2
 F&1                0             0
 PHOT_D_L           0             0             0
 DAY_BEFO           0             0             0             3


     PARAMETER SPECIFICATION FOR BETWEEN


           NU
              PHOT_D_L
              ________
                    0


           LAMBDA
              TREND         STAB          LOGV          PHOT_D_L
              ________      ________      ________      ________
 PHOT_D_L           0             0             0             0


           THETA
              PHOT_D_L
              ________
 PHOT_D_L           0


           ALPHA
              TREND         STAB          LOGV          PHOT_D_L
              ________      ________      ________      ________
                    4             5             6             7


           BETA
              TREND         STAB          LOGV          PHOT_D_L
              ________      ________      ________      ________
 TREND              0             0             0             0
 STAB               0             0             0             0
 LOGV               0             0             0             0
 PHOT_D_L           0             0             0             0


           PSI
              TREND         STAB          LOGV          PHOT_D_L
              ________      ________      ________      ________
 TREND              8
 STAB               9            10
 LOGV               0             0            11
 PHOT_D_L          12            13             0            14


     PARAMETER SPECIFICATION FOR THE ADDITIONAL PARAMETERS


           NEW/ADDITIONAL PARAMETERS
              MEDV          MEANV         25QV          75QV
              ________      ________      ________      ________
                   15            16            17            18


     STARTING VALUES FOR WITHIN


           NU
              PHOT_D_L      DAY_BEFO
              ________      ________
                0.000         0.000


           LAMBDA
              F             F&1           PHOT_D_L      DAY_BEFO
              ________      ________      ________      ________
 PHOT_D_L       0.000         0.000         1.000         0.000
 DAY_BEFO       0.000         0.000         0.000         1.000


           THETA
              PHOT_D_L      DAY_BEFO
              ________      ________
 PHOT_D_L       0.000
 DAY_BEFO       0.000         0.000


           ALPHA
              F             F&1           PHOT_D_L      DAY_BEFO
              ________      ________      ________      ________
                0.000         0.000         0.000       -14.755


           BETA
              F             F&1           PHOT_D_L      DAY_BEFO
              ________      ________      ________      ________
 F              0.000         0.000         0.000         0.000
 F&1            0.000         0.000         0.000         0.000
 PHOT_D_L       1.000         0.000         0.000         0.000
 DAY_BEFO       0.000         0.000         0.000         0.000


           PSI
              F             F&1           PHOT_D_L      DAY_BEFO
              ________      ________      ________      ________
 F              1.000
 F&1            0.000         1.000
 PHOT_D_L       0.000         0.000         0.000
 DAY_BEFO       0.000         0.000         0.000        35.676


     STARTING VALUES FOR BETWEEN


           NU
              PHOT_D_L
              ________
                0.000


           LAMBDA
              TREND         STAB          LOGV          PHOT_D_L
              ________      ________      ________      ________
 PHOT_D_L       0.000         0.000         0.000         1.000


           THETA
              PHOT_D_L
              ________
 PHOT_D_L       0.000


           ALPHA
              TREND         STAB          LOGV          PHOT_D_L
              ________      ________      ________      ________
                0.000         0.000         0.000        -0.242


           BETA
              TREND         STAB          LOGV          PHOT_D_L
              ________      ________      ________      ________
 TREND          0.000         0.000         0.000         0.000
 STAB           0.000         0.000         0.000         0.000
 LOGV           0.000         0.000         0.000         0.000
 PHOT_D_L       0.000         0.000         0.000         0.000


           PSI
              TREND         STAB          LOGV          PHOT_D_L
              ________      ________      ________      ________
 TREND          1.000
 STAB           0.000         1.000
 LOGV           0.000         0.000         1.000
 PHOT_D_L       0.000         0.000         0.000         1.192


     STARTING VALUES FOR THE ADDITIONAL PARAMETERS


           NEW/ADDITIONAL PARAMETERS
              MEDV          MEANV         25QV          75QV
              ________      ________      ________      ________
                0.500         0.500         0.500         0.500



     PRIORS FOR ALL PARAMETERS            PRIOR MEAN      PRIOR VARIANCE     PRIOR STD. DEV.

     Parameter 1~N(0.000,infinity)           0.0000            infinity            infinity
     Parameter 2~IG(-1.000,0.000)          infinity            infinity            infinity
     Parameter 3~IG(-1.000,0.000)          infinity            infinity            infinity
     Parameter 4~N(0.000,infinity)           0.0000            infinity            infinity
     Parameter 5~N(0.000,infinity)           0.0000            infinity            infinity
     Parameter 6~N(0.000,infinity)           0.0000            infinity            infinity
     Parameter 7~N(0.000,infinity)           0.0000            infinity            infinity
     Parameter 8~IW(0.000,-4)              infinity            infinity            infinity
     Parameter 9~IW(0.000,-4)              infinity            infinity            infinity
     Parameter 10~IW(0.000,-4)             infinity            infinity            infinity
     Parameter 11~IG(-1.000,0.000)         infinity            infinity            infinity
     Parameter 12~IW(0.000,-4)             infinity            infinity            infinity
     Parameter 13~IW(0.000,-4)             infinity            infinity            infinity
     Parameter 14~IW(0.000,-4)             infinity            infinity            infinity


TECHNICAL 4 OUTPUT


     AVERAGE ESTIMATES DERIVED FROM THE MODEL FOR WITHIN


           ESTIMATED MEANS FOR THE LATENT VARIABLES
              F             F&1           TREND         STAB          LOGV
              ________      ________      ________      ________      ________
                0.000         0.000         0.002         0.203         0.060


           ESTIMATED MEANS FOR THE LATENT VARIABLES
              PHOT_D_L      DAY_BEFO
              ________      ________
               -0.383       -14.755


           ESTIMATED COVARIANCE MATRIX FOR THE LATENT VARIABLES
              F             F&1           TREND         STAB          LOGV
              ________      ________      ________      ________      ________
 F              0.725
 F&1            0.165         0.725
 TREND          0.000         0.000         0.000
 STAB           0.000         0.000         0.000         0.000
 LOGV           0.000         0.000         0.000         0.000         0.000
 PHOT_D_L       0.725         0.165         0.000         0.000         0.000
 DAY_BEFO       0.000         0.000         0.000         0.000         0.000


           ESTIMATED COVARIANCE MATRIX FOR THE LATENT VARIABLES
              PHOT_D_L      DAY_BEFO
              ________      ________
 PHOT_D_L       1.994
 DAY_BEFO       0.161        71.375


           ESTIMATED CORRELATION MATRIX FOR THE LATENT VARIABLES
              F             F&1           TREND         STAB          LOGV
              ________      ________      ________      ________      ________
 F              1.000
 F&1            0.220         1.000
 TREND          0.000         0.000         1.000
 STAB           0.000         0.000         0.000         1.000
 LOGV           0.000         0.000         0.000         0.000         1.000
 PHOT_D_L       0.605         0.134         0.000         0.000         0.000
 DAY_BEFO       0.000         0.000         0.000         0.000         0.000


           ESTIMATED CORRELATION MATRIX FOR THE LATENT VARIABLES
              PHOT_D_L      DAY_BEFO
              ________      ________
 PHOT_D_L       1.000
 DAY_BEFO       0.014         1.000


     ESTIMATES DERIVED FROM THE MODEL FOR BETWEEN


           ESTIMATED MEANS FOR THE LATENT VARIABLES
              F             F&1           TREND         STAB          LOGV
              ________      ________      ________      ________      ________
                0.000         0.000         0.002         0.196         0.109


           ESTIMATED MEANS FOR THE LATENT VARIABLES
              PHOT_D_L      DAY_BEFO
              ________      ________
               -0.350         0.000


           ESTIMATED COVARIANCE MATRIX FOR THE LATENT VARIABLES
              F             F&1           TREND         STAB          LOGV
              ________      ________      ________      ________      ________
 F              0.000
 F&1            0.000         0.000
 TREND          0.000         0.000         0.001
 STAB           0.000         0.000         0.000         0.043
 LOGV           0.000         0.000         0.000         0.000         0.186
 PHOT_D_L       0.000         0.000         0.010         0.054         0.000
 DAY_BEFO       0.000         0.000         0.000         0.000         0.000


           ESTIMATED COVARIANCE MATRIX FOR THE LATENT VARIABLES
              PHOT_D_L      DAY_BEFO
              ________      ________
 PHOT_D_L       0.497
 DAY_BEFO       0.000         0.000


           ESTIMATED CORRELATION MATRIX FOR THE LATENT VARIABLES
              F             F&1           TREND         STAB          LOGV
              ________      ________      ________      ________      ________
 F              1.000
 F&1            0.000         1.000
 TREND          0.000         0.000         1.000
 STAB           0.000         0.000         0.047         1.000
 LOGV           0.000         0.000         0.000         0.000         1.000
 PHOT_D_L       0.000         0.000         0.457         0.369         0.000
 DAY_BEFO       0.000         0.000         0.000         0.000         0.000


           ESTIMATED CORRELATION MATRIX FOR THE LATENT VARIABLES
              PHOT_D_L      DAY_BEFO
              ________      ________
 PHOT_D_L       1.000
 DAY_BEFO       0.000         1.000


TECHNICAL 8 OUTPUT


   TECHNICAL 8 OUTPUT FOR BAYES ESTIMATION

     PROCESSOR    BSEED
     1            0
     2            285380
     3            253358
     4            93468
     5            608496
     6            903420
     7            195873
     8            462953
     9            939021
     10           127215
     11           415931
     12           533738
     13           107446
     14           399671
     15           650371
     16           27071
     17           76974
     18           68985
     19           851945
     20           637345
     21           573096
     22           902278
     23           887676
     24           372176
     25           347515
     26           207896
     27           569131
     28           364676
     29           392418
     30           366706

                     POTENTIAL       PARAMETER WITH
     ITERATION    SCALE REDUCTION      HIGHEST PSR
     100              2.578               2
     200              4.057               2
     300              2.122               6
     400              1.297               6
     500              1.063               5
     600              1.132               6
     700              1.525               2
     800              2.078               2
     900              2.890               2
     1000             3.152               2
     1100             2.441               2
     1200             1.933               2
     1300             1.398               6
     1400             1.292               6
     1500             1.291               6
     1600             1.172               6
     1700             1.080               6
     1800             1.027               5
     1900             1.015               13
     2000             1.027               13
     2100             1.061               2
     2200             1.134               2
     2300             1.214               2
     2400             1.163               2
     2500             1.083               2
     2600             1.057               2
     2700             1.059               2
     2800             1.102               2
     2900             1.188               2
     3000             1.288               2
     3100             1.327               2
     3200             1.317               2
     3300             1.304               2
     3400             1.291               2
     3500             1.279               2
     3600             1.260               2
     3700             1.213               2
     3800             1.190               2
     3900             1.174               2
     4000             1.154               2
     4100             1.144               2
     4200             1.161               2
     4300             1.184               2
     4400             1.190               2
     4500             1.174               2
     4600             1.156               2
     4700             1.154               2
     4800             1.180               2
     4900             1.171               2
     5000             1.145               2
     5100             1.109               2
     5200             1.080               2
     5300             1.062               2
     5400             1.041               2
     5500             1.019               2
     5600             1.011               13
     5700             1.011               13
     5800             1.011               13
     5900             1.009               13
     6000             1.010               13
     6100             1.011               13
     6200             1.011               13
     6300             1.008               13
     6400             1.009               13
     6500             1.007               13
     6600             1.007               13
     6700             1.009               13
     6800             1.009               13
     6900             1.016               2
     7000             1.019               2
     7100             1.020               2
     7200             1.021               2
     7300             1.028               6
     7400             1.039               6
     7500             1.050               6
     7600             1.069               6
     7700             1.086               6
     7800             1.093               6
     7900             1.096               6
     8000             1.098               6
     8100             1.099               6
     8200             1.092               6
     8300             1.087               6
     8400             1.078               6
     8500             1.068               6
     8600             1.057               6
     8700             1.053               6
     8800             1.058               6
     8900             1.060               6
     9000             1.059               6
     9100             1.053               6
     9200             1.042               6
     9300             1.031               6
     9400             1.022               11
     9500             1.017               11
     9600             1.012               11
     9700             1.012               11
     9800             1.014               11
     9900             1.016               6
     10000            1.020               6


     MCMC EFFECTIVE SAMPLE SIZE (ESS) IN ASCENDING ORDER
        LOWEST 10 PARAMETERS
        PARAMETER    ESS
             6        21
            15        21
            16        21
            18        21
             2        22
            17        22
            11        28
             5        50
            10       328
            13       735


PLOT INFORMATION

The following plots are available:

  Histograms (sample values)
  Scatterplots (sample values)
  Between-level histograms (sample values, sample means/variances)
  Between-level scatterplots (sample values, sample means/variances)
  Time series plots (sample values, ACF, PACF)
  Histogram of subjects per time point
  Time interval plots
  Bayesian posterior parameter distributions
  Bayesian posterior parameter trace plots
  Bayesian autocorrelation plots

     Beginning Time:  17:47:28
        Ending Time:  19:21:36
       Elapsed Time:  01:34:08



MUTHEN & MUTHEN
3463 Stoner Ave.
Los Angeles, CA  90066

Tel: (310) 391-9971
Fax: (310) 391-8971
Web: www.StatModel.com
Support: Support@StatModel.com

Copyright (c) 1998-2025 Muthen & Muthen
