Mplus VERSION 8.11 (Linux)
MUTHEN & MUTHEN
10/17/2025   7:44 PM

INPUT INSTRUCTIONS


  TITLE: Two-level AR(1) model for phot_c_b;

  DATA:
    FILE = "data_full.dat";

  VARIABLE:
  NAMES = new_id age female edu edu_low edu_med edu_high nr_dev w1_inet w1_sp w1_pc_nr
       w1_sph_nr w1_tabl_nr date call_c msg_c phot_c call_d msg_d phot_d web_c web_d
       sm_c sm_d w1_date w1b_date w1_date_7 w1_date_30 w1b_date_7 w1b_date_30
       day_before_w1 day_before_w1b w1_7d_window w1b_7d_window w1_30d_window
       w1b_30d_window days_c call_d_l msg_d_l phot_d_l web_d_l sm_d_l call_c_l msg_c_l
       phot_c_l web_c_l sm_c_l days_c_l call_d_l2 msg_d_l2 phot_d_l2 web_d_l2 sm_d_l2
       call_c_l2 msg_c_l2 phot_c_l2 web_c_l2 sm_c_l2 call_c_b msg_c_b phot_c_b web_c_b
       sm_c_b time;
    USEVARIABLES = phot_c_b;
    CATEGORICAL = phot_c_b;
    CLUSTER = new_id;
    TINTERVAL = time (1 time2);

  ANALYSIS:
    TYPE = TWOLEVEL RANDOM;
    ESTIMATOR = BAYES;
    PROCESSORS = 30;
    BITERATIONS = 20000 (5000);
    THIN = 10;

  MODEL:
    %WITHIN%
      f BY phot_c_b@1(&1);
      stab | f ON f&1;

    %BETWEEN%
      phot_c_b WITH stab;


  OUTPUT: TECH1 TECH8 TECH4 STDYX residual;

  PLOT: TYPE = PLOT3;



*** WARNING
  One or more individual-level variables have no variation within a
  cluster for the following clusters.

     Variable   Cluster IDs with no within-cluster variation

      PHOT_C_B    415 1281 2062 1295 1511 657 797 828 468 635 1060 352 168 146 706 1106 2218 679
                  788 1055 1187 671 1830 497 1097 388 261 303 27 1325 2155 1853 1771 574 412 407
                  2134 996 1038 1767 1146 1815 693 1198 1557 519 1327 271 554 769 1980 1886 383
                  647 835 2021 1735 2166 1776 1188 226 1164 181 1140 1058 247 1978 1143 771 783
                  1718 218 884 670 1136 988 869 663 1842 1890 825 768 1084 1278 1909 319 1662
                  619 341 104 1082 1520 1826 586 1888 1373 1732 1079 1676 760 424 2192 1043 457
                  1152 1567 1574 928 897 442 1706 358 1430 1282 1599 1212 411 272 427 1141 922
                  1337 2116 1901 584 297 598 173 1507 1594 664 1270 2210 1092 2194 792 293 1029
                  704 1224 1180 371 830 1876 2106 583 191 774 206 2140 808 1744 957 566 1587 655
                  2183 742 803 430 818 1691 237 133 891 338 455 387 165 1103 207 416 340 1290
                  443 282 360 184 331 160 1368 1565 981 240 204 1527 1797 197 362 167 451 326
                  437 264 151 138 296 1098 347 268 377 1268 1018 30 1299 325 142 342 49 210 1938
                  417 2085 148 269 419 314 1559 290 1458 330 276 1536 428 429 291 1634 1855 791
                  2206 2049 1763 1919 1589 1453 1668 2020 1010 1135 2202 1513 1202 1019 793 1397
                  933 1653 1643 800 1872 1467 1798 1406 1442 1518 1424 1395 84 1100 1381 1645
                  6 517 1213 564 1887 937 853 1454 1950 1016 1114 1422 2118 1054 719 476 102 1579
                  738 597 1057 672 2047 1481 1940 653 1558 482 1823 481 1821 1175 2212 1806 1514
                  1118 2119 1371 908 1004 1445 471 1600 1703 983 1931 1062 868 924 758 1348 1196
                  1191 1418 2030 1388 943 703 609 74 60 2132 2015 1610 1064 1501 2199 1095 1625
                  1813 606 2081 1023 2126 1611 1576 1432 2161 1604 717 839 1864 815 2114 1523
                  1614 9 13 1013 1080 1863 2219 475 739 712 1538 732 2097 1389 1207 82 1512 2191
                  749 1873 1509 1425 1410 2064 477 1199 1437 691 1041 1608 1554 1466 1473 2051
                  1673 1534 1113 1734 1715 1696 618 103 1161 1882 1462 36 1330 1497 1961 1845
                  1991 2159 1460 2059 1167 2135 1917 1570 556 680 64 2091 1220 685 963 504 1525
                  1786 1875 746 544 827 1632 1707 2151 2101 1573 1309 582 1480 1121 1504 1139
                  1163 2088 2117 555 1137 1801 1256 1777 1784 927 2019 914 1379 1401 1939 628
                  1822 89 2131 1943 2016 807 2127 2122 1266 998 964 875 2112 1415 1942 764 1230
                  38 1984 1250 2187 1986 1436 1532 1517 1508 1918 1421 714 2098 2044 20 763 474
                  523 1477 810 1881 1704 2154 1172 1378 2023 1020 1356 2221 2002 1488 1966 2145
                  1987 971 1560 2018 801 1487 1751 718 1779 866 979 723 1799 1392 958 1386 1900
                  1189 1812 1647 1861 1022 2061 780 744 751 1400 1128 1346 1856 1619 502 1243
                  484 855 756 926 1904 1765 2174 2010 1896 1609 997 1345 500 1074 2068 2115 1693
                  1280 989 95 1431 731 1003 899 10 1387 1915 1564 288 1218 601 741 710 1639 2022
                  2171 755

   1 WARNING(S) FOUND IN THE INPUT INSTRUCTIONS



Two-level AR(1) model for phot_c_b;

SUMMARY OF ANALYSIS

Number of groups                                                 1
Number of observations                                       36106

Number of dependent variables                                    1
Number of independent variables                                  0
Number of continuous latent variables                            3

Observed dependent variables

  Binary and ordered categorical (ordinal)
   PHOT_C_B

Continuous latent variables
   F           F&1         STAB

Variables with special functions

  Cluster variable      NEW_ID

Estimator                                                    BAYES
Specifications for Bayesian Estimation
  Point estimate                                            MEDIAN
  Number of Markov chain Monte Carlo (MCMC) chains               2
  Random seed for the first chain                                0
  Starting value information                           UNPERTURBED
  Algorithm used for Markov chain Monte Carlo           GIBBS(PX1)
  Convergence criterion                                  0.500D-01
  Maximum number of iterations                               20000
  K-th iteration used for thinning                              10
Link                                                        PROBIT

Input data file(s)
  data_full.dat
Input data format  FREE


SUMMARY OF DATA

     Number of clusters                       1302

       Size (s)    Cluster ID with Size s

          2        415
          3        514
          4        794
          5        1281 2062
          6        1295 750 1796 118 1511 1641 501 657 490
          7        797 828 468 635 1060 352 168
          8        146 565 706 1106 534 98 1781 2218 397 679
          9        788 310 573 1874
         10        8 1055 1187 2217 671
         11        862 1830 497 1097 833 388
         12        261 303 1116 27
         13        1325 245 1446
         14        2155 1853 1771 574
         15        412 407 2134 568
         16        773 1974 996 1038 463 1540 752
         17        1767 1146 2012 485 1962 1815
         18        693 1198 1557 519 1327 271 554 955 1197 769 1177 1980
                   1886 445 494
         19        2144 383 1899 647 835 2021 1735 2166 2207 1776
         20        1188 226 1056 1164 181 1140 1058 247 1978 189 1143 900
                   771 1677 1025 783 1361 1718 218 884 670
         21        521 1136 1766 1575 988 869 663
         22        1842 337 2139 902 1890 363 762 931 825 1211 2103 2034
                   2120 1101 768 620
         23        1666 1084 538 384 681 982 1278 1909 319 2039 435 1662
                   619 341 1273 104
         24        1082 267 441 1520 903 1826 586 1888 420 1877 546 1373
                   1732 1079 1676 760 424 2192 1043 1486 394 457 1865 1152
         25        1069 1567 1574 928 421 897 1155 442 1251 224 270 1706
                   358 1605 1430 1282 1599 1780 1212 411 1053 386
         26        272 1343 427 1448 365 1141 922 1337 2007 2116 1049 454
                   701 1901 1549 584 1109 297 598 173 1507
         27        636 1709 1998 1594 664 1159 1122 967 1302 1270 121 991
                   2210 392 1092 2194 792 1723 293 1317 1029 1184 704 1224
                   611 1180 1099 371 1328
         28        1971 286 830 804 1876 2106 2129 667 583 191 934 537
                   492 728 1544 406 978 774 2123 592 206 2140 1968 812
                   1626 1551 808 1744 108 260 957 380 1339 495 631 974
                   1516 566 1587 655 2183 742 803 430 227 818 1691 26 536
                   237 524 133 891 338 1834
         29        399 357 1468 455 229 387 405 301 249 287 165 453 203
                   1103 207 320 307 414 416 250 137 188 432 340 117 220
                   1290 446 443 400 217 282 376 143 360 184 198 353 295
                   252 1615 393 331 157 413 246 160 1368 1565 328 91 981
                   240 204 323 1227 235 1527 1797 197 362 2211 1860 318
                   316 149 370 167 298 153 422 451 398 172 317 239 326
                   354 396 180 437 277 264 263 151 186 138 284 296 309
                   1098 1210 433 347 268 1818 377 1268 111 1637 1018 322
                   30 418 304 211 426 1299 1808 325 110 205 332 241 372
                   142 342 49 210 196 1938 129 417 182 187 147 2085 148
                   368 269 212 177 419 349 163 132 4 423 1868 314 283 1559
                   290 2223 262 193 452 1458 361 274 2043 410 330 276 294
                   1536 440 115 428 278 429 291 109 155 447 253 402
         30        1307 1634 2028 1831 1855 791 2206 1524 1283 1829 2049
                   67 944 1763 1919 1989 932 57 593 999 1589 1837 695 1453
                   1668 2020 1010 1135 2202 2195 52 622 1088 1985 1955
                   1618 1513 1202 1019 21 793 1397 1326 933 1653 2163 1643
                   772 800 829 1872 1467 1798 1323 1586 3 2067 1406 1442
                   1518 1424 1395 823 1160 2001 84 1008 1100 1811 1381
                   1645 1066 6 499 517 99 605 73 1584 1213 1977 1246 1298
                   1585 918 564 1887 1324 646 2036 1788 743 937 853 1710
                   1659 2000 461 1303 1454 1669 1950 915 1311 1016 930
                   62 1114 63 1015 33 1770 1422 2118 1096 632 767 1054
                   719 45 1249 476 102 1579 738 597 1111 692 946 1057 18
                   558 2040 858 97 672 1708 2047 1481 1940 1360 1115 1593
                   653 1558 482 2216 1024 1928 1859 1823 481 1821 1175
                   2212 1806 1514 1118 2119 1371 2111 1839 908 1241 725
                   1004 2147 1760 1445 1847 87 471 1600 1703 983 1931 895
                   1951 1062 868 924 889 1502 758 1348 616 2093 1196 1191
                   1418 2030 1388 943 703 515 609 1773 2196 2073 74 60
                   2132 2015 1610 2208 79 1778 1064 1601 1817 1501 2099
                   1624 1891 2199 898 1095 1353 2137 1625 1879 822 874
                   1813 606 2081 1023 541 2126 1412 1611 85 1576 613 1432
                   2161 35 1604 1110 486 717 639 2069 1612 467 745 508
                   839 2165 1864 1591 940 815 1686 2114 1523 1614 9 13
                   1013 1080 1720 1687 1934 1627 686 1863 2219 475 739
                   547 1350 712 1538 732 784 2 1429 1248 2097 1389 1207
                   82 894 2179 1214 1254 1512 1315 2191 749 1314 1185 645
                   1873 1768 1509 941 1372 2038 834 11 1425 557 602 2014
                   1410 1835 1233 906 2064 477 1754 1199 1472 1437 691
                   1086 86 1727 1041 1608 1091 2065 1623 1554 1466 498
                   1291 1201 1870 1805 1030 1473 2051 1673 1465 1534 1334
                   518 802 1365 1113 1542 674 1926 2141 1674 1734 1715
                   977 1696 1077 1181 1031 618 1814 1044 1219 1849 2138
                   1075 103 896 871 1568 1161 92 821 562 675 1264 994 1882
                   1462 1981 702 36 630 1330 929 44 2056 1972 1902 669
                   1497 1961 2035 1759 1845 1991 1745 1033 1916 2159 1850
                   1460 880 599 2059 1167 2135 837 813 1924 1917 1964 722
                   1953 1570 2082 643 2070 556 1697 1276 680 64 1930 2091
                   72 1220 1790 910 685 25 986 809 963 992 1957 504 786
                   733 100 1840 506 1963 953 2024 29 1525 1528 1786 1629
                   711 1875 746 1956 544 827 1562 1607 1154 1979 1656 1001
                   1151 684 19 1423 1259 1803 615 1632 1081 579 1992 1546
                   1654 720 1707 1493 1171 603 2151 69 2101 1644 1774 1573
                   959 559 885 1714 1309 1851 909 1946 1716 582 1695 1480
                   947 956 1121 1504 1139 678 1163 2088 642 2117 555 753
                   1137 77 1713 696 864 1785 1923 2075 1801 48 1256 59
                   726 1777 561 831 1784 2076 37 968 859 1809 1067 927
                   2019 2150 914 735 1379 1232 1401 1498 1947 1939 628
                   1822 665 89 2131 1943 1305 995 1646 2185 1203 2016 1216
                   807 2182 2127 2122 682 1266 998 39 964 1999 1035 1793
                   875 2112 2052 1731 1415 1942 764 1230 38 553 1561 1757
                   600 1967 1828 1984 1250 2213 2187 1451 1986 1436 1532
                   1517 1508 644 1918 1421 714 2098 2044 1680 1461 507
                   1147 20 2136 789 105 1595 1944 763 1237 46 78 474 1070
                   488 1485 1701 523 1581 1572 1028 1477 638 1819 2003
                   2169 1263 782 1225 12 810 1881 1895 1704 88 2148 470
                   2154 1172 1515 1378 2023 1020 1935 1356 2221 2002 1488
                   1966 2145 1987 1200 1789 2095 971 870 1560 2018 2157
                   801 1478 1487 1751 993 2160 718 1779 866 876 979 723
                   1799 1470 2203 1392 2037 1937 1402 958 1386 1588 849
                   1869 1900 1189 1812 1647 2224 1861 1022 747 1522 65
                   2061 590 780 901 93 740 1905 1914 744 525 1190 1729
                   751 2013 1400 1032 938 1128 1346 860 648 1856 1619 987
                   550 502 1231 882 1272 2197 1755 1294 1071 709 1243 484
                   855 756 926 904 1613 2181 552 1904 1878 1912 1765 1061
                   2174 2010 1661 1491 973 520 1896 970 1133 1743 1609
                   892 1131 997 1345 965 1580 2198 1021 1352 1810 500 1671
                   1089 1074 2068 2184 1791 1404 640 2115 1782 633 1693
                   1280 1660 1590 90 2121 1117 989 95 1431 1675 731 1050
                   540 1340 1003 899 1335 1236 1997 10 1387 966 886 1692
                   1182 1915 1678 1174 40 845 1833 1564 1648 288 1218 32
                   814 601 741 1034 1907 710 1002 1639 2022 2026 1366 761
                   2063 1104 2171 755



COVARIANCE COVERAGE OF DATA

Minimum covariance coverage value   0.100

     Number of missing data patterns             2


     PROPORTION OF DATA PRESENT


           Covariance Coverage
              PHOT_C_B
              ________
 PHOT_C_B       0.701


UNIVARIATE PROPORTIONS AND COUNTS FOR CATEGORICAL VARIABLES

    PHOT_C_B
      Category 1    0.754        19066.000
      Category 2    0.246         6237.000



     WARNING: PROBLEMS OCCURRED IN SEVERAL ITERATIONS IN THE COMPUTATION OF THE STANDARDIZED ESTIMATES FOR SEVERAL
     CLUSTERS. THIS IS MOST LIKELY DUE TO AR COEFFICIENTS GREATER THAN 1 OR PARAMETERS GIVING NON-STATIONARY MODELS.
     SUCH POSTERIOR DRAWS ARE REMOVED. THE FOLLOWING CLUSTERS HAD SUCH PROBLEMS:
          415 514 794 1281 2062 1295 750 1796 118 1511 1641 501 657 490 797 828 468 635 1060 352 168
          146 565 706 1106 534 98 1781 2218 397 679 788 310 573 1874 8 1055 1187 2217 671 862 1830 497
          1097 833 388 261 303 1116 27 1325 245 1446 2155 1853 1771 574 412 407 2134 568 773 1974 996
          1038 463 1540 752 1767 1146 2012 485 1962 1815 693 1198 1557 519 1327 271 554 955 1197 769
          1177 1980 1886 445 494 2144 383 1899 647 835 2021 1735 2166 2207 1776 1188 226 1056 1164 181
          1140 1058 247 1978 189 1143 900 771 1677 1025 783 1361 1718 218 884 670 521 1136 1766 1575
          988 869 663 1842 337 2139 902 1890 363 762 931 825 1211 2103 2034 2120 1101 768 620 1666 1084
          538 384 681 982 1278 1909 319 2039 435 1662 619 341 1273 104 1082 267 441 1520 903 1826 586
          1888 420 1877 546 1373 1732 1079 1676 760 424 2192 1043 1486 394 457 1865 1152 1069 1567 1574
          928 421 897 1155 442 1251 224 270 1706 358 1605 1430 1282 1599 1780 1212 411 1053 386 272 1343
          427 1448 365 1141 922 1337 2007 2116 1049 454 701 1901 1549 584 1109 297 598 173 1507 636 1709
          1998 1594 664 1159 1122 967 1302 1270 121 991 2210 392 1092 2194 792 1723 293 1317 1029 1184
          704 1224 611 1180 1099 371 1328 1971 286 830 804 1876 2106 2129 667 583 191 934 537 492 728
          1544 406 978 774 2123 592 206 2140 1968 812 1626 1551 808 1744 108 260 957 380 1339 495 631
          974 1516 566 1587 655 2183 742 803 430 227 818 1691 26 536 237 524 133 891 338 1834 399 357
          1468 455 229 387 405 301 249 287 165 453 203 1103 207 320 307 414 416 250 137 188 432 340 117
          220 1290 446 443 400 217 282 376 143 360 184 198 353 295 252 1615 393 331 157 413 246 160 1368
          1565 328 91 981 240 204 323 1227 235 1527 1797 197 362 2211 1860 318 316 149 370 167 298 153
          422 451 398 172 317 239 326 354 396 180 437 277 264 263 151 186 138 284 296 309 1098 1210 433
          347 268 1818 377 1268 111 1637 1018 322 30 418 304 211 426 1299 1808 325 110 205 332 241 372
          142 342 49 210 196 1938 129 417 182 187 147 2085 148 368 269 212 177 419 349 163 132 4 423
          1868 314 283 1559 290 2223 262 193 452 1458 361 274 2043 410 330 276 294 1536 440 115 428 278
          429 291 109 155 447 253 402 1307 1634 2028 1831 1855 791 2206 1524 1283 1829 2049 67 944 1763
          1919 1989 932 57 593 999 1589 1837 695 1453 1668 2020 1010 1135 2202 2195 52 622 1088 1985
          1955 1618 1513 1202 1019 21 793 1397 1326 933 1653 2163 1643 772 800 829 1872 1467 1798 1323
          1586 3 2067 1406 1442 1518 1424 1395 823 1160 2001 84 1008 1100 1811 1381 1645 1066 6 499 517
          99 605 1584 1213 1977 1246 1298 1585 918 564 1887 1324 646 2036 1788 743 937 853 1710 1659
          2000 461 1303 1454 1669 1950 915 1311 1016 930 62 1114 63 1015 33 1770 1422 2118 1096 632 767
          1054 719 45 1249 476 102 1579 738 597 1111 692 946 1057 18 558 2040 858 97 672 1708 2047 1481
          1940 1360 1115 1593 653 1558 482 2216 1024 1928 1859 1823 481 1821 1175 2212 1806 1514 1118
          2119 1371 2111 1839 908 1241 725 1004 2147 1760 1445 1847 87 471 1600 1703 983 1931 895 1951
          1062 868 924 889 1502 758 1348 616 2093 1196 1191 1418 2030 1388 943 703 515 609 1773 2196
          2073 74 60 2132 2015 1610 2208 79 1778 1064 1601 1817 1501 2099 1624 1891 2199 898 1095 1353
          2137 1625 1879 822 874 1813 606 2081 1023 541 2126 1412 1611 85 1576 613 1432 2161 35 1604
          1110 486 717 639 2069 1612 467 745 508 839 2165 1864 1591 940 815 1686 2114 1523 1614 9 13
          1013 1080 1720 1687 1934 1627 686 1863 2219 475 739 547 1350 712 1538 732 784 2 1429 1248 2097
          1389 1207 82 894 2179 1214 1254 1512 1315 2191 749 1314 1185 645 1873 1768 1509 941 1372 2038
          834 11 1425 557 602 2014 1410 1835 1233 906 2064 477 1754 1199 1472 1437 691 1086 86 1727 1041
          1608 1091 2065 1623 1554 1466 498 1291 1201 1870 1805 1030 1473 2051 1673 1465 1534 1334 518
          802 1365 1113 1542 674 1926 2141 1674 1734 1715 977 1696 1077 1181 1031 618 1814 1044 1219
          1849 2138 1075 103 896 871 1568 1161 92 821 562 675 1264 994 1882 1462 1981 702 36 630 1330
          929 44 2056 1972 1902 669 1497 1961 2035 1759 1845 1991 1745 1033 1916 2159 1850 1460 880 599
          2059 1167 2135 837 813 1924 1917 1964 722 1953 1570 2082 643 2070 556 1697 1276 680 64 1930
          2091 72 1220 1790 910 685 25 986 809 963 992 1957 504 786 733 100 1840 506 1963 953 2024 29
          1525 1528 1786 1629 711 1875 746 1956 544 827 1562 1607 1154 1979 1656 1001 1151 684 19 1423
          1259 1803 615 1632 1081 579 1992 1546 1654 720 1707 1493 1171 603 2151 69 2101 1644 1774 1573
          959 559 885 1714 1309 1851 909 1946 1716 582 1695 1480 947 956 1121 1504 1139 678 1163 2088
          642 2117 555 753 1137 77 1713 696 864 1785 1923 2075 1801 48 1256 59 726 1777 561 831 1784
          2076 37 968 859 1809 1067 927 2019 2150 914 735 1379 1232 1401 1498 1947 1939 628 1822 665
          89 2131 1943 1305 995 1646 2185 1203 2016 1216 807 2182 2127 2122 682 1266 998 39 964 1999
          1035 1793 875 2112 2052 1731 1415 1942 764 1230 38 553 1561 1757 600 1967 1828 1984 1250 2213
          2187 1451 1986 1436 1532 1517 1508 644 1918 1421 714 2098 2044 1680 1461 507 1147 20 2136 789
          105 1595 1944 763 1237 46 78 474 1070 488 1485 1701 523 1581 1572 1028 1477 638 1819 2003 2169
          1263 782 1225 12 810 1881 1895 1704 88 2148 470 2154 1172 1515 1378 2023 1020 1935 1356 2221
          2002 1488 1966 2145 1987 1200 1789 2095 971 870 1560 2018 2157 801 1478 1487 1751 993 2160
          718 1779 866 876 979 723 1799 1470 2203 1392 2037 1937 1402 958 1386 1588 849 1869 1900 1189
          1812 1647 2224 1861 1022 747 1522 65 2061 590 780 901 93 740 1905 1914 744 525 1190 1729 751
          2013 1400 1032 938 1128 1346 860 648 1856 1619 987 550 502 1231 882 1272 2197 1755 1294 1071
          709 1243 484 855 756 926 904 1613 2181 552 1904 1878 1912 1765 1061 2174 2010 1661 1491 973
          520 1896 970 1133 1743 1609 1131 997 1345 965 1580 2198 1021 1352 1810 500 1671 1089 1074 2068
          2184 1791 1404 640 2115 1782 633 1693 1280 1660 1590 90 2121 1117 989 95 1431 1675 731 1050
          540 1340 1003 899 1335 1236 1997 10 1387 966 886 1692 1182 1915 1678 1174 40 845 1833 1564
          1648 288 1218 32 814 601 741 1034 1907 710 1002 1639 2022 2026 1366 761 2063 1104 2171 755

THE MODEL ESTIMATION TERMINATED NORMALLY

     USE THE FBITERATIONS OPTION TO INCREASE THE NUMBER OF ITERATIONS BY A FACTOR
     OF AT LEAST TWO TO CHECK CONVERGENCE AND THAT THE PSR VALUE DOES NOT INCREASE.



MODEL FIT INFORMATION

Number of Free Parameters                               6



MODEL RESULTS

                                Posterior  One-Tailed         95% C.I.
                    Estimate       S.D.      P-Value   Lower 2.5%  Upper 2.5%  Significance

Within Level

 F        BY
    PHOT_C_B           1.000       0.000      0.000       1.000       1.000

 Residual Variances
    F                  0.507       0.153      0.000       0.234       0.793      *

Between Level

 PHOT_C_B WITH
    STAB              -0.040       0.063      0.267      -0.149       0.103

 Means
    STAB               0.335       0.071      0.000       0.222       0.504      *

 Thresholds
    PHOT_C_B$1         1.624       0.096      0.000       1.443       1.805      *

 Variances
    PHOT_C_B           2.673       0.314      0.000       2.101       3.274      *
    STAB               0.082       0.013      0.000       0.057       0.108      *


STANDARDIZED MODEL RESULTS


STDYX Standardization

                                Posterior  One-Tailed         95% C.I.
                    Estimate       S.D.      P-Value   Lower 2.5%  Upper 2.5%  Significance

Within-Level Standardized Estimates Averaged Over Clusters

 F        BY
    PHOT_C_B           0.657       0.052      0.000       0.511       0.710      *

 STAB | F ON
    F&1                0.300       0.073      0.000       0.210       0.497      *

 Residual Variances
    F                  0.826       0.043      0.000       0.698       0.865      *

Between Level

 PHOT_C_B WITH
    STAB              -0.086       0.136      0.267      -0.349       0.204

 Means
    STAB               1.167       0.343      0.000       0.698       2.057      *

 Variances
    PHOT_C_B           1.000       0.000      0.000       1.000       1.000
    STAB               1.000       0.000      0.000       1.000       1.000


R-SQUARE

Within-Level R-Square Averaged Across Clusters

                                Posterior  One-Tailed         95% C.I.
    Variable        Estimate       S.D.      P-Value   Lower 2.5%  Upper 2.5%

    PHOT_C_B           0.436       0.062      0.000       0.270       0.507

                                Posterior  One-Tailed         95% C.I.
    Variable        Estimate       S.D.      P-Value   Lower 2.5%  Upper 2.5%

    F                  0.174       0.043      0.000       0.135       0.301


RESIDUAL OUTPUT


     ESTIMATED MODEL


     AVERAGE CLUSTER ESTIMATES


           Means
              PHOT_C_B
              ________
               -1.605


           Covariances
              PHOT_C_B
              ________
 PHOT_C_B       2.207


           Correlations
              PHOT_C_B
              ________
 PHOT_C_B       1.000


     BETWEEN LEVEL


           Means
              PHOT_C_B
              ________
                0.000


           Covariances
              PHOT_C_B
              ________
 PHOT_C_B       2.673


           Correlations
              PHOT_C_B
              ________
 PHOT_C_B       1.000


TECHNICAL 1 OUTPUT


     PARAMETER SPECIFICATION FOR WITHIN


           TAU
              PHOT_C_B
              ________
                    0


           NU
              PHOT_C_B
              ________
                    0


           LAMBDA
              F             F&1           PHOT_C_B
              ________      ________      ________
 PHOT_C_B           0             0             0


           THETA
              PHOT_C_B
              ________
 PHOT_C_B           0


           ALPHA
              F             F&1           PHOT_C_B
              ________      ________      ________
                    0             0             0


           BETA
              F             F&1           PHOT_C_B
              ________      ________      ________
 F                  0             0             0
 F&1                0             0             0
 PHOT_C_B           0             0             0


           PSI
              F             F&1           PHOT_C_B
              ________      ________      ________
 F                  1
 F&1                0             0
 PHOT_C_B           0             0             0


     PARAMETER SPECIFICATION FOR BETWEEN


           TAU
              PHOT_C_B
              ________
                    6


           NU
              PHOT_C_B
              ________
                    0


           LAMBDA
              STAB          PHOT_C_B
              ________      ________
 PHOT_C_B           0             0


           THETA
              PHOT_C_B
              ________
 PHOT_C_B           0


           ALPHA
              STAB          PHOT_C_B
              ________      ________
                    2             0


           BETA
              STAB          PHOT_C_B
              ________      ________
 STAB               0             0
 PHOT_C_B           0             0


           PSI
              STAB          PHOT_C_B
              ________      ________
 STAB               3
 PHOT_C_B           4             5


     STARTING VALUES FOR WITHIN


           TAU
              PHOT_C_B
              ________
                0.000


           NU
              PHOT_C_B
              ________
                0.000


           LAMBDA
              F             F&1           PHOT_C_B
              ________      ________      ________
 PHOT_C_B       0.000         0.000         1.000


           THETA
              PHOT_C_B
              ________
 PHOT_C_B       0.000


           ALPHA
              F             F&1           PHOT_C_B
              ________      ________      ________
                0.000         0.000         0.000


           BETA
              F             F&1           PHOT_C_B
              ________      ________      ________
 F              0.000         0.000         0.000
 F&1            0.000         0.000         0.000
 PHOT_C_B       1.000         0.000         0.000


           PSI
              F             F&1           PHOT_C_B
              ________      ________      ________
 F              1.000
 F&1            0.000         1.000
 PHOT_C_B       0.000         0.000         1.000


     STARTING VALUES FOR BETWEEN


           TAU
              PHOT_C_B
              ________
                0.621


           NU
              PHOT_C_B
              ________
                0.000


           LAMBDA
              STAB          PHOT_C_B
              ________      ________
 PHOT_C_B       0.000         1.000


           THETA
              PHOT_C_B
              ________
 PHOT_C_B       0.000


           ALPHA
              STAB          PHOT_C_B
              ________      ________
                0.000         0.000


           BETA
              STAB          PHOT_C_B
              ________      ________
 STAB           0.000         0.000
 PHOT_C_B       0.000         0.000


           PSI
              STAB          PHOT_C_B
              ________      ________
 STAB           1.000
 PHOT_C_B       0.000         1.000



     PRIORS FOR ALL PARAMETERS            PRIOR MEAN      PRIOR VARIANCE     PRIOR STD. DEV.

     Parameter 1~IG(-1.000,0.000)          infinity            infinity            infinity
     Parameter 2~N(0.000,infinity)           0.0000            infinity            infinity
     Parameter 3~IW(1.000,3)               infinity            infinity            infinity
     Parameter 4~IW(0.000,3)               infinity            infinity            infinity
     Parameter 5~IW(1.000,3)               infinity            infinity            infinity
     Parameter 6~N(0.000,5.000)              0.0000              5.0000              2.2361


TECHNICAL 4 OUTPUT


     AVERAGE ESTIMATES DERIVED FROM THE MODEL FOR WITHIN


           ESTIMATED MEANS FOR THE LATENT VARIABLES
              F             F&1           STAB          PHOT_C_B
              ________      ________      ________      ________
                0.000         0.000         0.329        -1.605


           ESTIMATED COVARIANCE MATRIX FOR THE LATENT VARIABLES
              F             F&1           STAB          PHOT_C_B
              ________      ________      ________      ________
 F              1.207
 F&1            0.805         1.207
 STAB           0.000         0.000         0.000
 PHOT_C_B       1.207         0.805         0.000         2.207


           ESTIMATED CORRELATION MATRIX FOR THE LATENT VARIABLES
              F             F&1           STAB          PHOT_C_B
              ________      ________      ________      ________
 F              1.000
 F&1            0.513         1.000
 STAB           0.000         0.000         1.000
 PHOT_C_B       0.680         0.356         0.000         1.000


     ESTIMATES DERIVED FROM THE MODEL FOR BETWEEN


           ESTIMATED MEANS FOR THE LATENT VARIABLES
              F             F&1           STAB          PHOT_C_B
              ________      ________      ________      ________
                0.000         0.000         0.335         0.000


           ESTIMATED COVARIANCE MATRIX FOR THE LATENT VARIABLES
              F             F&1           STAB          PHOT_C_B
              ________      ________      ________      ________
 F              0.000
 F&1            0.000         0.000
 STAB           0.000         0.000         0.082
 PHOT_C_B       0.000         0.000        -0.040         2.673


           ESTIMATED CORRELATION MATRIX FOR THE LATENT VARIABLES
              F             F&1           STAB          PHOT_C_B
              ________      ________      ________      ________
 F              1.000
 F&1            0.000         1.000
 STAB           0.000         0.000         1.000
 PHOT_C_B       0.000         0.000        -0.085         1.000


TECHNICAL 8 OUTPUT


   TECHNICAL 8 OUTPUT FOR BAYES ESTIMATION

     PROCESSOR    BSEED
     1            0
     2            285380
     3            253358
     4            93468
     5            608496
     6            903420
     7            195873
     8            462953
     9            939021
     10           127215
     11           415931
     12           533738
     13           107446
     14           399671
     15           650371
     16           27071
     17           76974
     18           68985
     19           851945
     20           637345
     21           573096
     22           902278
     23           887676
     24           372176
     25           347515
     26           207896
     27           569131
     28           364676
     29           392418
     30           366706

                     POTENTIAL       PARAMETER WITH
     ITERATION    SCALE REDUCTION      HIGHEST PSR
     100              2.906               1
     200              3.153               4
     300              2.112               1
     400              1.876               1
     500              1.307               1
     600              1.125               1
     700              1.219               1
     800              1.250               4
     900              1.150               4
     1000             1.050               3
     1100             1.038               3
     1200             1.055               4
     1300             1.112               1
     1400             1.359               1
     1500             1.523               1
     1600             1.345               1
     1700             1.291               1
     1800             1.286               1
     1900             1.211               1
     2000             1.178               2
     2100             1.205               2
     2200             1.217               2
     2300             1.289               2
     2400             1.360               2
     2500             1.399               2
     2600             1.430               2
     2700             1.406               2
     2800             1.397               2
     2900             1.283               2
     3000             1.308               4
     3100             1.296               4
     3200             1.278               4
     3300             1.279               4
     3400             1.272               4
     3500             1.250               4
     3600             1.237               2
     3700             1.208               2
     3800             1.225               2
     3900             1.251               2
     4000             1.271               2
     4100             1.263               2
     4200             1.220               2
     4300             1.215               2
     4400             1.200               2
     4500             1.174               2
     4600             1.144               2
     4700             1.093               2
     4800             1.046               1
     4900             1.016               1
     5000             1.006               3


PLOT INFORMATION

The following plots are available:

  Histograms (sample values)
  Scatterplots (sample values)
  Between-level histograms (sample values, sample means/variances)
  Between-level scatterplots (sample values, sample means/variances)
  Time series plots (sample values, ACF, PACF)
  Histogram of subjects per time point
  Time interval plots
  Sample proportions
  Bayesian posterior parameter distributions
  Bayesian posterior parameter trace plots
  Bayesian autocorrelation plots
  Bayesian prior parameter distributions

     Beginning Time:  19:44:23
        Ending Time:  20:37:03
       Elapsed Time:  00:52:40



MUTHEN & MUTHEN
3463 Stoner Ave.
Los Angeles, CA  90066

Tel: (310) 391-9971
Fax: (310) 391-8971
Web: www.StatModel.com
Support: Support@StatModel.com

Copyright (c) 1998-2024 Muthen & Muthen
