Mplus VERSION 8.11 (Linux)
MUTHEN & MUTHEN
10/18/2025   7:07 AM

INPUT INSTRUCTIONS


  TITLE: Two-level AR(1) model for sm_d_l2;

  DATA:
    FILE = "data_full_sm_d_l2.dat";

  VARIABLE:
  NAMES = new_id age female edu edu_low edu_med edu_high nr_dev w1_inet w1_sp w1_pc_nr
       w1_sph_nr w1_tabl_nr date call_c msg_c phot_c call_d msg_d phot_d web_c web_d
       sm_c sm_d w1_date w1b_date w1_date_7 w1_date_30 w1b_date_7 w1b_date_30
       day_before_w1 day_before_w1b w1_7d_window w1b_7d_window w1_30d_window
       w1b_30d_window days_c call_d_l msg_d_l phot_d_l web_d_l sm_d_l call_c_l msg_c_l
       phot_c_l web_c_l sm_c_l days_c_l call_d_l2 msg_d_l2 phot_d_l2 web_d_l2 sm_d_l2
       call_c_l2 msg_c_l2 phot_c_l2 web_c_l2 sm_c_l2 call_c_b msg_c_b phot_c_b web_c_b
       sm_c_b time;
    MISSING = .;
    USEVARIABLES = sm_d_l2 day_before_w1;
    CLUSTER = new_id;
    TINTERVAL = time (1 time2);

  ANALYSIS:
    TYPE = TWOLEVEL RANDOM;
    ESTIMATOR = BAYES;
    PROCESSORS = 30;
    BITERATIONS = 20000 (5000);
    THIN = 10;

  MODEL:

  %WITHIN%
  f BY sm_d_l2@1(&1);
  trend | sm_d_l2 ON day_before_w1;
  stab | f ON f&1;

  logv | sm_d_l2;

  %BETWEEN%
  sm_d_l2 WITH stab trend;
  stab WITH trend;

  [logv] (m);
  logv (s);

  Model Constraint:
            new(medv meanv 25qv 75qv);		
            medv = exp(m);
            meanv = exp(m + s/2);
    		! 25th and 75th quartiles
    		! based on normal dist of logv:
    		25qv = exp(m - sqrt(s)*0.675);
    		75qv = exp(m + sqrt(s)*0.675);




  OUTPUT: TECH1 TECH8 TECH4 STDYX residual;

  PLOT: TYPE = PLOT3;



*** WARNING in VARIABLE command
  Note that only the first 8 characters of variable names are used in the output.
  Shorten variable names to avoid any confusion.
*** WARNING in MODEL command
  A y-variable has been declared on the within level but not referred to on
  the between level.  Please check that this is what is intended.  If this is not intended,
  specify the variable as a within variable.  Problem with:  DAY_BEFORE_W1
*** WARNING in PLOT command
  Note that only the first 8 characters of variable names are used in plots.
  If variable names are not unique within the first 8 characters, problems
  may occur.
*** WARNING
  Data set contains cases with missing on x-variables converted to dependent variables.
  The autocorrelation of these variables should be included in the model and the variables
  added to the LAGGED option.  The following converted x-variable(s) have cases with missing:

      DAY_BEFORE_W1 (6697 cases with missing data)

   4 WARNING(S) FOUND IN THE INPUT INSTRUCTIONS



Two-level AR(1) model for sm_d_l2;

SUMMARY OF ANALYSIS

Number of groups                                                 1
Number of observations                                       25836

Number of dependent variables                                    2
Number of independent variables                                  0
Number of continuous latent variables                            5

Observed dependent variables

  Continuous
   SM_D_L2     DAY_BEFORE

Continuous latent variables
   F           F&1         TREND       STAB        LOGV

Variables with special functions

  Cluster variable      NEW_ID

Estimator                                                    BAYES
Specifications for Bayesian Estimation
  Point estimate                                            MEDIAN
  Number of Markov chain Monte Carlo (MCMC) chains               2
  Random seed for the first chain                                0
  Starting value information                           UNPERTURBED
  Algorithm used for Markov chain Monte Carlo           GIBBS(PX1)
  Convergence criterion                                  0.500D-01
  Maximum number of iterations                               20000
  K-th iteration used for thinning                              10

Input data file(s)
  data_full_sm_d_l2.dat
Input data format  FREE


SUMMARY OF DATA

     Number of clusters                        912

       Size (s)    Cluster ID with Size s

          3        514
          6        657 1295 1511 1641
          7        1060 468 635
          8        565 534 98 1781
          9        573 310
         10        671 1055
         11        388
         12        27
         13        245 1446
         14        1853
         15        2134
         16        1974 1540 752 1038 773 463 996
         17        1146 1962 1815
         18        1886 1557 494 955 554 693 1177
         19        1899 2021 647 1776 835 2144 2207 1735
         20        1140 1188 247 1056 226 771 189 900 1025 1361
         21        1766 521 988 663 1136
         22        1101 1211 902 363 2120 2034 768 337 2139 825 620 931
                   1890 2103
         23        538 1084 2039 341 435 1273 384 1666 1662
         24        1888 441 1520 903 586 1079 1865 1676 1486 394 420
         25        442 411 270 1706 224 1282 1780 1567 897 1053 1069 1430
                   1605 1574 1155
         26        297 1343 1109 427 454 1549 1337 1049 2116 2007 173 701
         27        392 371 1328 991 1723 1317 2210 611 1998 293 1302 1594
                   967 636 1122 1224
         28        260 492 406 631 974 957 1551 524 1968 2183 1516 583
                   536 537 237 728 191 26 774 830 286 1876 667 808 1971
                   934 1339 495 1544 2129 206 812 566 1744 108 1834
         29        2043 1808 142 110 282 1299 413 284 182 342 212 210 163
                   132 196 147 262 1818 410 330 155 447 399 357 1468 455
                   419 274 387 360 229 1565 287 167 320 416 137 188 414
                   220 377 446 443 241 376 143 115 184 198 353 129 301
                   193 1615 393 328 91 331 240 157 440 207 428 1527 362
                   405 316 370 249 422 451 398 172 239 396 432 264 263
                   295 453 268 1797 111 217 322 1860 304 981 298 153 400
                   332 204 1227 235 437 1938 186 177 309 2085 318 317 354
                   372 30 314 418 2211 347 1458 361 423 296 294 1637 278
                   291 109 205 253 402
         30        1402 1517 1022 2061 1561 525 714 1944 938 1346 1231
                   709 602 638 1613 1878 1912 520 1133 1609 1131 997 1580
                   1021 1074 88 90 1488 1003 966 886 1478 1678 1564 814
                   1639 866 1366 1307 876 1855 791 1900 1524 1829 2049
                   944 1905 1989 932 1190 1589 1837 695 46 1243 2020 488
                   1135 2195 756 1955 1618 1661 1202 1404 1326 933 1653
                   2163 1340 772 829 1872 1798 2067 1442 1518 1424 1395
                   2001 84 1534 1100 1182 1645 499 517 99 2022 1977 1356
                   1298 1585 918 564 1887 1324 2036 1788 1634 1710 1659
                   2000 461 1303 2028 1311 930 62 1114 1015 33 1770 67
                   1096 632 767 719 1249 476 102 597 1032 692 1692 1057
                   999 558 1453 1668 1481 1940 1360 52 653 2216 896 1919
                   643 1821 1175 793 1008 605 73 1581 1643 63 484 908 725
                   1004 2147 6 1847 1213 983 97 1708 1115 868 482 1502
                   616 2093 1024 1418 1928 965 703 515 609 2212 2073 74
                   1806 1514 2015 1118 79 1064 1601 1817 2119 2099 1624
                   2199 2111 2137 1625 1879 822 874 1839 2081 1023 541
                   1445 471 1703 1432 35 895 1110 717 639 2069 745 924
                   743 1591 940 1686 853 1614 9 13 1013 1080 1720 1191
                   2030 943 2118 60 2219 2132 739 1610 1350 2208 1778 732
                   784 1891 1248 2026 1207 894 57 1254 1315 858 1314 85
                   645 1873 1768 1576 2038 11 1859 2014 1410 1835 1612
                   2064 2165 646 1951 1086 86 1727 1041 1608 1627 1623
                   1554 1863 1291 1030 1473 1673 946 1334 518 1429 1113
                   1542 674 2141 1214 1734 1077 618 1044 1849 1075 103
                   2191 1509 1568 18 92 821 557 675 906 1813 1882 1412
                   1981 36 1472 1604 1477 44 2056 1972 669 1497 889 1759
                   1348 1745 1033 2159 1850 1460 880 599 2059 2135 837
                   813 1917 1466 1953 1570 2082 2070 556 1697 680 712 1870
                   72 1790 910 25 986 1957 504 786 733 1465 1840 506 1963
                   1365 1674 1528 1786 1629 1875 746 1715 544 1562 977
                   1425 1979 1181 2138 684 19 1803 1632 1992 1397 871 720
                   1611 1171 603 1264 994 1437 1330 1573 959 559 1851 909
                   582 1695 1091 2065 1121 1924 2088 508 2117 555 753 1930
                   77 1696 1785 1923 2075 1801 59 726 1777 561 1687 953
                   29 37 686 859 1809 1956 927 827 2150 475 735 1232 1423
                   1947 1822 665 2131 1943 1305 995 1259 929 2016 807 2182
                   2127 1493 682 998 69 1999 1035 1793 2101 1731 1774 1454
                   1946 1754 1757 600 1967 1984 1250 2213 2187 1451 1532
                   1480 1508 1918 947 1461 1147 2136 105 1595 956 763 1504
                   1163 474 1070 642 1701 523 1572 1263 782 1225 1137 1895
                   1704 1713 470 2154 1172 100 1784 2076 1067 2019 2145
                   1987 1789 2095 914 870 1560 2157 801 711 1939 1646 1607
                   723 1799 2203 1392 2037 1937 958 1386 1588 849 1869
                   2122 1647 2224 1522 65 1656 780 901 93 740 1001 2112
                   2052 1729 751 1415 1546 1230 860 648 1856 1619 550 502
                   1654 882 1272 2197 1755 1294 1071 1931 855 926 904 507
                   2181 20 1219 1765 1061 2010 973 1961 628 1743 892 1485
                   1203 2196 2198 1810 500 1671 1089 885 640 2003 1782
                   633 1693 1280 1660 1590 875 2121 1117 989 95 1675 731
                   1050 540 899 1335 1236 1997 10 1881 2148 1378 1020 1174
                   845 1833 1648 288 1935 1942 741 1034 1907 1002 2002
                   1966 1716 718 2063 1104 2171



COVARIANCE COVERAGE OF DATA

Minimum covariance coverage value   0.100

     Number of missing data patterns             3


     PROPORTION OF DATA PRESENT


           Covariance Coverage
              SM_D_L2       DAY_BEFO
              ________      ________
 SM_D_L2        0.550
 DAY_BEFO       0.550         0.741



UNIVARIATE SAMPLE STATISTICS


     UNIVARIATE HIGHER-ORDER MOMENT DESCRIPTIVE STATISTICS

         Variable/         Mean/     Skewness/   Minimum/ % with                Percentiles
        Sample Size      Variance    Kurtosis    Maximum  Min/Max      20%/60%    40%/80%    Median

     SM_D_L2               2.684      -1.020      -4.094    0.18%       1.357      2.638      3.067
           14218.000       3.158       0.839       6.460    0.01%       3.453      4.154
     DAY_BEFORE_W1       -14.688       0.031     -29.000    3.18%     -23.000    -18.000    -15.000
           19139.000      71.851      -1.155       0.000    3.21%     -12.000     -6.000


     WARNING: PROBLEMS OCCURRED IN SEVERAL ITERATIONS IN THE COMPUTATION OF THE STANDARDIZED ESTIMATES FOR SEVERAL
     CLUSTERS. THIS IS MOST LIKELY DUE TO AR COEFFICIENTS GREATER THAN 1 OR PARAMETERS GIVING NON-STATIONARY MODELS.
     SUCH POSTERIOR DRAWS ARE REMOVED. THE FOLLOWING CLUSTERS HAD SUCH PROBLEMS:
          514 657 1295 1511 1641 1060 468 635 565 534 98 1781 573 310 671 1055 388 27 245 1446 1853 2134
          1974 1540 752 1038 773 463 996 1146 1962 1815 1886 1557 494 955 554 693 1177 1899 2021 647
          1776 835 2144 2207 1735 1140 1188 247 1056 226 771 189 900 1025 1361 1766 521 988 663 1136
          1101 1211 902 363 2120 2034 768 337 2139 825 620 931 1890 2103 538 1084 2039 341 435 1273 384
          1666 1662 1888 441 1520 903 586 1079 1865 1676 1486 394 420 442 411 270 1706 224 1282 1780
          1567 897 1069 1430 1605 1574 1155 297 1343 1109 427 454 1549 1337 1049 2116 2007 173 701 371
          1328 991 1723 1317 2210 611 1998 293 1302 1594 967 636 1122 1224 260 492 406 631 974 957 1551
          524 1968 2183 1516 583 536 537 237 728 191 26 774 830 286 1876 667 808 1971 934 495 1544 2129
          206 812 566 1744 108 1834 2043 1808 142 110 282 1299 284 182 342 212 210 163 132 196 147 262
          1818 410 330 155 447 399 357 1468 455 419 387 360 229 1565 287 167 320 416 188 414 220 377
          446 443 241 376 143 115 184 198 353 129 301 193 1615 393 91 331 240 157 440 207 428 1527 362
          405 316 370 249 422 451 398 172 239 396 432 264 263 295 453 268 1797 111 217 322 1860 304 981
          298 153 400 332 204 1227 235 437 1938 186 177 309 2085 318 317 354 372 30 314 418 2211 347
          1458 423 296 294 1637 278 291 109 205 253 402 1402 1517 1022 2061 1561 525 714 1944 1346 1231
          709 602 638 1613 1878 1912 520 1133 1609 1131 997 1580 1021 1074 88 90 1488 1003 966 886 1478
          1678 1564 814 1639 866 1366 1307 876 1855 791 1900 1524 1829 2049 1905 1989 1190 1589 1837
          695 46 2020 488 1135 2195 756 1955 1618 1202 1404 1326 933 1653 2163 1340 772 829 1872 1798
          2067 1442 1518 1424 1395 84 1534 1100 1182 1645 499 517 99 2022 1977 1356 1298 1585 918 564
          1887 2036 1788 1634 1710 1659 2000 461 1303 2028 1311 930 62 1114 1015 33 1770 67 1096 632
          767 719 1249 476 102 597 1032 692 1692 1057 999 558 1453 1668 1481 1940 1360 52 653 2216 1919
          643 1821 1175 793 1008 605 73 1581 1643 63 484 908 725 1004 6 1213 983 97 1708 1115 868 482
          1502 616 2093 1024 1418 1928 965 703 515 609 2073 74 1806 1514 2015 1118 79 1064 1601 1817
          2119 2099 1624 2199 2111 2137 1625 1879 822 874 1839 1023 541 1445 471 1432 35 895 1110 717
          639 2069 745 924 743 1591 940 1686 853 1614 9 13 1013 1080 1720 1191 2030 943 2118 60 2219
          2132 739 1610 1350 2208 1778 732 784 1891 1248 2026 1207 894 57 1254 858 1314 85 645 1768 1576
          2038 11 1859 2014 1410 1835 2064 2165 646 1951 1086 86 1727 1041 1608 1627 1554 1863 1291 1030
          1473 1673 946 1334 518 1429 1113 1542 674 2141 1214 1734 1077 618 1044 1849 1075 103 2191 1509
          1568 18 92 821 557 675 906 1813 1882 1412 1981 36 1472 1604 1477 44 2056 1972 669 1497 889
          1759 1348 1745 1033 2159 1850 1460 880 599 2059 2135 837 813 1917 1466 1953 1570 2082 2070
          556 1697 680 712 1870 72 1790 910 25 986 1957 504 786 733 1465 1840 506 1365 1674 1528 1786
          1629 1875 746 1715 544 1562 977 1425 1979 1181 2138 684 19 1803 1632 1992 1397 871 720 1611
          1171 603 1264 1437 1330 1573 959 559 909 582 1695 1091 2065 1121 1924 2088 508 2117 555 753
          1930 77 1696 1785 1923 2075 1801 59 726 1777 561 1687 953 29 37 686 859 1809 1956 927 827 2150
          475 735 1232 1423 1947 1822 665 2131 1943 1305 995 1259 929 2016 807 2182 2127 1493 682 998
          69 1999 1035 1793 2101 1731 1774 1454 1946 1754 1757 600 1967 1984 1250 2213 2187 1451 1532
          1480 1508 1918 947 1147 2136 105 1595 956 763 1504 1163 474 1070 642 1701 523 1572 1263 782
          1225 1137 1895 1704 1713 470 2154 1172 100 1784 2076 1067 2019 2145 1987 1789 2095 914 870
          1560 2157 801 711 1939 1646 1607 1799 2203 1392 2037 1937 1386 1588 1869 2122 2224 1522 65
          1656 780 901 93 1001 2112 2052 1729 751 1415 1546 1230 860 648 1619 550 502 1654 882 1272 2197
          1755 1294 1071 1931 855 926 904 507 2181 20 1219 1765 1061 973 1961 628 1743 892 1485 1203
          2196 2198 1810 500 1671 885 640 2003 1782 633 1693 1280 1660 1590 875 2121 1117 989 95 1675
          731 1050 540 899 1335 1236 10 1881 2148 1378 1020 845 1833 1648 288 1935 1942 741 1034 1907
          1002 2002 1966 1716 718 2063 1104 2171

THE MODEL ESTIMATION TERMINATED NORMALLY

     USE THE FBITERATIONS OPTION TO INCREASE THE NUMBER OF ITERATIONS BY A FACTOR
     OF AT LEAST TWO TO CHECK CONVERGENCE AND THAT THE PSR VALUE DOES NOT INCREASE.



MODEL FIT INFORMATION

Number of Free Parameters                              15

Information Criteria

          Deviance (DIC)                       124157.605
          Estimated Number of Parameters (pD)   -4255.509



MODEL RESULTS

                                Posterior  One-Tailed         95% C.I.
                    Estimate       S.D.      P-Value   Lower 2.5%  Upper 2.5%  Significance

Within Level

 F        BY
    SM_D_L2            1.000       0.000      0.000       1.000       1.000

 Variances
    DAY_BEFORE        71.840       0.746      0.000      70.400      73.286      *

 Residual Variances
    F                  0.093       0.012      0.000       0.072       0.120      *

Between Level

 SM_D_L2  WITH
    STAB              -0.133       0.032      0.000      -0.191      -0.063      *
    TREND             -0.003       0.003      0.206      -0.009       0.003

 STAB     WITH
    TREND              0.000       0.000      0.357      -0.001       0.001

 Means
    SM_D_L2            2.190       0.056      0.000       2.082       2.299      *
    DAY_BEFORE       -14.677       0.061      0.000     -14.806     -14.575      *
    TREND              0.002       0.002      0.156      -0.002       0.006
    STAB               0.578       0.045      0.000       0.489       0.657      *
    LOGV              -0.176       0.049      0.000      -0.277      -0.083      *

 Variances
    SM_D_L2            2.447       0.132      0.000       2.209       2.725      *
    DAY_BEFORE         0.015       0.024      0.000       0.001       0.085      *
    TREND              0.001       0.000      0.000       0.001       0.001      *
    STAB               0.035       0.009      0.000       0.019       0.055      *
    LOGV               1.160       0.091      0.000       1.003       1.360      *

New/Additional Parameters
    MEDV               0.838       0.041      0.000       0.758       0.920      *
    MEANV              1.499       0.084      0.000       1.350       1.676      *
    25QV               0.406       0.026      0.000       0.355       0.455      *
    75QV               1.735       0.085      0.000       1.580       1.905      *


STANDARDIZED MODEL RESULTS


STDYX Standardization

                                Posterior  One-Tailed         95% C.I.
                    Estimate       S.D.      P-Value   Lower 2.5%  Upper 2.5%  Significance

Within-Level Standardized Estimates Averaged Over Clusters

 F        BY
    SM_D_L2            0.404       0.022      0.000       0.357       0.445      *

 STAB | F ON
    F&1                0.592       0.045      0.000       0.497       0.665      *

 TREND | SM_D_L2 ON
    DAY_BEFORE         0.013       0.012      0.129      -0.011       0.037

 LOGV |
    SM_D_L2            0.754       0.020      0.000       0.715       0.794      *

 Variances
    DAY_BEFORE         1.000       0.000      0.000       1.000       1.000

 Residual Variances
    F                  0.622       0.046      0.000       0.536       0.709      *

Between Level

 SM_D_L2  WITH
    STAB              -0.461       0.127      0.000      -0.723      -0.212      *
    TREND             -0.056       0.069      0.206      -0.190       0.076

 STAB     WITH
    TREND              0.034       0.089      0.357      -0.136       0.207

 Means
    SM_D_L2            1.400       0.054      0.000       1.295       1.508      *
    DAY_BEFORE      -118.082      90.002      0.000    -408.240     -50.312      *
    TREND              0.065       0.066      0.156      -0.063       0.196
    STAB               3.124       0.650      0.000       2.142       4.593      *
    LOGV              -0.164       0.044      0.000      -0.250      -0.078      *

 Variances
    SM_D_L2            1.000       0.000      0.000       1.000       1.000
    DAY_BEFORE         1.000       0.000      0.000       1.000       1.000
    TREND              1.000       0.000      0.000       1.000       1.000
    STAB               1.000       0.000      0.000       1.000       1.000
    LOGV               1.000       0.000      0.000       1.000       1.000


R-SQUARE

Within-Level R-Square Averaged Across Clusters

                                Posterior  One-Tailed         95% C.I.
    Variable        Estimate       S.D.      P-Value   Lower 2.5%  Upper 2.5%

    SM_D_L2            0.246       0.020      0.000       0.206       0.284

                                Posterior  One-Tailed         95% C.I.
    Variable        Estimate       S.D.      P-Value   Lower 2.5%  Upper 2.5%

    F                  0.378       0.046      0.000       0.291       0.463


RESIDUAL OUTPUT


     ESTIMATED MODEL


     AVERAGE CLUSTER ESTIMATES


           Means
              SM_D_L2       DAY_BEFO
              ________      ________
                2.191       -14.686


           Covariances
              SM_D_L2       DAY_BEFO
              ________      ________
 SM_D_L2        1.790
 DAY_BEFO       0.141        71.851


           Correlations
              SM_D_L2       DAY_BEFO
              ________      ________
 SM_D_L2        1.000
 DAY_BEFO       0.012         1.000


     BETWEEN LEVEL


           Means
              SM_D_L2       DAY_BEFO
              ________      ________
                2.190       -14.677


           Covariances
              SM_D_L2       DAY_BEFO
              ________      ________
 SM_D_L2        2.447
 DAY_BEFO       0.000         0.015


           Correlations
              SM_D_L2       DAY_BEFO
              ________      ________
 SM_D_L2        1.000
 DAY_BEFO       0.000         1.000


TECHNICAL 1 OUTPUT


     PARAMETER SPECIFICATION FOR WITHIN


           NU
              SM_D_L2       DAY_BEFO
              ________      ________
                    0             0


           LAMBDA
              F             F&1           SM_D_L2       DAY_BEFO
              ________      ________      ________      ________
 SM_D_L2            0             0             0             0
 DAY_BEFO           0             0             0             0


           THETA
              SM_D_L2       DAY_BEFO
              ________      ________
 SM_D_L2            0
 DAY_BEFO           0             0


           ALPHA
              F             F&1           SM_D_L2       DAY_BEFO
              ________      ________      ________      ________
                    0             0             0             0


           BETA
              F             F&1           SM_D_L2       DAY_BEFO
              ________      ________      ________      ________
 F                  0             0             0             0
 F&1                0             0             0             0
 SM_D_L2            0             0             0             0
 DAY_BEFO           0             0             0             0


           PSI
              F             F&1           SM_D_L2       DAY_BEFO
              ________      ________      ________      ________
 F                  1
 F&1                0             0
 SM_D_L2            0             0             0
 DAY_BEFO           0             0             0             2


     PARAMETER SPECIFICATION FOR BETWEEN


           NU
              SM_D_L2       DAY_BEFO
              ________      ________
                    0             0


           LAMBDA
              TREND         STAB          LOGV          SM_D_L2       DAY_BEFO
              ________      ________      ________      ________      ________
 SM_D_L2            0             0             0             0             0
 DAY_BEFO           0             0             0             0             0


           THETA
              SM_D_L2       DAY_BEFO
              ________      ________
 SM_D_L2            0
 DAY_BEFO           0             0


           ALPHA
              TREND         STAB          LOGV          SM_D_L2       DAY_BEFO
              ________      ________      ________      ________      ________
                    3             4             5             6             7


           BETA
              TREND         STAB          LOGV          SM_D_L2       DAY_BEFO
              ________      ________      ________      ________      ________
 TREND              0             0             0             0             0
 STAB               0             0             0             0             0
 LOGV               0             0             0             0             0
 SM_D_L2            0             0             0             0             0
 DAY_BEFO           0             0             0             0             0


           PSI
              TREND         STAB          LOGV          SM_D_L2       DAY_BEFO
              ________      ________      ________      ________      ________
 TREND              8
 STAB               9            10
 LOGV               0             0            11
 SM_D_L2           12            13             0            14
 DAY_BEFO           0             0             0             0            15


     PARAMETER SPECIFICATION FOR THE ADDITIONAL PARAMETERS


           NEW/ADDITIONAL PARAMETERS
              MEDV          MEANV         25QV          75QV
              ________      ________      ________      ________
                   16            17            18            19


     STARTING VALUES FOR WITHIN


           NU
              SM_D_L2       DAY_BEFO
              ________      ________
                0.000         0.000


           LAMBDA
              F             F&1           SM_D_L2       DAY_BEFO
              ________      ________      ________      ________
 SM_D_L2        0.000         0.000         1.000         0.000
 DAY_BEFO       0.000         0.000         0.000         1.000


           THETA
              SM_D_L2       DAY_BEFO
              ________      ________
 SM_D_L2        0.000
 DAY_BEFO       0.000         0.000


           ALPHA
              F             F&1           SM_D_L2       DAY_BEFO
              ________      ________      ________      ________
                0.000         0.000         0.000         0.000


           BETA
              F             F&1           SM_D_L2       DAY_BEFO
              ________      ________      ________      ________
 F              0.000         0.000         0.000         0.000
 F&1            0.000         0.000         0.000         0.000
 SM_D_L2        1.000         0.000         0.000         0.000
 DAY_BEFO       0.000         0.000         0.000         0.000


           PSI
              F             F&1           SM_D_L2       DAY_BEFO
              ________      ________      ________      ________
 F              1.000
 F&1            0.000         1.000
 SM_D_L2        0.000         0.000         0.000
 DAY_BEFO       0.000         0.000         0.000        35.925


     STARTING VALUES FOR BETWEEN


           NU
              SM_D_L2       DAY_BEFO
              ________      ________
                0.000         0.000


           LAMBDA
              TREND         STAB          LOGV          SM_D_L2       DAY_BEFO
              ________      ________      ________      ________      ________
 SM_D_L2        0.000         0.000         0.000         1.000         0.000
 DAY_BEFO       0.000         0.000         0.000         0.000         1.000


           THETA
              SM_D_L2       DAY_BEFO
              ________      ________
 SM_D_L2        0.000
 DAY_BEFO       0.000         0.000


           ALPHA
              TREND         STAB          LOGV          SM_D_L2       DAY_BEFO
              ________      ________      ________      ________      ________
                0.000         0.000         0.000         2.684       -14.688


           BETA
              TREND         STAB          LOGV          SM_D_L2       DAY_BEFO
              ________      ________      ________      ________      ________
 TREND          0.000         0.000         0.000         0.000         0.000
 STAB           0.000         0.000         0.000         0.000         0.000
 LOGV           0.000         0.000         0.000         0.000         0.000
 SM_D_L2        0.000         0.000         0.000         0.000         0.000
 DAY_BEFO       0.000         0.000         0.000         0.000         0.000


           PSI
              TREND         STAB          LOGV          SM_D_L2       DAY_BEFO
              ________      ________      ________      ________      ________
 TREND          1.000
 STAB           0.000         1.000
 LOGV           0.000         0.000         1.000
 SM_D_L2        0.000         0.000         0.000         1.579
 DAY_BEFO       0.000         0.000         0.000         0.000        35.925


     STARTING VALUES FOR THE ADDITIONAL PARAMETERS


           NEW/ADDITIONAL PARAMETERS
              MEDV          MEANV         25QV          75QV
              ________      ________      ________      ________
                0.500         0.500         0.500         0.500



     PRIORS FOR ALL PARAMETERS            PRIOR MEAN      PRIOR VARIANCE     PRIOR STD. DEV.

     Parameter 1~IG(-1.000,0.000)          infinity            infinity            infinity
     Parameter 2~IG(-1.000,0.000)          infinity            infinity            infinity
     Parameter 3~N(0.000,infinity)           0.0000            infinity            infinity
     Parameter 4~N(0.000,infinity)           0.0000            infinity            infinity
     Parameter 5~N(0.000,infinity)           0.0000            infinity            infinity
     Parameter 6~N(0.000,infinity)           0.0000            infinity            infinity
     Parameter 7~N(0.000,infinity)           0.0000            infinity            infinity
     Parameter 8~IW(0.000,-4)              infinity            infinity            infinity
     Parameter 9~IW(0.000,-4)              infinity            infinity            infinity
     Parameter 10~IW(0.000,-4)             infinity            infinity            infinity
     Parameter 11~IG(-1.000,0.000)         infinity            infinity            infinity
     Parameter 12~IW(0.000,-4)             infinity            infinity            infinity
     Parameter 13~IW(0.000,-4)             infinity            infinity            infinity
     Parameter 14~IW(0.000,-4)             infinity            infinity            infinity
     Parameter 15~IG(-1.000,0.000)         infinity            infinity            infinity


TECHNICAL 4 OUTPUT


     AVERAGE ESTIMATES DERIVED FROM THE MODEL FOR WITHIN


           ESTIMATED MEANS FOR THE LATENT VARIABLES
              F             F&1           TREND         STAB          LOGV
              ________      ________      ________      ________      ________
                0.000         0.000         0.002         0.567        -0.181


           ESTIMATED MEANS FOR THE LATENT VARIABLES
              SM_D_L2       DAY_BEFO
              ________      ________
                2.191       -14.686


           ESTIMATED COVARIANCE MATRIX FOR THE LATENT VARIABLES
              F             F&1           TREND         STAB          LOGV
              ________      ________      ________      ________      ________
 F              0.329
 F&1            0.266         0.329
 TREND          0.000         0.000         0.000
 STAB           0.000         0.000         0.000         0.000
 LOGV           0.000         0.000         0.000         0.000         0.000
 SM_D_L2        0.329         0.266         0.000         0.000         0.000
 DAY_BEFO       0.000         0.000         0.000         0.000         0.000


           ESTIMATED COVARIANCE MATRIX FOR THE LATENT VARIABLES
              SM_D_L2       DAY_BEFO
              ________      ________
 SM_D_L2        1.790
 DAY_BEFO       0.141        71.851


           ESTIMATED CORRELATION MATRIX FOR THE LATENT VARIABLES
              F             F&1           TREND         STAB          LOGV
              ________      ________      ________      ________      ________
 F              1.000
 F&1            0.704         1.000
 TREND          0.000         0.000         1.000
 STAB           0.000         0.000         0.000         1.000
 LOGV           0.000         0.000         0.000         0.000         1.000
 SM_D_L2        0.443         0.311         0.000         0.000         0.000
 DAY_BEFO       0.000         0.000         0.000         0.000         0.000


           ESTIMATED CORRELATION MATRIX FOR THE LATENT VARIABLES
              SM_D_L2       DAY_BEFO
              ________      ________
 SM_D_L2        1.000
 DAY_BEFO       0.012         1.000


     ESTIMATES DERIVED FROM THE MODEL FOR BETWEEN


           ESTIMATED MEANS FOR THE LATENT VARIABLES
              F             F&1           TREND         STAB          LOGV
              ________      ________      ________      ________      ________
                0.000         0.000         0.002         0.578        -0.176


           ESTIMATED MEANS FOR THE LATENT VARIABLES
              SM_D_L2       DAY_BEFO
              ________      ________
                2.190       -14.677


           ESTIMATED COVARIANCE MATRIX FOR THE LATENT VARIABLES
              F             F&1           TREND         STAB          LOGV
              ________      ________      ________      ________      ________
 F              0.000
 F&1            0.000         0.000
 TREND          0.000         0.000         0.001
 STAB           0.000         0.000         0.000         0.035
 LOGV           0.000         0.000         0.000         0.000         1.160
 SM_D_L2        0.000         0.000        -0.003        -0.133         0.000
 DAY_BEFO       0.000         0.000         0.000         0.000         0.000


           ESTIMATED COVARIANCE MATRIX FOR THE LATENT VARIABLES
              SM_D_L2       DAY_BEFO
              ________      ________
 SM_D_L2        2.447
 DAY_BEFO       0.000         0.015


           ESTIMATED CORRELATION MATRIX FOR THE LATENT VARIABLES
              F             F&1           TREND         STAB          LOGV
              ________      ________      ________      ________      ________
 F              1.000
 F&1            0.000         1.000
 TREND          0.000         0.000         1.000
 STAB           0.000         0.000         0.033         1.000
 LOGV           0.000         0.000         0.000         0.000         1.000
 SM_D_L2        0.000         0.000        -0.057        -0.457         0.000
 DAY_BEFO       0.000         0.000         0.000         0.000         0.000


           ESTIMATED CORRELATION MATRIX FOR THE LATENT VARIABLES
              SM_D_L2       DAY_BEFO
              ________      ________
 SM_D_L2        1.000
 DAY_BEFO       0.000         1.000


TECHNICAL 8 OUTPUT


   TECHNICAL 8 OUTPUT FOR BAYES ESTIMATION

     PROCESSOR    BSEED
     1            0
     2            285380
     3            253358
     4            93468
     5            608496
     6            903420
     7            195873
     8            462953
     9            939021
     10           127215
     11           415931
     12           533738
     13           107446
     14           399671
     15           650371
     16           27071
     17           76974
     18           68985
     19           851945
     20           637345
     21           573096
     22           902278
     23           887676
     24           372176
     25           347515
     26           207896
     27           569131
     28           364676
     29           392418
     30           366706

                     POTENTIAL       PARAMETER WITH
     ITERATION    SCALE REDUCTION      HIGHEST PSR
     100              2.171               15
     200              2.813               4
     300              1.410               10
     400              1.246               10
     500              1.280               10
     600              1.350               4
     700              1.114               13
     800              1.116               13
     900              1.120               10
     1000             1.217               10
     1100             1.355               15
     1200             1.434               4
     1300             1.333               10
     1400             1.290               10
     1500             1.233               10
     1600             1.229               10
     1700             1.159               10
     1800             1.124               15
     1900             1.085               15
     2000             1.047               15
     2100             1.035               15
     2200             1.024               15
     2300             1.009               15
     2400             1.021               10
     2500             1.048               15
     2600             1.046               15
     2700             1.086               15
     2800             1.085               15
     2900             1.046               15
     3000             1.039               15
     3100             1.028               15
     3200             1.030               10
     3300             1.039               15
     3400             1.035               15
     3500             1.023               13
     3600             1.012               1
     3700             1.013               1
     3800             1.014               1
     3900             1.013               15
     4000             1.020               15
     4100             1.015               15
     4200             1.009               15
     4300             1.011               13
     4400             1.013               13
     4500             1.019               15
     4600             1.021               15
     4700             1.018               15
     4800             1.020               13
     4900             1.022               1
     5000             1.021               1


PLOT INFORMATION

The following plots are available:

  Histograms (sample values)
  Scatterplots (sample values)
  Between-level histograms (sample values, sample means/variances)
  Between-level scatterplots (sample values, sample means/variances)
  Time series plots (sample values, ACF, PACF)
  Histogram of subjects per time point
  Time interval plots
  Bayesian posterior parameter distributions
  Bayesian posterior parameter trace plots
  Bayesian autocorrelation plots

     Beginning Time:  07:07:00
        Ending Time:  08:05:07
       Elapsed Time:  00:58:07



MUTHEN & MUTHEN
3463 Stoner Ave.
Los Angeles, CA  90066

Tel: (310) 391-9971
Fax: (310) 391-8971
Web: www.StatModel.com
Support: Support@StatModel.com

Copyright (c) 1998-2024 Muthen & Muthen
