Mplus VERSION 9 (Linux)
MUTHEN & MUTHEN
10/31/2025   7:28 PM

INPUT INSTRUCTIONS


  TITLE: Two-level AR(1) model for sm_c_l2;

  DATA:
    FILE = "data_full_sm_c_l2.dat";

  VARIABLE:
  NAMES = new_id age female edu edu_low edu_med edu_high nr_dev w1_inet w1_sp w1_pc_nr
       w1_sph_nr w1_tabl_nr date call_c msg_c phot_c call_d msg_d phot_d web_c web_d
       sm_c sm_d w1_date w1b_date w1_date_7 w1_date_30 w1b_date_7 w1b_date_30
       day_before_w1 day_before_w1b w1_7d_window w1b_7d_window w1_30d_window
       w1b_30d_window days_c call_d_l msg_d_l phot_d_l web_d_l sm_d_l call_c_l msg_c_l
       phot_c_l web_c_l sm_c_l days_c_l call_d_l2 msg_d_l2 phot_d_l2 web_d_l2 sm_d_l2
       call_c_l2 msg_c_l2 phot_c_l2 web_c_l2 sm_c_l2 call_c_b msg_c_b phot_c_b web_c_b
       sm_c_b time;
    MISSING = .;
    USEVARIABLES = sm_c_l2 day_before_w1;
    WITHIN = day_before_w1;
    CLUSTER = new_id;
    TINTERVAL = time (1 time2);

  ANALYSIS:
    TYPE = TWOLEVEL RANDOM;
    ESTIMATOR = BAYES;
    PROCESSORS = 30;
    BITERATIONS = 80000 (10000);
    THIN = 20;

  MODEL:

  %WITHIN%
  f BY sm_c_l2@1(&1);
  trend | sm_c_l2 ON day_before_w1;
  stab | f ON f&1;

  logv | sm_c_l2;

  day_before_w1;

  %BETWEEN%
  sm_c_l2 WITH stab trend;
  stab WITH trend;

  [logv] (m);
  logv (s);

  Model Constraint:
            new(medv meanv 25qv 75qv);		
            medv = exp(m);
            meanv = exp(m + s/2);
    		! 25th and 75th quartiles
    		! based on normal dist of logv:
    		25qv = exp(m - sqrt(s)*0.675);
    		75qv = exp(m + sqrt(s)*0.675);




  OUTPUT: TECH1 TECH8 TECH4 STDYX residual;

  PLOT: TYPE = PLOT3;



*** WARNING in VARIABLE command
  Note that only the first 8 characters of variable names are used in the output.
  Shorten variable names to avoid any confusion.
*** WARNING in PLOT command
  Note that only the first 8 characters of variable names are used in plots.
  If variable names are not unique within the first 8 characters, problems
  may occur.
*** WARNING
  One or more individual-level variables have no variation within a
  cluster for the following clusters.

     Variable   Cluster IDs with no within-cluster variation

      SM_C_L2     27 245 1815 1056 1211 768 538 420 442 611 957 808 1299 330 455 360 143 1527
                  1938 2085 296 1488 1589 46 2067 1100 2022 564 2036 1015 1023 57 1044 880 2059
                  813 1425 1992 1091 1259 1508 1704 1713 2019 1560 1050 2002

   3 WARNING(S) FOUND IN THE INPUT INSTRUCTIONS



Two-level AR(1) model for sm_c_l2;

SUMMARY OF ANALYSIS

Number of groups                                                 1
Number of observations                                       25836

Number of dependent variables                                    1
Number of independent variables                                  1
Number of continuous latent variables                            5

Observed dependent variables

  Continuous
   SM_C_L2

Observed independent variables
   DAY_BEFO

Continuous latent variables
   F           F&1         TREND       STAB        LOGV

Variables with special functions

  Cluster variable      NEW_ID

  Within variables
   DAY_BEFO


Estimator                                                    BAYES
Specifications for Bayesian Estimation
  Point estimate                                            MEDIAN
  Number of Markov chain Monte Carlo (MCMC) chains               2
  Random seed for the first chain                                0
  Starting value information                           UNPERTURBED
  Algorithm used for Markov chain Monte Carlo           GIBBS(PX1)
  Convergence criterion                                  0.500D-01
  Maximum number of iterations                               80000
  K-th iteration used for thinning                              20

Input data file(s)
  data_full_sm_c_l2.dat
Input data format  FREE


SUMMARY OF DATA

     Number of clusters                        912

       Size (s)    Cluster ID with Size s

          3        514
          6        657 1295 1511 1641
          7        1060 468 635
          8        565 534 98 1781
          9        573 310
         10        671 1055
         11        388
         12        27
         13        245 1446
         14        1853
         15        2134
         16        1974 1540 752 1038 773 463 996
         17        1146 1962 1815
         18        1886 1557 494 955 554 693 1177
         19        1899 2021 647 1776 835 2144 2207 1735
         20        1140 1188 247 1056 226 771 189 900 1025 1361
         21        1766 521 988 663 1136
         22        1101 1211 902 363 2120 2034 768 337 2139 825 620 931
                   1890 2103
         23        538 1084 2039 341 435 1273 384 1666 1662
         24        1888 441 1520 903 586 1079 1865 1676 1486 394 420
         25        442 411 270 1706 224 1282 1780 1567 897 1053 1069 1430
                   1605 1574 1155
         26        297 1343 1109 427 454 1549 1337 1049 2116 2007 173 701
         27        392 371 1328 991 1723 1317 2210 611 1998 293 1302 1594
                   967 636 1122 1224
         28        260 492 406 631 974 957 1551 524 1968 2183 1516 583
                   536 537 237 728 191 26 774 830 286 1876 667 808 1971
                   934 1339 495 1544 2129 206 812 566 1744 108 1834
         29        2043 1808 142 110 282 1299 413 284 182 342 212 210 163
                   132 196 147 262 1818 410 330 155 447 399 357 1468 455
                   419 274 387 360 229 1565 287 167 320 416 137 188 414
                   220 377 446 443 241 376 143 115 184 198 353 129 301
                   193 1615 393 328 91 331 240 157 440 207 428 1527 362
                   405 316 370 249 422 451 398 172 239 396 432 264 263
                   295 453 268 1797 111 217 322 1860 304 981 298 153 400
                   332 204 1227 235 437 1938 186 177 309 2085 318 317 354
                   372 30 314 418 2211 347 1458 361 423 296 294 1637 278
                   291 109 205 253 402
         30        1402 1517 1022 2061 1561 525 714 1944 938 1346 1231
                   709 602 638 1613 1878 1912 520 1133 1609 1131 997 1580
                   1021 1074 88 90 1488 1003 966 886 1478 1678 1564 814
                   1639 866 1366 1307 876 1855 791 1900 1524 1829 2049
                   944 1905 1989 932 1190 1589 1837 695 46 1243 2020 488
                   1135 2195 756 1955 1618 1661 1202 1404 1326 933 1653
                   2163 1340 772 829 1872 1798 2067 1442 1518 1424 1395
                   2001 84 1534 1100 1182 1645 499 517 99 2022 1977 1356
                   1298 1585 918 564 1887 1324 2036 1788 1634 1710 1659
                   2000 461 1303 2028 1311 930 62 1114 1015 33 1770 67
                   1096 632 767 719 1249 476 102 597 1032 692 1692 1057
                   999 558 1453 1668 1481 1940 1360 52 653 2216 896 1919
                   643 1821 1175 793 1008 605 73 1581 1643 63 484 908 725
                   1004 2147 6 1847 1213 983 97 1708 1115 868 482 1502
                   616 2093 1024 1418 1928 965 703 515 609 2212 2073 74
                   1806 1514 2015 1118 79 1064 1601 1817 2119 2099 1624
                   2199 2111 2137 1625 1879 822 874 1839 2081 1023 541
                   1445 471 1703 1432 35 895 1110 717 639 2069 745 924
                   743 1591 940 1686 853 1614 9 13 1013 1080 1720 1191
                   2030 943 2118 60 2219 2132 739 1610 1350 2208 1778 732
                   784 1891 1248 2026 1207 894 57 1254 1315 858 1314 85
                   645 1873 1768 1576 2038 11 1859 2014 1410 1835 1612
                   2064 2165 646 1951 1086 86 1727 1041 1608 1627 1623
                   1554 1863 1291 1030 1473 1673 946 1334 518 1429 1113
                   1542 674 2141 1214 1734 1077 618 1044 1849 1075 103
                   2191 1509 1568 18 92 821 557 675 906 1813 1882 1412
                   1981 36 1472 1604 1477 44 2056 1972 669 1497 889 1759
                   1348 1745 1033 2159 1850 1460 880 599 2059 2135 837
                   813 1917 1466 1953 1570 2082 2070 556 1697 680 712 1870
                   72 1790 910 25 986 1957 504 786 733 1465 1840 506 1963
                   1365 1674 1528 1786 1629 1875 746 1715 544 1562 977
                   1425 1979 1181 2138 684 19 1803 1632 1992 1397 871 720
                   1611 1171 603 1264 994 1437 1330 1573 959 559 1851 909
                   582 1695 1091 2065 1121 1924 2088 508 2117 555 753 1930
                   77 1696 1785 1923 2075 1801 59 726 1777 561 1687 953
                   29 37 686 859 1809 1956 927 827 2150 475 735 1232 1423
                   1947 1822 665 2131 1943 1305 995 1259 929 2016 807 2182
                   2127 1493 682 998 69 1999 1035 1793 2101 1731 1774 1454
                   1946 1754 1757 600 1967 1984 1250 2213 2187 1451 1532
                   1480 1508 1918 947 1461 1147 2136 105 1595 956 763 1504
                   1163 474 1070 642 1701 523 1572 1263 782 1225 1137 1895
                   1704 1713 470 2154 1172 100 1784 2076 1067 2019 2145
                   1987 1789 2095 914 870 1560 2157 801 711 1939 1646 1607
                   723 1799 2203 1392 2037 1937 958 1386 1588 849 1869
                   2122 1647 2224 1522 65 1656 780 901 93 740 1001 2112
                   2052 1729 751 1415 1546 1230 860 648 1856 1619 550 502
                   1654 882 1272 2197 1755 1294 1071 1931 855 926 904 507
                   2181 20 1219 1765 1061 2010 973 1961 628 1743 892 1485
                   1203 2196 2198 1810 500 1671 1089 885 640 2003 1782
                   633 1693 1280 1660 1590 875 2121 1117 989 95 1675 731
                   1050 540 899 1335 1236 1997 10 1881 2148 1378 1020 1174
                   845 1833 1648 288 1935 1942 741 1034 1907 1002 2002
                   1966 1716 718 2063 1104 2171



COVARIANCE COVERAGE OF DATA

Minimum covariance coverage value   0.100

     Number of missing data patterns             3


     PROPORTION OF DATA PRESENT


           Covariance Coverage
              SM_C_L2       DAY_BEFO
              ________      ________
 SM_C_L2        0.550
 DAY_BEFO       0.550         0.741



UNIVARIATE SAMPLE STATISTICS


     UNIVARIATE HIGHER-ORDER MOMENT DESCRIPTIVE STATISTICS

         Variable/         Mean/     Skewness/   Minimum/ % with                Percentiles
        Sample Size      Variance    Kurtosis    Maximum  Min/Max      20%/60%    40%/80%    Median

     SM_C_L2               2.084      -0.035       0.000   11.75%       0.693      1.792      2.197
           14218.000       1.530      -0.759       6.057    0.01%       2.485      3.219
     DAY_BEFORE_W1       -14.688       0.031     -29.000    3.18%     -23.000    -18.000    -15.000
           19139.000      71.851      -1.155       0.000    3.21%     -12.000     -6.000


     WARNING: PROBLEMS OCCURRED IN SEVERAL ITERATIONS IN THE COMPUTATION OF THE STANDARDIZED ESTIMATES FOR SEVERAL
     CLUSTERS. THIS IS MOST LIKELY DUE TO AR COEFFICIENTS GREATER THAN 1 OR PARAMETERS GIVING NON-STATIONARY MODELS.
     SUCH POSTERIOR DRAWS ARE REMOVED. THE FOLLOWING CLUSTERS HAD SUCH PROBLEMS:
          514 657 1295 1511 1641 1060 468 635 565 534 98 1781 573 310 671 1055 388 27 245 1446 1853 2134
          1974 1540 752 1038 773 463 996 1146 1962 1815 1886 1557 494 955 554 693 1177 1899 2021 647
          1776 835 2144 2207 1735 1140 1188 247 1056 226 771 189 900 1025 1361 1766 521 988 663 1136
          1101 1211 902 363 2120 2034 768 337 2139 825 620 931 1890 2103 538 1084 2039 341 435 1273 384
          1666 1662 1888 441 1520 903 586 1079 1865 1676 1486 394 420 442 411 270 1706 224 1282 1780
          1567 897 1053 1069 1430 1605 1574 1155 297 1343 1109 427 454 1549 1337 1049 2116 2007 173 701
          392 371 1328 991 1723 1317 2210 611 1998 293 1302 1594 967 636 1122 1224 260 492 406 631 974
          957 1551 524 1968 2183 1516 583 536 537 237 728 191 26 774 830 286 1876 667 808 1971 934 1339
          495 1544 2129 206 812 566 1744 108 1834 2043 1808 142 110 282 1299 413 284 182 342 212 210
          163 132 196 147 262 1818 410 330 155 447 399 357 1468 455 419 274 387 360 229 1565 287 167
          320 416 137 188 414 220 377 446 443 241 376 143 115 184 198 353 129 301 193 1615 393 328 91
          331 240 157 440 207 428 1527 362 405 316 370 249 422 451 398 172 239 396 432 264 263 295 453
          268 1797 111 217 322 1860 304 981 298 153 400 332 204 1227 235 437 1938 186 177 309 2085 318
          317 354 372 30 314 418 2211 347 1458 361 423 296 294 1637 278 291 109 205 253 402 1402 1517
          1022 2061 1561 525 714 1944 938 1346 1231 709 602 638 1613 1878 1912 520 1133 1609 1131 997
          1580 1021 1074 88 90 1488 1003 966 886 1478 1678 1564 814 1639 866 1366 1307 876 1855 791 1900
          1524 1829 2049 944 1905 1989 932 1190 1589 1837 695 46 1243 2020 488 1135 2195 756 1955 1618
          1661 1202 1404 1326 933 1653 2163 1340 772 829 1872 1798 2067 1442 1518 1424 1395 2001 84 1534
          1100 1182 1645 499 517 99 2022 1977 1356 1298 1585 918 564 1887 1324 2036 1788 1634 1710 1659
          2000 461 1303 2028 1311 930 62 1114 1015 33 1770 67 1096 632 767 719 1249 476 102 597 1032
          692 1692 1057 999 558 1453 1668 1481 1940 1360 52 653 2216 896 1919 643 1821 1175 793 1008
          605 73 1581 1643 63 484 908 725 1004 2147 6 1847 1213 983 97 1708 1115 868 482 1502 616 2093
          1024 1418 1928 965 703 515 609 2212 2073 74 1806 1514 2015 1118 79 1064 1601 1817 2119 2099
          1624 2199 2111 2137 1625 1879 822 874 1839 2081 1023 541 1445 471 1703 1432 35 895 1110 717
          639 2069 745 924 743 1591 940 1686 853 1614 9 13 1013 1080 1720 1191 2030 943 2118 60 2219
          2132 739 1610 1350 2208 1778 732 784 1891 1248 2026 1207 894 57 1254 1315 858 1314 85 645 1873
          1768 1576 2038 11 1859 2014 1410 1835 1612 2064 2165 646 1951 1086 86 1727 1041 1608 1627 1623
          1554 1863 1291 1030 1473 1673 946 1334 518 1429 1113 1542 674 2141 1214 1734 1077 618 1044
          1849 1075 103 2191 1509 1568 18 92 821 557 675 906 1813 1882 1412 1981 36 1472 1604 1477 44
          2056 1972 669 1497 889 1759 1348 1745 1033 2159 1850 1460 880 599 2059 2135 837 813 1917 1466
          1953 1570 2082 2070 556 1697 680 712 1870 72 1790 910 25 986 1957 504 786 733 1465 1840 506
          1963 1365 1674 1528 1786 1629 1875 746 1715 544 1562 977 1425 1979 1181 2138 684 19 1803 1632
          1992 1397 871 720 1611 1171 603 1264 994 1437 1330 1573 959 559 1851 909 582 1695 1091 2065
          1121 1924 2088 508 2117 555 753 1930 77 1696 1785 1923 2075 1801 59 726 1777 561 1687 953 29
          37 686 859 1809 1956 927 827 2150 475 735 1232 1423 1947 1822 665 2131 1943 1305 995 1259 929
          2016 807 2182 2127 1493 682 998 69 1999 1035 1793 2101 1731 1774 1454 1946 1754 1757 600 1967
          1984 1250 2213 2187 1451 1532 1480 1508 1918 947 1461 1147 2136 105 1595 956 763 1504 1163
          474 1070 642 1701 523 1572 1263 782 1225 1137 1895 1704 1713 470 2154 1172 100 1784 2076 1067
          2019 2145 1987 1789 2095 914 870 1560 2157 801 711 1939 1646 1607 723 1799 2203 1392 2037 1937
          958 1386 1588 849 1869 2122 1647 2224 1522 65 1656 780 901 93 740 1001 2112 2052 1729 751 1415
          1546 1230 860 648 1856 1619 550 502 1654 882 1272 2197 1755 1294 1071 1931 855 926 904 507
          2181 20 1219 1765 1061 2010 973 1961 628 1743 892 1485 1203 2196 2198 1810 500 1671 1089 885
          640 2003 1782 633 1693 1280 1660 1590 875 2121 1117 989 95 1675 731 1050 540 899 1335 1236
          1997 10 1881 2148 1378 1020 1174 845 1833 1648 288 1935 1942 741 1034 1907 1002 2002 1966 1716
          718 2063 1104 2171

THE MODEL ESTIMATION TERMINATED NORMALLY

     USE THE FBITERATIONS OPTION TO INCREASE THE NUMBER OF ITERATIONS BY A FACTOR
     OF AT LEAST TWO TO CHECK CONVERGENCE AND THAT THE PSR VALUE DOES NOT INCREASE.



MODEL FIT INFORMATION

Number of Free Parameters                              14

Information Criteria

          Deviance (DIC)                       116100.432
          Estimated Number of Parameters (pD)   -2828.946



MODEL RESULTS

                                Posterior  One-Tailed         95% C.I.
                    Estimate       S.D.      P-Value   Lower 2.5%  Upper 2.5%  Significance

Within Level

 F        BY
    SM_C_L2            1.000       0.000      0.000       1.000       1.000

 Means
    DAY_BEFORE       -14.688       0.061      0.000     -14.805     -14.567      *

 Variances
    DAY_BEFORE        71.860       0.730      0.000      70.452      73.315      *

 Residual Variances
    F                  0.073       0.010      0.000       0.055       0.093      *

Between Level

 SM_C_L2  WITH
    STAB               0.039       0.026      0.067      -0.010       0.092
    TREND              0.007       0.002      0.000       0.004       0.010      *

 STAB     WITH
    TREND              0.000       0.000      0.317      -0.001       0.001

 Means
    SM_C_L2            1.764       0.040      0.000       1.687       1.842      *
    TREND              0.002       0.001      0.081      -0.001       0.005
    STAB               0.503       0.050      0.000       0.408       0.603      *
    LOGV              -1.124       0.050      0.000      -1.225      -1.032      *

 Variances
    SM_C_L2            1.139       0.066      0.000       1.014       1.272      *
    TREND              0.001       0.000      0.000       0.001       0.001      *
    STAB               0.037       0.011      0.000       0.018       0.059      *
    LOGV               0.651       0.060      0.000       0.547       0.782      *

New/Additional Parameters
    MEDV               0.325       0.016      0.000       0.294       0.356      *
    MEANV              0.450       0.020      0.000       0.413       0.493      *
    25QV               0.189       0.012      0.000       0.164       0.212      *
    75QV               0.560       0.025      0.000       0.514       0.612      *


STANDARDIZED MODEL RESULTS


STDYX Standardization

                                Posterior  One-Tailed         95% C.I.
                    Estimate       S.D.      P-Value   Lower 2.5%  Upper 2.5%  Significance

Within-Level Standardized Estimates Averaged Over Clusters

 F        BY
    SM_C_L2            0.482       0.023      0.000       0.435       0.524      *

 STAB | F ON
    F&1                0.500       0.050      0.000       0.412       0.607      *

 TREND | SM_C_L2 ON
    DAY_BEFORE         0.021       0.012      0.036      -0.002       0.044

 LOGV |
    SM_C_L2            0.658       0.023      0.000       0.615       0.702      *

 Means
    DAY_BEFORE        -1.733       0.012      0.000      -1.756      -1.711      *

 Variances
    DAY_BEFORE         1.000       0.000      0.000       1.000       1.000

 Residual Variances
    F                  0.713       0.043      0.000       0.610       0.777      *

Between Level

 SM_C_L2  WITH
    STAB               0.192       0.121      0.067      -0.055       0.414
    TREND              0.233       0.049      0.000       0.135       0.326      *

 STAB     WITH
    TREND              0.036       0.076      0.317      -0.113       0.183

 Means
    SM_C_L2            1.654       0.062      0.000       1.534       1.778      *
    TREND              0.073       0.053      0.081      -0.028       0.177
    STAB               2.622       0.682      0.000       1.722       4.372      *
    LOGV              -1.393       0.065      0.000      -1.522      -1.267      *

 Variances
    SM_C_L2            1.000       0.000      0.000       1.000       1.000
    TREND              1.000       0.000      0.000       1.000       1.000
    STAB               1.000       0.000      0.000       1.000       1.000
    LOGV               1.000       0.000      0.000       1.000       1.000


R-SQUARE

Within-Level R-Square Averaged Across Clusters

                                Posterior  One-Tailed         95% C.I.
    Variable        Estimate       S.D.      P-Value   Lower 2.5%  Upper 2.5%

    SM_C_L2            0.342       0.023      0.000       0.298       0.385

                                Posterior  One-Tailed         95% C.I.
    Variable        Estimate       S.D.      P-Value   Lower 2.5%  Upper 2.5%

    F                  0.287       0.043      0.000       0.223       0.389


RESIDUAL OUTPUT


     ESTIMATED MODEL


     AVERAGE CLUSTER ESTIMATES


           Means
              SM_C_L2       DAY_BEFO
              ________      ________
                1.735       -14.688


           Covariances
              SM_C_L2       DAY_BEFO
              ________      ________
 SM_C_L2        0.674
 DAY_BEFO       0.141        71.868


           Correlations
              SM_C_L2       DAY_BEFO
              ________      ________
 SM_C_L2        1.000
 DAY_BEFO       0.022         1.000


     BETWEEN LEVEL


           Means
              SM_C_L2       DAY_BEFO
              ________      ________
                1.764         0.000


           Covariances
              SM_C_L2       DAY_BEFO
              ________      ________
 SM_C_L2        1.139
 DAY_BEFO       0.000         0.000


           Correlations
              SM_C_L2       DAY_BEFO
              ________      ________
 SM_C_L2        1.000
 DAY_BEFO       0.000         1.000


TECHNICAL 1 OUTPUT


     PARAMETER SPECIFICATION FOR WITHIN


           NU
              SM_C_L2       DAY_BEFO
              ________      ________
                    0             0


           LAMBDA
              F             F&1           SM_C_L2       DAY_BEFO
              ________      ________      ________      ________
 SM_C_L2            0             0             0             0
 DAY_BEFO           0             0             0             0


           THETA
              SM_C_L2       DAY_BEFO
              ________      ________
 SM_C_L2            0
 DAY_BEFO           0             0


           ALPHA
              F             F&1           SM_C_L2       DAY_BEFO
              ________      ________      ________      ________
                    0             0             0             1


           BETA
              F             F&1           SM_C_L2       DAY_BEFO
              ________      ________      ________      ________
 F                  0             0             0             0
 F&1                0             0             0             0
 SM_C_L2            0             0             0             0
 DAY_BEFO           0             0             0             0


           PSI
              F             F&1           SM_C_L2       DAY_BEFO
              ________      ________      ________      ________
 F                  2
 F&1                0             0
 SM_C_L2            0             0             0
 DAY_BEFO           0             0             0             3


     PARAMETER SPECIFICATION FOR BETWEEN


           NU
              SM_C_L2
              ________
                    0


           LAMBDA
              TREND         STAB          LOGV          SM_C_L2
              ________      ________      ________      ________
 SM_C_L2            0             0             0             0


           THETA
              SM_C_L2
              ________
 SM_C_L2            0


           ALPHA
              TREND         STAB          LOGV          SM_C_L2
              ________      ________      ________      ________
                    4             5             6             7


           BETA
              TREND         STAB          LOGV          SM_C_L2
              ________      ________      ________      ________
 TREND              0             0             0             0
 STAB               0             0             0             0
 LOGV               0             0             0             0
 SM_C_L2            0             0             0             0


           PSI
              TREND         STAB          LOGV          SM_C_L2
              ________      ________      ________      ________
 TREND              8
 STAB               9            10
 LOGV               0             0            11
 SM_C_L2           12            13             0            14


     PARAMETER SPECIFICATION FOR THE ADDITIONAL PARAMETERS


           NEW/ADDITIONAL PARAMETERS
              MEDV          MEANV         25QV          75QV
              ________      ________      ________      ________
                   15            16            17            18


     STARTING VALUES FOR WITHIN


           NU
              SM_C_L2       DAY_BEFO
              ________      ________
                0.000         0.000


           LAMBDA
              F             F&1           SM_C_L2       DAY_BEFO
              ________      ________      ________      ________
 SM_C_L2        0.000         0.000         1.000         0.000
 DAY_BEFO       0.000         0.000         0.000         1.000


           THETA
              SM_C_L2       DAY_BEFO
              ________      ________
 SM_C_L2        0.000
 DAY_BEFO       0.000         0.000


           ALPHA
              F             F&1           SM_C_L2       DAY_BEFO
              ________      ________      ________      ________
                0.000         0.000         0.000       -14.688


           BETA
              F             F&1           SM_C_L2       DAY_BEFO
              ________      ________      ________      ________
 F              0.000         0.000         0.000         0.000
 F&1            0.000         0.000         0.000         0.000
 SM_C_L2        1.000         0.000         0.000         0.000
 DAY_BEFO       0.000         0.000         0.000         0.000


           PSI
              F             F&1           SM_C_L2       DAY_BEFO
              ________      ________      ________      ________
 F              1.000
 F&1            0.000         1.000
 SM_C_L2        0.000         0.000         0.000
 DAY_BEFO       0.000         0.000         0.000        35.925


     STARTING VALUES FOR BETWEEN


           NU
              SM_C_L2
              ________
                0.000


           LAMBDA
              TREND         STAB          LOGV          SM_C_L2
              ________      ________      ________      ________
 SM_C_L2        0.000         0.000         0.000         1.000


           THETA
              SM_C_L2
              ________
 SM_C_L2        0.000


           ALPHA
              TREND         STAB          LOGV          SM_C_L2
              ________      ________      ________      ________
                0.000         0.000         0.000         2.084


           BETA
              TREND         STAB          LOGV          SM_C_L2
              ________      ________      ________      ________
 TREND          0.000         0.000         0.000         0.000
 STAB           0.000         0.000         0.000         0.000
 LOGV           0.000         0.000         0.000         0.000
 SM_C_L2        0.000         0.000         0.000         0.000


           PSI
              TREND         STAB          LOGV          SM_C_L2
              ________      ________      ________      ________
 TREND          1.000
 STAB           0.000         1.000
 LOGV           0.000         0.000         1.000
 SM_C_L2        0.000         0.000         0.000         0.765


     STARTING VALUES FOR THE ADDITIONAL PARAMETERS


           NEW/ADDITIONAL PARAMETERS
              MEDV          MEANV         25QV          75QV
              ________      ________      ________      ________
                0.500         0.500         0.500         0.500



     PRIORS FOR ALL PARAMETERS            PRIOR MEAN      PRIOR VARIANCE     PRIOR STD. DEV.

     Parameter 1~N(0.000,infinity)           0.0000            infinity            infinity
     Parameter 2~IG(-1.000,0.000)          infinity            infinity            infinity
     Parameter 3~IG(-1.000,0.000)          infinity            infinity            infinity
     Parameter 4~N(0.000,infinity)           0.0000            infinity            infinity
     Parameter 5~N(0.000,infinity)           0.0000            infinity            infinity
     Parameter 6~N(0.000,infinity)           0.0000            infinity            infinity
     Parameter 7~N(0.000,infinity)           0.0000            infinity            infinity
     Parameter 8~IW(0.000,-4)              infinity            infinity            infinity
     Parameter 9~IW(0.000,-4)              infinity            infinity            infinity
     Parameter 10~IW(0.000,-4)             infinity            infinity            infinity
     Parameter 11~IG(-1.000,0.000)         infinity            infinity            infinity
     Parameter 12~IW(0.000,-4)             infinity            infinity            infinity
     Parameter 13~IW(0.000,-4)             infinity            infinity            infinity
     Parameter 14~IW(0.000,-4)             infinity            infinity            infinity


TECHNICAL 4 OUTPUT


     AVERAGE ESTIMATES DERIVED FROM THE MODEL FOR WITHIN


           ESTIMATED MEANS FOR THE LATENT VARIABLES
              F             F&1           TREND         STAB          LOGV
              ________      ________      ________      ________      ________
                0.000         0.000         0.002         0.504        -1.124


           ESTIMATED MEANS FOR THE LATENT VARIABLES
              SM_C_L2       DAY_BEFO
              ________      ________
                1.735       -14.688


           ESTIMATED COVARIANCE MATRIX FOR THE LATENT VARIABLES
              F             F&1           TREND         STAB          LOGV
              ________      ________      ________      ________      ________
 F              0.180
 F&1            0.130         0.180
 TREND          0.000         0.000         0.000
 STAB           0.000         0.000         0.000         0.000
 LOGV           0.000         0.000         0.000         0.000         0.000
 SM_C_L2        0.180         0.130         0.000         0.000         0.000
 DAY_BEFO       0.000         0.000         0.000         0.000         0.000


           ESTIMATED COVARIANCE MATRIX FOR THE LATENT VARIABLES
              SM_C_L2       DAY_BEFO
              ________      ________
 SM_C_L2        0.674
 DAY_BEFO       0.141        71.868


           ESTIMATED CORRELATION MATRIX FOR THE LATENT VARIABLES
              F             F&1           TREND         STAB          LOGV
              ________      ________      ________      ________      ________
 F              1.000
 F&1            0.629         1.000
 TREND          0.000         0.000         1.000
 STAB           0.000         0.000         0.000         1.000
 LOGV           0.000         0.000         0.000         0.000         1.000
 SM_C_L2        0.502         0.321         0.000         0.000         0.000
 DAY_BEFO       0.000         0.000         0.000         0.000         0.000


           ESTIMATED CORRELATION MATRIX FOR THE LATENT VARIABLES
              SM_C_L2       DAY_BEFO
              ________      ________
 SM_C_L2        1.000
 DAY_BEFO       0.022         1.000


     ESTIMATES DERIVED FROM THE MODEL FOR BETWEEN


           ESTIMATED MEANS FOR THE LATENT VARIABLES
              F             F&1           TREND         STAB          LOGV
              ________      ________      ________      ________      ________
                0.000         0.000         0.002         0.503        -1.124


           ESTIMATED MEANS FOR THE LATENT VARIABLES
              SM_C_L2       DAY_BEFO
              ________      ________
                1.764         0.000


           ESTIMATED COVARIANCE MATRIX FOR THE LATENT VARIABLES
              F             F&1           TREND         STAB          LOGV
              ________      ________      ________      ________      ________
 F              0.000
 F&1            0.000         0.000
 TREND          0.000         0.000         0.001
 STAB           0.000         0.000         0.000         0.037
 LOGV           0.000         0.000         0.000         0.000         0.651
 SM_C_L2        0.000         0.000         0.007         0.039         0.000
 DAY_BEFO       0.000         0.000         0.000         0.000         0.000


           ESTIMATED COVARIANCE MATRIX FOR THE LATENT VARIABLES
              SM_C_L2       DAY_BEFO
              ________      ________
 SM_C_L2        1.139
 DAY_BEFO       0.000         0.000


           ESTIMATED CORRELATION MATRIX FOR THE LATENT VARIABLES
              F             F&1           TREND         STAB          LOGV
              ________      ________      ________      ________      ________
 F              1.000
 F&1            0.000         1.000
 TREND          0.000         0.000         1.000
 STAB           0.000         0.000         0.035         1.000
 LOGV           0.000         0.000         0.000         0.000         1.000
 SM_C_L2        0.000         0.000         0.233         0.190         0.000
 DAY_BEFO       0.000         0.000         0.000         0.000         0.000


           ESTIMATED CORRELATION MATRIX FOR THE LATENT VARIABLES
              SM_C_L2       DAY_BEFO
              ________      ________
 SM_C_L2        1.000
 DAY_BEFO       0.000         1.000


TECHNICAL 8 OUTPUT


   TECHNICAL 8 OUTPUT FOR BAYES ESTIMATION

     PROCESSOR    BSEED
     1            0
     2            285380
     3            253358
     4            93468
     5            608496
     6            903420
     7            195873
     8            462953
     9            939021
     10           127215
     11           415931
     12           533738
     13           107446
     14           399671
     15           650371
     16           27071
     17           76974
     18           68985
     19           851945
     20           637345
     21           573096
     22           902278
     23           887676
     24           372176
     25           347515
     26           207896
     27           569131
     28           364676
     29           392418
     30           366706

                     POTENTIAL       PARAMETER WITH
     ITERATION    SCALE REDUCTION      HIGHEST PSR
     100              1.134               2
     200              1.360               13
     300              1.284               5
     400              1.234               5
     500              1.031               13
     600              1.040               2
     700              1.140               2
     800              1.083               2
     900              1.155               2
     1000             1.148               2
     1100             1.164               2
     1200             1.105               2
     1300             1.089               2
     1400             1.043               2
     1500             1.042               2
     1600             1.035               2
     1700             1.005               6
     1800             1.008               13
     1900             1.006               6
     2000             1.006               6
     2100             1.004               6
     2200             1.004               6
     2300             1.006               6
     2400             1.016               2
     2500             1.013               2
     2600             1.018               2
     2700             1.017               2
     2800             1.017               2
     2900             1.010               5
     3000             1.002               5
     3100             1.004               5
     3200             1.002               10
     3300             1.001               2
     3400             1.002               2
     3500             1.003               2
     3600             1.002               13
     3700             1.003               13
     3800             1.007               13
     3900             1.012               10
     4000             1.012               10
     4100             1.008               10
     4200             1.009               10
     4300             1.005               10
     4400             1.001               13
     4500             1.003               11
     4600             1.007               11
     4700             1.011               2
     4800             1.009               2
     4900             1.015               2
     5000             1.017               2
     5100             1.016               2
     5200             1.015               2
     5300             1.011               2
     5400             1.010               2
     5500             1.006               2
     5600             1.008               2
     5700             1.007               2
     5800             1.005               5
     5900             1.004               5
     6000             1.003               5
     6100             1.005               5
     6200             1.004               5
     6300             1.002               5
     6400             1.003               2
     6500             1.005               2
     6600             1.004               2
     6700             1.003               2
     6800             1.005               2
     6900             1.004               2
     7000             1.004               2
     7100             1.003               2
     7200             1.005               2
     7300             1.005               2
     7400             1.005               2
     7500             1.004               2
     7600             1.001               2
     7700             1.001               2
     7800             1.001               10
     7900             1.001               10
     8000             1.002               10
     8100             1.002               10
     8200             1.004               10
     8300             1.003               10
     8400             1.004               10
     8500             1.005               2
     8600             1.003               10
     8700             1.001               11
     8800             1.001               11
     8900             1.001               11
     9000             1.001               11
     9100             1.003               11
     9200             1.004               2
     9300             1.007               2
     9400             1.008               2
     9500             1.007               2
     9600             1.006               2
     9700             1.008               2
     9800             1.008               2
     9900             1.009               2
     10000            1.008               2


     MCMC EFFECTIVE SAMPLE SIZE (ESS) IN ASCENDING ORDER
        LOWEST 10 PARAMETERS
        PARAMETER    ESS
             2       189
            17       275
             5       278
            10       287
             6       323
            15       324
            11       445
            18       752
            13       957
            16      1106


PLOT INFORMATION

The following plots are available:

  Histograms (sample values)
  Scatterplots (sample values)
  Between-level histograms (sample values, sample means/variances)
  Between-level scatterplots (sample values, sample means/variances)
  Time series plots (sample values, ACF, PACF)
  Histogram of subjects per time point
  Time interval plots
  Bayesian posterior parameter distributions
  Bayesian posterior parameter trace plots
  Bayesian autocorrelation plots

     Beginning Time:  19:28:02
        Ending Time:  21:39:54
       Elapsed Time:  02:11:52



MUTHEN & MUTHEN
3463 Stoner Ave.
Los Angeles, CA  90066

Tel: (310) 391-9971
Fax: (310) 391-8971
Web: www.StatModel.com
Support: Support@StatModel.com

Copyright (c) 1998-2025 Muthen & Muthen
