Mplus VERSION 9 (Linux)
MUTHEN & MUTHEN
10/30/2025   8:31 PM

INPUT INSTRUCTIONS


  TITLE: Two-level AR(1) model for sm_c_b;

  DATA:
    FILE = "data_full.dat";

  VARIABLE:
    NAMES = new_id age female edu edu_low edu_med edu_high nr_dev w1_inet w1_sp w1_pc_nr
       w1_sph_nr w1_tabl_nr date call_c msg_c phot_c call_d msg_d phot_d web_c web_d
       sm_c sm_d w1_date w1b_date w1_date_7 w1_date_30 w1b_date_7 w1b_date_30
       day_before_w1 day_before_w1b w1_7d_window w1b_7d_window w1_30d_window
       w1b_30d_window days_c call_d_l msg_d_l phot_d_l web_d_l sm_d_l call_c_l msg_c_l
       phot_c_l web_c_l sm_c_l days_c_l call_d_l2 msg_d_l2 phot_d_l2 web_d_l2 sm_d_l2
       call_c_l2 msg_c_l2 phot_c_l2 web_c_l2 sm_c_l2 call_c_b msg_c_b phot_c_b web_c_b
       sm_c_b time;
    MISSING = .;
    USEVARIABLES = sm_c_b day_before_w1;
    CATEGORICAL = sm_c_b;
    WITHIN = day_before_w1;
    CLUSTER = new_id;
    TINTERVAL = time (1 time2);

  ANALYSIS:
    TYPE = TWOLEVEL RANDOM;
    ESTIMATOR = BAYES;
    PROCESSORS = 30;
    BITERATIONS = 80000 (10000);
    THIN = 20;

  MODEL:
    %WITHIN%
      f BY sm_c_b@1(&1);
      trend | sm_c_b ON day_before_w1;
      stab | f ON f&1;

  day_before_w1;

    %BETWEEN%
      sm_c_b WITH stab trend;
      stab WITH trend;


  OUTPUT: TECH1 TECH8 TECH4 STDYX residual;

  PLOT: TYPE = PLOT3;



*** WARNING in VARIABLE command
  Note that only the first 8 characters of variable names are used in the output.
  Shorten variable names to avoid any confusion.
*** WARNING in PLOT command
  Note that only the first 8 characters of variable names are used in plots.
  If variable names are not unique within the first 8 characters, problems
  may occur.
*** WARNING
  One or more individual-level variables have no variation within a
  cluster for the following clusters.

     Variable   Cluster IDs with no within-cluster variation

      SM_C_B      415 514 794 1281 2062 1295 750 1796 118 1511 1641 501 490 797 828 468 635 1060
                  168 565 1106 534 1781 2218 397 788 310 1874 8 1055 1187 2217 671 862 1830 497
                  1097 833 388 303 1116 1325 2155 412 407 2134 568 773 996 463 1767 485 1962 1815
                  693 1198 1557 519 1327 554 955 1980 445 494 383 835 2021 2166 1056 1164 181
                  1058 1143 1677 783 1361 1718 218 884 670 1575 869 663 1842 902 762 2034 1666
                  681 1278 1909 319 2039 435 619 104 1082 267 903 1826 1877 1373 424 2192 1043
                  1865 1152 1069 1567 928 421 897 1251 224 358 1599 1212 1053 386 272 1343 427
                  1448 365 1141 922 1901 1109 297 598 1507 1709 1998 664 1122 1092 2194 792 1029
                  704 1180 1099 1328 286 804 2106 934 728 2123 592 2140 1626 1744 108 260 380
                  655 742 803 430 227 818 133 891 338 1468 387 301 287 165 1103 307 250 432 340
                  117 1290 400 184 198 331 413 246 160 1368 1565 328 91 323 1227 197 362 2211
                  370 153 398 317 239 326 263 151 138 284 1098 433 1268 1018 304 211 426 325 110
                  205 241 342 49 210 196 182 2085 148 269 177 132 4 1868 283 1559 290 2223 262
                  193 361 274 2043 276 1536 429 291 447 402 1307 1634 1831 1855 791 2206 1283
                  2049 67 944 1763 932 593 999 1837 1010 2202 622 1088 1618 1513 1202 1019 21
                  1397 1326 933 800 829 1323 1586 3 1406 1442 1518 1424 1395 823 1160 1811 1381
                  1066 499 73 1584 1246 1585 918 1324 1788 743 937 1710 1659 1454 1669 915 62
                  1422 632 1054 45 102 1579 1111 1057 2040 672 1708 1481 1940 1593 653 1558 1859
                  481 1821 2212 1806 1514 1118 1371 2111 1241 725 2147 1760 1445 1847 87 1600
                  1703 1931 895 1951 868 758 1348 2093 1196 1418 943 1773 2196 2073 60 1610 2208
                  79 1778 1601 1817 898 1353 1879 606 2081 541 1412 85 2161 486 639 1612 467 1864
                  815 2114 1523 1614 1080 1720 1934 1863 712 1429 2097 1389 82 894 2179 1254 1315
                  2191 749 1185 1873 1768 941 1372 834 11 1425 2014 1410 1233 906 477 1754 1199
                  1437 691 1086 1727 1041 1608 1623 1466 498 1291 1805 1030 1473 2051 1673 1334
                  802 1542 674 1926 1715 977 1031 1814 1219 1849 2138 1075 103 896 1568 1161 562
                  675 994 1462 702 2056 1902 1497 2035 1845 1991 1916 1460 1167 1917 1964 2082
                  1697 64 2091 1220 910 685 986 809 963 992 1957 786 733 100 1963 2024 29 1528
                  1786 1875 1956 1562 1154 1979 1151 1423 1803 615 1081 579 1546 1654 1707 1493
                  2151 1644 1573 959 1714 1309 1851 909 1946 1695 1480 956 1504 678 642 1137 696
                  864 1923 1801 1256 1777 831 2076 968 1067 914 735 1379 1401 1498 1947 1939 1822
                  665 89 995 2016 2182 2127 2122 39 964 1999 1035 1793 1415 764 38 553 1561 1250
                  2213 1451 1986 1532 1517 1508 2098 1680 1461 1147 20 2136 789 763 1237 78 1701
                  1028 1477 638 2003 2169 782 12 810 470 1172 1515 1378 1935 2221 1966 1987 1200
                  1789 2095 870 2018 801 1751 993 1779 979 723 1470 2203 1392 2037 1937 958 1386
                  849 1869 1900 1647 1861 747 1522 590 740 1905 1914 744 1400 1032 938 1128 1856
                  987 1231 1272 1243 756 904 552 1904 2174 2010 1661 973 520 1896 970 1743 1609
                  892 1345 1021 1810 1089 2068 2184 1404 1782 1693 2121 989 1431 1675 540 1997
                  10 1915 1174 40 1833 1564 1648 1218 32 601 741 1907 710 1002 2026 761 2063 755

   3 WARNING(S) FOUND IN THE INPUT INSTRUCTIONS



Two-level AR(1) model for sm_c_b;

SUMMARY OF ANALYSIS

Number of groups                                                 1
Number of observations                                       36106

Number of dependent variables                                    1
Number of independent variables                                  1
Number of continuous latent variables                            4

Observed dependent variables

  Binary and ordered categorical (ordinal)
   SM_C_B

Observed independent variables
   DAY_BEFO

Continuous latent variables
   F           F&1         TREND       STAB

Variables with special functions

  Cluster variable      NEW_ID

  Within variables
   DAY_BEFO


Estimator                                                    BAYES
Specifications for Bayesian Estimation
  Point estimate                                            MEDIAN
  Number of Markov chain Monte Carlo (MCMC) chains               2
  Random seed for the first chain                                0
  Starting value information                           UNPERTURBED
  Algorithm used for Markov chain Monte Carlo           GIBBS(PX1)
  Convergence criterion                                  0.500D-01
  Maximum number of iterations                               80000
  K-th iteration used for thinning                              20
Link                                                        PROBIT

Input data file(s)
  data_full.dat
Input data format  FREE


SUMMARY OF DATA

     Number of clusters                       1302

       Size (s)    Cluster ID with Size s

          2        415
          3        514
          4        794
          5        1281 2062
          6        1295 750 1796 118 1511 1641 501 657 490
          7        797 828 468 635 1060 352 168
          8        146 565 706 1106 534 98 1781 2218 397 679
          9        788 310 573 1874
         10        8 1055 1187 2217 671
         11        862 1830 497 1097 833 388
         12        261 303 1116 27
         13        1325 245 1446
         14        2155 1853 1771 574
         15        412 407 2134 568
         16        773 1974 996 1038 463 1540 752
         17        1767 1146 2012 485 1962 1815
         18        693 1198 1557 519 1327 271 554 955 1197 769 1177 1980
                   1886 445 494
         19        2144 383 1899 647 835 2021 1735 2166 2207 1776
         20        1188 226 1056 1164 181 1140 1058 247 1978 189 1143 900
                   771 1677 1025 783 1361 1718 218 884 670
         21        521 1136 1766 1575 988 869 663
         22        1842 337 2139 902 1890 363 762 931 825 1211 2103 2034
                   2120 1101 768 620
         23        1666 1084 538 384 681 982 1278 1909 319 2039 435 1662
                   619 341 1273 104
         24        1082 267 441 1520 903 1826 586 1888 420 1877 546 1373
                   1732 1079 1676 760 424 2192 1043 1486 394 457 1865 1152
         25        1069 1567 1574 928 421 897 1155 442 1251 224 270 1706
                   358 1605 1430 1282 1599 1780 1212 411 1053 386
         26        272 1343 427 1448 365 1141 922 1337 2007 2116 1049 454
                   701 1901 1549 584 1109 297 598 173 1507
         27        636 1709 1998 1594 664 1159 1122 967 1302 1270 121 991
                   2210 392 1092 2194 792 1723 293 1317 1029 1184 704 1224
                   611 1180 1099 371 1328
         28        1971 286 830 804 1876 2106 2129 667 583 191 934 537
                   492 728 1544 406 978 774 2123 592 206 2140 1968 812
                   1626 1551 808 1744 108 260 957 380 1339 495 631 974
                   1516 566 1587 655 2183 742 803 430 227 818 1691 26 536
                   237 524 133 891 338 1834
         29        399 357 1468 455 229 387 405 301 249 287 165 453 203
                   1103 207 320 307 414 416 250 137 188 432 340 117 220
                   1290 446 443 400 217 282 376 143 360 184 198 353 295
                   252 1615 393 331 157 413 246 160 1368 1565 328 91 981
                   240 204 323 1227 235 1527 1797 197 362 2211 1860 318
                   316 149 370 167 298 153 422 451 398 172 317 239 326
                   354 396 180 437 277 264 263 151 186 138 284 296 309
                   1098 1210 433 347 268 1818 377 1268 111 1637 1018 322
                   30 418 304 211 426 1299 1808 325 110 205 332 241 372
                   142 342 49 210 196 1938 129 417 182 187 147 2085 148
                   368 269 212 177 419 349 163 132 4 423 1868 314 283 1559
                   290 2223 262 193 452 1458 361 274 2043 410 330 276 294
                   1536 440 115 428 278 429 291 109 155 447 253 402
         30        1307 1634 2028 1831 1855 791 2206 1524 1283 1829 2049
                   67 944 1763 1919 1989 932 57 593 999 1589 1837 695 1453
                   1668 2020 1010 1135 2202 2195 52 622 1088 1985 1955
                   1618 1513 1202 1019 21 793 1397 1326 933 1653 2163 1643
                   772 800 829 1872 1467 1798 1323 1586 3 2067 1406 1442
                   1518 1424 1395 823 1160 2001 84 1008 1100 1811 1381
                   1645 1066 6 499 517 99 605 73 1584 1213 1977 1246 1298
                   1585 918 564 1887 1324 646 2036 1788 743 937 853 1710
                   1659 2000 461 1303 1454 1669 1950 915 1311 1016 930
                   62 1114 63 1015 33 1770 1422 2118 1096 632 767 1054
                   719 45 1249 476 102 1579 738 597 1111 692 946 1057 18
                   558 2040 858 97 672 1708 2047 1481 1940 1360 1115 1593
                   653 1558 482 2216 1024 1928 1859 1823 481 1821 1175
                   2212 1806 1514 1118 2119 1371 2111 1839 908 1241 725
                   1004 2147 1760 1445 1847 87 471 1600 1703 983 1931 895
                   1951 1062 868 924 889 1502 758 1348 616 2093 1196 1191
                   1418 2030 1388 943 703 515 609 1773 2196 2073 74 60
                   2132 2015 1610 2208 79 1778 1064 1601 1817 1501 2099
                   1624 1891 2199 898 1095 1353 2137 1625 1879 822 874
                   1813 606 2081 1023 541 2126 1412 1611 85 1576 613 1432
                   2161 35 1604 1110 486 717 639 2069 1612 467 745 508
                   839 2165 1864 1591 940 815 1686 2114 1523 1614 9 13
                   1013 1080 1720 1687 1934 1627 686 1863 2219 475 739
                   547 1350 712 1538 732 784 2 1429 1248 2097 1389 1207
                   82 894 2179 1214 1254 1512 1315 2191 749 1314 1185 645
                   1873 1768 1509 941 1372 2038 834 11 1425 557 602 2014
                   1410 1835 1233 906 2064 477 1754 1199 1472 1437 691
                   1086 86 1727 1041 1608 1091 2065 1623 1554 1466 498
                   1291 1201 1870 1805 1030 1473 2051 1673 1465 1534 1334
                   518 802 1365 1113 1542 674 1926 2141 1674 1734 1715
                   977 1696 1077 1181 1031 618 1814 1044 1219 1849 2138
                   1075 103 896 871 1568 1161 92 821 562 675 1264 994 1882
                   1462 1981 702 36 630 1330 929 44 2056 1972 1902 669
                   1497 1961 2035 1759 1845 1991 1745 1033 1916 2159 1850
                   1460 880 599 2059 1167 2135 837 813 1924 1917 1964 722
                   1953 1570 2082 643 2070 556 1697 1276 680 64 1930 2091
                   72 1220 1790 910 685 25 986 809 963 992 1957 504 786
                   733 100 1840 506 1963 953 2024 29 1525 1528 1786 1629
                   711 1875 746 1956 544 827 1562 1607 1154 1979 1656 1001
                   1151 684 19 1423 1259 1803 615 1632 1081 579 1992 1546
                   1654 720 1707 1493 1171 603 2151 69 2101 1644 1774 1573
                   959 559 885 1714 1309 1851 909 1946 1716 582 1695 1480
                   947 956 1121 1504 1139 678 1163 2088 642 2117 555 753
                   1137 77 1713 696 864 1785 1923 2075 1801 48 1256 59
                   726 1777 561 831 1784 2076 37 968 859 1809 1067 927
                   2019 2150 914 735 1379 1232 1401 1498 1947 1939 628
                   1822 665 89 2131 1943 1305 995 1646 2185 1203 2016 1216
                   807 2182 2127 2122 682 1266 998 39 964 1999 1035 1793
                   875 2112 2052 1731 1415 1942 764 1230 38 553 1561 1757
                   600 1967 1828 1984 1250 2213 2187 1451 1986 1436 1532
                   1517 1508 644 1918 1421 714 2098 2044 1680 1461 507
                   1147 20 2136 789 105 1595 1944 763 1237 46 78 474 1070
                   488 1485 1701 523 1581 1572 1028 1477 638 1819 2003
                   2169 1263 782 1225 12 810 1881 1895 1704 88 2148 470
                   2154 1172 1515 1378 2023 1020 1935 1356 2221 2002 1488
                   1966 2145 1987 1200 1789 2095 971 870 1560 2018 2157
                   801 1478 1487 1751 993 2160 718 1779 866 876 979 723
                   1799 1470 2203 1392 2037 1937 1402 958 1386 1588 849
                   1869 1900 1189 1812 1647 2224 1861 1022 747 1522 65
                   2061 590 780 901 93 740 1905 1914 744 525 1190 1729
                   751 2013 1400 1032 938 1128 1346 860 648 1856 1619 987
                   550 502 1231 882 1272 2197 1755 1294 1071 709 1243 484
                   855 756 926 904 1613 2181 552 1904 1878 1912 1765 1061
                   2174 2010 1661 1491 973 520 1896 970 1133 1743 1609
                   892 1131 997 1345 965 1580 2198 1021 1352 1810 500 1671
                   1089 1074 2068 2184 1791 1404 640 2115 1782 633 1693
                   1280 1660 1590 90 2121 1117 989 95 1431 1675 731 1050
                   540 1340 1003 899 1335 1236 1997 10 1387 966 886 1692
                   1182 1915 1678 1174 40 845 1833 1564 1648 288 1218 32
                   814 601 741 1034 1907 710 1002 1639 2022 2026 1366 761
                   2063 1104 2171 755



COVARIANCE COVERAGE OF DATA

Minimum covariance coverage value   0.100

     Number of missing data patterns             2


     PROPORTION OF DATA PRESENT


           Covariance Coverage
              SM_C_B        DAY_BEFO
              ________      ________
 SM_C_B         0.701
 DAY_BEFO       0.701         0.701


UNIVARIATE PROPORTIONS AND COUNTS FOR CATEGORICAL VARIABLES

    SM_C_B
      Category 1    0.435        11003.000
      Category 2    0.565        14300.000



UNIVARIATE SAMPLE STATISTICS


     UNIVARIATE HIGHER-ORDER MOMENT DESCRIPTIVE STATISTICS

         Variable/         Mean/     Skewness/   Minimum/ % with                Percentiles
        Sample Size      Variance    Kurtosis    Maximum  Min/Max      20%/60%    40%/80%    Median

     DAY_BEFORE_W1       -14.739       0.041     -29.000    3.21%     -23.000    -18.000    -15.000
           25303.000      72.144      -1.158       0.000    3.26%     -12.000     -6.000


     THE CONVERGENCE CRITERION IS NOT SATISFIED.
     INCREASE THE MAXIMUM NUMBER OF ITERATIONS OR INCREASE
     THE CONVERGENCE CRITERION.






MODEL RESULTS

                    Estimate

Within Level

 F        BY
    SM_C_B             1.000

 Means
    DAY_BEFORE       -14.793

 Variances
    DAY_BEFORE        73.205

 Residual Variances
    F                115.323

Between Level

 SM_C_B   WITH
    STAB               2.704
    TREND              0.874

 STAB     WITH
    TREND              0.005

 Means
    TREND              0.054
    STAB               0.202

 Thresholds
    SM_C_B$1          -3.159

 Variances
    SM_C_B           911.619
    TREND              0.089
    STAB               0.086


MODEL COMMAND WITH FINAL ESTIMATES USED AS STARTING VALUES

     %WITHIN%

     trend | sm_c_b ON day_before_w1;
     stab | f ON f&1;

     f BY sm_c_b@1;

     [ day_before_w1*-14.79321 ];

     day_before_w1*73.20539;
     f*115.32289;

     %BETWEEN%

     sm_c_b WITH stab*2.70356;
     sm_c_b WITH trend*0.87398;
     stab WITH trend*0.00500;

     [ trend*0.05421 ];
     [ stab*0.20236 ];

     [ sm_c_b$1*-3.15912 ];

     sm_c_b*911.61871;
     trend*0.08879;
     stab*0.08598;



TECHNICAL 1 OUTPUT


     PARAMETER SPECIFICATION FOR WITHIN


           TAU
              SM_C_B$1
              ________
                    0


           NU
              SM_C_B        DAY_BEFO
              ________      ________
                    0             0


           LAMBDA
              F             F&1           SM_C_B        DAY_BEFO
              ________      ________      ________      ________
 SM_C_B             0             0             0             0
 DAY_BEFO           0             0             0             0


           THETA
              SM_C_B        DAY_BEFO
              ________      ________
 SM_C_B             0
 DAY_BEFO           0             0


           ALPHA
              F             F&1           SM_C_B        DAY_BEFO
              ________      ________      ________      ________
                    0             0             0             1


           BETA
              F             F&1           SM_C_B        DAY_BEFO
              ________      ________      ________      ________
 F                  0             0             0             0
 F&1                0             0             0             0
 SM_C_B             0             0             0             0
 DAY_BEFO           0             0             0             0


           PSI
              F             F&1           SM_C_B        DAY_BEFO
              ________      ________      ________      ________
 F                  2
 F&1                0             0
 SM_C_B             0             0             0
 DAY_BEFO           0             0             0             3


     PARAMETER SPECIFICATION FOR BETWEEN


           TAU
              SM_C_B$1
              ________
                   12


           NU
              SM_C_B
              ________
                    0


           LAMBDA
              TREND         STAB          SM_C_B
              ________      ________      ________
 SM_C_B             0             0             0


           THETA
              SM_C_B
              ________
 SM_C_B             0


           ALPHA
              TREND         STAB          SM_C_B
              ________      ________      ________
                    4             5             0


           BETA
              TREND         STAB          SM_C_B
              ________      ________      ________
 TREND              0             0             0
 STAB               0             0             0
 SM_C_B             0             0             0


           PSI
              TREND         STAB          SM_C_B
              ________      ________      ________
 TREND              6
 STAB               7             8
 SM_C_B             9            10            11


     STARTING VALUES FOR WITHIN


           TAU
              SM_C_B$1
              ________
                0.000


           NU
              SM_C_B        DAY_BEFO
              ________      ________
                0.000         0.000


           LAMBDA
              F             F&1           SM_C_B        DAY_BEFO
              ________      ________      ________      ________
 SM_C_B         0.000         0.000         1.000         0.000
 DAY_BEFO       0.000         0.000         0.000         1.000


           THETA
              SM_C_B        DAY_BEFO
              ________      ________
 SM_C_B         0.000
 DAY_BEFO       0.000         0.000


           ALPHA
              F             F&1           SM_C_B        DAY_BEFO
              ________      ________      ________      ________
                0.000         0.000         0.000       -14.739


           BETA
              F             F&1           SM_C_B        DAY_BEFO
              ________      ________      ________      ________
 F              0.000         0.000         0.000         0.000
 F&1            0.000         0.000         0.000         0.000
 SM_C_B         1.000         0.000         0.000         0.000
 DAY_BEFO       0.000         0.000         0.000         0.000


           PSI
              F             F&1           SM_C_B        DAY_BEFO
              ________      ________      ________      ________
 F              1.000
 F&1            0.000         1.000
 SM_C_B         0.000         0.000         1.000
 DAY_BEFO       0.000         0.000         0.000        36.072


     STARTING VALUES FOR BETWEEN


           TAU
              SM_C_B$1
              ________
               -0.146


           NU
              SM_C_B
              ________
                0.000


           LAMBDA
              TREND         STAB          SM_C_B
              ________      ________      ________
 SM_C_B         0.000         0.000         1.000


           THETA
              SM_C_B
              ________
 SM_C_B         0.000


           ALPHA
              TREND         STAB          SM_C_B
              ________      ________      ________
                0.000         0.000         0.000


           BETA
              TREND         STAB          SM_C_B
              ________      ________      ________
 TREND          0.000         0.000         0.000
 STAB           0.000         0.000         0.000
 SM_C_B         0.000         0.000         0.000


           PSI
              TREND         STAB          SM_C_B
              ________      ________      ________
 TREND          1.000
 STAB           0.000         1.000
 SM_C_B         0.000         0.000         1.000



     PRIORS FOR ALL PARAMETERS            PRIOR MEAN      PRIOR VARIANCE     PRIOR STD. DEV.

     Parameter 1~N(0.000,infinity)           0.0000            infinity            infinity
     Parameter 2~IG(-1.000,0.000)          infinity            infinity            infinity
     Parameter 3~IG(-1.000,0.000)          infinity            infinity            infinity
     Parameter 4~N(0.000,infinity)           0.0000            infinity            infinity
     Parameter 5~N(0.000,infinity)           0.0000            infinity            infinity
     Parameter 6~IW(1.000,4)               infinity            infinity            infinity
     Parameter 7~IW(0.000,4)               infinity            infinity            infinity
     Parameter 8~IW(1.000,4)               infinity            infinity            infinity
     Parameter 9~IW(0.000,4)               infinity            infinity            infinity
     Parameter 10~IW(0.000,4)              infinity            infinity            infinity
     Parameter 11~IW(1.000,4)              infinity            infinity            infinity
     Parameter 12~N(0.000,5.000)             0.0000              5.0000              2.2361


TECHNICAL 8 OUTPUT


   TECHNICAL 8 OUTPUT FOR BAYES ESTIMATION

     PROCESSOR    BSEED
     1            0
     2            285380
     3            253358
     4            93468
     5            608496
     6            903420
     7            195873
     8            462953
     9            939021
     10           127215
     11           415931
     12           533738
     13           107446
     14           399671
     15           650371
     16           27071
     17           76974
     18           68985
     19           851945
     20           637345
     21           573096
     22           902278
     23           887676
     24           372176
     25           347515
     26           207896
     27           569131
     28           364676
     29           392418
     30           366706

                     POTENTIAL       PARAMETER WITH
     ITERATION    SCALE REDUCTION      HIGHEST PSR
     100              1.889               10
     200              1.196               10
     300              1.549               10
     400              1.280               11
     500              1.115               10
     600              1.140               10
     700              1.059               8
     800              1.100               9
     900              1.075               8
     1000             1.052               8
     1100             1.030               2
     1200             1.124               10
     1300             1.273               10
     1400             1.199               10
     1500             1.198               10
     1600             1.247               10
     1700             1.260               10
     1800             1.212               10
     1900             1.260               10
     2000             1.267               10
     2100             1.226               10
     2200             1.108               10
     2300             1.056               2
     2400             1.086               2
     2500             1.113               2
     2600             1.135               2
     2700             1.155               2
     2800             1.179               2
     2900             1.211               2
     3000             1.263               2
     3100             1.318               2
     3200             1.376               2
     3300             1.412               2
     3400             1.463               2
     3500             1.517               2
     3600             1.529               2
     3700             1.579               2
     3800             1.637               2
     3900             1.671               2
     4000             1.739               2
     4100             1.831               2
     4200             1.887               2
     4300             1.932               2
     4400             1.989               11
     4500             2.103               11
     4600             2.194               11
     4700             2.211               11
     4800             2.203               11
     4900             2.216               11
     5000             2.192               2
     5100             2.186               2
     5200             2.136               2
     5300             2.138               11
     5400             2.163               11
     5500             2.132               11
     5600             2.067               11
     5700             2.023               11
     5800             2.001               11
     5900             1.999               11
     6000             2.002               11
     6100             2.007               11
     6200             2.026               11
     6300             1.977               11
     6400             1.959               11
     6500             1.971               2
     6600             1.986               2
     6700             1.986               2
     6800             1.978               2
     6900             1.967               2
     7000             1.914               2
     7100             1.917               2
     7200             1.928               2
     7300             1.937               2
     7400             1.930               2
     7500             1.928               2
     7600             1.916               2
     7700             1.900               2
     7800             1.898               2
     7900             1.891               2
     8000             1.875               2
     8100             1.876               2
     8200             1.892               2
     8300             1.877               2
     8400             1.826               2
     8500             1.777               2
     8600             1.751               2
     8700             1.724               2
     8800             1.687               11
     8900             1.686               11
     9000             1.673               11
     9100             1.647               11
     9200             1.607               11
     9300             1.563               11
     9400             1.541               2
     9500             1.527               2
     9600             1.503               2
     9700             1.500               11
     9800             1.501               11
     9900             1.497               11
     10000            1.493               11
     10100            1.493               11
     10200            1.492               11
     10300            1.495               11
     10400            1.505               2
     10500            1.513               2
     10600            1.511               2
     10700            1.511               2
     10800            1.512               2
     10900            1.506               2
     11000            1.489               2
     11100            1.478               2
     11200            1.466               11
     11300            1.462               11
     11400            1.463               11
     11500            1.467               11
     11600            1.470               11
     11700            1.470               11
     11800            1.473               11
     11900            1.471               11
     12000            1.473               11
     12100            1.471               11
     12200            1.472               11
     12300            1.479               11
     12400            1.492               11
     12500            1.503               11
     12600            1.511               11
     12700            1.523               11
     12800            1.534               11
     12900            1.548               8
     13000            1.560               8
     13100            1.564               8
     13200            1.563               8
     13300            1.573               8
     13400            1.581               8
     13500            1.579               8
     13600            1.588               8
     13700            1.598               8
     13800            1.618               8
     13900            1.631               8
     14000            1.641               8
     14100            1.645               8
     14200            1.647               8
     14300            1.653               8
     14400            1.660               8
     14500            1.659               8
     14600            1.643               8
     14700            1.639               8
     14800            1.632               8
     14900            1.638               8
     15000            1.650               8
     15100            1.653               8
     15200            1.656               8
     15300            1.656               8
     15400            1.662               8
     15500            1.672               8
     15600            1.687               8
     15700            1.699               8
     15800            1.709               8
     15900            1.708               8
     16000            1.714               8
     16100            1.711               8
     16200            1.706               8
     16300            1.705               8
     16400            1.715               8
     16500            1.722               8
     16600            1.723               8
     16700            1.730               8
     16800            1.732               8
     16900            1.732               8
     17000            1.733               8
     17100            1.730               8
     17200            1.730               8
     17300            1.701               8
     17400            1.670               8
     17500            1.667               8
     17600            1.671               8
     17700            1.672               8
     17800            1.669               8
     17900            1.661               8
     18000            1.674               8
     18100            1.691               8
     18200            1.694               8
     18300            1.691               8
     18400            1.692               8
     18500            1.693               8
     18600            1.695               8
     18700            1.699               8
     18800            1.704               8
     18900            1.713               8
     19000            1.712               8
     19100            1.705               8
     19200            1.702               8
     19300            1.701               8
     19400            1.672               8
     19500            1.648               8
     19600            1.632               8
     19700            1.610               8
     19800            1.603               8
     19900            1.595               8
     20000            1.584               8
     20100            1.576               8
     20200            1.575               10
     20300            1.589               10
     20400            1.596               10
     20500            1.599               10
     20600            1.602               10
     20700            1.615               10
     20800            1.628               10
     20900            1.646               10
     21000            1.664               10
     21100            1.680               10
     21200            1.700               10
     21300            1.694               10
     21400            1.674               10
     21500            1.665               10
     21600            1.663               10
     21700            1.665               10
     21800            1.679               10
     21900            1.679               10
     22000            1.667               10
     22100            1.647               10
     22200            1.630               10
     22300            1.601               10
     22400            1.585               10
     22500            1.568               10
     22600            1.557               10
     22700            1.547               10
     22800            1.539               10
     22900            1.524               10
     23000            1.498               10
     23100            1.479               10
     23200            1.474               10
     23300            1.466               10
     23400            1.461               10
     23500            1.453               10
     23600            1.445               10
     23700            1.439               10
     23800            1.440               10
     23900            1.446               10
     24000            1.454               10
     24100            1.463               10
     24200            1.468               10
     24300            1.470               10
     24400            1.474               10
     24500            1.477               10
     24600            1.482               10
     24700            1.488               10
     24800            1.487               10
     24900            1.483               10
     25000            1.481               10
     25100            1.473               10
     25200            1.472               10
     25300            1.475               10
     25400            1.473               10
     25500            1.468               10
     25600            1.465               10
     25700            1.458               10
     25800            1.452               10
     25900            1.451               10
     26000            1.450               10
     26100            1.449               10
     26200            1.446               10
     26300            1.448               10
     26400            1.447               10
     26500            1.448               10
     26600            1.446               10
     26700            1.445               10
     26800            1.451               10
     26900            1.457               10
     27000            1.451               10
     27100            1.446               10
     27200            1.441               10
     27300            1.438               10
     27400            1.437               10
     27500            1.434               10
     27600            1.437               10
     27700            1.442               10
     27800            1.447               10
     27900            1.444               10
     28000            1.430               10
     28100            1.420               10
     28200            1.413               10
     28300            1.410               10
     28400            1.404               10
     28500            1.400               10
     28600            1.396               10
     28700            1.386               10
     28800            1.373               10
     28900            1.365               10
     29000            1.364               10
     29100            1.362               10
     29200            1.362               10
     29300            1.357               10
     29400            1.341               10
     29500            1.322               10
     29600            1.314               8
     29700            1.307               8
     29800            1.307               8
     29900            1.307               8
     30000            1.304               8
     30100            1.303               8
     30200            1.303               8
     30300            1.305               8
     30400            1.309               8
     30500            1.312               8
     30600            1.315               8
     30700            1.315               8
     30800            1.315               8
     30900            1.313               8
     31000            1.306               8
     31100            1.301               8
     31200            1.297               10
     31300            1.302               10
     31400            1.304               10
     31500            1.305               10
     31600            1.303               10
     31700            1.304               10
     31800            1.304               10
     31900            1.306               10
     32000            1.306               10
     32100            1.305               10
     32200            1.306               10
     32300            1.306               10
     32400            1.305               10
     32500            1.300               10
     32600            1.296               10
     32700            1.295               10
     32800            1.292               10
     32900            1.289               10
     33000            1.283               10
     33100            1.279               10
     33200            1.276               10
     33300            1.275               10
     33400            1.275               10
     33500            1.273               10
     33600            1.270               10
     33700            1.265               10
     33800            1.260               10
     33900            1.255               10
     34000            1.248               10
     34100            1.239               10
     34200            1.234               10
     34300            1.231               10
     34400            1.226               10
     34500            1.225               2
     34600            1.229               2
     34700            1.233               2
     34800            1.235               2
     34900            1.237               2
     35000            1.238               2
     35100            1.240               2
     35200            1.241               2
     35300            1.242               2
     35400            1.243               2
     35500            1.245               2
     35600            1.249               2
     35700            1.255               2
     35800            1.259               2
     35900            1.261               2
     36000            1.265               2
     36100            1.267               2
     36200            1.273               2
     36300            1.279               2
     36400            1.283               2
     36500            1.284               2
     36600            1.285               2
     36700            1.288               2
     36800            1.290               2
     36900            1.291               2
     37000            1.293               2
     37100            1.294               2
     37200            1.294               2
     37300            1.293               2
     37400            1.291               2
     37500            1.291               2
     37600            1.290               2
     37700            1.287               2
     37800            1.288               2
     37900            1.292               2
     38000            1.296               2
     38100            1.298               2
     38200            1.301               2
     38300            1.303               2
     38400            1.304               2
     38500            1.306               2
     38600            1.307               2
     38700            1.311               2
     38800            1.314               2
     38900            1.312               2
     39000            1.310               2
     39100            1.307               2
     39200            1.307               2
     39300            1.307               2
     39400            1.309               2
     39500            1.312               2
     39600            1.316               2
     39700            1.321               2
     39800            1.324               2
     39900            1.328               2
     40000            1.334               2
     40100            1.339               2
     40200            1.341               2
     40300            1.341               2
     40400            1.338               2
     40500            1.333               2
     40600            1.326               2
     40700            1.322               2
     40800            1.322               2
     40900            1.320               2
     41000            1.316               2
     41100            1.316               2
     41200            1.310               2
     41300            1.301               2
     41400            1.293               2
     41500            1.283               2
     41600            1.271               2
     41700            1.257               2
     41800            1.245               2
     41900            1.234               2
     42000            1.219               2
     42100            1.208               11
     42200            1.198               11
     42300            1.188               11
     42400            1.178               11
     42500            1.168               11
     42600            1.158               11
     42700            1.152               8
     42800            1.153               8
     42900            1.153               8
     43000            1.156               8
     43100            1.156               8
     43200            1.155               8
     43300            1.155               8
     43400            1.153               8
     43500            1.150               8
     43600            1.150               8
     43700            1.150               8
     43800            1.147               8
     43900            1.145               8
     44000            1.142               8
     44100            1.140               8
     44200            1.138               8
     44300            1.138               8
     44400            1.137               8
     44500            1.137               8
     44600            1.139               8
     44700            1.141               8
     44800            1.141               8
     44900            1.140               8
     45000            1.139               8
     45100            1.138               8
     45200            1.137               8
     45300            1.137               8
     45400            1.134               8
     45500            1.130               8
     45600            1.128               8
     45700            1.125               8
     45800            1.122               8
     45900            1.118               8
     46000            1.117               8
     46100            1.116               8
     46200            1.115               8
     46300            1.113               8
     46400            1.110               8
     46500            1.109               8
     46600            1.108               8
     46700            1.109               8
     46800            1.109               8
     46900            1.108               8
     47000            1.108               8
     47100            1.109               8
     47200            1.110               8
     47300            1.109               8
     47400            1.109               8
     47500            1.109               8
     47600            1.109               8
     47700            1.109               8
     47800            1.109               8
     47900            1.108               8
     48000            1.108               8
     48100            1.107               8
     48200            1.109               8
     48300            1.109               8
     48400            1.110               8
     48500            1.109               8
     48600            1.108               8
     48700            1.108               8
     48800            1.107               8
     48900            1.103               8
     49000            1.101               8
     49100            1.102               8
     49200            1.102               8
     49300            1.101               8
     49400            1.099               8
     49500            1.098               8
     49600            1.097               8
     49700            1.096               8
     49800            1.094               8
     49900            1.092               8
     50000            1.089               8
     50100            1.085               8
     50200            1.083               8
     50300            1.081               2
     50400            1.081               2
     50500            1.082               2
     50600            1.083               2
     50700            1.083               2
     50800            1.083               2
     50900            1.083               2
     51000            1.084               2
     51100            1.086               2
     51200            1.088               2
     51300            1.089               2
     51400            1.090               2
     51500            1.090               2
     51600            1.091               2
     51700            1.091               2
     51800            1.091               2
     51900            1.091               2
     52000            1.090               2
     52100            1.089               2
     52200            1.089               2
     52300            1.089               2
     52400            1.089               2
     52500            1.090               2
     52600            1.091               2
     52700            1.091               2
     52800            1.092               2
     52900            1.093               2
     53000            1.093               2
     53100            1.094               2
     53200            1.094               2
     53300            1.094               2
     53400            1.094               2
     53500            1.094               2
     53600            1.093               2
     53700            1.093               2
     53800            1.094               2
     53900            1.094               2
     54000            1.094               2
     54100            1.094               2
     54200            1.095               2
     54300            1.096               2
     54400            1.097               2
     54500            1.098               2
     54600            1.100               2
     54700            1.100               2
     54800            1.099               2
     54900            1.098               2
     55000            1.098               2
     55100            1.098               2
     55200            1.098               2
     55300            1.099               2
     55400            1.100               2
     55500            1.101               2
     55600            1.102               2
     55700            1.104               2
     55800            1.105               2
     55900            1.106               2
     56000            1.107               2
     56100            1.108               2
     56200            1.109               2
     56300            1.110               2
     56400            1.110               2
     56500            1.110               2
     56600            1.110               2
     56700            1.111               2
     56800            1.112               2
     56900            1.113               2
     57000            1.115               2
     57100            1.116               2
     57200            1.116               2
     57300            1.117               2
     57400            1.117               2
     57500            1.118               2
     57600            1.118               2
     57700            1.119               2
     57800            1.119               2
     57900            1.118               2
     58000            1.117               2
     58100            1.116               2
     58200            1.116               2
     58300            1.116               2
     58400            1.115               2
     58500            1.115               2
     58600            1.115               2
     58700            1.115               2
     58800            1.115               2
     58900            1.115               2
     59000            1.114               2
     59100            1.115               2
     59200            1.115               2
     59300            1.115               2
     59400            1.116               2
     59500            1.117               2
     59600            1.117               2
     59700            1.116               2
     59800            1.116               2
     59900            1.118               8
     60000            1.120               8
     60100            1.121               8
     60200            1.121               8
     60300            1.121               8
     60400            1.121               8
     60500            1.120               8
     60600            1.119               8
     60700            1.117               8
     60800            1.116               8
     60900            1.114               8
     61000            1.112               8
     61100            1.113               2
     61200            1.115               2
     61300            1.116               2
     61400            1.117               2
     61500            1.119               2
     61600            1.122               2
     61700            1.124               2
     61800            1.126               2
     61900            1.128               2
     62000            1.131               2
     62100            1.133               2
     62200            1.134               2
     62300            1.136               2
     62400            1.136               2
     62500            1.137               2
     62600            1.137               2
     62700            1.138               2
     62800            1.138               2
     62900            1.139               2
     63000            1.141               2
     63100            1.142               2
     63200            1.143               2
     63300            1.144               2
     63400            1.145               2
     63500            1.146               2
     63600            1.147               2
     63700            1.148               2
     63800            1.149               2
     63900            1.150               2
     64000            1.150               2
     64100            1.149               2
     64200            1.148               2
     64300            1.146               2
     64400            1.146               2
     64500            1.146               2
     64600            1.146               2
     64700            1.146               2
     64800            1.146               2
     64900            1.147               2
     65000            1.147               2
     65100            1.148               2
     65200            1.148               2
     65300            1.149               2
     65400            1.150               2
     65500            1.151               2
     65600            1.152               2
     65700            1.153               2
     65800            1.155               2
     65900            1.156               2
     66000            1.157               2
     66100            1.158               2
     66200            1.159               2
     66300            1.160               2
     66400            1.161               2
     66500            1.161               2
     66600            1.161               2
     66700            1.162               2
     66800            1.162               2
     66900            1.163               2
     67000            1.163               2
     67100            1.163               2
     67200            1.163               2
     67300            1.164               2
     67400            1.166               2
     67500            1.168               2
     67600            1.170               2
     67700            1.172               2
     67800            1.174               2
     67900            1.175               2
     68000            1.177               2
     68100            1.179               2
     68200            1.179               2
     68300            1.179               2
     68400            1.177               2
     68500            1.176               2
     68600            1.174               2
     68700            1.172               2
     68800            1.169               2
     68900            1.167               2
     69000            1.164               2
     69100            1.160               2
     69200            1.158               2
     69300            1.156               2
     69400            1.153               2
     69500            1.150               2
     69600            1.148               2
     69700            1.145               2
     69800            1.143               2
     69900            1.140               2
     70000            1.139               2
     70100            1.137               2
     70200            1.136               2
     70300            1.134               2
     70400            1.132               2
     70500            1.130               2
     70600            1.128               2
     70700            1.125               2
     70800            1.123               2
     70900            1.121               2
     71000            1.119               8
     71100            1.120               8
     71200            1.123               8
     71300            1.125               8
     71400            1.127               8
     71500            1.128               8
     71600            1.129               8
     71700            1.130               8
     71800            1.131               8
     71900            1.132               8
     72000            1.132               8
     72100            1.132               8
     72200            1.132               8
     72300            1.133               8
     72400            1.133               8
     72500            1.133               8
     72600            1.132               8
     72700            1.131               8
     72800            1.131               8
     72900            1.131               8
     73000            1.130               8
     73100            1.131               8
     73200            1.131               8
     73300            1.131               8
     73400            1.132               8
     73500            1.133               8
     73600            1.134               2
     73700            1.135               2
     73800            1.137               2
     73900            1.139               2
     74000            1.141               2
     74100            1.143               2
     74200            1.145               2
     74300            1.147               2
     74400            1.150               2
     74500            1.151               2
     74600            1.152               2
     74700            1.153               2
     74800            1.154               2
     74900            1.155               2
     75000            1.156               2
     75100            1.157               2
     75200            1.158               2
     75300            1.158               2
     75400            1.157               2
     75500            1.157               2
     75600            1.155               2
     75700            1.154               2
     75800            1.153               2
     75900            1.152               2
     76000            1.150               2
     76100            1.149               2
     76200            1.148               2
     76300            1.147               2
     76400            1.147               2
     76500            1.146               2
     76600            1.146               2
     76700            1.145               2
     76800            1.145               2
     76900            1.145               2
     77000            1.145               2
     77100            1.144               2
     77200            1.144               2
     77300            1.143               2
     77400            1.141               2
     77500            1.139               2
     77600            1.138               2
     77700            1.138               2
     77800            1.138               2
     77900            1.137               2
     78000            1.137               2
     78100            1.138               2
     78200            1.138               2
     78300            1.138               2
     78400            1.138               2
     78500            1.138               2
     78600            1.138               2
     78700            1.137               2
     78800            1.137               2
     78900            1.137               2
     79000            1.138               2
     79100            1.139               2
     79200            1.139               2
     79300            1.139               2
     79400            1.138               2
     79500            1.139               2
     79600            1.139               2
     79700            1.139               2
     79800            1.138               2
     79900            1.138               2
     80000            1.137               2


     MCMC EFFECTIVE SAMPLE SIZE (ESS) IN ASCENDING ORDER
        LOWEST 10 PARAMETERS
        PARAMETER    ESS
             2       <20
             6       <20
            11       <20
            12        31
            10        47
             4        52
             8       156
             9       264
             5       415
             7       429


PLOT INFORMATION

The following plots are available:

  Sample proportions
  Bayesian posterior parameter trace plots
  Bayesian autocorrelation plots

     Beginning Time:  20:31:46
        Ending Time:  16:29:14
       Elapsed Time:  19:57:28



MUTHEN & MUTHEN
3463 Stoner Ave.
Los Angeles, CA  90066

Tel: (310) 391-9971
Fax: (310) 391-8971
Web: www.StatModel.com
Support: Support@StatModel.com

Copyright (c) 1998-2025 Muthen & Muthen
