Mplus VERSION 9 (Linux)
MUTHEN & MUTHEN
11/02/2025   6:51 AM

INPUT INSTRUCTIONS


  TITLE: Two-level AR(1) model for web_d_l2;

  DATA:
    FILE = "data_full_web_d_l2.dat";

  VARIABLE:
    NAMES = new_id age female edu edu_low edu_med edu_high nr_dev w1_inet w1_sp w1_pc_nr
       w1_sph_nr w1_tabl_nr date call_c msg_c phot_c call_d msg_d phot_d web_c web_d
       sm_c sm_d w1_date w1b_date w1_date_7 w1_date_30 w1b_date_7 w1b_date_30
       day_before_w1 day_before_w1b w1_7d_window w1b_7d_window w1_30d_window
       w1b_30d_window days_c call_d_l msg_d_l phot_d_l web_d_l sm_d_l call_c_l msg_c_l
       phot_c_l web_c_l sm_c_l days_c_l call_d_l2 msg_d_l2 phot_d_l2 web_d_l2 sm_d_l2
       call_c_l2 msg_c_l2 phot_c_l2 web_c_l2 sm_c_l2 call_c_b msg_c_b phot_c_b web_c_b
       sm_c_b time;
    MISSING = .;
    USEVARIABLES = web_d_l2;
    CLUSTER = new_id;
    TINTERVAL = time (1 time2);

  ANALYSIS:
    TYPE = TWOLEVEL RANDOM;
    ESTIMATOR = BAYES;
    PROCESSORS = 30;
    BITERATIONS = 80000 (10000);
    THIN = 20;

  MODEL:

  %WITHIN%
  f BY web_d_l2@1(&1);
  stab | f ON f&1;

  logv | web_d_l2;

  %BETWEEN%
  web_d_l2 WITH stab;

  [logv] (m);
  logv (s);

  Model Constraint:
            new(medv meanv 25qv 75qv);		
            medv = exp(m);
            meanv = exp(m + s/2);
    		! 25th and 75th quartiles
    		! based on normal dist of logv:
    		25qv = exp(m - sqrt(s)*0.675);
    		75qv = exp(m + sqrt(s)*0.675);




  OUTPUT: TECH1 TECH8 TECH4 STDYX residual;

  PLOT: TYPE = PLOT3;



*** WARNING
  Data set contains cases with missing on all variables.
  These cases were not included in the analysis.
  Number of cases with missing on all variables:  6392
   1 WARNING(S) FOUND IN THE INPUT INSTRUCTIONS



Two-level AR(1) model for web_d_l2;

SUMMARY OF ANALYSIS

Number of groups                                                 1
Number of observations                                       28752

Number of dependent variables                                    1
Number of independent variables                                  0
Number of continuous latent variables                            4

Observed dependent variables

  Continuous
   WEB_D_L2

Continuous latent variables
   F           F&1         STAB        LOGV

Variables with special functions

  Cluster variable      NEW_ID

Estimator                                                    BAYES
Specifications for Bayesian Estimation
  Point estimate                                            MEDIAN
  Number of Markov chain Monte Carlo (MCMC) chains               2
  Random seed for the first chain                                0
  Starting value information                           UNPERTURBED
  Algorithm used for Markov chain Monte Carlo           GIBBS(PX1)
  Convergence criterion                                  0.500D-01
  Maximum number of iterations                               80000
  K-th iteration used for thinning                              20

Input data file(s)
  data_full_web_d_l2.dat
Input data format  FREE


SUMMARY OF DATA

     Number of clusters                       1069

       Size (s)    Cluster ID with Size s

          2        415
          3        514
          4        2217 2062
          5        1641 1677 1281 341
          6        828 501 1796 1511 118
          7        1974 1188 1781 691 468
          8        679 186 29 1810 277 534 565 746 98 8 1874
          9        630 2073 1782 310
         10        1074 463 915 671
         11        862 833 1029 760 388
         12        519 2155 1615 1751 1999
         13        160 12 245 1446 774
         14        38 1784 1345 574 1174 1771
         15        702 803 412 521 1099
         16        1905 773 1926 1113 2021 1540 1196 752
         17        1146 1088 173 1766 701 937 1574 1177 1980 1962
         18        1472 443 2098 1197 768 717 693 1049 1557 494 955 685
                   1886 2144
         19        771 1580 1025 247 2207 1061 663 504 900 738 1899 237
                   647
         20        189 1909 517 1978 884 282 457 218 1323 1890 1056 226
                   276 1140 1361 2116 1109 804 1200
         21        971 319 834 931 2120 363 1938 1015 605 2103 988
         22        1101 252 435 1759 620 2075 902 1676 422 2210 540 1211
                   982 337 1703 929 2034 2139
         23        1137 1710 1666 628 2039 417 1082 384 681 2099 814 1084
                   538 1877 1273 1079 696 1586 1662 394 619 2065
         24        997 365 421 903 224 1865 340 353 411 420 330 2159 636
                   1064 1283 1004 2192 586 399 897 1876 667 1486 1023 1373
                   1520 898 441
         25        188 286 669 1458 2179 1902 495 60 592 500 611 442 1626
                   4 293 2007 1780 1573 1605 1706 270 1053 386 1163 1567
                   1155 1599 1765 1430
         26        148 427 1507 78 2219 1337 866 2206 1343 143 432 1135
                   235 1549 433 756 1365 2024 297 52 981 1448 151 703 753
                   1339 454 1544 1840 278
         27        39 1270 2135 338 1709 1917 1241 1224 1199 845 20 177
                   1328 664 1317 998 3 1159 1103 1723 957 583 1334 622
                   1302 891 2059 121 1227 392 1585 1243 1581 1077 1891
                   288 1184 250 830 1918 1151 642 973 544 1044 761 1998
                   371 1887 964 1122 991
         28        380 387 1834 2106 26 1814 963 1632 1587 1551 1669 728
                   2129 1516 508 1637 2020 793 1453 613 1604 1570 191 926
                   207 520 875 1502 2049 482 566 2016 153 413 536 1797
                   631 941 206 582 1968 240 559 974 2140 1432 675 2123
                   430 133 934 810 537 44 523 1744 808 2174 590 108 110
                   978 452 524 1786 287 260 296 812 1674 111 966 471 638
         29        269 63 1668 298 187 437 138 372 419 263 416 317 328
                   220 49 1950 446 1468 2035 262 1546 2202 203 301 21 1808
                   1210 2063 264 1849 1522 455 1859 196 1809 429 347 322
                   268 129 1366 239 323 91 172 309 1360 440 142 1353 1348
                   451 398 36 284 418 1057 294 1720 1324 1001 1870 414
                   326 1595 1912 357 320 2070 447 2212 217 198 396 1172
                   331 1850 1266 393 2068 428 361 249 410 157 180 1022
                   2131 132 246 1619 2088 25 402 211 30 354 1591 137 2211
                   2 453 405 362 2040 182 1697 1565 1835 2117 1568 332
                   368 1818 349 274 1225 1704 204 376 1671 1062 212 149
                   2000 167 290 325 147 423 318 316 2043 342 210 253 426
                   241 155 400 163 193 314 307 117 205 304 229 370 184
                   291 109
         30        2082 506 1624 1716 1731 1625 1939 1989 84 1991 1033
                   1713 618 1837 467 722 1415 1966 1118 1314 914 674 640
                   1462 1589 1856 1515 550 1237 1953 88 1378 77 1080 1263
                   1460 1935 1687 1525 1928 57 1294 885 1629 1696 600 1967
                   2208 74 1961 1249 1801 1754 1878 2030 1406 1763 678
                   983 481 745 1656 1379 1940 79 2165 1139 461 1822 2191
                   597 1246 1401 1034 1729 2145 744 1613 968 938 1985 95
                   1175 1943 1346 992 2213 606 87 92 1803 2163 1715 1882
                   1201 801 2002 1442 1518 2121 2150 1191 1915 909 1436
                   2022 723 1805 1532 1478 741 2064 1508 1133 739 1770
                   103 1424 632 1254 709 1819 809 1326 1934 1773 1686 1181
                   1013 1644 1907 686 2036 1695 2015 1977 1121 1946 718
                   1653 1003 2169 719 2148 1272 1481 1356 1517 1981 1774
                   10 1233 2126 1992 1231 556 1937 1232 2112 1984 1190
                   1964 1608 987 2198 1350 2216 1100 2047 1487 1485 1264
                   1979 18 2160 908 855 1768 1593 1250 1236 2093 726 2061
                   1924 1745 1392 1386 1812 2224 1692 1806 1418 1607 2095
                   2014 1256 1160 1798 1734 1104 1799 1955 1895 9 603 1388
                   1588 476 895 1154 1498 1828 858 1708 557 800 2185 1189
                   498 99 2037 1646 712 1248 827 1020 1497 2051 1214 100
                   959 1024 1900 1397 989 859 1861 767 947 1693 1777 927
                   1951 1454 1311 1340 1259 839 1972 711 1422 943 1276
                   751 484 515 1790 1863 502 1524 2157 1873 1576 1654 1855
                   1609 986 2052 1614 558 940 1128 1213 85 1445 499 870
                   1425 1470 665 552 1755 871 853 643 1070 1402 977 97
                   1534 749 2196 1404 475 815 2119 1095 802 1477 1171 953
                   65 477 1839 970 1714 1881 1091 1997 1131 11 105 2069
                   1185 1307 999 965 791 1648 882 732 1021 1944 1879 1111
                   1117 813 1538 1896 906 2111 2101 1590 1564 1114 1509
                   1110 876 6 2137 894 1032 609 2114 2118 1429 1230 2019
                   1465 645 899 1680 33 48 807 763 868 2013 880 886 2028
                   933 1791 1542 1389 1851 1008 714 507 646 918 743 2195
                   1280 772 1987 1030 695 547 1627 1675 1216 822 995 764
                   653 1916 474 1872 1634 1050 924 784 1956 2001 1035 19
                   1833 1330 1561 1423 639 1829 680 1645 1019 1002 72 1572
                   1421 2197 944 2147 2171 829 740 1371 1788 2138 525 1610
                   488 1661 1075 910 860 1461 1147 1303 1554 1115 864 994
                   2067 1957 1203 786 821 930 1701 2115 904 561 1963 1412
                   1618 37 2026 1202 782 1086 1727 1041 1743 892 2044 896
                   889 644 735 2091 470 1562 1089 2056 1947 1623 1601 1096
                   725 633 1291 1612 1660 710 615 932 1789 1081 1923 1182
                   2182 2127 1847 682 1673 1335 1785 1817 1584 593 2154
                   1793 1678 599 2203 1219 692 1298 958 837 2081 849 93
                   1869 946 2141 1757 1647 562 541 602 2003 616 1315 1451
                   780 13 102 90 59 86 35 62 73



COVARIANCE COVERAGE OF DATA

Minimum covariance coverage value   0.100

     Number of missing data patterns             2


     PROPORTION OF DATA PRESENT


           Covariance Coverage
              WEB_D_L2
              ________
 WEB_D_L2       0.568



UNIVARIATE SAMPLE STATISTICS


     UNIVARIATE HIGHER-ORDER MOMENT DESCRIPTIVE STATISTICS

         Variable/         Mean/     Skewness/   Minimum/ % with                Percentiles
        Sample Size      Variance    Kurtosis    Maximum  Min/Max      20%/60%    40%/80%    Median

     WEB_D_L2              2.094      -0.723      -4.094    0.51%       0.781      1.907      2.332
           16320.000       2.994       0.761       6.784    0.01%       2.718      3.502


     WARNING: PROBLEMS OCCURRED IN SEVERAL ITERATIONS IN THE COMPUTATION OF THE STANDARDIZED ESTIMATES FOR SEVERAL
     CLUSTERS. THIS IS MOST LIKELY DUE TO AR COEFFICIENTS GREATER THAN 1 OR PARAMETERS GIVING NON-STATIONARY MODELS.
     SUCH POSTERIOR DRAWS ARE REMOVED. THE FOLLOWING CLUSTERS HAD SUCH PROBLEMS:
          415 514 2217 2062 1641 1677 1281 341 828 501 1796 1511 118 1974 1188 1781 691 468 679 186 29
          1810 277 534 565 746 98 8 1874 630 2073 1782 310 1074 463 915 671 862 833 1029 760 388 519
          2155 1615 1751 1999 160 12 245 1446 774 38 1784 1345 574 1174 1771 702 803 412 521 1099 1905
          773 1926 1113 2021 1540 1196 752 1146 1088 173 1766 701 937 1574 1177 1980 1962 1472 443 2098
          1197 768 717 693 1049 1557 494 955 685 1886 2144 771 1580 1025 247 2207 1061 663 504 900 738
          1899 237 647 189 1909 517 1978 884 282 457 218 1323 1890 1056 226 276 1140 1361 2116 1109 804
          1200 971 319 834 931 2120 363 1938 1015 605 2103 988 1101 252 435 1759 620 2075 902 1676 422
          2210 540 1211 982 337 1703 929 2034 2139 1137 1710 1666 628 2039 417 1082 384 681 2099 814
          1084 538 1877 1273 1079 696 1586 1662 394 619 2065 997 365 421 903 224 1865 340 353 411 420
          330 2159 636 1064 1283 1004 2192 586 399 897 1876 667 1486 1023 1373 1520 898 441 188 286 669
          1458 2179 1902 495 60 592 500 611 442 1626 4 293 2007 1780 1573 1605 1706 270 1053 386 1163
          1567 1155 1599 1765 1430 148 427 1507 78 2219 1337 866 2206 1343 143 432 1135 235 1549 433
          756 1365 2024 297 52 981 1448 151 703 753 1339 454 1544 1840 278 39 1270 2135 338 1709 1917
          1241 1224 1199 845 20 177 1328 664 1317 998 3 1159 1103 1723 957 583 1334 622 1302 891 2059
          121 1227 392 1585 1243 1581 1077 1891 288 1184 250 830 1918 1151 642 973 544 1044 761 1998
          371 1887 964 1122 991 380 387 1834 2106 26 1814 963 1632 1587 1551 1669 728 2129 1516 508 1637
          2020 793 1453 613 1604 1570 191 926 207 520 875 1502 2049 482 566 2016 153 413 536 1797 631
          941 206 582 1968 240 559 974 2140 1432 675 2123 430 133 934 810 537 44 523 1744 808 2174 590
          108 110 978 452 524 1786 287 260 296 812 1674 111 966 471 638 269 63 1668 298 187 437 138 372
          419 263 416 317 328 220 49 1950 446 1468 2035 262 1546 2202 203 301 21 1808 1210 2063 264 1849
          1522 455 1859 196 1809 429 347 322 268 129 1366 239 323 91 172 309 1360 440 142 1353 1348 451
          398 36 284 418 1057 294 1720 1324 1001 1870 414 326 1595 1912 357 320 2070 447 2212 217 198
          396 1172 331 1850 1266 393 2068 428 361 249 410 157 180 1022 2131 132 246 1619 2088 25 402
          211 30 354 1591 137 2211 2 453 405 362 2040 182 1697 1565 1835 2117 1568 332 368 1818 349 274
          1225 1704 204 376 1671 1062 212 149 2000 167 290 325 147 423 318 316 2043 342 210 253 426 241
          155 400 163 193 314 307 117 205 304 229 370 184 291 109 2082 506 1624 1716 1731 1625 1939 1989
          84 1991 1033 1713 618 1837 467 722 1415 1966 1118 1314 914 674 640 1462 1589 1856 1515 550
          1237 1953 88 1378 77 1080 1263 1460 1935 1687 1525 1928 57 1294 885 1629 1696 600 1967 2208
          74 1961 1249 1801 1754 1878 2030 1406 1763 678 983 481 745 1656 1379 1940 79 2165 1139 461
          1822 2191 597 1246 1401 1034 1729 2145 744 1613 968 938 1985 95 1175 1943 1346 992 2213 606
          87 92 1803 2163 1715 1882 1201 801 2002 1442 1518 2121 2150 1191 1915 909 1436 2022 723 1805
          1532 1478 741 2064 1508 1133 739 1770 103 1424 632 1254 709 1819 809 1326 1934 1773 1686 1181
          1013 1644 1907 686 2036 1695 2015 1977 1121 1946 718 1653 1003 2169 719 2148 1272 1481 1356
          1517 1981 1774 10 1233 2126 1992 1231 556 1937 1232 2112 1984 1190 1964 1608 987 2198 1350
          2216 1100 2047 1487 1485 1264 1979 18 2160 908 855 1768 1593 1250 1236 2093 726 2061 1924 1745
          1392 1386 1812 2224 1692 1806 1418 1607 2095 2014 1256 1160 1798 1734 1104 1799 1955 1895 9
          603 1388 1588 476 895 1154 1498 1828 858 1708 557 800 2185 1189 498 99 2037 1646 712 1248 827
          1020 1497 2051 1214 100 959 1024 1900 1397 989 859 1861 767 947 1693 1777 927 1951 1454 1311
          1340 1259 839 1972 711 1422 943 1276 751 484 515 1790 1863 502 1524 2157 1873 1576 1654 1855
          1609 986 2052 1614 558 940 1128 1213 85 1445 499 870 1425 1470 665 552 1755 871 853 643 1070
          1402 977 97 1534 749 2196 1404 475 815 2119 1095 802 1477 1171 953 65 477 1839 970 1714 1881
          1091 1997 1131 11 105 2069 1185 1307 999 965 791 1648 882 732 1021 1944 1879 1111 1117 813
          1538 1896 906 2111 2101 1590 1564 1114 1509 1110 876 6 2137 894 1032 609 2114 2118 1429 1230
          2019 1465 645 899 1680 33 48 807 763 868 2013 880 886 2028 933 1791 1542 1389 1851 1008 714
          507 646 918 743 2195 1280 772 1987 1030 695 547 1627 1675 1216 822 995 764 653 1916 474 1872
          1634 1050 924 784 1956 2001 1035 19 1833 1330 1561 1423 639 1829 680 1645 1019 1002 72 1572
          1421 2197 944 2147 2171 829 740 1371 1788 2138 525 1610 488 1661 1075 910 860 1461 1147 1303
          1554 1115 864 994 2067 1957 1203 786 821 930 1701 2115 904 561 1963 1412 1618 37 2026 1202
          782 1086 1727 1041 1743 892 2044 896 889 644 735 2091 470 1562 1089 2056 1947 1623 1601 1096
          725 633 1291 1612 1660 710 615 932 1789 1081 1923 1182 2182 2127 1847 682 1673 1335 1785 1817
          1584 593 2154 1793 1678 599 2203 1219 692 1298 958 837 2081 849 93 1869 946 2141 1757 1647
          562 541 602 2003 616 1315 1451 780 13 102 90 59 86 35 62 73

THE MODEL ESTIMATION TERMINATED NORMALLY

     USE THE FBITERATIONS OPTION TO INCREASE THE NUMBER OF ITERATIONS BY A FACTOR
     OF AT LEAST TWO TO CHECK CONVERGENCE AND THAT THE PSR VALUE DOES NOT INCREASE.

     THE EFFECTIVE SAMPLE SIZE FOR THE POSTERIOR DISTRIBUTION OF PARAMETER 2 IS ONLY 60.
     ESS > 200-400 IS RECOMMENDED. USE BITER=(33300) OR SIMPLIFY THE MODEL.



MODEL FIT INFORMATION

Number of Free Parameters                               8

Information Criteria

          Deviance (DIC)                        35111.288
          Estimated Number of Parameters (pD)   -1252.424



MODEL RESULTS

                                Posterior  One-Tailed         95% C.I.
                    Estimate       S.D.      P-Value   Lower 2.5%  Upper 2.5%  Significance

Within Level

 F        BY
    WEB_D_L2           1.000       0.000      0.000       1.000       1.000

 Residual Variances
    F                  0.097       0.021      0.000       0.061       0.146      *

Between Level

 WEB_D_L2 WITH
    STAB              -0.064       0.024      0.007      -0.109      -0.014      *

 Means
    WEB_D_L2           1.837       0.040      0.000       1.760       1.916      *
    STAB               0.696       0.052      0.000       0.586       0.793      *
    LOGV               0.299       0.034      0.000       0.230       0.362      *

 Variances
    WEB_D_L2           1.346       0.075      0.000       1.207       1.500      *
    STAB               0.016       0.006      0.000       0.007       0.032      *
    LOGV               0.515       0.038      0.000       0.447       0.597      *

New/Additional Parameters
    MEDV               1.348       0.045      0.000       1.258       1.436      *
    MEANV              1.744       0.060      0.000       1.632       1.865      *
    25QV               0.831       0.035      0.000       0.760       0.897      *
    75QV               2.187       0.074      0.000       2.047       2.336      *


STANDARDIZED MODEL RESULTS


STDYX Standardization

                                Posterior  One-Tailed         95% C.I.
                    Estimate       S.D.      P-Value   Lower 2.5%  Upper 2.5%  Significance

Within-Level Standardized Estimates Averaged Over Clusters

 F        BY
    WEB_D_L2           0.382       0.021      0.000       0.340       0.422      *

 STAB | F ON
    F&1                0.696       0.043      0.000       0.617       0.787      *

 LOGV |
    WEB_D_L2           0.837       0.017      0.000       0.802       0.868      *

 Residual Variances
    F                  0.499       0.056      0.000       0.371       0.591      *

Between Level

 WEB_D_L2 WITH
    STAB              -0.437       0.167      0.007      -0.751      -0.089      *

 Means
    WEB_D_L2           1.585       0.059      0.000       1.471       1.700      *
    STAB               5.416       1.515      0.000       3.343       9.236      *
    LOGV               0.416       0.053      0.000       0.310       0.517      *

 Variances
    WEB_D_L2           1.000       0.000      0.000       1.000       1.000
    STAB               1.000       0.000      0.000       1.000       1.000
    LOGV               1.000       0.000      0.000       1.000       1.000


R-SQUARE

Within-Level R-Square Averaged Across Clusters

                                Posterior  One-Tailed         95% C.I.
    Variable        Estimate       S.D.      P-Value   Lower 2.5%  Upper 2.5%

    WEB_D_L2           0.163       0.017      0.000       0.132       0.198

                                Posterior  One-Tailed         95% C.I.
    Variable        Estimate       S.D.      P-Value   Lower 2.5%  Upper 2.5%

    F                  0.501       0.056      0.000       0.409       0.628


RESIDUAL OUTPUT


     ESTIMATED MODEL


     AVERAGE CLUSTER ESTIMATES


           Means
              WEB_D_L2
              ________
                1.839


           Covariances
              WEB_D_L2
              ________
 WEB_D_L2       2.352


           Correlations
              WEB_D_L2
              ________
 WEB_D_L2       1.000


     BETWEEN LEVEL


           Means
              WEB_D_L2
              ________
                1.837


           Covariances
              WEB_D_L2
              ________
 WEB_D_L2       1.346


           Correlations
              WEB_D_L2
              ________
 WEB_D_L2       1.000


TECHNICAL 1 OUTPUT


     PARAMETER SPECIFICATION FOR WITHIN


           NU
              WEB_D_L2
              ________
                    0


           LAMBDA
              F             F&1           WEB_D_L2
              ________      ________      ________
 WEB_D_L2           0             0             0


           THETA
              WEB_D_L2
              ________
 WEB_D_L2           0


           ALPHA
              F             F&1           WEB_D_L2
              ________      ________      ________
                    0             0             0


           BETA
              F             F&1           WEB_D_L2
              ________      ________      ________
 F                  0             0             0
 F&1                0             0             0
 WEB_D_L2           0             0             0


           PSI
              F             F&1           WEB_D_L2
              ________      ________      ________
 F                  1
 F&1                0             0
 WEB_D_L2           0             0             0


     PARAMETER SPECIFICATION FOR BETWEEN


           NU
              WEB_D_L2
              ________
                    0


           LAMBDA
              STAB          LOGV          WEB_D_L2
              ________      ________      ________
 WEB_D_L2           0             0             0


           THETA
              WEB_D_L2
              ________
 WEB_D_L2           0


           ALPHA
              STAB          LOGV          WEB_D_L2
              ________      ________      ________
                    2             3             4


           BETA
              STAB          LOGV          WEB_D_L2
              ________      ________      ________
 STAB               0             0             0
 LOGV               0             0             0
 WEB_D_L2           0             0             0


           PSI
              STAB          LOGV          WEB_D_L2
              ________      ________      ________
 STAB               5
 LOGV               0             6
 WEB_D_L2           7             0             8


     PARAMETER SPECIFICATION FOR THE ADDITIONAL PARAMETERS


           NEW/ADDITIONAL PARAMETERS
              MEDV          MEANV         25QV          75QV
              ________      ________      ________      ________
                    9            10            11            12


     STARTING VALUES FOR WITHIN


           NU
              WEB_D_L2
              ________
                0.000


           LAMBDA
              F             F&1           WEB_D_L2
              ________      ________      ________
 WEB_D_L2       0.000         0.000         1.000


           THETA
              WEB_D_L2
              ________
 WEB_D_L2       0.000


           ALPHA
              F             F&1           WEB_D_L2
              ________      ________      ________
                0.000         0.000         0.000


           BETA
              F             F&1           WEB_D_L2
              ________      ________      ________
 F              0.000         0.000         0.000
 F&1            0.000         0.000         0.000
 WEB_D_L2       1.000         0.000         0.000


           PSI
              F             F&1           WEB_D_L2
              ________      ________      ________
 F              1.000
 F&1            0.000         1.000
 WEB_D_L2       0.000         0.000         0.000


     STARTING VALUES FOR BETWEEN


           NU
              WEB_D_L2
              ________
                0.000


           LAMBDA
              STAB          LOGV          WEB_D_L2
              ________      ________      ________
 WEB_D_L2       0.000         0.000         1.000


           THETA
              WEB_D_L2
              ________
 WEB_D_L2       0.000


           ALPHA
              STAB          LOGV          WEB_D_L2
              ________      ________      ________
                0.000         0.000         2.094


           BETA
              STAB          LOGV          WEB_D_L2
              ________      ________      ________
 STAB           0.000         0.000         0.000
 LOGV           0.000         0.000         0.000
 WEB_D_L2       0.000         0.000         0.000


           PSI
              STAB          LOGV          WEB_D_L2
              ________      ________      ________
 STAB           1.000
 LOGV           0.000         1.000
 WEB_D_L2       0.000         0.000         1.497


     STARTING VALUES FOR THE ADDITIONAL PARAMETERS


           NEW/ADDITIONAL PARAMETERS
              MEDV          MEANV         25QV          75QV
              ________      ________      ________      ________
                0.500         0.500         0.500         0.500



     PRIORS FOR ALL PARAMETERS            PRIOR MEAN      PRIOR VARIANCE     PRIOR STD. DEV.

     Parameter 1~IG(-1.000,0.000)          infinity            infinity            infinity
     Parameter 2~N(0.000,infinity)           0.0000            infinity            infinity
     Parameter 3~N(0.000,infinity)           0.0000            infinity            infinity
     Parameter 4~N(0.000,infinity)           0.0000            infinity            infinity
     Parameter 5~IW(0.000,-3)              infinity            infinity            infinity
     Parameter 6~IG(-1.000,0.000)          infinity            infinity            infinity
     Parameter 7~IW(0.000,-3)              infinity            infinity            infinity
     Parameter 8~IW(0.000,-3)              infinity            infinity            infinity


TECHNICAL 4 OUTPUT


     AVERAGE ESTIMATES DERIVED FROM THE MODEL FOR WITHIN


           ESTIMATED MEANS FOR THE LATENT VARIABLES
              F             F&1           STAB          LOGV          WEB_D_L2
              ________      ________      ________      ________      ________
                0.000         0.000         0.697         0.300         1.839


           ESTIMATED COVARIANCE MATRIX FOR THE LATENT VARIABLES
              F             F&1           STAB          LOGV          WEB_D_L2
              ________      ________      ________      ________      ________
 F              0.632
 F&1            0.573         0.632
 STAB           0.000         0.000         0.000
 LOGV           0.000         0.000         0.000         0.000
 WEB_D_L2       0.632         0.573         0.000         0.000         2.352


           ESTIMATED CORRELATION MATRIX FOR THE LATENT VARIABLES
              F             F&1           STAB          LOGV          WEB_D_L2
              ________      ________      ________      ________      ________
 F              1.000
 F&1            0.798         1.000
 STAB           0.000         0.000         1.000
 LOGV           0.000         0.000         0.000         1.000
 WEB_D_L2       0.429         0.344         0.000         0.000         1.000


     ESTIMATES DERIVED FROM THE MODEL FOR BETWEEN


           ESTIMATED MEANS FOR THE LATENT VARIABLES
              F             F&1           STAB          LOGV          WEB_D_L2
              ________      ________      ________      ________      ________
                0.000         0.000         0.696         0.299         1.837


           ESTIMATED COVARIANCE MATRIX FOR THE LATENT VARIABLES
              F             F&1           STAB          LOGV          WEB_D_L2
              ________      ________      ________      ________      ________
 F              0.000
 F&1            0.000         0.000
 STAB           0.000         0.000         0.016
 LOGV           0.000         0.000         0.000         0.515
 WEB_D_L2       0.000         0.000        -0.064         0.000         1.346


           ESTIMATED CORRELATION MATRIX FOR THE LATENT VARIABLES
              F             F&1           STAB          LOGV          WEB_D_L2
              ________      ________      ________      ________      ________
 F              1.000
 F&1            0.000         1.000
 STAB           0.000         0.000         1.000
 LOGV           0.000         0.000         0.000         1.000
 WEB_D_L2       0.000         0.000        -0.428         0.000         1.000


TECHNICAL 8 OUTPUT


   TECHNICAL 8 OUTPUT FOR BAYES ESTIMATION

     PROCESSOR    BSEED
     1            0
     2            285380
     3            253358
     4            93468
     5            608496
     6            903420
     7            195873
     8            462953
     9            939021
     10           127215
     11           415931
     12           533738
     13           107446
     14           399671
     15           650371
     16           27071
     17           76974
     18           68985
     19           851945
     20           637345
     21           573096
     22           902278
     23           887676
     24           372176
     25           347515
     26           207896
     27           569131
     28           364676
     29           392418
     30           366706

                     POTENTIAL       PARAMETER WITH
     ITERATION    SCALE REDUCTION      HIGHEST PSR
     100              1.601               1
     200              1.835               2
     300              1.293               7
     400              1.660               7
     500              1.615               1
     600              1.540               1
     700              1.471               1
     800              1.389               1
     900              1.116               7
     1000             1.101               7
     1100             1.107               7
     1200             1.021               1
     1300             1.041               1
     1400             1.054               1
     1500             1.025               1
     1600             1.020               1
     1700             1.013               8
     1800             1.013               1
     1900             1.007               8
     2000             1.007               2
     2100             1.013               7
     2200             1.013               7
     2300             1.009               7
     2400             1.008               7
     2500             1.010               7
     2600             1.011               2
     2700             1.027               2
     2800             1.038               1
     2900             1.066               2
     3000             1.123               2
     3100             1.146               2
     3200             1.099               2
     3300             1.073               1
     3400             1.055               1
     3500             1.043               1
     3600             1.020               2
     3700             1.032               7
     3800             1.025               7
     3900             1.021               2
     4000             1.034               2
     4100             1.025               2
     4200             1.018               2
     4300             1.013               1
     4400             1.015               1
     4500             1.016               1
     4600             1.019               1
     4700             1.025               1
     4800             1.022               1
     4900             1.018               1
     5000             1.025               1
     5100             1.026               1
     5200             1.012               1
     5300             1.009               1
     5400             1.005               7
     5500             1.006               7
     5600             1.006               7
     5700             1.007               7
     5800             1.007               7
     5900             1.007               7
     6000             1.007               7
     6100             1.007               7
     6200             1.005               7
     6300             1.005               2
     6400             1.004               2
     6500             1.011               2
     6600             1.015               2
     6700             1.014               2
     6800             1.009               2
     6900             1.009               2
     7000             1.007               2
     7100             1.007               7
     7200             1.004               7
     7300             1.002               4
     7400             1.002               1
     7500             1.003               1
     7600             1.003               7
     7700             1.005               7
     7800             1.005               7
     7900             1.008               7
     8000             1.006               1
     8100             1.010               1
     8200             1.015               1
     8300             1.016               1
     8400             1.017               1
     8500             1.018               1
     8600             1.014               2
     8700             1.012               2
     8800             1.008               2
     8900             1.011               2
     9000             1.012               2
     9100             1.012               2
     9200             1.013               2
     9300             1.010               2
     9400             1.007               7
     9500             1.008               7
     9600             1.006               7
     9700             1.005               7
     9800             1.003               7
     9900             1.004               7
     10000            1.007               7


     MCMC EFFECTIVE SAMPLE SIZE (ESS) IN ASCENDING ORDER
        LOWEST 10 PARAMETERS
        PARAMETER    ESS
             2        60
             1        82
             5       102
            11       177
             3       229
             9       229
             7       269
             6       366
            12       662
            10       851


PLOT INFORMATION

The following plots are available:

  Histograms (sample values)
  Scatterplots (sample values)
  Between-level histograms (sample values, sample means/variances)
  Between-level scatterplots (sample values, sample means/variances)
  Time series plots (sample values, ACF, PACF)
  Histogram of subjects per time point
  Time interval plots
  Bayesian posterior parameter distributions
  Bayesian posterior parameter trace plots
  Bayesian autocorrelation plots

     Beginning Time:  06:51:52
        Ending Time:  08:43:29
       Elapsed Time:  01:51:37



MUTHEN & MUTHEN
3463 Stoner Ave.
Los Angeles, CA  90066

Tel: (310) 391-9971
Fax: (310) 391-8971
Web: www.StatModel.com
Support: Support@StatModel.com

Copyright (c) 1998-2025 Muthen & Muthen
