Mplus VERSION 8.11 (Linux)
MUTHEN & MUTHEN
10/18/2025   1:29 PM

INPUT INSTRUCTIONS


  TITLE: Two-level AR(1) model for web_d_l2;

  DATA:
    FILE = "data_full_web_d_l2.dat";

  VARIABLE:
  NAMES = new_id age female edu edu_low edu_med edu_high nr_dev w1_inet w1_sp w1_pc_nr
       w1_sph_nr w1_tabl_nr date call_c msg_c phot_c call_d msg_d phot_d web_c web_d
       sm_c sm_d w1_date w1b_date w1_date_7 w1_date_30 w1b_date_7 w1b_date_30
       day_before_w1 day_before_w1b w1_7d_window w1b_7d_window w1_30d_window
       w1b_30d_window days_c call_d_l msg_d_l phot_d_l web_d_l sm_d_l call_c_l msg_c_l
       phot_c_l web_c_l sm_c_l days_c_l call_d_l2 msg_d_l2 phot_d_l2 web_d_l2 sm_d_l2
       call_c_l2 msg_c_l2 phot_c_l2 web_c_l2 sm_c_l2 call_c_b msg_c_b phot_c_b web_c_b
       sm_c_b time;
    MISSING = .;
    USEVARIABLES = web_d_l2 day_before_w1;
    CLUSTER = new_id;
    TINTERVAL = time (1 time2);

  ANALYSIS:
    TYPE = TWOLEVEL RANDOM;
    ESTIMATOR = BAYES;
    PROCESSORS = 30;
    BITERATIONS = 20000 (5000);
    THIN = 10;

  MODEL:

  %WITHIN%
  f BY web_d_l2@1(&1);
  trend | web_d_l2 ON day_before_w1;
  stab | f ON f&1;

  logv | web_d_l2;

  %BETWEEN%
  web_d_l2 WITH stab trend;
  stab WITH trend;

  [logv] (m);
  logv (s);

  Model Constraint:
            new(medv meanv 25qv 75qv);		
            medv = exp(m);
            meanv = exp(m + s/2);
    		! 25th and 75th quartiles
    		! based on normal dist of logv:
    		25qv = exp(m - sqrt(s)*0.675);
    		75qv = exp(m + sqrt(s)*0.675);




  OUTPUT: TECH1 TECH8 TECH4 STDYX residual;

  PLOT: TYPE = PLOT3;



*** WARNING in VARIABLE command
  Note that only the first 8 characters of variable names are used in the output.
  Shorten variable names to avoid any confusion.
*** WARNING in MODEL command
  A y-variable has been declared on the within level but not referred to on
  the between level.  Please check that this is what is intended.  If this is not intended,
  specify the variable as a within variable.  Problem with:  DAY_BEFORE_W1
*** WARNING in PLOT command
  Note that only the first 8 characters of variable names are used in plots.
  If variable names are not unique within the first 8 characters, problems
  may occur.
*** WARNING
  Data set contains cases with missing on x-variables converted to dependent variables.
  The autocorrelation of these variables should be included in the model and the variables
  added to the LAGGED option.  The following converted x-variable(s) have cases with missing:

      DAY_BEFORE_W1 (7543 cases with missing data)

   4 WARNING(S) FOUND IN THE INPUT INSTRUCTIONS



Two-level AR(1) model for web_d_l2;

SUMMARY OF ANALYSIS

Number of groups                                                 1
Number of observations                                       30255

Number of dependent variables                                    2
Number of independent variables                                  0
Number of continuous latent variables                            5

Observed dependent variables

  Continuous
   WEB_D_L2    DAY_BEFORE

Continuous latent variables
   F           F&1         TREND       STAB        LOGV

Variables with special functions

  Cluster variable      NEW_ID

Estimator                                                    BAYES
Specifications for Bayesian Estimation
  Point estimate                                            MEDIAN
  Number of Markov chain Monte Carlo (MCMC) chains               2
  Random seed for the first chain                                0
  Starting value information                           UNPERTURBED
  Algorithm used for Markov chain Monte Carlo           GIBBS(PX1)
  Convergence criterion                                  0.500D-01
  Maximum number of iterations                               20000
  K-th iteration used for thinning                              10

Input data file(s)
  data_full_web_d_l2.dat
Input data format  FREE


SUMMARY OF DATA

     Number of clusters                       1069

       Size (s)    Cluster ID with Size s

          2        415
          3        514
          5        1281 2062
          6        1511 1641 501 1796 118
          7        828 468
          8        98 534 1781 565 679
          9        1874 310
         10        671 2217 8
         11        862 388 833
         13        245 1446
         14        1771 2155 574
         15        412
         16        1974 773 752 463 1540
         17        1962 1146
         18        494 1557 693 1177 1197 1886 1980 955 519
         19        1899 2144 647 2021 2207
         20        247 771 900 884 1978 226 189 218 1677 1025 1361 1140
                   1188 1056
         21        1766 988 521 663
         22        337 931 768 363 2103 2034 1890 620 902 2139 2120 1211
                   1101
         23        1273 1084 2039 1909 341 538 681 435 982 1666 1662 619
                   384 319
         24        1082 457 1520 903 586 441 2192 420 1676 1373 1079 1486
                   760 1877 394 1865
         25        386 1780 1574 421 897 411 1706 224 1567 1605 1599 1053
                   1430 1155 442 270
         26        297 427 1448 1343 365 1049 2116 1337 173 1109 701 454
                   1549 2007 1507
         27        371 1328 1723 611 1159 991 1709 2210 1317 1302 121 1122
                   636 1099 1998 1184 1029 1224 1270 392 664 293
         28        1587 524 133 978 566 1551 536 260 2106 774 583 2140
                   26 537 286 728 206 338 804 592 830 2129 237 808 667
                   1626 812 1339 495 957 1516 1744 108 1968 1876 191 430
                   631 974 934 1544 380 891 803 2123 1834
         29        211 262 326 1808 110 423 410 330 276 296 413 160 417
                   429 155 447 399 357 1468 455 187 2043 269 212 177 342
                   1103 210 196 416 250 137 188 282 147 117 220 452 446
                   443 376 143 274 184 198 353 148 419 229 1818 1565 246
                   287 284 426 328 91 320 240 307 414 241 129 290 362 301
                   193 316 1615 370 393 331 422 451 398 172 239 157 396
                   440 264 263 428 207 138 405 340 249 433 1797 268 167
                   111 203 149 322 298 153 304 252 432 387 437 325 277
                   332 151 186 217 49 1938 309 981 204 453 1227 368 30
                   418 349 235 400 318 205 314 317 142 354 180 1458 361
                   1210 347 182 323 294 2211 163 132 278 4 291 109 1637
                   372 253 402
         30        520 1896 970 1133 1609 1131 997 638 1580 1021 1074 2068
                   88 90 643 1003 966 886 1478 1915 1678 1564 814 866 876
                   1366 761 1307 1900 1855 791 1905 1524 1283 1829 2049
                   1190 944 39 1989 932 1243 593 1561 1589 1837 695 756
                   1661 2020 1266 1135 2202 2195 1404 622 1088 1985 1955
                   1618 2115 1202 1019 1340 488 1182 1326 933 1653 2163
                   2022 772 800 829 1872 1798 1586 3 2067 1406 1442 1518
                   1424 1160 2001 84 1421 1100 1634 1645 499 517 99 2028
                   1584 2206 1977 1581 1298 1585 918 1887 1324 2036 1788
                   937 12 1710 2000 461 1303 999 1669 915 1311 930 62 1114
                   1453 1015 33 1770 1668 52 1096 632 767 719 1249 476
                   102 738 597 1356 692 1057 21 558 2040 1032 2047 1481
                   1940 1360 1692 1593 653 2216 1477 1008 605 73 1175 1763
                   484 793 1950 63 1422 908 1241 725 1004 2147 965 1847
                   87 1111 983 2026 6 1062 868 97 1708 1502 616 2093 1196
                   1115 1418 482 1388 1024 703 515 609 1773 1928 2073 74
                   1213 2015 481 2212 79 1806 1064 1601 1817 1118 2099
                   1624 898 1095 2119 2137 1625 1879 822 2111 606 2081
                   1023 541 1839 1445 471 613 1432 35 1703 1110 717 639
                   2069 467 745 1246 839 895 1591 940 815 1686 2114 1614
                   9 13 1013 1080 1720 57 924 743 853 2219 739 1191 1350
                   2030 943 732 784 2 1323 1248 60 894 2179 1610 1254 1315
                   749 1314 2208 645 1873 1768 834 11 2118 2014 1835 1233
                   1891 2064 477 1353 646 1397 85 1086 86 1727 1041 1608
                   1576 858 1623 1554 1612 498 1291 1859 2165 1805 1030
                   2051 1673 946 18 1334 802 1934 1113 1542 674 1926 2141
                   1627 1734 1951 1863 1371 1077 2126 618 1814 1044 1412
                   1849 1538 1075 103 1429 1389 1568 1214 92 821 2191 675
                   1185 1509 1882 1604 1981 702 36 557 906 44 2056 1972
                   1902 669 1497 1454 2035 1759 1991 1745 1033 1916 2159
                   1850 1460 880 599 2059 1472 2135 837 813 1917 889 722
                   1953 1570 2082 1348 2070 556 1697 1276 680 2196 547
                   72 1790 910 685 25 986 809 992 1957 504 786 1870 1840
                   506 1963 1465 712 1365 1525 1786 1629 1674 746 1715
                   544 977 1562 941 1181 1979 1425 2138 1151 19 1803 615
                   1632 1081 1992 871 508 1171 603 562 1264 994 1687 1573
                   959 559 630 1714 1851 909 582 1695 1330 686 691 1121
                   1924 1139 1964 1091 2088 963 2117 753 2065 77 953 696
                   864 1785 1923 2075 1801 48 1256 59 726 1777 561 2024
                   29 1956 37 827 859 1809 1201 927 1154 2150 1696 735
                   1379 1232 1401 1947 1423 1822 665 2131 1943 995 1259
                   475 602 2016 807 2182 2127 2101 682 1644 998 1774 964
                   1999 1035 1793 1754 1946 1731 1462 947 764 1163 38 642
                   1757 600 1967 1984 1250 2213 1451 1436 1532 1137 1508
                   644 1918 1713 2098 929 1680 1461 1147 105 1595 1784
                   763 1237 968 2019 474 1070 914 1199 1701 523 1939 1572
                   1534 1646 1819 2169 1263 782 1225 2091 810 1216 1895
                   1704 100 711 470 2154 1172 2112 2052 1415 1230 1607
                   1828 1656 2145 1987 1200 1789 2095 1001 870 2157 801
                   2044 1487 507 20 2160 1546 1654 1219 723 1799 1470 2203
                   1392 2037 1937 958 1386 1588 849 1869 1961 1189 1812
                   1647 2224 1861 1522 65 1485 896 780 93 740 1498 628
                   1729 751 2013 2003 1203 1128 1881 860 1856 1619 550
                   502 2148 882 1272 2197 1755 1294 1515 1378 855 1020
                   926 904 1935 885 1765 1061 2174 2002 973 1966 971 1716
                   1751 1743 892 718 875 1345 1402 2198 1810 500 1671 1089
                   678 1791 1022 640 2061 1782 633 1693 1280 1660 1590
                   590 2121 1117 989 95 1675 1050 540 744 525 899 1335
                   1236 1997 10 1517 2185 938 1346 987 1174 1231 845 1833
                   1648 288 709 714 1944 741 1034 1907 710 1002 1613 552
                   1878 1912 78 2063 1104 2171



COVARIANCE COVERAGE OF DATA

Minimum covariance coverage value   0.100

     Number of missing data patterns             3


     PROPORTION OF DATA PRESENT


           Covariance Coverage
              WEB_D_L2      DAY_BEFO
              ________      ________
 WEB_D_L2       0.539
 DAY_BEFO       0.539         0.751



UNIVARIATE SAMPLE STATISTICS


     UNIVARIATE HIGHER-ORDER MOMENT DESCRIPTIVE STATISTICS

         Variable/         Mean/     Skewness/   Minimum/ % with                Percentiles
        Sample Size      Variance    Kurtosis    Maximum  Min/Max      20%/60%    40%/80%    Median

     WEB_D_L2              2.094      -0.723      -4.094    0.51%       0.781      1.907      2.332
           16320.000       2.994       0.761       6.784    0.01%       2.718      3.502
     DAY_BEFORE_W1       -14.750       0.039     -29.000    3.17%     -23.000    -18.000    -15.000
           22712.000      71.595      -1.153       0.000    3.13%     -12.000     -6.000


     WARNING: PROBLEMS OCCURRED IN SEVERAL ITERATIONS IN THE COMPUTATION OF THE STANDARDIZED ESTIMATES FOR SEVERAL
     CLUSTERS. THIS IS MOST LIKELY DUE TO AR COEFFICIENTS GREATER THAN 1 OR PARAMETERS GIVING NON-STATIONARY MODELS.
     SUCH POSTERIOR DRAWS ARE REMOVED. THE FOLLOWING CLUSTERS HAD SUCH PROBLEMS:
          415 514 1281 2062 1511 1641 501 1796 118 828 468 98 534 1781 565 679 1874 310 671 2217 8 862
          388 833 245 1446 1771 2155 574 412 1974 773 752 463 1540 1962 1146 494 1557 693 1177 1197 1886
          1980 955 519 1899 647 2021 2207 247 771 900 884 1978 226 189 218 1677 1025 1361 1140 1188 1056
          1766 988 521 663 337 931 768 363 2103 2034 1890 620 902 2139 2120 1211 1101 1273 1084 2039
          1909 341 538 681 435 982 1666 1662 619 384 319 1082 457 903 586 441 2192 420 1676 1373 1486
          760 1877 394 1865 386 1780 1574 421 897 411 1706 224 1567 1605 1599 1053 1430 1155 442 270
          297 427 1448 1343 365 1049 2116 1337 173 1109 701 1549 2007 1507 371 1328 1723 611 1159 1709
          2210 1317 1302 121 1122 636 1099 1998 1184 1029 1224 1270 392 664 293 1587 524 133 978 566
          1551 536 260 2106 774 583 2140 26 537 286 728 206 338 804 592 830 2129 237 808 667 1626 812
          1339 495 957 1516 1744 108 1968 1876 191 430 631 974 934 1544 380 891 803 2123 1834 211 262
          326 1808 110 423 410 330 276 296 413 160 429 155 399 357 1468 455 187 269 212 177 342 1103
          210 196 416 250 188 282 117 220 452 443 143 274 184 198 353 148 419 229 1818 1565 246 287 284
          426 328 91 320 240 307 241 129 290 362 301 193 316 1615 370 393 331 422 451 398 172 239 396
          440 264 263 428 207 138 405 340 249 433 1797 268 167 111 203 149 322 298 153 304 252 432 387
          437 325 277 332 151 186 217 49 1938 309 981 453 1227 368 30 418 349 235 400 318 205 314 317
          142 354 180 1458 361 1210 347 323 2211 163 132 278 4 109 1637 372 253 402 520 1896 970 1133
          1609 997 638 1580 1021 1074 2068 88 90 643 1003 966 886 1478 1678 1564 814 866 876 1366 761
          1307 1900 1855 791 1905 1524 1283 1829 2049 1190 944 39 1989 1243 593 1561 1589 1837 756 1661
          2020 1266 1135 2202 2195 1404 622 1088 1985 1955 1618 2115 1019 1340 488 1182 1326 933 1653
          2163 2022 772 829 1872 1798 1586 3 2067 1406 1442 1424 1160 2001 84 1421 1634 1645 499 517
          99 2028 1584 2206 1977 1581 1298 1585 918 1887 1324 2036 1788 937 12 1710 2000 461 1303 999
          1669 915 1311 1114 1453 1015 33 1770 1668 52 1096 632 767 719 1249 476 597 1356 1057 21 558
          2040 2047 1481 1940 1360 1692 1593 653 2216 605 73 1175 1763 484 793 1950 63 1422 908 1241
          725 1004 2147 965 87 1111 983 2026 6 1062 868 97 1708 1502 616 2093 1196 1115 1418 1388 1024
          703 515 1773 2073 74 1213 2015 481 2212 79 1064 1601 1817 1118 2099 1624 898 1095 2119 2137
          1625 822 2111 606 2081 1023 541 1839 1445 471 613 1432 35 1703 1110 717 2069 467 745 1246 839
          895 1591 940 1686 2114 1614 1013 1080 1720 57 743 853 2219 739 1191 1350 2030 943 732 2 1323
          1248 60 894 2179 1254 1315 749 1314 2208 645 1873 1768 834 11 2118 2014 1835 1233 1891 477
          1353 646 1397 1086 86 1727 1041 1608 1576 858 1623 1554 1859 2165 1805 1030 2051 1673 946 1334
          1934 1113 674 1926 2141 1627 1734 1951 1863 1077 2126 618 1814 1044 1412 1849 1538 1075 103
          1429 1389 1568 1214 92 821 2191 675 1185 1509 1882 1604 1981 702 36 557 906 44 1972 1902 669
          1497 1454 2035 1759 1991 1745 1033 1916 2159 1850 1460 880 599 2059 1472 2135 1917 889 722
          1953 1570 2082 1348 2070 556 1697 1276 2196 547 72 1790 910 685 25 986 809 992 1957 504 1870
          506 1465 712 1365 1525 1786 1629 1674 746 544 977 1562 941 1181 1979 1425 1151 19 1803 615
          1632 1081 1992 871 508 1171 562 1264 994 1687 1573 959 559 630 1714 1851 909 582 1695 1330
          686 691 1121 1139 1964 1091 2088 963 2117 753 2065 77 953 696 864 1923 2075 1801 48 1256 726
          1777 561 2024 29 1956 37 827 859 1809 1201 927 1154 2150 1696 735 1379 1232 1401 1423 1822
          665 2131 1943 995 475 602 2016 807 2182 2101 682 1644 998 1774 964 1999 1793 1754 1946 1731
          1462 764 1163 38 642 600 1967 1984 1250 2213 1451 1436 1532 1137 1508 644 1918 1713 2098 929
          1461 1147 105 1784 763 1237 968 2019 474 1070 914 1199 1701 523 1939 1572 1534 1646 1819 2169
          1263 782 1225 810 1216 1895 1704 100 711 470 1172 2112 2052 1415 1230 1607 1828 1656 2145 1987
          1200 2095 1001 870 2157 801 2044 1487 507 20 2160 1546 1654 1219 723 1799 1470 1392 2037 1937
          958 1386 1588 1961 1189 1812 2224 1861 1522 1485 896 93 740 1498 628 1729 2013 2003 1128 1856
          1619 550 502 2148 882 1272 2197 1755 1294 1515 1378 855 1020 926 904 1935 885 1765 1061 2174
          2002 973 1966 971 1751 1743 892 718 875 1345 1402 2198 1810 500 1671 1089 678 1791 640 2061
          1782 1693 1280 1660 590 2121 1117 989 95 1675 1050 540 744 899 1236 10 1517 2185 938 1346 987
          1174 1231 845 1833 1648 288 709 714 1944 741 1034 1907 710 1002 1613 552 1878 1912 78 2063
          1104 2171

THE MODEL ESTIMATION TERMINATED NORMALLY

     USE THE FBITERATIONS OPTION TO INCREASE THE NUMBER OF ITERATIONS BY A FACTOR
     OF AT LEAST TWO TO CHECK CONVERGENCE AND THAT THE PSR VALUE DOES NOT INCREASE.



MODEL FIT INFORMATION

Number of Free Parameters                              15

Information Criteria

          Deviance (DIC)                       167404.464
          Estimated Number of Parameters (pD)   -1704.327



MODEL RESULTS

                                Posterior  One-Tailed         95% C.I.
                    Estimate       S.D.      P-Value   Lower 2.5%  Upper 2.5%  Significance

Within Level

 F        BY
    WEB_D_L2           1.000       0.000      0.000       1.000       1.000

 Variances
    DAY_BEFORE        71.580       0.677      0.000      70.334      72.953      *

 Residual Variances
    F                  0.103       0.017      0.000       0.073       0.137      *

Between Level

 WEB_D_L2 WITH
    STAB              -0.094       0.039      0.014      -0.159      -0.008      *
    TREND              0.000       0.002      0.454      -0.005       0.004

 STAB     WITH
    TREND              0.000       0.000      0.358      -0.001       0.001

 Means
    WEB_D_L2           1.832       0.040      0.000       1.751       1.911      *
    DAY_BEFORE       -14.750       0.062      0.000     -14.876     -14.635      *
    TREND              0.000       0.002      0.430      -0.004       0.003
    STAB               0.577       0.049      0.000       0.462       0.653      *
    LOGV               0.291       0.032      0.000       0.226       0.352      *

 Variances
    WEB_D_L2           1.393       0.074      0.000       1.256       1.543      *
    DAY_BEFORE         0.021       0.027      0.000       0.002       0.096      *
    TREND              0.001       0.000      0.000       0.001       0.001      *
    STAB               0.021       0.009      0.000       0.007       0.043      *
    LOGV               0.514       0.037      0.000       0.448       0.593      *

New/Additional Parameters
    MEDV               1.338       0.043      0.000       1.254       1.421      *
    MEANV              1.730       0.058      0.000       1.623       1.846      *
    25QV               0.825       0.032      0.000       0.760       0.890      *
    75QV               2.170       0.072      0.000       2.036       2.313      *


STANDARDIZED MODEL RESULTS


STDYX Standardization

                                Posterior  One-Tailed         95% C.I.
                    Estimate       S.D.      P-Value   Lower 2.5%  Upper 2.5%  Significance

Within-Level Standardized Estimates Averaged Over Clusters

 F        BY
    WEB_D_L2           0.337       0.022      0.000       0.293       0.375      *

 STAB | F ON
    F&1                0.568       0.053      0.000       0.431       0.646      *

 TREND | WEB_D_L2 ON
    DAY_BEFORE        -0.002       0.010      0.410      -0.022       0.017

 LOGV |
    WEB_D_L2           0.833       0.016      0.000       0.804       0.863      *

 Variances
    DAY_BEFORE         1.000       0.000      0.000       1.000       1.000

 Residual Variances
    F                  0.660       0.052      0.000       0.570       0.778      *

Between Level

 WEB_D_L2 WITH
    STAB              -0.577       0.233      0.014      -0.910      -0.052      *
    TREND             -0.007       0.061      0.454      -0.126       0.113

 STAB     WITH
    TREND             -0.034       0.099      0.358      -0.240       0.155

 Means
    WEB_D_L2           1.551       0.056      0.000       1.443       1.661      *
    DAY_BEFORE      -102.608      75.063      0.000    -335.686     -47.659      *
    TREND             -0.010       0.060      0.430      -0.127       0.111
    STAB               4.105       1.139      0.000       2.293       6.815      *
    LOGV               0.406       0.049      0.000       0.307       0.504      *

 Variances
    WEB_D_L2           1.000       0.000      0.000       1.000       1.000
    DAY_BEFORE         1.000       0.000      0.000       1.000       1.000
    TREND              1.000       0.000      0.000       1.000       1.000
    STAB               1.000       0.000      0.000       1.000       1.000
    LOGV               1.000       0.000      0.000       1.000       1.000


R-SQUARE

Within-Level R-Square Averaged Across Clusters

                                Posterior  One-Tailed         95% C.I.
    Variable        Estimate       S.D.      P-Value   Lower 2.5%  Upper 2.5%

    WEB_D_L2           0.167       0.016      0.000       0.136       0.196

                                Posterior  One-Tailed         95% C.I.
    Variable        Estimate       S.D.      P-Value   Lower 2.5%  Upper 2.5%

    F                  0.340       0.052      0.000       0.222       0.429


RESIDUAL OUTPUT


     ESTIMATED MODEL


     AVERAGE CLUSTER ESTIMATES


           Means
              WEB_D_L2      DAY_BEFO
              ________      ________
                1.833       -14.758


           Covariances
              WEB_D_L2      DAY_BEFO
              ________      ________
 WEB_D_L2       2.064
 DAY_BEFO      -0.021        71.598


           Correlations
              WEB_D_L2      DAY_BEFO
              ________      ________
 WEB_D_L2       1.000
 DAY_BEFO      -0.002         1.000


     BETWEEN LEVEL


           Means
              WEB_D_L2      DAY_BEFO
              ________      ________
                1.832       -14.750


           Covariances
              WEB_D_L2      DAY_BEFO
              ________      ________
 WEB_D_L2       1.393
 DAY_BEFO       0.000         0.021


           Correlations
              WEB_D_L2      DAY_BEFO
              ________      ________
 WEB_D_L2       1.000
 DAY_BEFO       0.000         1.000


TECHNICAL 1 OUTPUT


     PARAMETER SPECIFICATION FOR WITHIN


           NU
              WEB_D_L2      DAY_BEFO
              ________      ________
                    0             0


           LAMBDA
              F             F&1           WEB_D_L2      DAY_BEFO
              ________      ________      ________      ________
 WEB_D_L2           0             0             0             0
 DAY_BEFO           0             0             0             0


           THETA
              WEB_D_L2      DAY_BEFO
              ________      ________
 WEB_D_L2           0
 DAY_BEFO           0             0


           ALPHA
              F             F&1           WEB_D_L2      DAY_BEFO
              ________      ________      ________      ________
                    0             0             0             0


           BETA
              F             F&1           WEB_D_L2      DAY_BEFO
              ________      ________      ________      ________
 F                  0             0             0             0
 F&1                0             0             0             0
 WEB_D_L2           0             0             0             0
 DAY_BEFO           0             0             0             0


           PSI
              F             F&1           WEB_D_L2      DAY_BEFO
              ________      ________      ________      ________
 F                  1
 F&1                0             0
 WEB_D_L2           0             0             0
 DAY_BEFO           0             0             0             2


     PARAMETER SPECIFICATION FOR BETWEEN


           NU
              WEB_D_L2      DAY_BEFO
              ________      ________
                    0             0


           LAMBDA
              TREND         STAB          LOGV          WEB_D_L2      DAY_BEFO
              ________      ________      ________      ________      ________
 WEB_D_L2           0             0             0             0             0
 DAY_BEFO           0             0             0             0             0


           THETA
              WEB_D_L2      DAY_BEFO
              ________      ________
 WEB_D_L2           0
 DAY_BEFO           0             0


           ALPHA
              TREND         STAB          LOGV          WEB_D_L2      DAY_BEFO
              ________      ________      ________      ________      ________
                    3             4             5             6             7


           BETA
              TREND         STAB          LOGV          WEB_D_L2      DAY_BEFO
              ________      ________      ________      ________      ________
 TREND              0             0             0             0             0
 STAB               0             0             0             0             0
 LOGV               0             0             0             0             0
 WEB_D_L2           0             0             0             0             0
 DAY_BEFO           0             0             0             0             0


           PSI
              TREND         STAB          LOGV          WEB_D_L2      DAY_BEFO
              ________      ________      ________      ________      ________
 TREND              8
 STAB               9            10
 LOGV               0             0            11
 WEB_D_L2          12            13             0            14
 DAY_BEFO           0             0             0             0            15


     PARAMETER SPECIFICATION FOR THE ADDITIONAL PARAMETERS


           NEW/ADDITIONAL PARAMETERS
              MEDV          MEANV         25QV          75QV
              ________      ________      ________      ________
                   16            17            18            19


     STARTING VALUES FOR WITHIN


           NU
              WEB_D_L2      DAY_BEFO
              ________      ________
                0.000         0.000


           LAMBDA
              F             F&1           WEB_D_L2      DAY_BEFO
              ________      ________      ________      ________
 WEB_D_L2       0.000         0.000         1.000         0.000
 DAY_BEFO       0.000         0.000         0.000         1.000


           THETA
              WEB_D_L2      DAY_BEFO
              ________      ________
 WEB_D_L2       0.000
 DAY_BEFO       0.000         0.000


           ALPHA
              F             F&1           WEB_D_L2      DAY_BEFO
              ________      ________      ________      ________
                0.000         0.000         0.000         0.000


           BETA
              F             F&1           WEB_D_L2      DAY_BEFO
              ________      ________      ________      ________
 F              0.000         0.000         0.000         0.000
 F&1            0.000         0.000         0.000         0.000
 WEB_D_L2       1.000         0.000         0.000         0.000
 DAY_BEFO       0.000         0.000         0.000         0.000


           PSI
              F             F&1           WEB_D_L2      DAY_BEFO
              ________      ________      ________      ________
 F              1.000
 F&1            0.000         1.000
 WEB_D_L2       0.000         0.000         0.000
 DAY_BEFO       0.000         0.000         0.000        35.798


     STARTING VALUES FOR BETWEEN


           NU
              WEB_D_L2      DAY_BEFO
              ________      ________
                0.000         0.000


           LAMBDA
              TREND         STAB          LOGV          WEB_D_L2      DAY_BEFO
              ________      ________      ________      ________      ________
 WEB_D_L2       0.000         0.000         0.000         1.000         0.000
 DAY_BEFO       0.000         0.000         0.000         0.000         1.000


           THETA
              WEB_D_L2      DAY_BEFO
              ________      ________
 WEB_D_L2       0.000
 DAY_BEFO       0.000         0.000


           ALPHA
              TREND         STAB          LOGV          WEB_D_L2      DAY_BEFO
              ________      ________      ________      ________      ________
                0.000         0.000         0.000         2.094       -14.750


           BETA
              TREND         STAB          LOGV          WEB_D_L2      DAY_BEFO
              ________      ________      ________      ________      ________
 TREND          0.000         0.000         0.000         0.000         0.000
 STAB           0.000         0.000         0.000         0.000         0.000
 LOGV           0.000         0.000         0.000         0.000         0.000
 WEB_D_L2       0.000         0.000         0.000         0.000         0.000
 DAY_BEFO       0.000         0.000         0.000         0.000         0.000


           PSI
              TREND         STAB          LOGV          WEB_D_L2      DAY_BEFO
              ________      ________      ________      ________      ________
 TREND          1.000
 STAB           0.000         1.000
 LOGV           0.000         0.000         1.000
 WEB_D_L2       0.000         0.000         0.000         1.497
 DAY_BEFO       0.000         0.000         0.000         0.000        35.798


     STARTING VALUES FOR THE ADDITIONAL PARAMETERS


           NEW/ADDITIONAL PARAMETERS
              MEDV          MEANV         25QV          75QV
              ________      ________      ________      ________
                0.500         0.500         0.500         0.500



     PRIORS FOR ALL PARAMETERS            PRIOR MEAN      PRIOR VARIANCE     PRIOR STD. DEV.

     Parameter 1~IG(-1.000,0.000)          infinity            infinity            infinity
     Parameter 2~IG(-1.000,0.000)          infinity            infinity            infinity
     Parameter 3~N(0.000,infinity)           0.0000            infinity            infinity
     Parameter 4~N(0.000,infinity)           0.0000            infinity            infinity
     Parameter 5~N(0.000,infinity)           0.0000            infinity            infinity
     Parameter 6~N(0.000,infinity)           0.0000            infinity            infinity
     Parameter 7~N(0.000,infinity)           0.0000            infinity            infinity
     Parameter 8~IW(0.000,-4)              infinity            infinity            infinity
     Parameter 9~IW(0.000,-4)              infinity            infinity            infinity
     Parameter 10~IW(0.000,-4)             infinity            infinity            infinity
     Parameter 11~IG(-1.000,0.000)         infinity            infinity            infinity
     Parameter 12~IW(0.000,-4)             infinity            infinity            infinity
     Parameter 13~IW(0.000,-4)             infinity            infinity            infinity
     Parameter 14~IW(0.000,-4)             infinity            infinity            infinity
     Parameter 15~IG(-1.000,0.000)         infinity            infinity            infinity


TECHNICAL 4 OUTPUT


     AVERAGE ESTIMATES DERIVED FROM THE MODEL FOR WITHIN


           ESTIMATED MEANS FOR THE LATENT VARIABLES
              F             F&1           TREND         STAB          LOGV
              ________      ________      ________      ________      ________
                0.000         0.000         0.000         0.538         0.283


           ESTIMATED MEANS FOR THE LATENT VARIABLES
              WEB_D_L2      DAY_BEFO
              ________      ________
                1.833       -14.758


           ESTIMATED COVARIANCE MATRIX FOR THE LATENT VARIABLES
              F             F&1           TREND         STAB          LOGV
              ________      ________      ________      ________      ________
 F              0.301
 F&1            0.221         0.301
 TREND          0.000         0.000         0.000
 STAB           0.000         0.000         0.000         0.000
 LOGV           0.000         0.000         0.000         0.000         0.000
 WEB_D_L2       0.301         0.221         0.000         0.000         0.000
 DAY_BEFO       0.000         0.000         0.000         0.000         0.000


           ESTIMATED COVARIANCE MATRIX FOR THE LATENT VARIABLES
              WEB_D_L2      DAY_BEFO
              ________      ________
 WEB_D_L2       2.064
 DAY_BEFO      -0.021        71.598


           ESTIMATED CORRELATION MATRIX FOR THE LATENT VARIABLES
              F             F&1           TREND         STAB          LOGV
              ________      ________      ________      ________      ________
 F              1.000
 F&1            0.603         1.000
 TREND          0.000         0.000         1.000
 STAB           0.000         0.000         0.000         1.000
 LOGV           0.000         0.000         0.000         0.000         1.000
 WEB_D_L2       0.350         0.211         0.000         0.000         0.000
 DAY_BEFO       0.000         0.000         0.000         0.000         0.000


           ESTIMATED CORRELATION MATRIX FOR THE LATENT VARIABLES
              WEB_D_L2      DAY_BEFO
              ________      ________
 WEB_D_L2       1.000
 DAY_BEFO      -0.002         1.000


     ESTIMATES DERIVED FROM THE MODEL FOR BETWEEN


           ESTIMATED MEANS FOR THE LATENT VARIABLES
              F             F&1           TREND         STAB          LOGV
              ________      ________      ________      ________      ________
                0.000         0.000         0.000         0.577         0.291


           ESTIMATED MEANS FOR THE LATENT VARIABLES
              WEB_D_L2      DAY_BEFO
              ________      ________
                1.832       -14.750


           ESTIMATED COVARIANCE MATRIX FOR THE LATENT VARIABLES
              F             F&1           TREND         STAB          LOGV
              ________      ________      ________      ________      ________
 F              0.000
 F&1            0.000         0.000
 TREND          0.000         0.000         0.001
 STAB           0.000         0.000         0.000         0.021
 LOGV           0.000         0.000         0.000         0.000         0.514
 WEB_D_L2       0.000         0.000         0.000        -0.094         0.000
 DAY_BEFO       0.000         0.000         0.000         0.000         0.000


           ESTIMATED COVARIANCE MATRIX FOR THE LATENT VARIABLES
              WEB_D_L2      DAY_BEFO
              ________      ________
 WEB_D_L2       1.393
 DAY_BEFO       0.000         0.021


           ESTIMATED CORRELATION MATRIX FOR THE LATENT VARIABLES
              F             F&1           TREND         STAB          LOGV
              ________      ________      ________      ________      ________
 F              1.000
 F&1            0.000         1.000
 TREND          0.000         0.000         1.000
 STAB           0.000         0.000        -0.031         1.000
 LOGV           0.000         0.000         0.000         0.000         1.000
 WEB_D_L2       0.000         0.000        -0.007        -0.556         0.000
 DAY_BEFO       0.000         0.000         0.000         0.000         0.000


           ESTIMATED CORRELATION MATRIX FOR THE LATENT VARIABLES
              WEB_D_L2      DAY_BEFO
              ________      ________
 WEB_D_L2       1.000
 DAY_BEFO       0.000         1.000


TECHNICAL 8 OUTPUT


   TECHNICAL 8 OUTPUT FOR BAYES ESTIMATION

     PROCESSOR    BSEED
     1            0
     2            285380
     3            253358
     4            93468
     5            608496
     6            903420
     7            195873
     8            462953
     9            939021
     10           127215
     11           415931
     12           533738
     13           107446
     14           399671
     15           650371
     16           27071
     17           76974
     18           68985
     19           851945
     20           637345
     21           573096
     22           902278
     23           887676
     24           372176
     25           347515
     26           207896
     27           569131
     28           364676
     29           392418
     30           366706

                     POTENTIAL       PARAMETER WITH
     ITERATION    SCALE REDUCTION      HIGHEST PSR
     100              2.357               13
     200              4.535               10
     300              2.444               13
     400              1.904               13
     500              1.359               1
     600              1.443               1
     700              1.590               1
     800              1.416               1
     900              1.397               1
     1000             1.430               1
     1100             1.300               1
     1200             1.184               10
     1300             1.153               4
     1400             1.214               4
     1500             1.162               4
     1600             1.126               7
     1700             1.126               7
     1800             1.173               7
     1900             1.203               7
     2000             1.250               7
     2100             1.242               7
     2200             1.210               7
     2300             1.180               7
     2400             1.104               13
     2500             1.161               13
     2600             1.184               13
     2700             1.173               13
     2800             1.164               13
     2900             1.158               13
     3000             1.142               13
     3100             1.113               13
     3200             1.074               15
     3300             1.101               15
     3400             1.120               15
     3500             1.145               15
     3600             1.144               15
     3700             1.131               15
     3800             1.067               10
     3900             1.070               10
     4000             1.085               10
     4100             1.104               10
     4200             1.095               10
     4300             1.072               10
     4400             1.070               15
     4500             1.086               15
     4600             1.094               15
     4700             1.093               15
     4800             1.075               15
     4900             1.050               15
     5000             1.038               15


PLOT INFORMATION

The following plots are available:

  Histograms (sample values)
  Scatterplots (sample values)
  Between-level histograms (sample values, sample means/variances)
  Between-level scatterplots (sample values, sample means/variances)
  Time series plots (sample values, ACF, PACF)
  Histogram of subjects per time point
  Time interval plots
  Bayesian posterior parameter distributions
  Bayesian posterior parameter trace plots
  Bayesian autocorrelation plots

     Beginning Time:  13:29:10
        Ending Time:  14:37:23
       Elapsed Time:  01:08:13



MUTHEN & MUTHEN
3463 Stoner Ave.
Los Angeles, CA  90066

Tel: (310) 391-9971
Fax: (310) 391-8971
Web: www.StatModel.com
Support: Support@StatModel.com

Copyright (c) 1998-2024 Muthen & Muthen
