Mplus VERSION 8.11 (Linux)
MUTHEN & MUTHEN
10/18/2025   8:52 AM

INPUT INSTRUCTIONS


  TITLE: Two-level AR(1) model for web_c_b;

  DATA:
    FILE = "data_full.dat";

  VARIABLE:
    NAMES = new_id age female edu edu_low edu_med edu_high nr_dev w1_inet w1_sp w1_pc_nr
       w1_sph_nr w1_tabl_nr date call_c msg_c phot_c call_d msg_d phot_d web_c web_d
       sm_c sm_d w1_date w1b_date w1_date_7 w1_date_30 w1b_date_7 w1b_date_30
       day_before_w1 day_before_w1b w1_7d_window w1b_7d_window w1_30d_window
       w1b_30d_window days_c call_d_l msg_d_l phot_d_l web_d_l sm_d_l call_c_l msg_c_l
       phot_c_l web_c_l sm_c_l days_c_l call_d_l2 msg_d_l2 phot_d_l2 web_d_l2 sm_d_l2
       call_c_l2 msg_c_l2 phot_c_l2 web_c_l2 sm_c_l2 call_c_b msg_c_b phot_c_b web_c_b
       sm_c_b time;
    MISSING = .;
    USEVARIABLES = web_c_b day_before_w1;
    CATEGORICAL = web_c_b;
    CLUSTER = new_id;
    TINTERVAL = time (1 time2);

  ANALYSIS:
    TYPE = TWOLEVEL RANDOM;
    ESTIMATOR = BAYES;
    PROCESSORS = 30;
    BITERATIONS = 20000 (5000);
    THIN = 10;

  MODEL:
    %WITHIN%
      f BY web_c_b@1(&1);
      trend | web_c_b ON day_before_w1;
      stab | f ON f&1;

    %BETWEEN%
      web_c_b WITH stab trend;
      stab WITH trend;


  OUTPUT: TECH1 TECH8 TECH4 STDYX residual;

  PLOT: TYPE = PLOT3;



*** WARNING in VARIABLE command
  Note that only the first 8 characters of variable names are used in the output.
  Shorten variable names to avoid any confusion.
*** WARNING in MODEL command
  A y-variable has been declared on the within level but not referred to on
  the between level.  Please check that this is what is intended.  If this is not intended,
  specify the variable as a within variable.  Problem with:  DAY_BEFORE_W1
*** WARNING in PLOT command
  Note that only the first 8 characters of variable names are used in plots.
  If variable names are not unique within the first 8 characters, problems
  may occur.
*** WARNING
  Data set contains cases with missing on x-variables converted to dependent variables.
  The autocorrelation of these variables should be included in the model and the variables
  added to the LAGGED option.  The following converted x-variable(s) have cases with missing:

      DAY_BEFORE_W1 (10803 cases with missing data)

*** WARNING
  One or more individual-level variables have no variation within a
  cluster for the following clusters.

     Variable   Cluster IDs with no within-cluster variation

      WEB_C_B     415 514 1796 118 657 797 468 1060 168 1106 534 679 788 310 1055 1187 671 497
                  833 388 303 1325 1446 1853 407 2134 752 485 1962 1815 693 1198 1327 554 955
                  1197 769 383 835 1735 2166 2207 1776 1056 1164 181 1058 1143 783 884 670 1575
                  869 1842 2139 762 825 2034 1101 1278 2039 1273 104 267 441 1520 546 1732 2192
                  1043 1152 1567 1155 442 1251 358 1430 1282 1599 1212 272 922 1337 1901 584 297
                  1709 1998 1594 1159 967 991 1092 792 1184 704 1180 1971 492 728 108 655 2183
                  742 430 227 818 1691 26 133 229 301 165 307 117 220 1290 400 360 184 295 1565
                  204 197 362 2211 1860 370 317 396 284 1098 1818 377 1018 304 1299 1808 205 241
                  342 147 2085 163 1868 314 1559 2223 193 2043 1536 115 291 109 155 1831 67 932
                  593 999 1589 1955 1618 1202 1397 772 829 1467 1406 1442 1518 1424 823 1008 1811
                  1381 1645 73 1584 1213 1298 564 1788 1659 1303 1454 1016 930 62 1114 1770 1422
                  1096 1054 45 102 1111 692 946 18 558 672 1481 1940 1115 1024 1821 1371 725 1760
                  1445 1847 1600 889 616 2093 1418 1388 1610 2208 1778 1601 2199 822 1813 2081
                  541 1611 85 2161 35 486 2069 1612 1864 1523 1614 13 1538 1429 2097 1389 82 1512
                  1315 645 1768 2038 1425 602 2064 1086 86 1727 1041 1091 1623 1291 1805 2051
                  1673 518 2141 1715 1031 1219 2138 1075 896 1161 821 994 1462 2056 1845 1460
                  599 837 813 64 1930 2091 1220 910 1957 786 733 1963 1525 1528 1875 1562 1979
                  1423 1803 615 1081 1707 2151 69 1309 1946 1480 956 1121 864 59 561 831 2076
                  859 1067 2150 735 1379 1401 1947 665 89 1203 2182 2127 682 1035 1793 1415 1942
                  1757 1984 2187 1451 1986 1436 1532 1517 1508 1421 714 1680 1461 507 1147 789
                  763 1701 1477 1819 2003 782 1881 470 2154 1515 1378 2221 2002 1789 2095 2018
                  1487 1779 876 979 2203 1392 2037 1937 958 1386 849 1869 1647 747 780 901 740
                  1914 525 1729 751 1400 1032 860 648 502 2197 1071 904 2010 1661 1743 892 965
                  1089 2184 1404 2115 633 1660 90 1431 1335 1182 1915 1678 1218 32 601 1639 755

   5 WARNING(S) FOUND IN THE INPUT INSTRUCTIONS



Two-level AR(1) model for web_c_b;

SUMMARY OF ANALYSIS

Number of groups                                                 1
Number of observations                                       36106

Number of dependent variables                                    2
Number of independent variables                                  0
Number of continuous latent variables                            4

Observed dependent variables

  Continuous
   DAY_BEFORE

  Binary and ordered categorical (ordinal)
   WEB_C_B

Continuous latent variables
   F           F&1         TREND       STAB

Variables with special functions

  Cluster variable      NEW_ID

Estimator                                                    BAYES
Specifications for Bayesian Estimation
  Point estimate                                            MEDIAN
  Number of Markov chain Monte Carlo (MCMC) chains               2
  Random seed for the first chain                                0
  Starting value information                           UNPERTURBED
  Algorithm used for Markov chain Monte Carlo           GIBBS(PX1)
  Convergence criterion                                  0.500D-01
  Maximum number of iterations                               20000
  K-th iteration used for thinning                              10
Link                                                        PROBIT

Input data file(s)
  data_full.dat
Input data format  FREE


SUMMARY OF DATA

     Number of clusters                       1302

       Size (s)    Cluster ID with Size s

          2        415
          3        514
          4        794
          5        1281 2062
          6        1295 750 1796 118 1511 1641 501 657 490
          7        797 828 468 635 1060 352 168
          8        146 565 706 1106 534 98 1781 2218 397 679
          9        788 310 573 1874
         10        8 1055 1187 2217 671
         11        862 1830 497 1097 833 388
         12        261 303 1116 27
         13        1325 245 1446
         14        2155 1853 1771 574
         15        412 407 2134 568
         16        773 1974 996 1038 463 1540 752
         17        1767 1146 2012 485 1962 1815
         18        693 1198 1557 519 1327 271 554 955 1197 769 1177 1980
                   1886 445 494
         19        2144 383 1899 647 835 2021 1735 2166 2207 1776
         20        1188 226 1056 1164 181 1140 1058 247 1978 189 1143 900
                   771 1677 1025 783 1361 1718 218 884 670
         21        521 1136 1766 1575 988 869 663
         22        1842 337 2139 902 1890 363 762 931 825 1211 2103 2034
                   2120 1101 768 620
         23        1666 1084 538 384 681 982 1278 1909 319 2039 435 1662
                   619 341 1273 104
         24        1082 267 441 1520 903 1826 586 1888 420 1877 546 1373
                   1732 1079 1676 760 424 2192 1043 1486 394 457 1865 1152
         25        1069 1567 1574 928 421 897 1155 442 1251 224 270 1706
                   358 1605 1430 1282 1599 1780 1212 411 1053 386
         26        272 1343 427 1448 365 1141 922 1337 2007 2116 1049 454
                   701 1901 1549 584 1109 297 598 173 1507
         27        636 1709 1998 1594 664 1159 1122 967 1302 1270 121 991
                   2210 392 1092 2194 792 1723 293 1317 1029 1184 704 1224
                   611 1180 1099 371 1328
         28        1971 286 830 804 1876 2106 2129 667 583 191 934 537
                   492 728 1544 406 978 774 2123 592 206 2140 1968 812
                   1626 1551 808 1744 108 260 957 380 1339 495 631 974
                   1516 566 1587 655 2183 742 803 430 227 818 1691 26 536
                   237 524 133 891 338 1834
         29        399 357 1468 455 229 387 405 301 249 287 165 453 203
                   1103 207 320 307 414 416 250 137 188 432 340 117 220
                   1290 446 443 400 217 282 376 143 360 184 198 353 295
                   252 1615 393 331 157 413 246 160 1368 1565 328 91 981
                   240 204 323 1227 235 1527 1797 197 362 2211 1860 318
                   316 149 370 167 298 153 422 451 398 172 317 239 326
                   354 396 180 437 277 264 263 151 186 138 284 296 309
                   1098 1210 433 347 268 1818 377 1268 111 1637 1018 322
                   30 418 304 211 426 1299 1808 325 110 205 332 241 372
                   142 342 49 210 196 1938 129 417 182 187 147 2085 148
                   368 269 212 177 419 349 163 132 4 423 1868 314 283 1559
                   290 2223 262 193 452 1458 361 274 2043 410 330 276 294
                   1536 440 115 428 278 429 291 109 155 447 253 402
         30        1307 1634 2028 1831 1855 791 2206 1524 1283 1829 2049
                   67 944 1763 1919 1989 932 57 593 999 1589 1837 695 1453
                   1668 2020 1010 1135 2202 2195 52 622 1088 1985 1955
                   1618 1513 1202 1019 21 793 1397 1326 933 1653 2163 1643
                   772 800 829 1872 1467 1798 1323 1586 3 2067 1406 1442
                   1518 1424 1395 823 1160 2001 84 1008 1100 1811 1381
                   1645 1066 6 499 517 99 605 73 1584 1213 1977 1246 1298
                   1585 918 564 1887 1324 646 2036 1788 743 937 853 1710
                   1659 2000 461 1303 1454 1669 1950 915 1311 1016 930
                   62 1114 63 1015 33 1770 1422 2118 1096 632 767 1054
                   719 45 1249 476 102 1579 738 597 1111 692 946 1057 18
                   558 2040 858 97 672 1708 2047 1481 1940 1360 1115 1593
                   653 1558 482 2216 1024 1928 1859 1823 481 1821 1175
                   2212 1806 1514 1118 2119 1371 2111 1839 908 1241 725
                   1004 2147 1760 1445 1847 87 471 1600 1703 983 1931 895
                   1951 1062 868 924 889 1502 758 1348 616 2093 1196 1191
                   1418 2030 1388 943 703 515 609 1773 2196 2073 74 60
                   2132 2015 1610 2208 79 1778 1064 1601 1817 1501 2099
                   1624 1891 2199 898 1095 1353 2137 1625 1879 822 874
                   1813 606 2081 1023 541 2126 1412 1611 85 1576 613 1432
                   2161 35 1604 1110 486 717 639 2069 1612 467 745 508
                   839 2165 1864 1591 940 815 1686 2114 1523 1614 9 13
                   1013 1080 1720 1687 1934 1627 686 1863 2219 475 739
                   547 1350 712 1538 732 784 2 1429 1248 2097 1389 1207
                   82 894 2179 1214 1254 1512 1315 2191 749 1314 1185 645
                   1873 1768 1509 941 1372 2038 834 11 1425 557 602 2014
                   1410 1835 1233 906 2064 477 1754 1199 1472 1437 691
                   1086 86 1727 1041 1608 1091 2065 1623 1554 1466 498
                   1291 1201 1870 1805 1030 1473 2051 1673 1465 1534 1334
                   518 802 1365 1113 1542 674 1926 2141 1674 1734 1715
                   977 1696 1077 1181 1031 618 1814 1044 1219 1849 2138
                   1075 103 896 871 1568 1161 92 821 562 675 1264 994 1882
                   1462 1981 702 36 630 1330 929 44 2056 1972 1902 669
                   1497 1961 2035 1759 1845 1991 1745 1033 1916 2159 1850
                   1460 880 599 2059 1167 2135 837 813 1924 1917 1964 722
                   1953 1570 2082 643 2070 556 1697 1276 680 64 1930 2091
                   72 1220 1790 910 685 25 986 809 963 992 1957 504 786
                   733 100 1840 506 1963 953 2024 29 1525 1528 1786 1629
                   711 1875 746 1956 544 827 1562 1607 1154 1979 1656 1001
                   1151 684 19 1423 1259 1803 615 1632 1081 579 1992 1546
                   1654 720 1707 1493 1171 603 2151 69 2101 1644 1774 1573
                   959 559 885 1714 1309 1851 909 1946 1716 582 1695 1480
                   947 956 1121 1504 1139 678 1163 2088 642 2117 555 753
                   1137 77 1713 696 864 1785 1923 2075 1801 48 1256 59
                   726 1777 561 831 1784 2076 37 968 859 1809 1067 927
                   2019 2150 914 735 1379 1232 1401 1498 1947 1939 628
                   1822 665 89 2131 1943 1305 995 1646 2185 1203 2016 1216
                   807 2182 2127 2122 682 1266 998 39 964 1999 1035 1793
                   875 2112 2052 1731 1415 1942 764 1230 38 553 1561 1757
                   600 1967 1828 1984 1250 2213 2187 1451 1986 1436 1532
                   1517 1508 644 1918 1421 714 2098 2044 1680 1461 507
                   1147 20 2136 789 105 1595 1944 763 1237 46 78 474 1070
                   488 1485 1701 523 1581 1572 1028 1477 638 1819 2003
                   2169 1263 782 1225 12 810 1881 1895 1704 88 2148 470
                   2154 1172 1515 1378 2023 1020 1935 1356 2221 2002 1488
                   1966 2145 1987 1200 1789 2095 971 870 1560 2018 2157
                   801 1478 1487 1751 993 2160 718 1779 866 876 979 723
                   1799 1470 2203 1392 2037 1937 1402 958 1386 1588 849
                   1869 1900 1189 1812 1647 2224 1861 1022 747 1522 65
                   2061 590 780 901 93 740 1905 1914 744 525 1190 1729
                   751 2013 1400 1032 938 1128 1346 860 648 1856 1619 987
                   550 502 1231 882 1272 2197 1755 1294 1071 709 1243 484
                   855 756 926 904 1613 2181 552 1904 1878 1912 1765 1061
                   2174 2010 1661 1491 973 520 1896 970 1133 1743 1609
                   892 1131 997 1345 965 1580 2198 1021 1352 1810 500 1671
                   1089 1074 2068 2184 1791 1404 640 2115 1782 633 1693
                   1280 1660 1590 90 2121 1117 989 95 1431 1675 731 1050
                   540 1340 1003 899 1335 1236 1997 10 1387 966 886 1692
                   1182 1915 1678 1174 40 845 1833 1564 1648 288 1218 32
                   814 601 741 1034 1907 710 1002 1639 2022 2026 1366 761
                   2063 1104 2171 755



COVARIANCE COVERAGE OF DATA

Minimum covariance coverage value   0.100

     Number of missing data patterns             2


     PROPORTION OF DATA PRESENT


           Covariance Coverage
              WEB_C_B       DAY_BEFO
              ________      ________
 WEB_C_B        0.701
 DAY_BEFO       0.701         0.701


UNIVARIATE PROPORTIONS AND COUNTS FOR CATEGORICAL VARIABLES

    WEB_C_B
      Category 1    0.352         8900.000
      Category 2    0.648        16403.000



UNIVARIATE SAMPLE STATISTICS


     UNIVARIATE HIGHER-ORDER MOMENT DESCRIPTIVE STATISTICS

         Variable/         Mean/     Skewness/   Minimum/ % with                Percentiles
        Sample Size      Variance    Kurtosis    Maximum  Min/Max      20%/60%    40%/80%    Median

     DAY_BEFORE_W1       -14.739       0.041     -29.000    3.21%     -23.000    -18.000    -15.000
           25303.000      72.144      -1.158       0.000    3.26%     -12.000     -6.000


     WARNING: PROBLEMS OCCURRED IN SEVERAL ITERATIONS IN THE COMPUTATION OF THE STANDARDIZED ESTIMATES FOR SEVERAL
     CLUSTERS. THIS IS MOST LIKELY DUE TO AR COEFFICIENTS GREATER THAN 1 OR PARAMETERS GIVING NON-STATIONARY MODELS.
     SUCH POSTERIOR DRAWS ARE REMOVED. THE FOLLOWING CLUSTERS HAD SUCH PROBLEMS:
          415 514 794 1281 2062 1295 750 1796 118 1511 1641 501 657 490 797 828 468 635 1060 352 168
          146 565 706 1106 534 98 1781 2218 397 679 788 310 573 1874 8 1055 1187 2217 671 862 1830 497
          1097 833 388 261 303 1116 27 1325 245 1446 2155 1853 1771 574 412 407 2134 568 773 1974 996
          1038 463 1540 752 1767 1146 2012 485 1962 1815 693 1198 1557 519 1327 271 554 955 1197 769
          1177 1980 1886 445 494 2144 383 1899 647 835 2021 1735 2166 2207 1776 1188 226 1056 1164 181
          1140 1058 247 1978 189 1143 900 771 1677 1025 783 1718 218 884 670 521 1136 1766 1575 988 869
          663 1842 2139 1890 363 762 825 1211 2103 2034 2120 1101 768 620 1666 1084 538 384 681 982 1278
          1909 319 2039 435 1662 619 341 1273 104 267 441 1520 903 1826 586 1888 420 1877 546 1373 1732
          1079 1676 760 424 2192 1043 1486 394 457 1865 1152 1069 1567 1574 928 421 897 1155 442 1251
          224 270 1706 358 1605 1430 1282 1599 1780 1212 411 1053 386 272 1343 427 1448 1141 922 1337
          2007 2116 454 701 1901 1549 584 1109 297 598 173 1507 636 1709 1998 1594 664 1159 1122 967
          1302 1270 121 991 2210 1092 2194 792 1723 293 1317 1029 1184 704 1224 611 1180 1099 1328 1971
          286 830 1876 2106 2129 667 583 934 537 492 728 1544 406 978 774 2123 592 206 2140 1968 812
          1551 808 108 260 957 380 1339 495 631 974 1516 566 655 2183 742 803 430 227 818 1691 26 536
          237 524 133 891 338 399 357 1468 455 229 301 249 165 453 203 1103 320 307 414 416 250 137 432
          340 117 220 1290 446 443 400 217 282 376 143 360 198 353 295 252 1615 393 157 413 246 1368
          1565 981 240 204 323 1227 235 1527 1797 197 362 2211 1860 318 316 149 370 167 298 153 451 398
          317 354 396 180 277 151 186 138 284 296 309 1098 433 347 268 1818 377 1268 111 1018 322 418
          304 211 426 1299 1808 205 332 241 372 142 342 49 210 417 182 147 368 269 212 177 349 163 132
          4 423 1868 314 283 1559 290 2223 193 361 274 2043 410 276 294 1536 115 428 278 429 291 109
          155 447 253 1307 1634 2028 1831 1855 791 1524 1829 2049 67 944 1763 1919 1989 932 593 999 1589
          1837 695 1453 1668 1010 2202 2195 52 1088 1985 1955 1618 1513 1202 1019 1397 1326 933 2163
          1643 772 800 829 1872 1467 1323 1586 3 2067 1406 1442 1518 1395 823 1160 2001 84 1008 1100
          1811 1381 1645 1066 6 499 517 99 605 73 1584 1977 1246 1585 918 564 646 1788 743 937 1659 2000
          461 1303 1454 915 1311 1016 930 62 1114 63 33 1770 1422 2118 1096 632 767 1054 719 45 476 102
          1579 597 1111 692 946 18 558 2040 672 1708 2047 1481 1940 1115 1593 653 1024 1859 1823 481
          1821 1175 1806 1514 2119 1371 2111 1839 908 725 2147 1760 1445 1847 87 1600 1931 895 868 924
          889 758 1348 616 2093 1418 2030 1388 943 703 515 1773 2196 2073 60 2132 2015 1610 2208 1778
          1064 1601 1817 1501 2099 1624 2199 898 1095 1353 2137 1625 822 874 1813 606 2081 541 2126 1412
          85 613 2161 35 486 717 639 2069 1612 467 745 508 1864 940 815 1686 2114 1523 1614 9 13 1013
          1080 1687 1934 1627 1863 475 739 547 1350 712 1538 784 2 1429 1248 2097 1389 1207 82 2179 1214
          1254 1512 1315 2191 1314 645 1873 1768 1509 941 2038 834 11 1425 557 602 2014 1410 1835 1233
          906 2064 1472 1437 691 1086 86 1727 1041 1608 1091 2065 1623 1554 1466 498 1291 1201 1805 1030
          1473 2051 1673 1465 1534 1334 518 802 1365 1113 1542 674 1926 2141 1674 1734 1715 977 1696
          1077 1181 1031 618 1044 1219 1849 2138 1075 103 896 1568 1161 821 562 994 1882 1462 1981 702
          630 1330 929 44 2056 1972 1902 669 1961 2035 1845 1745 1033 1916 1850 1460 880 599 2059 1167
          2135 837 813 1917 1964 722 1953 1570 2082 643 2070 556 680 64 1930 2091 72 1220 910 685 986
          809 963 992 504 786 733 100 1840 506 1963 29 1525 1528 711 1875 746 1956 544 827 1562 1607
          1154 1979 1656 1001 684 19 1423 1259 1803 615 1632 1081 579 1546 1654 720 1707 1493 1171 603
          2151 69 1644 1774 1573 885 1714 1309 1851 909 1946 582 1695 1480 947 956 1121 1504 1139 678
          1163 2088 642 2117 555 77 864 1785 2075 1801 48 59 1777 561 831 1784 2076 37 859 1809 1067
          927 2019 2150 914 735 1379 1232 1401 1947 1939 628 665 89 2131 1943 1305 995 1646 2185 1203
          2016 1216 2182 2127 2122 682 1266 39 964 1999 1035 1793 2052 1415 1942 764 1230 38 553 1561
          1757 600 1828 1984 1250 2213 2187 1451 1986 1436 1532 1517 1508 644 1918 1421 714 2098 1680
          1461 507 1147 20 2136 789 105 1595 763 46 78 474 1070 1701 1581 1572 1028 1477 638 1819 2003
          2169 1263 782 12 810 1881 1895 88 470 1515 1378 2023 1935 1356 2221 2002 1488 2145 1987 1200
          1789 2095 971 870 1560 2018 2157 801 1478 1487 1751 993 2160 718 1779 876 979 1799 1470 2203
          2037 1937 1402 958 1386 1588 849 1869 1900 1189 1812 2224 1861 1022 747 1522 65 2061 590 780
          901 93 740 1905 1914 744 525 1729 2013 1400 1032 1128 1346 860 648 1856 1619 987 1231 882 1272
          2197 1294 1071 1243 484 756 926 2181 552 1904 1765 1061 2174 2010 1661 1491 973 1896 1133 1743
          892 1131 1345 965 2198 1352 1810 500 1671 1089 1074 2068 2184 1404 640 2115 1782 633 1693 1280
          1660 1590 90 2121 1117 989 1431 1675 731 1050 540 1340 1003 899 1335 1236 1387 966 1182 1915
          1678 1174 40 845 1833 1218 32 601 741 1034 1907 1002 1639 2022 2026 1366 761 2063 1104 2171
          755

THE MODEL ESTIMATION TERMINATED NORMALLY

     USE THE FBITERATIONS OPTION TO INCREASE THE NUMBER OF ITERATIONS BY A FACTOR
     OF AT LEAST TWO TO CHECK CONVERGENCE AND THAT THE PSR VALUE DOES NOT INCREASE.



MODEL FIT INFORMATION

Number of Free Parameters                              13



MODEL RESULTS

                                Posterior  One-Tailed         95% C.I.
                    Estimate       S.D.      P-Value   Lower 2.5%  Upper 2.5%  Significance

Within Level

 F        BY
    WEB_C_B            1.000       0.000      0.000       1.000       1.000

 Variances
    DAY_BEFORE        72.143       0.635      0.000      70.926      73.424      *

 Residual Variances
    F                 32.719       3.725      0.000      23.746      37.165      *

Between Level

 WEB_C_B  WITH
    STAB               0.093       0.414      0.419      -0.697       0.848
    TREND             -0.012       0.156      0.472      -0.322       0.285

 STAB     WITH
    TREND              0.000       0.005      0.489      -0.010       0.011

 Means
    DAY_BEFORE       -14.737       0.050      0.000     -14.841     -14.648      *
    TREND              0.006       0.010      0.278      -0.014       0.026
    STAB               0.172       0.021      0.000       0.132       0.216      *

 Thresholds
    WEB_C_B$1         -2.938       0.298      0.000      -3.540      -2.376      *

 Variances
    WEB_C_B           85.245       9.407      0.000      63.571      98.664      *
    DAY_BEFORE         0.014       0.024      0.000       0.001       0.091      *
    TREND              0.028       0.004      0.000       0.021       0.038      *
    STAB               0.089       0.009      0.000       0.072       0.109      *


STANDARDIZED MODEL RESULTS


STDYX Standardization

                                Posterior  One-Tailed         95% C.I.
                    Estimate       S.D.      P-Value   Lower 2.5%  Upper 2.5%  Significance

Within-Level Standardized Estimates Averaged Over Clusters

 F        BY
    WEB_C_B            0.965       0.003      0.000       0.959       0.971      *

 STAB | F ON
    F&1                0.170       0.016      0.000       0.140       0.206      *

 TREND | WEB_C_B ON
    DAY_BEFORE         0.007       0.011      0.244      -0.016       0.026

 Variances
    DAY_BEFORE         1.000       0.000      0.000       1.000       1.000

 Residual Variances
    F                  0.878       0.008      0.000       0.861       0.894      *

Between Level

 WEB_C_B  WITH
    STAB               0.034       0.154      0.419      -0.242       0.331
    TREND             -0.008       0.102      0.472      -0.208       0.188

 STAB     WITH
    TREND             -0.003       0.105      0.489      -0.208       0.204

 Means
    DAY_BEFORE      -125.681      90.397      0.000    -401.831     -48.727      *
    TREND              0.034       0.060      0.278      -0.082       0.153
    STAB               0.573       0.085      0.000       0.428       0.764      *

 Variances
    WEB_C_B            1.000       0.000      0.000       1.000       1.000
    DAY_BEFORE         1.000       0.000      0.000       1.000       1.000
    TREND              1.000       0.000      0.000       1.000       1.000
    STAB               1.000       0.000      0.000       1.000       1.000


R-SQUARE

Within-Level R-Square Averaged Across Clusters

                                Posterior  One-Tailed         95% C.I.
    Variable        Estimate       S.D.      P-Value   Lower 2.5%  Upper 2.5%

    WEB_C_B            0.977       0.001      0.000       0.975       0.978

                                Posterior  One-Tailed         95% C.I.
    Variable        Estimate       S.D.      P-Value   Lower 2.5%  Upper 2.5%

    F                  0.122       0.008      0.000       0.106       0.139


RESIDUAL OUTPUT


     ESTIMATED MODEL


     AVERAGE CLUSTER ESTIMATES


           Means
              WEB_C_B       DAY_BEFO
              ________      ________
                2.486       -14.741


           Covariances
              WEB_C_B       DAY_BEFO
              ________      ________
 WEB_C_B       36.647
 DAY_BEFO       0.359        72.146


           Correlations
              WEB_C_B       DAY_BEFO
              ________      ________
 WEB_C_B        1.000
 DAY_BEFO       0.008         1.000


     BETWEEN LEVEL


           Means
              WEB_C_B       DAY_BEFO
              ________      ________
                0.000       -14.737


           Covariances
              WEB_C_B       DAY_BEFO
              ________      ________
 WEB_C_B       85.245
 DAY_BEFO       0.000         0.014


           Correlations
              WEB_C_B       DAY_BEFO
              ________      ________
 WEB_C_B        1.000
 DAY_BEFO       0.000         1.000


TECHNICAL 1 OUTPUT


     PARAMETER SPECIFICATION FOR WITHIN


           TAU
              WEB_C_B$
              ________
                    0


           NU
              WEB_C_B       DAY_BEFO
              ________      ________
                    0             0


           LAMBDA
              F             F&1           WEB_C_B       DAY_BEFO
              ________      ________      ________      ________
 WEB_C_B            0             0             0             0
 DAY_BEFO           0             0             0             0


           THETA
              WEB_C_B       DAY_BEFO
              ________      ________
 WEB_C_B            0
 DAY_BEFO           0             0


           ALPHA
              F             F&1           WEB_C_B       DAY_BEFO
              ________      ________      ________      ________
                    0             0             0             0


           BETA
              F             F&1           WEB_C_B       DAY_BEFO
              ________      ________      ________      ________
 F                  0             0             0             0
 F&1                0             0             0             0
 WEB_C_B            0             0             0             0
 DAY_BEFO           0             0             0             0


           PSI
              F             F&1           WEB_C_B       DAY_BEFO
              ________      ________      ________      ________
 F                  1
 F&1                0             0
 WEB_C_B            0             0             0
 DAY_BEFO           0             0             0             2


     PARAMETER SPECIFICATION FOR BETWEEN


           TAU
              WEB_C_B$
              ________
                   13


           NU
              WEB_C_B       DAY_BEFO
              ________      ________
                    0             0


           LAMBDA
              TREND         STAB          WEB_C_B       DAY_BEFO
              ________      ________      ________      ________
 WEB_C_B            0             0             0             0
 DAY_BEFO           0             0             0             0


           THETA
              WEB_C_B       DAY_BEFO
              ________      ________
 WEB_C_B            0
 DAY_BEFO           0             0


           ALPHA
              TREND         STAB          WEB_C_B       DAY_BEFO
              ________      ________      ________      ________
                    3             4             0             5


           BETA
              TREND         STAB          WEB_C_B       DAY_BEFO
              ________      ________      ________      ________
 TREND              0             0             0             0
 STAB               0             0             0             0
 WEB_C_B            0             0             0             0
 DAY_BEFO           0             0             0             0


           PSI
              TREND         STAB          WEB_C_B       DAY_BEFO
              ________      ________      ________      ________
 TREND              6
 STAB               7             8
 WEB_C_B            9            10            11
 DAY_BEFO           0             0             0            12


     STARTING VALUES FOR WITHIN


           TAU
              WEB_C_B$
              ________
                0.000


           NU
              WEB_C_B       DAY_BEFO
              ________      ________
                0.000         0.000


           LAMBDA
              F             F&1           WEB_C_B       DAY_BEFO
              ________      ________      ________      ________
 WEB_C_B        0.000         0.000         1.000         0.000
 DAY_BEFO       0.000         0.000         0.000         1.000


           THETA
              WEB_C_B       DAY_BEFO
              ________      ________
 WEB_C_B        0.000
 DAY_BEFO       0.000         0.000


           ALPHA
              F             F&1           WEB_C_B       DAY_BEFO
              ________      ________      ________      ________
                0.000         0.000         0.000         0.000


           BETA
              F             F&1           WEB_C_B       DAY_BEFO
              ________      ________      ________      ________
 F              0.000         0.000         0.000         0.000
 F&1            0.000         0.000         0.000         0.000
 WEB_C_B        1.000         0.000         0.000         0.000
 DAY_BEFO       0.000         0.000         0.000         0.000


           PSI
              F             F&1           WEB_C_B       DAY_BEFO
              ________      ________      ________      ________
 F              1.000
 F&1            0.000         1.000
 WEB_C_B        0.000         0.000         1.000
 DAY_BEFO       0.000         0.000         0.000        36.072


     STARTING VALUES FOR BETWEEN


           TAU
              WEB_C_B$
              ________
               -0.340


           NU
              WEB_C_B       DAY_BEFO
              ________      ________
                0.000         0.000


           LAMBDA
              TREND         STAB          WEB_C_B       DAY_BEFO
              ________      ________      ________      ________
 WEB_C_B        0.000         0.000         1.000         0.000
 DAY_BEFO       0.000         0.000         0.000         1.000


           THETA
              WEB_C_B       DAY_BEFO
              ________      ________
 WEB_C_B        0.000
 DAY_BEFO       0.000         0.000


           ALPHA
              TREND         STAB          WEB_C_B       DAY_BEFO
              ________      ________      ________      ________
                0.000         0.000         0.000       -14.739


           BETA
              TREND         STAB          WEB_C_B       DAY_BEFO
              ________      ________      ________      ________
 TREND          0.000         0.000         0.000         0.000
 STAB           0.000         0.000         0.000         0.000
 WEB_C_B        0.000         0.000         0.000         0.000
 DAY_BEFO       0.000         0.000         0.000         0.000


           PSI
              TREND         STAB          WEB_C_B       DAY_BEFO
              ________      ________      ________      ________
 TREND          1.000
 STAB           0.000         1.000
 WEB_C_B        0.000         0.000         1.000
 DAY_BEFO       0.000         0.000         0.000        36.072



     PRIORS FOR ALL PARAMETERS            PRIOR MEAN      PRIOR VARIANCE     PRIOR STD. DEV.

     Parameter 1~IG(-1.000,0.000)          infinity            infinity            infinity
     Parameter 2~IG(-1.000,0.000)          infinity            infinity            infinity
     Parameter 3~N(0.000,infinity)           0.0000            infinity            infinity
     Parameter 4~N(0.000,infinity)           0.0000            infinity            infinity
     Parameter 5~N(0.000,infinity)           0.0000            infinity            infinity
     Parameter 6~IW(1.000,4)               infinity            infinity            infinity
     Parameter 7~IW(0.000,4)               infinity            infinity            infinity
     Parameter 8~IW(1.000,4)               infinity            infinity            infinity
     Parameter 9~IW(0.000,4)               infinity            infinity            infinity
     Parameter 10~IW(0.000,4)              infinity            infinity            infinity
     Parameter 11~IW(1.000,4)              infinity            infinity            infinity
     Parameter 12~IG(-1.000,0.000)         infinity            infinity            infinity
     Parameter 13~N(0.000,5.000)             0.0000              5.0000              2.2361


TECHNICAL 4 OUTPUT


     AVERAGE ESTIMATES DERIVED FROM THE MODEL FOR WITHIN


           ESTIMATED MEANS FOR THE LATENT VARIABLES
              F             F&1           TREND         STAB          WEB_C_B
              ________      ________      ________      ________      ________
                0.000         0.000         0.005         0.171         2.486


           ESTIMATED MEANS FOR THE LATENT VARIABLES
              DAY_BEFO
              ________
              -14.741


           ESTIMATED COVARIANCE MATRIX FOR THE LATENT VARIABLES
              F             F&1           TREND         STAB          WEB_C_B
              ________      ________      ________      ________      ________
 F             34.021
 F&1           12.381        34.021
 TREND          0.000         0.000         0.000
 STAB           0.000         0.000         0.000         0.000
 WEB_C_B       34.021        12.381         0.000         0.000        36.647
 DAY_BEFO       0.000         0.000         0.000         0.000         0.359


           ESTIMATED COVARIANCE MATRIX FOR THE LATENT VARIABLES
              DAY_BEFO
              ________
 DAY_BEFO      72.146


           ESTIMATED CORRELATION MATRIX FOR THE LATENT VARIABLES
              F             F&1           TREND         STAB          WEB_C_B
              ________      ________      ________      ________      ________
 F              1.000
 F&1            0.253         1.000
 TREND          0.000         0.000         1.000
 STAB           0.000         0.000         0.000         1.000
 WEB_C_B        0.958         0.244         0.000         0.000         1.000
 DAY_BEFO       0.000         0.000         0.000         0.000         0.008


           ESTIMATED CORRELATION MATRIX FOR THE LATENT VARIABLES
              DAY_BEFO
              ________
 DAY_BEFO       1.000


     ESTIMATES DERIVED FROM THE MODEL FOR BETWEEN


           ESTIMATED MEANS FOR THE LATENT VARIABLES
              F             F&1           TREND         STAB          WEB_C_B
              ________      ________      ________      ________      ________
                0.000         0.000         0.006         0.172         0.000


           ESTIMATED MEANS FOR THE LATENT VARIABLES
              DAY_BEFO
              ________
              -14.737


           ESTIMATED COVARIANCE MATRIX FOR THE LATENT VARIABLES
              F             F&1           TREND         STAB          WEB_C_B
              ________      ________      ________      ________      ________
 F              0.000
 F&1            0.000         0.000
 TREND          0.000         0.000         0.028
 STAB           0.000         0.000         0.000         0.089
 WEB_C_B        0.000         0.000        -0.012         0.093        85.245
 DAY_BEFO       0.000         0.000         0.000         0.000         0.000


           ESTIMATED COVARIANCE MATRIX FOR THE LATENT VARIABLES
              DAY_BEFO
              ________
 DAY_BEFO       0.014


           ESTIMATED CORRELATION MATRIX FOR THE LATENT VARIABLES
              F             F&1           TREND         STAB          WEB_C_B
              ________      ________      ________      ________      ________
 F              1.000
 F&1            0.000         1.000
 TREND          0.000         0.000         1.000
 STAB           0.000         0.000        -0.003         1.000
 WEB_C_B        0.000         0.000        -0.008         0.034         1.000
 DAY_BEFO       0.000         0.000         0.000         0.000         0.000


           ESTIMATED CORRELATION MATRIX FOR THE LATENT VARIABLES
              DAY_BEFO
              ________
 DAY_BEFO       1.000


TECHNICAL 8 OUTPUT


   TECHNICAL 8 OUTPUT FOR BAYES ESTIMATION

     PROCESSOR    BSEED
     1            0
     2            285380
     3            253358
     4            93468
     5            608496
     6            903420
     7            195873
     8            462953
     9            939021
     10           127215
     11           415931
     12           533738
     13           107446
     14           399671
     15           650371
     16           27071
     17           76974
     18           68985
     19           851945
     20           637345
     21           573096
     22           902278
     23           887676
     24           372176
     25           347515
     26           207896
     27           569131
     28           364676
     29           392418
     30           366706

                     POTENTIAL       PARAMETER WITH
     ITERATION    SCALE REDUCTION      HIGHEST PSR
     100              1.287               4
     200              1.167               12
     300              1.136               4
     400              1.145               5
     500              1.317               10
     600              1.528               10
     700              1.483               10
     800              1.428               10
     900              1.240               11
     1000             1.098               11
     1100             1.105               8
     1200             1.118               8
     1300             1.153               8
     1400             1.172               8
     1500             1.239               8
     1600             1.301               8
     1700             1.360               8
     1800             1.331               8
     1900             1.338               8
     2000             1.331               8
     2100             1.287               8
     2200             1.244               8
     2300             1.240               10
     2400             1.223               1
     2500             1.244               11
     2600             1.268               11
     2700             1.278               1
     2800             1.280               1
     2900             1.300               1
     3000             1.336               1
     3100             1.380               1
     3200             1.397               1
     3300             1.410               1
     3400             1.401               1
     3500             1.396               1
     3600             1.415               1
     3700             1.397               1
     3800             1.374               1
     3900             1.340               1
     4000             1.306               10
     4100             1.368               10
     4200             1.441               10
     4300             1.513               10
     4400             1.590               10
     4500             1.698               10
     4600             1.778               10
     4700             1.706               10
     4800             1.607               10
     4900             1.504               10
     5000             1.432               10
     5100             1.364               10
     5200             1.277               10
     5300             1.179               10
     5400             1.111               10
     5500             1.075               10


PLOT INFORMATION

The following plots are available:

  Histograms (sample values)
  Scatterplots (sample values)
  Between-level histograms (sample values, sample means/variances)
  Between-level scatterplots (sample values, sample means/variances)
  Time series plots (sample values, ACF, PACF)
  Histogram of subjects per time point
  Time interval plots
  Sample proportions
  Bayesian posterior parameter distributions
  Bayesian posterior parameter trace plots
  Bayesian autocorrelation plots
  Bayesian prior parameter distributions

     Beginning Time:  08:52:13
        Ending Time:  10:01:06
       Elapsed Time:  01:08:53



MUTHEN & MUTHEN
3463 Stoner Ave.
Los Angeles, CA  90066

Tel: (310) 391-9971
Fax: (310) 391-8971
Web: www.StatModel.com
Support: Support@StatModel.com

Copyright (c) 1998-2024 Muthen & Muthen
