Mplus VERSION 9 (Linux)
MUTHEN & MUTHEN
02/03/2026   9:56 AM

INPUT INSTRUCTIONS


  TITLE: Two-level AR(1) model for call_c_l2;

  DATA:
    FILE = "data_full_call_c_l2.dat";

  VARIABLE:
  NAMES = new_id age female edu edu_low edu_med edu_high nr_dev w1_inet w1_sp w1_pc_nr
       w1_sph_nr w1_tabl_nr date call_c msg_c phot_c call_d msg_d phot_d web_c web_d
       sm_c sm_d w1_date w1b_date w1_date_7 w1_date_30 w1b_date_7 w1b_date_30
       day_before_w1 day_before_w1b w1_7d_window w1b_7d_window w1_30d_window
       w1b_30d_window days_c call_d_l msg_d_l phot_d_l web_d_l sm_d_l call_c_l msg_c_l
       phot_c_l web_c_l sm_c_l days_c_l call_d_l2 msg_d_l2 phot_d_l2 web_d_l2 sm_d_l2
       call_c_l2 msg_c_l2 phot_c_l2 web_c_l2 sm_c_l2 call_c_b msg_c_b phot_c_b web_c_b
       sm_c_b time;
    MISSING = .;
    USEVARIABLES = call_c_l2 female age edu_med edu_high nr_dev w1_inet;
  !  WITHIN = day_before_w1;
    BETWEEN = female age edu_med edu_high nr_dev;
    CLUSTER = new_id;
    TINTERVAL = time (1 time2);

  ANALYSIS:
    TYPE = TWOLEVEL RANDOM;
    ESTIMATOR = BAYES;
    PROCESSORS = 30;
    BITERATIONS = 200000 (100000);
    THIN = 20;

  MODEL:

  %WITHIN%
  f BY call_c_l2@1(&1);
  !trend | call_c_l2 ON day_before_w1;
  stab | f ON f&1;

  logv | call_c_l2;

  !day_before_w1;

  %BETWEEN%
  call_c_l2 WITH stab;
  !stab WITH trend;

  [logv] (m);
  logv (s);

  logv ON female age edu_med edu_high nr_dev;

  female;
  age;
  edu_med;
  edu_high;
  nr_dev;

  Model Constraint:
            new(medv meanv 25qv 75qv);		
            medv = exp(m);
            meanv = exp(m + s/2);
    		! 25th and 75th quartiles
    		! based on normal dist of logv:
    		25qv = exp(m - sqrt(s)*0.675);
    		75qv = exp(m + sqrt(s)*0.675);




  OUTPUT: TECH1 TECH8 TECH4 STDYX residual;

  PLOT: TYPE = PLOT3;



*** WARNING in VARIABLE command
  Note that only the first 8 characters of variable names are used in the output.
  Shorten variable names to avoid any confusion.
*** WARNING in MODEL command
  Variable is uncorrelated with all other variables: W1_INET
*** WARNING in MODEL command
  At least one variable is uncorrelated with all other variables in the model.
  Check that this is what is intended.
*** WARNING in PLOT command
  Note that only the first 8 characters of variable names are used in plots.
  If variable names are not unique within the first 8 characters, problems
  may occur.
*** WARNING
  One or more individual-level variables have no variation within a
  cluster for the following clusters.

     Variable   Cluster IDs with no within-cluster variation

      CALL_C_L    1780 1060 712 1146 955 226 1361 582 521 252 620 733 260 1615 167 418 314 1770
                  1966 1803 1214 1946 32 506 834 1528 1661 1502 40 2022 2073 559 2099 606 1135
                  1729 467 807 1315 958 938 59
      W1_INET     514 657 1028 2062 1796 1780 501 1060 534 146 397 98 565 1782 1874 671 2217 862
                  833 303 245 1446 1928 412 761 407 712 2052 463 1540 2216 773 2129 1974 752 1146
                  2012 955 1177 494 1197 647 363 1899 92 2207 2144 1273 226 189 117 1025 241 900
                  1677 1361 298 1101 582 297 521 1549 1766 252 1189 1666 1211 620 2171 902 931
                  825 337 2103 762 1199 2034 2139 435 681 982 2064 384 538 2039 341 1865 956 1888
                  1152 394 1877 420 441 411 2007 1089 1091 2061 196 270 224 1706 1599 1155 52
                  386 1430 1053 1524 1926 1448 1109 864 553 1343 1998 111 365 1021 1246 1122 870
                  1049 272 733 1337 967 1224 1627 1227 2181 1302 636 1317 669 725 1971 392 1159
                  1184 293 611 991 631 1847 1516 978 592 108 974 182 1551 380 728 520 934 2140
                  1834 26 495 492 667 286 1626 1544 1339 524 260 1644 301 452 2197 446 294 309
                  239 414 376 1697 277 1809 235 1402 284 115 399 1808 1335 262 143 1615 396 455
                  198 317 148 393 1461 263 320 398 172 993 132 2211 361 447 1931 362 1210 110
                  328 1818 432 155 180 1468 137 453 428 278 157 153 250 167 217 129 440 220 1470
                  2043 147 1637 211 177 149 400 443 323 187 353 186 246 212 240 418 370 205 274
                  193 433 163 229 4 405 287 410 354 368 314 2223 357 307 423 109 745 1031 644
                  2121 2150 461 1415 1979 33 929 1133 79 753 1445 1381 642 885 1185 1421 1572
                  1770 1716 684 2067 1522 1200 1984 540 1586 1465 77 1154 1785 1365 809 88 1695
                  1554 2163 558 1902 498 886 895 1263 1850 1944 1768 18 767 1064 1624 1608 780
                  1745 674 1981 2199 837 1966 1811 550 2028 2224 1955 1924 615 2148 1935 1963
                  1803 940 1412 1708 1024 46 21 1151 1561 1033 1919 1231 1953 2196 965 709 726
                  1067 1214 1895 1654 1110 1003 947 600 1774 1669 1259 1791 99 544 1236 2075 1451
                  486 1891 2065 1580 44 665 1946 85 90 2098 1323 711 1710 802 1588 515 1881 813
                  1128 1568 2069 1849 1546 2044 999 882 32 959 1947 1840 1111 858 2213 1366 1656
                  1839 986 1352 876 1248 1181 2165 65 1680 62 909 763 1314 1114 645 1294 1814
                  1249 810 552 1951 1472 1008 1460 1032 933 506 1940 630 1916 1542 822 1778 932
                  1590 632 1001 719 1050 1645 859 834 105 1997 1232 1833 603 2024 1117 2185 1659
                  1528 1585 1509 2047 1703 1360 1930 653 970 1905 640 1276 680 953 1190 72 1790
                  1104 1661 992 1957 786 2115 2147 1760 1353 966 1754 1182 1678 987 1502 1562
                  40 616 2022 93 2169 1612 1307 19 1773 1646 2073 579 1992 896 720 1829 1171 944
                  502 1601 2038 1573 1817 559 1879 1714 1851 2099 100 643 853 2137 646 1139 1254
                  593 1837 695 606 1765 541 1923 946 678 1256 1135 561 1729 613 602 1371 1618
                  717 639 1828 735 467 1202 1035 1305 995 1591 605 807 2182 682 508 1999 1686
                  1793 557 1720 906 648 1326 1757 1498 1967 784 2 1485 2070 1607 894 829 1315
                  1581 1147 889 1160 1595 2001 1873 1237 1870 474 2003 1701 484 547 11 782 1225
                  1835 499 2063 1674 2081 470 1989 1987 1478 1789 1086 1727 2160 1041 1584 958
                  1934 849 1869 1623 1298 977 918 1291 1324 901 1030 1673 1914 2036 2013 1788
                  1334 860 1330 772 2082 638 2000 1755 2141 1071 1115 855 740 904 1077 1303 488
                  973 1044 2138 1743 892 1731 1075 2198 1350 1311 1671 930 1022 562 525 633 1280
                  1660 821 1340 1015 1264 1675 938 994 48 2056 941 2111 1715 2035 1759 1174 845
                  686 1648 1613 471 1002 874 1912 2040 880 599 13 59 35 69 78 37 39 12 97 86 29

*** WARNING
  Data set contains cases with missing on all variables.
  These cases were not included in the analysis.
  Number of cases with missing on all variables:  1519
   6 WARNING(S) FOUND IN THE INPUT INSTRUCTIONS



Two-level AR(1) model for call_c_l2;

SUMMARY OF ANALYSIS

Number of groups                                                 1
Number of observations                                       19347

Number of dependent variables                                    2
Number of independent variables                                  5
Number of continuous latent variables                            4

Observed dependent variables

  Continuous
   CALL_C_L2   W1_INET

Observed independent variables
   FEMALE      AGE         EDU_MED     EDU_HIGH    NR_DEV

Continuous latent variables
   F           F&1         STAB        LOGV

Variables with special functions

  Cluster variable      NEW_ID

  Between variables
   FEMALE      AGE         EDU_MED     EDU_HIGH    NR_DEV


Estimator                                                    BAYES
Specifications for Bayesian Estimation
  Point estimate                                            MEDIAN
  Number of Markov chain Monte Carlo (MCMC) chains               2
  Random seed for the first chain                                0
  Starting value information                           UNPERTURBED
  Algorithm used for Markov chain Monte Carlo           GIBBS(PX1)
  Convergence criterion                                  0.500D-01
  Maximum number of iterations                              200000
  K-th iteration used for thinning                              20

Input data file(s)
  data_full_call_c_l2.dat
Input data format  FREE


SUMMARY OF DATA

     Number of clusters                        696

       Size (s)    Cluster ID with Size s

          3        514
          4        657
          5        1028 2062
          6        1796 1780 501
          7        1060
          8        534 146 397 98 565
          9        1782 1874
         10        671 2217
         11        862 833
         12        303
         13        245 1446
         15        1928 412 761 407
         16        712 2052 463 1540 2216 773 2129 1974 752
         17        1146 2012 955
         18        1177 494 1197 647
         19        363 1899 92 2207 2144
         20        1273 226 189 117 1025 241 900 1677 1361
         21        298 1101 582 297 521 1549 1766 252 1189 1666
         22        1211 620 2171 902 931 825 337 2103 762 1199 2034 2139
         23        435 681 982 2064 384 538 2039 341
         24        1865 956 1888 1152 394 1877 420 441
         25        411 2007 1089 1091 2061 196 270 224 1706 1599 1155 52
                   386 1430 1053
         26        1524 1926 1448 1109 864 553 1343 1998 111 365 1021 1246
                   1122 870 1049 272 733 1337
         27        967 1224 1627 1227 2181 1302 636 1317 669 725 1971 392
                   1159 1184 293 611 991
         28        631 1847 1516 978 592 108 974 182 1551 380 728 520 934
                   2140 1834 26 495 492 667 286 1626 1544 1339 524 260
         29        1644 301 452 2197 446 294 309 239 414 376 1697 277 1809
                   235 1402 284 115 399 1808 1335 262 143 1615 396 455
                   198 317 148 393 1461 263 320 398 172 993 132 2211 361
                   447 1931 362 1210 110 328 1818 432 155 180 1468 137
                   453 428 278 157 153 250 167 217 129 440 220 1470 2043
                   147 1637 211 177 149 400 443 323 187 353 186 246 212
                   240 418 370 205 274 193 433 163 229 4 405 287 410 354
                   368 314 2223 357 307 423 109
         30        745 1031 644 2121 2150 461 1415 1979 33 929 1133 79
                   753 1445 1381 642 885 1185 1421 1572 1770 1716 684 2067
                   1522 1200 1984 540 1586 1465 77 1154 1785 1365 809 88
                   1695 1554 2163 558 1902 498 886 895 1263 1850 1944 1768
                   18 767 1064 1624 1608 780 1745 674 1981 2199 837 1966
                   1811 550 2028 2224 1955 1924 615 2148 1935 1963 1803
                   940 1412 1708 1024 46 21 1151 1561 1033 1919 1231 1953
                   2196 965 709 726 1067 1214 1895 1654 1110 1003 947 600
                   1774 1669 1259 1791 99 544 1236 2075 1451 486 1891 2065
                   1580 44 665 1946 85 90 2098 1323 711 1710 802 1588 515
                   1881 813 1128 1568 2069 1849 1546 2044 999 882 32 959
                   1947 1840 1111 858 2213 1366 1656 1839 986 1352 876
                   1248 1181 2165 65 1680 62 909 763 1314 1114 645 1294
                   1814 1249 810 552 1951 1472 1008 1460 1032 933 506 1940
                   630 1916 1542 822 1778 932 1590 632 1001 719 1050 1645
                   859 834 105 1997 1232 1833 603 2024 1117 2185 1659 1528
                   1585 1509 2047 1703 1360 1930 653 970 1905 640 1276
                   680 953 1190 72 1790 1104 1661 992 1957 786 2115 2147
                   1760 1353 966 1754 1182 1678 987 1502 1562 40 616 2022
                   93 2169 1612 1307 19 1773 1646 2073 579 1992 896 720
                   1829 1171 944 502 1601 2038 1573 1817 559 1879 1714
                   1851 2099 100 643 853 2137 646 1139 1254 593 1837 695
                   606 1765 541 1923 946 678 1256 1135 561 1729 613 602
                   1371 1618 717 639 1828 735 467 1202 1035 1305 995 1591
                   605 807 2182 682 508 1999 1686 1793 557 1720 906 648
                   1326 1757 1498 1967 784 2 1485 2070 1607 894 829 1315
                   1581 1147 889 1160 1595 2001 1873 1237 1870 474 2003
                   1701 484 547 11 782 1225 1835 499 2063 1674 2081 470
                   1989 1987 1478 1789 1086 1727 2160 1041 1584 958 1934
                   849 1869 1623 1298 977 918 1291 1324 901 1030 1673 1914
                   2036 2013 1788 1334 860 1330 772 2082 638 2000 1755
                   2141 1071 1115 855 740 904 1077 1303 488 973 1044 2138
                   1743 892 1731 1075 2198 1350 1311 1671 930 1022 562
                   525 633 1280 1660 821 1340 1015 1264 1675 938 994 48
                   2056 941 2111 1715 2035 1759 1174 845 686 1648 1613
                   471 1002 874 1912 2040 880 599 13 59 35 69 78 37 39
                   12 97 86 29



COVARIANCE COVERAGE OF DATA

Minimum covariance coverage value   0.100

     Number of missing data patterns            11


     PROPORTION OF DATA PRESENT


           Covariance Coverage
              FEMALE        AGE           EDU_MED       EDU_HIGH      NR_DEV
              ________      ________      ________      ________      ________
 FEMALE         0.855
 AGE            0.855         0.857
 EDU_MED        0.855         0.857         1.000
 EDU_HIGH       0.855         0.857         1.000         1.000
 NR_DEV         0.855         0.857         1.000         1.000         1.000
 CALL_C_L       0.336         0.336         0.386         0.386         0.386
 W1_INET        0.582         0.583         0.654         0.654         0.654


           Covariance Coverage
              CALL_C_L      W1_INET
              ________      ________
 CALL_C_L       0.386
 W1_INET        0.307         0.654



UNIVARIATE SAMPLE STATISTICS


     UNIVARIATE HIGHER-ORDER MOMENT DESCRIPTIVE STATISTICS

         Variable/         Mean/     Skewness/   Minimum/ % with                Percentiles
        Sample Size      Variance    Kurtosis    Maximum  Min/Max      20%/60%    40%/80%    Median

     FEMALE                0.486       0.057       0.000   51.43%       0.000      0.000      0.000
             593.000       0.250      -1.997       1.000   48.57%       1.000      1.000
     AGE                  45.424      -0.181      14.000    0.17%      33.000     42.000     46.000
             595.000     178.738      -0.821      78.000    0.17%      50.000     58.000
     EDU_MED               0.435       0.261       0.000   56.47%       0.000      0.000      0.000
             696.000       0.246      -1.932       1.000   43.53%       1.000      1.000
     EDU_HIGH              0.414       0.350       0.000   58.62%       0.000      0.000      0.000
             696.000       0.243      -1.877       1.000   41.38%       1.000      1.000
     NR_DEV                2.402      -0.495       1.000    6.61%       2.000      2.000      2.000
             696.000       0.373      -0.641       3.000   46.84%       3.000      3.000
     CALL_C_L2             1.236       0.399       0.000   23.21%       0.000      0.693      1.099
            7467.000       0.916      -0.473       5.743    0.01%       1.386      2.079
     W1_INET               3.726       1.982       0.000    1.34%       1.000      2.500      3.000
           12661.000       9.954       9.746      40.000    0.05%       3.500      5.917


     WARNING: PROBLEMS OCCURRED IN SEVERAL ITERATIONS IN THE COMPUTATION OF THE STANDARDIZED ESTIMATES FOR SEVERAL
     CLUSTERS. THIS IS MOST LIKELY DUE TO AR COEFFICIENTS GREATER THAN 1 OR PARAMETERS GIVING NON-STATIONARY MODELS.
     SUCH POSTERIOR DRAWS ARE REMOVED. THE FOLLOWING CLUSTERS HAD SUCH PROBLEMS:
          514 657 1028 2062 1796 1780 501 1060 534 146 397 98 565 1782 1874 671 2217 862 833 303 1928
          412 761 407 463 1540 773 2129 1974 752 1146 2012 955 1177 494 1197 647 363 1899 92 2144 1273
          189 117 1025 241 900 1677 298 1101 582 297 1549 1766 1189 1666 1211 931 825 337 762 1199 2034
          435 681 982 2064 384 538 2039 341 956 1152 394 1877 420 441 411 2007 1091 196 224 1706 1155
          1430 1053 1926 1448 1109 864 553 1998 111 1021 1246 1049 272 1227 2181 1302 636 1317 392 1184
          293 611 991 631 1847 1516 978 592 108 974 1551 520 934 1834 26 492 667 1339 524 260 452 446
          294 239 414 376 277 1809 1402 1808 143 1615 317 148 1461 320 398 132 361 1931 362 110 328 432
          155 180 1468 137 453 428 157 250 129 220 2043 147 1637 443 323 187 186 246 240 205 4 410 2223
          109 745 1031 644 2121 2150 461 1415 1979 1133 79 753 1445 1381 642 1421 1716 684 2067 1522
          1984 1586 1465 1365 809 88 1695 1554 558 1902 895 1263 1944 1768 18 1624 780 837 550 2028 1955
          1924 2148 1935 940 1412 1708 1024 46 1561 1919 1953 2196 965 1067 1895 1654 1003 600 1669 99
          544 1236 2075 1451 2065 1580 44 665 1946 85 90 2098 1323 711 1710 1588 515 1128 2069 2044 32
          1840 2213 1656 986 1352 876 1248 1181 2165 65 1680 62 909 1314 1294 1814 810 1460 933 1940
          630 1542 1590 1001 719 1050 1645 105 1833 2024 1117 2185 2047 1703 1930 640 953 1190 72 2147
          987 1562 616 93 2169 1307 19 1773 1646 1992 896 1829 1171 944 1601 2038 1817 1879 853 2137
          646 1139 695 606 1765 541 946 678 1256 1729 613 602 1371 717 1828 1202 1305 605 682 508 1999
          557 906 648 1498 784 2 2070 1607 894 829 889 1873 1870 474 484 547 11 782 1225 1835 499 2160
          1934 849 1869 1298 918 1324 1673 2013 1788 1334 860 772 2082 638 2000 2141 855 1303 488 2138
          1743 1731 1075 2198 1311 1671 930 562 1280 1660 821 1340 1675 48 2056 1759 1174 845 686 1912
          880 599 13 35 69 78 39 12 29

THE MODEL ESTIMATION TERMINATED NORMALLY

     USE THE FBITERATIONS OPTION TO INCREASE THE NUMBER OF ITERATIONS BY A FACTOR
     OF AT LEAST TWO TO CHECK CONVERGENCE AND THAT THE PSR VALUE DOES NOT INCREASE.

     THE EFFECTIVE SAMPLE SIZE FOR THE POSTERIOR DISTRIBUTION OF PARAMETER 1 IS LESS THAN 20.
     ESS > 200-400 IS RECOMMENDED. USE BITER=2000000(1000000) OR SIMPLIFY THE MODEL.



MODEL FIT INFORMATION

Number of Free Parameters                              36

Information Criteria

          Deviance (DIC)                     ************
          Estimated Number of Parameters (pD)************



MODEL RESULTS

                                Posterior  One-Tailed         95% C.I.
                    Estimate       S.D.      P-Value   Lower 2.5%  Upper 2.5%  Significance

Within Level

 F        BY
    CALL_C_L2          1.000       0.000      0.000       1.000       1.000

 Variances
    W1_INET            0.000       0.000      0.000       0.000       0.000      *

 Residual Variances
    F                  0.567       0.114      0.000       0.119       0.616      *

Between Level

 LOGV       ON
    FEMALE            -0.473       0.319      0.030      -1.183       0.018
    AGE               -0.013       0.010      0.076      -0.034       0.005
    EDU_MED            0.022       0.389      0.471      -0.705       0.875
    EDU_HIGH          -0.042       0.413      0.446      -0.883       0.811
    NR_DEV            -0.009       0.212      0.480      -0.410       0.447

 CALL_C_L WITH
    STAB               0.024       0.018      0.007       0.005       0.085      *

 AGE      WITH
    FEMALE            -0.340       0.283      0.112      -0.897       0.210

 EDU_MED  WITH
    FEMALE            -0.006       0.010      0.283      -0.027       0.014
    AGE                1.173       0.282      0.000       0.635       1.739      *

 EDU_HIGH WITH
    FEMALE            -0.004       0.010      0.338      -0.025       0.016
    AGE               -1.639       0.283      0.000      -2.213      -1.103      *
    EDU_MED           -0.183       0.012      0.000      -0.208      -0.161      *

 NR_DEV   WITH
    FEMALE            -0.036       0.013      0.002      -0.062      -0.011      *
    AGE                0.534       0.344      0.059      -0.137       1.213
    EDU_MED           -0.016       0.012      0.088      -0.039       0.007
    EDU_HIGH           0.035       0.012      0.001       0.013       0.059      *

 Means
    FEMALE             0.486       0.021      0.000       0.444       0.526      *
    AGE               45.471       0.552      0.000      44.388      46.558      *
    EDU_MED            0.435       0.019      0.000       0.398       0.472      *
    EDU_HIGH           0.414       0.019      0.000       0.377       0.451      *
    NR_DEV             2.402       0.023      0.000       2.357       2.448      *
    CALL_C_L2          1.093       0.022      0.000       1.050       1.135      *
    W1_INET            3.821       0.132      0.000       3.565       4.081      *
    STAB               0.086       0.064      0.000       0.043       0.331      *

 Intercepts
    LOGV              -1.797       0.862      0.002      -3.640      -0.354      *

 Variances
    FEMALE             0.255       0.015      0.000       0.228       0.286      *
    AGE              182.190      10.698      0.000     162.711     204.594      *
    EDU_MED            0.250       0.014      0.000       0.225       0.278      *
    EDU_HIGH           0.247       0.013      0.000       0.222       0.275      *
    NR_DEV             0.379       0.021      0.000       0.341       0.422      *
    CALL_C_L2          0.221       0.018      0.000       0.187       0.258      *
    W1_INET           10.913       0.603      0.000       9.816      12.175      *
    STAB               0.009       0.011      0.000       0.002       0.050      *

 Residual Variances
    LOGV               0.702       0.309      0.000       0.036       1.209      *

New/Additional Parameters
    MEDV               0.166       0.187      0.000       0.026       0.702      *
    MEANV              0.238       0.230      0.000       0.038       0.827      *
    25QV               0.094       0.144      0.000       0.015       0.579      *
    75QV               0.291       0.275      0.000       0.047       0.995      *


STANDARDIZED MODEL RESULTS


STDYX Standardization

                                Posterior  One-Tailed         95% C.I.
                    Estimate       S.D.      P-Value   Lower 2.5%  Upper 2.5%  Significance

Within-Level Standardized Estimates Averaged Over Clusters

 F        BY
    CALL_C_L2          0.715       0.231      0.000       0.397       0.940      *

 STAB | F ON
    F&1                0.181       0.144      0.000       0.047       0.501      *

 LOGV |
    CALL_C_L2          0.454       0.318      0.000       0.112       0.837      *

 Variances
    W1_INET            1.000       0.000      0.000       1.000       1.000

 Residual Variances
    F                  0.940       0.085      0.000       0.716       0.993      *

Between Level

 LOGV       ON
    FEMALE            -0.268       0.161      0.030      -0.639       0.012
    AGE               -0.203       0.141      0.076      -0.482       0.080
    EDU_MED            0.015       0.214      0.471      -0.374       0.478
    EDU_HIGH          -0.028       0.226      0.446      -0.466       0.437
    NR_DEV            -0.007       0.142      0.480      -0.273       0.288

 CALL_C_L WITH
    STAB               0.570       0.230      0.007       0.122       0.967      *

 AGE      WITH
    FEMALE            -0.050       0.041      0.112      -0.130       0.031

 EDU_MED  WITH
    FEMALE            -0.024       0.041      0.283      -0.105       0.057
    AGE                0.174       0.040      0.000       0.095       0.251      *

 EDU_HIGH WITH
    FEMALE            -0.017       0.041      0.338      -0.098       0.064
    AGE               -0.245       0.039      0.000      -0.319      -0.168      *
    EDU_MED           -0.738       0.017      0.000      -0.770      -0.702      *

 NR_DEV   WITH
    FEMALE            -0.116       0.041      0.002      -0.196      -0.036      *
    AGE                0.064       0.041      0.059      -0.016       0.144
    EDU_MED           -0.052       0.038      0.088      -0.126       0.023
    EDU_HIGH           0.116       0.038      0.001       0.041       0.189      *

 Means
    FEMALE             0.962       0.050      0.000       0.864       1.060      *
    AGE                3.369       0.106      0.000       3.163       3.581      *
    EDU_MED            0.871       0.044      0.000       0.783       0.958      *
    EDU_HIGH           0.833       0.044      0.000       0.747       0.920      *
    NR_DEV             3.902       0.112      0.000       3.685       4.122      *
    CALL_C_L2          2.323       0.108      0.000       2.123       2.548      *
    W1_INET            1.157       0.051      0.000       1.057       1.258      *
    STAB               0.943       0.488      0.000       0.383       2.260      *

 Intercepts
    LOGV              -2.045       0.890      0.002      -4.056      -0.564      *

 Variances
    FEMALE             1.000       0.000      0.000       1.000       1.000
    AGE                1.000       0.000      0.000       1.000       1.000
    EDU_MED            1.000       0.000      0.000       1.000       1.000
    EDU_HIGH           1.000       0.000      0.000       1.000       1.000
    NR_DEV             1.000       0.000      0.000       1.000       1.000
    CALL_C_L2          1.000       0.000      0.000       1.000       1.000
    W1_INET            1.000       0.000      0.000       1.000       1.000
    STAB               1.000       0.000      0.000       1.000       1.000

 Residual Variances
    LOGV               0.820       0.143      0.000       0.399       0.962      *


R-SQUARE

Within-Level R-Square Averaged Across Clusters

                                Posterior  One-Tailed         95% C.I.
    Variable        Estimate       S.D.      P-Value   Lower 2.5%  Upper 2.5%

    CALL_C_L2          0.546       0.318      0.000       0.162       0.887

                                Posterior  One-Tailed         95% C.I.
    Variable        Estimate       S.D.      P-Value   Lower 2.5%  Upper 2.5%

    F                  0.060       0.085      0.000       0.007       0.282

Between Level

                                Posterior  One-Tailed         95% C.I.
    Variable        Estimate       S.D.      P-Value   Lower 2.5%  Upper 2.5%

    LOGV               0.180       0.143      0.000       0.038       0.601


RESIDUAL OUTPUT


     ESTIMATED MODEL


     AVERAGE CLUSTER ESTIMATES


           Means
              FEMALE        AGE           EDU_MED       EDU_HIGH      NR_DEV
              ________      ________      ________      ________      ________
                0.486        45.471         0.435         0.414         2.402


           Means
              CALL_C_L      W1_INET
              ________      ________
                1.091         3.715


           Covariances
              FEMALE        AGE           EDU_MED       EDU_HIGH      NR_DEV
              ________      ________      ________      ________      ________
 FEMALE         0.000
 AGE            0.000         0.000
 EDU_MED        0.000         0.000         0.000
 EDU_HIGH       0.000         0.000         0.000         0.000
 NR_DEV         0.000         0.000         0.000         0.000         0.000
 CALL_C_L       0.000         0.000         0.000         0.000         0.000
 W1_INET        0.000         0.000         0.000         0.000         0.000


           Covariances
              CALL_C_L      W1_INET
              ________      ________
 CALL_C_L       0.684
 W1_INET        0.000         0.000


           Correlations
              FEMALE        AGE           EDU_MED       EDU_HIGH      NR_DEV
              ________      ________      ________      ________      ________
 FEMALE         1.000
 AGE            0.000         1.000
 EDU_MED        0.000         0.000         1.000
 EDU_HIGH       0.000         0.000         0.000         1.000
 NR_DEV         0.000         0.000         0.000         0.000         1.000
 CALL_C_L       0.000         0.000         0.000         0.000         0.000
 W1_INET        0.000         0.000         0.000         0.000         0.000


           Correlations
              CALL_C_L      W1_INET
              ________      ________
 CALL_C_L       1.000
 W1_INET        0.000         1.000


     BETWEEN LEVEL


           Means
              FEMALE        AGE           EDU_MED       EDU_HIGH      NR_DEV
              ________      ________      ________      ________      ________
                0.486        45.471         0.435         0.414         2.402


           Means
              CALL_C_L      W1_INET
              ________      ________
                1.093         3.821


           Covariances
              FEMALE        AGE           EDU_MED       EDU_HIGH      NR_DEV
              ________      ________      ________      ________      ________
 FEMALE         0.255
 AGE           -0.340       182.190
 EDU_MED       -0.006         1.173         0.250
 EDU_HIGH      -0.004        -1.639        -0.183         0.247
 NR_DEV        -0.036         0.534        -0.016         0.035         0.379
 CALL_C_L       0.000         0.000         0.000         0.000         0.000
 W1_INET        0.000         0.000         0.000         0.000         0.000


           Covariances
              CALL_C_L      W1_INET
              ________      ________
 CALL_C_L       0.221
 W1_INET        0.000        10.913


           Correlations
              FEMALE        AGE           EDU_MED       EDU_HIGH      NR_DEV
              ________      ________      ________      ________      ________
 FEMALE         1.000
 AGE           -0.050         1.000
 EDU_MED       -0.024         0.174         1.000
 EDU_HIGH      -0.017        -0.244        -0.738         1.000
 NR_DEV        -0.116         0.064        -0.052         0.115         1.000
 CALL_C_L       0.000         0.000         0.000         0.000         0.000
 W1_INET        0.000         0.000         0.000         0.000         0.000


           Correlations
              CALL_C_L      W1_INET
              ________      ________
 CALL_C_L       1.000
 W1_INET        0.000         1.000


TECHNICAL 1 OUTPUT


     PARAMETER SPECIFICATION FOR WITHIN


           NU
              CALL_C_L      W1_INET
              ________      ________
                    0             0


           LAMBDA
              F             F&1           CALL_C_L
              ________      ________      ________
 CALL_C_L           0             0             0
 W1_INET            0             0             0


           THETA
              CALL_C_L      W1_INET
              ________      ________
 CALL_C_L           0
 W1_INET            0             1


           ALPHA
              F             F&1           CALL_C_L
              ________      ________      ________
                    0             0             0


           BETA
              F             F&1           CALL_C_L
              ________      ________      ________
 F                  0             0             0
 F&1                0             0             0
 CALL_C_L           0             0             0


           PSI
              F             F&1           CALL_C_L
              ________      ________      ________
 F                  2
 F&1                0             0
 CALL_C_L           0             0             0


     PARAMETER SPECIFICATION FOR BETWEEN


           NU
              FEMALE        AGE           EDU_MED       EDU_HIGH      NR_DEV
              ________      ________      ________      ________      ________
                    0             0             0             0             0


           NU
              CALL_C_L      W1_INET
              ________      ________
                    0             3


           LAMBDA
              STAB          LOGV          FEMALE        AGE           EDU_MED
              ________      ________      ________      ________      ________
 FEMALE             0             0             0             0             0
 AGE                0             0             0             0             0
 EDU_MED            0             0             0             0             0
 EDU_HIGH           0             0             0             0             0
 NR_DEV             0             0             0             0             0
 CALL_C_L           0             0             0             0             0
 W1_INET            0             0             0             0             0


           LAMBDA
              EDU_HIGH      NR_DEV        CALL_C_L
              ________      ________      ________
 FEMALE             0             0             0
 AGE                0             0             0
 EDU_MED            0             0             0
 EDU_HIGH           0             0             0
 NR_DEV             0             0             0
 CALL_C_L           0             0             0
 W1_INET            0             0             0


           THETA
              FEMALE        AGE           EDU_MED       EDU_HIGH      NR_DEV
              ________      ________      ________      ________      ________
 FEMALE             0
 AGE                0             0
 EDU_MED            0             0             0
 EDU_HIGH           0             0             0             0
 NR_DEV             0             0             0             0             0
 CALL_C_L           0             0             0             0             0
 W1_INET            0             0             0             0             0


           THETA
              CALL_C_L      W1_INET
              ________      ________
 CALL_C_L           0
 W1_INET            0             4


           ALPHA
              STAB          LOGV          FEMALE        AGE           EDU_MED
              ________      ________      ________      ________      ________
                    5             6             7             8             9


           ALPHA
              EDU_HIGH      NR_DEV        CALL_C_L
              ________      ________      ________
                   10            11            12


           BETA
              STAB          LOGV          FEMALE        AGE           EDU_MED
              ________      ________      ________      ________      ________
 STAB               0             0             0             0             0
 LOGV               0             0            13            14            15
 FEMALE             0             0             0             0             0
 AGE                0             0             0             0             0
 EDU_MED            0             0             0             0             0
 EDU_HIGH           0             0             0             0             0
 NR_DEV             0             0             0             0             0
 CALL_C_L           0             0             0             0             0


           BETA
              EDU_HIGH      NR_DEV        CALL_C_L
              ________      ________      ________
 STAB               0             0             0
 LOGV              16            17             0
 FEMALE             0             0             0
 AGE                0             0             0
 EDU_MED            0             0             0
 EDU_HIGH           0             0             0
 NR_DEV             0             0             0
 CALL_C_L           0             0             0


           PSI
              STAB          LOGV          FEMALE        AGE           EDU_MED
              ________      ________      ________      ________      ________
 STAB              18
 LOGV               0            19
 FEMALE             0             0            20
 AGE                0             0            21            22
 EDU_MED            0             0            23            24            25
 EDU_HIGH           0             0            26            27            28
 NR_DEV             0             0            30            31            32
 CALL_C_L          35             0             0             0             0


           PSI
              EDU_HIGH      NR_DEV        CALL_C_L
              ________      ________      ________
 EDU_HIGH          29
 NR_DEV            33            34
 CALL_C_L           0             0            36


     PARAMETER SPECIFICATION FOR THE ADDITIONAL PARAMETERS


           NEW/ADDITIONAL PARAMETERS
              MEDV          MEANV         25QV          75QV
              ________      ________      ________      ________
                   37            38            39            40


     STARTING VALUES FOR WITHIN


           NU
              CALL_C_L      W1_INET
              ________      ________
                0.000         0.000


           LAMBDA
              F             F&1           CALL_C_L
              ________      ________      ________
 CALL_C_L       0.000         0.000         1.000
 W1_INET        0.000         0.000         0.000


           THETA
              CALL_C_L      W1_INET
              ________      ________
 CALL_C_L       0.000
 W1_INET        0.000         4.977


           ALPHA
              F             F&1           CALL_C_L
              ________      ________      ________
                0.000         0.000         0.000


           BETA
              F             F&1           CALL_C_L
              ________      ________      ________
 F              0.000         0.000         0.000
 F&1            0.000         0.000         0.000
 CALL_C_L       1.000         0.000         0.000


           PSI
              F             F&1           CALL_C_L
              ________      ________      ________
 F              1.000
 F&1            0.000         1.000
 CALL_C_L       0.000         0.000         0.000


     STARTING VALUES FOR BETWEEN


           NU
              FEMALE        AGE           EDU_MED       EDU_HIGH      NR_DEV
              ________      ________      ________      ________      ________
                0.000         0.000         0.000         0.000         0.000


           NU
              CALL_C_L      W1_INET
              ________      ________
                0.000         3.726


           LAMBDA
              STAB          LOGV          FEMALE        AGE           EDU_MED
              ________      ________      ________      ________      ________
 FEMALE         0.000         0.000         1.000         0.000         0.000
 AGE            0.000         0.000         0.000         1.000         0.000
 EDU_MED        0.000         0.000         0.000         0.000         1.000
 EDU_HIGH       0.000         0.000         0.000         0.000         0.000
 NR_DEV         0.000         0.000         0.000         0.000         0.000
 CALL_C_L       0.000         0.000         0.000         0.000         0.000
 W1_INET        0.000         0.000         0.000         0.000         0.000


           LAMBDA
              EDU_HIGH      NR_DEV        CALL_C_L
              ________      ________      ________
 FEMALE         0.000         0.000         0.000
 AGE            0.000         0.000         0.000
 EDU_MED        0.000         0.000         0.000
 EDU_HIGH       1.000         0.000         0.000
 NR_DEV         0.000         1.000         0.000
 CALL_C_L       0.000         0.000         1.000
 W1_INET        0.000         0.000         0.000


           THETA
              FEMALE        AGE           EDU_MED       EDU_HIGH      NR_DEV
              ________      ________      ________      ________      ________
 FEMALE         0.000
 AGE            0.000         0.000
 EDU_MED        0.000         0.000         0.000
 EDU_HIGH       0.000         0.000         0.000         0.000
 NR_DEV         0.000         0.000         0.000         0.000         0.000
 CALL_C_L       0.000         0.000         0.000         0.000         0.000
 W1_INET        0.000         0.000         0.000         0.000         0.000


           THETA
              CALL_C_L      W1_INET
              ________      ________
 CALL_C_L       0.000
 W1_INET        0.000         4.977


           ALPHA
              STAB          LOGV          FEMALE        AGE           EDU_MED
              ________      ________      ________      ________      ________
                0.000         0.000         0.483        45.457         0.442


           ALPHA
              EDU_HIGH      NR_DEV        CALL_C_L
              ________      ________      ________
                0.407         2.408         1.236


           BETA
              STAB          LOGV          FEMALE        AGE           EDU_MED
              ________      ________      ________      ________      ________
 STAB           0.000         0.000         0.000         0.000         0.000
 LOGV           0.000         0.000         0.000         0.000         0.000
 FEMALE         0.000         0.000         0.000         0.000         0.000
 AGE            0.000         0.000         0.000         0.000         0.000
 EDU_MED        0.000         0.000         0.000         0.000         0.000
 EDU_HIGH       0.000         0.000         0.000         0.000         0.000
 NR_DEV         0.000         0.000         0.000         0.000         0.000
 CALL_C_L       0.000         0.000         0.000         0.000         0.000


           BETA
              EDU_HIGH      NR_DEV        CALL_C_L
              ________      ________      ________
 STAB           0.000         0.000         0.000
 LOGV           0.000         0.000         0.000
 FEMALE         0.000         0.000         0.000
 AGE            0.000         0.000         0.000
 EDU_MED        0.000         0.000         0.000
 EDU_HIGH       0.000         0.000         0.000
 NR_DEV         0.000         0.000         0.000
 CALL_C_L       0.000         0.000         0.000


           PSI
              STAB          LOGV          FEMALE        AGE           EDU_MED
              ________      ________      ________      ________      ________
 STAB           1.000
 LOGV           0.000         1.000
 FEMALE         0.000         0.000         0.125
 AGE            0.000         0.000         0.000        89.098
 EDU_MED        0.000         0.000         0.000         0.000         0.123
 EDU_HIGH       0.000         0.000         0.000         0.000         0.000
 NR_DEV         0.000         0.000         0.000         0.000         0.000
 CALL_C_L       0.000         0.000         0.000         0.000         0.000


           PSI
              EDU_HIGH      NR_DEV        CALL_C_L
              ________      ________      ________
 EDU_HIGH       0.121
 NR_DEV         0.000         0.184
 CALL_C_L       0.000         0.000         0.458


     STARTING VALUES FOR THE ADDITIONAL PARAMETERS


           NEW/ADDITIONAL PARAMETERS
              MEDV          MEANV         25QV          75QV
              ________      ________      ________      ________
                0.500         0.500         0.500         0.500



     PRIORS FOR ALL PARAMETERS            PRIOR MEAN      PRIOR VARIANCE     PRIOR STD. DEV.

     Parameter 1~IG(-1.000,0.000)          infinity            infinity            infinity
     Parameter 2~IG(-1.000,0.000)          infinity            infinity            infinity
     Parameter 3~N(0.000,infinity)           0.0000            infinity            infinity
     Parameter 4~IG(-1.000,0.000)          infinity            infinity            infinity
     Parameter 5~N(0.000,infinity)           0.0000            infinity            infinity
     Parameter 6~N(0.000,infinity)           0.0000            infinity            infinity
     Parameter 7~N(0.000,infinity)           0.0000            infinity            infinity
     Parameter 8~N(0.000,infinity)           0.0000            infinity            infinity
     Parameter 9~N(0.000,infinity)           0.0000            infinity            infinity
     Parameter 10~N(0.000,infinity)          0.0000            infinity            infinity
     Parameter 11~N(0.000,infinity)          0.0000            infinity            infinity
     Parameter 12~N(0.000,infinity)          0.0000            infinity            infinity
     Parameter 13~N(0.000,infinity)          0.0000            infinity            infinity
     Parameter 14~N(0.000,infinity)          0.0000            infinity            infinity
     Parameter 15~N(0.000,infinity)          0.0000            infinity            infinity
     Parameter 16~N(0.000,infinity)          0.0000            infinity            infinity
     Parameter 17~N(0.000,infinity)          0.0000            infinity            infinity
     Parameter 18~IW(0.000,-3)             infinity            infinity            infinity
     Parameter 19~IG(-1.000,0.000)         infinity            infinity            infinity
     Parameter 20~IW(0.000,-6)             infinity            infinity            infinity
     Parameter 21~IW(0.000,-6)             infinity            infinity            infinity
     Parameter 22~IW(0.000,-6)             infinity            infinity            infinity
     Parameter 23~IW(0.000,-6)             infinity            infinity            infinity
     Parameter 24~IW(0.000,-6)             infinity            infinity            infinity
     Parameter 25~IW(0.000,-6)             infinity            infinity            infinity
     Parameter 26~IW(0.000,-6)             infinity            infinity            infinity
     Parameter 27~IW(0.000,-6)             infinity            infinity            infinity
     Parameter 28~IW(0.000,-6)             infinity            infinity            infinity
     Parameter 29~IW(0.000,-6)             infinity            infinity            infinity
     Parameter 30~IW(0.000,-6)             infinity            infinity            infinity
     Parameter 31~IW(0.000,-6)             infinity            infinity            infinity
     Parameter 32~IW(0.000,-6)             infinity            infinity            infinity
     Parameter 33~IW(0.000,-6)             infinity            infinity            infinity
     Parameter 34~IW(0.000,-6)             infinity            infinity            infinity
     Parameter 35~IW(0.000,-3)             infinity            infinity            infinity
     Parameter 36~IW(0.000,-3)             infinity            infinity            infinity


TECHNICAL 4 OUTPUT


     AVERAGE ESTIMATES DERIVED FROM THE MODEL FOR WITHIN


           ESTIMATED MEANS FOR THE LATENT VARIABLES
              F             F&1           STAB          LOGV          FEMALE
              ________      ________      ________      ________      ________
                0.000         0.000         0.190        -1.954         0.486


           ESTIMATED MEANS FOR THE LATENT VARIABLES
              AGE           EDU_MED       EDU_HIGH      NR_DEV        CALL_C_L
              ________      ________      ________      ________      ________
               45.471         0.435         0.414         2.402         1.091


           ESTIMATED COVARIANCE MATRIX FOR THE LATENT VARIABLES
              F             F&1           STAB          LOGV          FEMALE
              ________      ________      ________      ________      ________
 F              0.413
 F&1            0.064         0.413
 STAB           0.000         0.000         0.000
 LOGV           0.000         0.000         0.000         0.000
 FEMALE         0.000         0.000         0.000         0.000         0.000
 AGE            0.000         0.000         0.000         0.000         0.000
 EDU_MED        0.000         0.000         0.000         0.000         0.000
 EDU_HIGH       0.000         0.000         0.000         0.000         0.000
 NR_DEV         0.000         0.000         0.000         0.000         0.000
 CALL_C_L       0.413         0.064         0.000         0.000         0.000


           ESTIMATED COVARIANCE MATRIX FOR THE LATENT VARIABLES
              AGE           EDU_MED       EDU_HIGH      NR_DEV        CALL_C_L
              ________      ________      ________      ________      ________
 AGE            0.000
 EDU_MED        0.000         0.000
 EDU_HIGH       0.000         0.000         0.000
 NR_DEV         0.000         0.000         0.000         0.000
 CALL_C_L       0.000         0.000         0.000         0.000         0.684


           ESTIMATED CORRELATION MATRIX FOR THE LATENT VARIABLES
              F             F&1           STAB          LOGV          FEMALE
              ________      ________      ________      ________      ________
 F              1.000
 F&1            0.140         1.000
 STAB           0.000         0.000         1.000
 LOGV           0.000         0.000         0.000         1.000
 FEMALE         0.000         0.000         0.000         0.000         1.000
 AGE            0.000         0.000         0.000         0.000         0.000
 EDU_MED        0.000         0.000         0.000         0.000         0.000
 EDU_HIGH       0.000         0.000         0.000         0.000         0.000
 NR_DEV         0.000         0.000         0.000         0.000         0.000
 CALL_C_L       0.776         0.109         0.000         0.000         0.000


           ESTIMATED CORRELATION MATRIX FOR THE LATENT VARIABLES
              AGE           EDU_MED       EDU_HIGH      NR_DEV        CALL_C_L
              ________      ________      ________      ________      ________
 AGE            1.000
 EDU_MED        0.000         1.000
 EDU_HIGH       0.000         0.000         1.000
 NR_DEV         0.000         0.000         0.000         1.000
 CALL_C_L       0.000         0.000         0.000         0.000         1.000


     ESTIMATES DERIVED FROM THE MODEL FOR BETWEEN


           ESTIMATED MEANS FOR THE LATENT VARIABLES
              F             F&1           STAB          LOGV          FEMALE
              ________      ________      ________      ________      ________
                0.000         0.000         0.086        -2.643         0.486


           ESTIMATED MEANS FOR THE LATENT VARIABLES
              AGE           EDU_MED       EDU_HIGH      NR_DEV        CALL_C_L
              ________      ________      ________      ________      ________
               45.471         0.435         0.414         2.402         1.093


           ESTIMATED COVARIANCE MATRIX FOR THE LATENT VARIABLES
              F             F&1           STAB          LOGV          FEMALE
              ________      ________      ________      ________      ________
 F              0.000
 F&1            0.000         0.000
 STAB           0.000         0.000         0.009
 LOGV           0.000         0.000         0.000         0.784
 FEMALE         0.000         0.000         0.000        -0.116         0.255
 AGE            0.000         0.000         0.000        -2.105        -0.340
 EDU_MED        0.000         0.000         0.000         0.001        -0.006
 EDU_HIGH       0.000         0.000         0.000         0.009        -0.004
 NR_DEV         0.000         0.000         0.000         0.005        -0.036
 CALL_C_L       0.000         0.000         0.024         0.000         0.000


           ESTIMATED COVARIANCE MATRIX FOR THE LATENT VARIABLES
              AGE           EDU_MED       EDU_HIGH      NR_DEV        CALL_C_L
              ________      ________      ________      ________      ________
 AGE          182.190
 EDU_MED        1.173         0.250
 EDU_HIGH      -1.639        -0.183         0.247
 NR_DEV         0.534        -0.016         0.035         0.379
 CALL_C_L       0.000         0.000         0.000         0.000         0.221


           ESTIMATED CORRELATION MATRIX FOR THE LATENT VARIABLES
              F             F&1           STAB          LOGV          FEMALE
              ________      ________      ________      ________      ________
 F              1.000
 F&1            0.000         1.000
 STAB           0.000         0.000         1.000
 LOGV           0.000         0.000         0.000         1.000
 FEMALE         0.000         0.000         0.000        -0.259         1.000
 AGE            0.000         0.000         0.000        -0.176        -0.050
 EDU_MED        0.000         0.000         0.000         0.002        -0.024
 EDU_HIGH       0.000         0.000         0.000         0.019        -0.017
 NR_DEV         0.000         0.000         0.000         0.009        -0.116
 CALL_C_L       0.000         0.000         0.535         0.000         0.000


           ESTIMATED CORRELATION MATRIX FOR THE LATENT VARIABLES
              AGE           EDU_MED       EDU_HIGH      NR_DEV        CALL_C_L
              ________      ________      ________      ________      ________
 AGE            1.000
 EDU_MED        0.174         1.000
 EDU_HIGH      -0.244        -0.738         1.000
 NR_DEV         0.064        -0.052         0.115         1.000
 CALL_C_L       0.000         0.000         0.000         0.000         1.000


TECHNICAL 8 OUTPUT


   TECHNICAL 8 OUTPUT FOR BAYES ESTIMATION

     PROCESSOR    BSEED
     1            0
     2            285380
     3            253358
     4            93468
     5            608496
     6            903420
     7            195873
     8            462953
     9            939021
     10           127215
     11           415931
     12           533738
     13           107446
     14           399671
     15           650371
     16           27071
     17           76974
     18           68985
     19           851945
     20           637345
     21           573096
     22           902278
     23           887676
     24           372176
     25           347515
     26           207896
     27           569131
     28           364676
     29           392418
     30           366706

                     POTENTIAL       PARAMETER WITH
     ITERATION    SCALE REDUCTION      HIGHEST PSR
     100              3.231               5
     200              2.054               2
     300              2.855               5
     400              1.506               5
     500              1.456               5
     600              1.164               18
     700              1.189               18
     800              1.181               18
     900              1.099               18
     1000             1.171               18
     1100             1.221               18
     1200             1.124               2
     1300             1.050               2
     1400             1.052               19
     1500             1.094               19
     1600             1.093               2
     1700             1.089               2
     1800             1.093               2
     1900             1.125               5
     2000             1.152               5
     2100             1.155               5
     2200             1.116               5
     2300             1.078               18
     2400             1.073               18
     2500             1.057               5
     2600             1.056               18
     2700             1.070               18
     2800             1.080               18
     2900             1.083               2
     3000             1.123               2
     3100             1.160               2
     3200             1.187               2
     3300             1.229               2
     3400             1.256               2
     3500             1.251               2
     3600             1.248               2
     3700             1.262               2
     3800             1.279               2
     3900             1.295               2
     4000             1.283               2
     4100             1.279               2
     4200             1.313               2
     4300             1.309               2
     4400             1.263               2
     4500             1.225               2
     4600             1.187               2
     4700             1.165               2
     4800             1.163               2
     4900             1.150               2
     5000             1.149               2
     5100             1.144               2
     5200             1.118               2
     5300             1.101               2
     5400             1.090               2
     5500             1.079               2
     5600             1.074               2
     5700             1.069               2
     5800             1.058               2
     5900             1.040               2
     6000             1.022               2
     6100             1.015               4
     6200             1.015               4
     6300             1.015               4
     6400             1.014               4
     6500             1.015               4
     6600             1.016               4
     6700             1.015               4
     6800             1.015               4
     6900             1.015               4
     7000             1.015               4
     7100             1.015               4
     7200             1.017               4
     7300             1.018               4
     7400             1.019               4
     7500             1.019               4
     7600             1.019               4
     7700             1.020               2
     7800             1.022               18
     7900             1.022               18
     8000             1.021               4
     8100             1.022               4
     8200             1.023               4
     8300             1.022               4
     8400             1.024               18
     8500             1.023               18
     8600             1.023               4
     8700             1.023               4
     8800             1.024               4
     8900             1.024               4
     9000             1.024               4
     9100             1.024               4
     9200             1.024               4
     9300             1.024               4
     9400             1.024               4
     9500             1.024               4
     9600             1.023               4
     9700             1.023               4
     9800             1.022               4
     9900             1.021               4
     10000            1.028               2
     10100            1.030               2
     10200            1.032               2
     10300            1.029               2
     10400            1.025               2
     10500            1.022               2
     10600            1.021               4
     10700            1.021               4
     10800            1.020               4
     10900            1.019               4
     11000            1.018               4
     11100            1.018               4
     11200            1.017               4
     11300            1.016               4
     11400            1.017               4
     11500            1.016               4
     11600            1.015               4
     11700            1.015               4
     11800            1.014               4
     11900            1.014               4
     12000            1.013               4
     12100            1.012               4
     12200            1.011               4
     12300            1.011               4
     12400            1.012               4
     12500            1.011               4
     12600            1.011               4
     12700            1.011               4
     12800            1.010               4
     12900            1.010               4
     13000            1.010               4
     13100            1.009               4
     13200            1.008               4
     13300            1.008               4
     13400            1.008               4
     13500            1.008               4
     13600            1.007               4
     13700            1.008               3
     13800            1.008               3
     13900            1.009               3
     14000            1.010               3
     14100            1.010               3
     14200            1.011               3
     14300            1.012               3
     14400            1.013               3
     14500            1.013               3
     14600            1.014               3
     14700            1.015               3
     14800            1.016               3
     14900            1.016               3
     15000            1.017               3
     15100            1.018               3
     15200            1.018               3
     15300            1.019               3
     15400            1.020               3
     15500            1.021               3
     15600            1.022               3
     15700            1.023               3
     15800            1.024               3
     15900            1.025               3
     16000            1.026               3
     16100            1.027               3
     16200            1.028               3
     16300            1.029               3
     16400            1.030               3
     16500            1.030               3
     16600            1.031               3
     16700            1.032               3
     16800            1.032               3
     16900            1.033               3
     17000            1.034               3
     17100            1.035               3
     17200            1.036               3
     17300            1.037               3
     17400            1.037               3
     17500            1.038               3
     17600            1.038               3
     17700            1.039               3
     17800            1.040               3
     17900            1.041               3
     18000            1.042               3
     18100            1.043               3
     18200            1.044               3
     18300            1.045               3
     18400            1.047               3
     18500            1.048               3
     18600            1.051               3
     18700            1.053               3
     18800            1.054               3
     18900            1.056               3
     19000            1.058               3
     19100            1.059               3
     19200            1.060               3
     19300            1.062               3
     19400            1.063               3
     19500            1.064               3
     19600            1.066               3
     19700            1.066               3
     19800            1.067               3
     19900            1.068               3
     20000            1.070               3
     20100            1.071               3
     20200            1.071               3
     20300            1.072               3
     20400            1.073               3
     20500            1.074               3
     20600            1.074               3
     20700            1.075               3
     20800            1.076               3
     20900            1.077               3
     21000            1.078               3
     21100            1.078               3
     21200            1.079               3
     21300            1.079               3
     21400            1.079               3
     21500            1.079               3
     21600            1.079               3
     21700            1.078               3
     21800            1.078               3
     21900            1.077               3
     22000            1.077               3
     22100            1.076               3
     22200            1.076               3
     22300            1.075               3
     22400            1.075               3
     22500            1.076               3
     22600            1.075               3
     22700            1.075               3
     22800            1.075               3
     22900            1.074               3
     23000            1.073               3
     23100            1.073               3
     23200            1.072               3
     23300            1.072               3
     23400            1.072               3
     23500            1.071               3
     23600            1.071               3
     23700            1.070               3
     23800            1.069               3
     23900            1.068               3
     24000            1.068               3
     24100            1.067               3
     24200            1.066               3
     24300            1.065               3
     24400            1.065               3
     24500            1.064               3
     24600            1.064               3
     24700            1.063               3
     24800            1.062               3
     24900            1.061               3
     25000            1.060               3
     25100            1.059               3
     25200            1.059               3
     25300            1.058               3
     25400            1.057               3
     25500            1.057               3
     25600            1.056               3
     25700            1.055               3
     25800            1.054               3
     25900            1.054               3
     26000            1.053               3
     26100            1.053               3
     26200            1.052               3
     26300            1.051               3
     26400            1.050               3
     26500            1.050               3
     26600            1.050               3
     26700            1.049               3
     26800            1.049               3
     26900            1.049               3
     27000            1.048               3
     27100            1.048               3
     27200            1.047               3
     27300            1.047               3
     27400            1.047               3
     27500            1.047               3
     27600            1.047               3
     27700            1.046               3
     27800            1.046               3
     27900            1.045               3
     28000            1.045               3
     28100            1.045               3
     28200            1.044               3
     28300            1.044               3
     28400            1.044               3
     28500            1.043               3
     28600            1.043               3
     28700            1.046               2
     28800            1.050               2
     28900            1.054               2
     29000            1.057               2
     29100            1.062               2
     29200            1.068               2
     29300            1.073               2
     29400            1.077               2
     29500            1.080               2
     29600            1.083               2
     29700            1.086               2
     29800            1.089               2
     29900            1.093               2
     30000            1.096               2
     30100            1.100               2
     30200            1.104               2
     30300            1.107               2
     30400            1.108               2
     30500            1.111               2
     30600            1.115               2
     30700            1.118               2
     30800            1.122               2
     30900            1.126               2
     31000            1.130               2
     31100            1.134               2
     31200            1.137               2
     31300            1.140               2
     31400            1.144               2
     31500            1.149               2
     31600            1.151               2
     31700            1.154               2
     31800            1.159               2
     31900            1.163               2
     32000            1.168               2
     32100            1.173               2
     32200            1.178               2
     32300            1.183               2
     32400            1.188               2
     32500            1.193               2
     32600            1.199               2
     32700            1.205               2
     32800            1.209               2
     32900            1.213               2
     33000            1.216               2
     33100            1.221               2
     33200            1.226               2
     33300            1.231               2
     33400            1.237               2
     33500            1.243               2
     33600            1.248               2
     33700            1.253               2
     33800            1.259               2
     33900            1.264               2
     34000            1.270               2
     34100            1.276               2
     34200            1.281               2
     34300            1.285               2
     34400            1.290               2
     34500            1.294               2
     34600            1.300               2
     34700            1.306               2
     34800            1.311               2
     34900            1.317               2
     35000            1.322               2
     35100            1.329               2
     35200            1.334               2
     35300            1.338               2
     35400            1.343               2
     35500            1.348               2
     35600            1.352               2
     35700            1.359               2
     35800            1.363               2
     35900            1.368               2
     36000            1.373               2
     36100            1.378               2
     36200            1.382               2
     36300            1.388               2
     36400            1.393               2
     36500            1.399               2
     36600            1.405               2
     36700            1.411               2
     36800            1.418               2
     36900            1.424               2
     37000            1.430               2
     37100            1.436               2
     37200            1.441               2
     37300            1.447               2
     37400            1.453               2
     37500            1.459               2
     37600            1.465               2
     37700            1.469               2
     37800            1.474               2
     37900            1.480               2
     38000            1.487               2
     38100            1.494               2
     38200            1.501               2
     38300            1.508               2
     38400            1.515               2
     38500            1.522               2
     38600            1.528               2
     38700            1.535               2
     38800            1.541               2
     38900            1.547               2
     39000            1.553               2
     39100            1.558               2
     39200            1.563               2
     39300            1.568               2
     39400            1.574               2
     39500            1.580               2
     39600            1.587               2
     39700            1.594               2
     39800            1.601               2
     39900            1.608               2
     40000            1.616               2
     40100            1.625               2
     40200            1.632               2
     40300            1.640               2
     40400            1.647               2
     40500            1.652               2
     40600            1.659               2
     40700            1.667               2
     40800            1.674               2
     40900            1.680               2
     41000            1.687               2
     41100            1.693               2
     41200            1.700               2
     41300            1.708               2
     41400            1.715               2
     41500            1.721               2
     41600            1.728               2
     41700            1.733               2
     41800            1.739               2
     41900            1.743               2
     42000            1.748               2
     42100            1.752               2
     42200            1.756               2
     42300            1.762               2
     42400            1.767               2
     42500            1.775               2
     42600            1.782               2
     42700            1.790               2
     42800            1.797               2
     42900            1.803               2
     43000            1.809               2
     43100            1.817               2
     43200            1.824               2
     43300            1.831               2
     43400            1.841               2
     43500            1.852               2
     43600            1.862               2
     43700            1.872               2
     43800            1.882               2
     43900            1.892               2
     44000            1.901               2
     44100            1.911               2
     44200            1.922               2
     44300            1.932               2
     44400            1.943               2
     44500            1.954               2
     44600            1.964               2
     44700            1.973               2
     44800            1.981               2
     44900            1.991               2
     45000            2.004               2
     45100            2.018               2
     45200            2.032               2
     45300            2.046               2
     45400            2.060               2
     45500            2.073               2
     45600            2.085               2
     45700            2.096               2
     45800            2.110               2
     45900            2.125               2
     46000            2.138               2
     46100            2.151               2
     46200            2.168               2
     46300            2.186               2
     46400            2.202               2
     46500            2.214               2
     46600            2.227               2
     46700            2.241               2
     46800            2.255               2
     46900            2.271               2
     47000            2.286               2
     47100            2.302               2
     47200            2.317               2
     47300            2.330               2
     47400            2.340               2
     47500            2.337               2
     47600            2.330               2
     47700            2.324               2
     47800            2.318               2
     47900            2.310               2
     48000            2.303               2
     48100            2.292               2
     48200            2.285               2
     48300            2.282               2
     48400            2.274               2
     48500            2.265               2
     48600            2.257               2
     48700            2.251               2
     48800            2.244               2
     48900            2.236               2
     49000            2.227               2
     49100            2.219               2
     49200            2.209               2
     49300            2.198               2
     49400            2.187               2
     49500            2.174               2
     49600            2.165               2
     49700            2.157               2
     49800            2.150               2
     49900            2.144               2
     50000            2.138               2
     50100            2.131               2
     50200            2.123               2
     50300            2.115               2
     50400            2.106               2
     50500            2.098               2
     50600            2.090               2
     50700            2.084               2
     50800            2.079               2
     50900            2.074               2
     51000            2.070               2
     51100            2.065               2
     51200            2.058               2
     51300            2.051               2
     51400            2.045               2
     51500            2.038               2
     51600            2.032               2
     51700            2.025               2
     51800            2.016               2
     51900            2.008               2
     52000            2.000               2
     52100            1.990               2
     52200            1.981               2
     52300            1.975               2
     52400            1.971               2
     52500            1.969               2
     52600            1.965               2
     52700            1.961               2
     52800            1.959               2
     52900            1.957               2
     53000            1.956               2
     53100            1.955               2
     53200            1.954               2
     53300            1.953               2
     53400            1.952               2
     53500            1.952               2
     53600            1.953               2
     53700            1.952               2
     53800            1.949               2
     53900            1.948               2
     54000            1.947               2
     54100            1.944               2
     54200            1.941               2
     54300            1.937               2
     54400            1.933               2
     54500            1.929               2
     54600            1.922               2
     54700            1.913               2
     54800            1.904               2
     54900            1.896               2
     55000            1.888               2
     55100            1.881               2
     55200            1.874               2
     55300            1.868               2
     55400            1.862               2
     55500            1.857               2
     55600            1.852               2
     55700            1.848               2
     55800            1.847               2
     55900            1.844               2
     56000            1.841               2
     56100            1.840               2
     56200            1.840               2
     56300            1.836               2
     56400            1.831               2
     56500            1.826               2
     56600            1.821               2
     56700            1.814               2
     56800            1.808               2
     56900            1.802               2
     57000            1.797               2
     57100            1.790               2
     57200            1.782               2
     57300            1.775               2
     57400            1.767               2
     57500            1.760               2
     57600            1.753               2
     57700            1.745               2
     57800            1.738               2
     57900            1.731               2
     58000            1.725               2
     58100            1.719               2
     58200            1.713               2
     58300            1.707               2
     58400            1.701               2
     58500            1.695               2
     58600            1.690               2
     58700            1.684               2
     58800            1.678               2
     58900            1.673               2
     59000            1.668               2
     59100            1.662               2
     59200            1.656               2
     59300            1.650               2
     59400            1.645               2
     59500            1.640               2
     59600            1.634               2
     59700            1.629               2
     59800            1.625               2
     59900            1.621               2
     60000            1.616               2
     60100            1.611               2
     60200            1.607               2
     60300            1.602               2
     60400            1.597               2
     60500            1.593               2
     60600            1.589               2
     60700            1.585               2
     60800            1.582               2
     60900            1.577               2
     61000            1.573               2
     61100            1.570               2
     61200            1.568               2
     61300            1.567               2
     61400            1.565               2
     61500            1.564               2
     61600            1.564               2
     61700            1.564               2
     61800            1.565               2
     61900            1.566               2
     62000            1.567               2
     62100            1.569               2
     62200            1.570               2
     62300            1.571               2
     62400            1.573               2
     62500            1.574               2
     62600            1.576               2
     62700            1.577               2
     62800            1.578               2
     62900            1.579               2
     63000            1.580               2
     63100            1.581               2
     63200            1.583               2
     63300            1.584               2
     63400            1.585               2
     63500            1.586               2
     63600            1.588               2
     63700            1.589               2
     63800            1.590               2
     63900            1.592               2
     64000            1.593               2
     64100            1.594               2
     64200            1.595               2
     64300            1.596               2
     64400            1.598               2
     64500            1.599               2
     64600            1.600               2
     64700            1.601               2
     64800            1.601               2
     64900            1.601               2
     65000            1.601               2
     65100            1.599               2
     65200            1.598               2
     65300            1.596               2
     65400            1.594               2
     65500            1.592               2
     65600            1.590               2
     65700            1.589               2
     65800            1.588               2
     65900            1.588               2
     66000            1.587               2
     66100            1.585               2
     66200            1.583               2
     66300            1.582               2
     66400            1.580               2
     66500            1.578               2
     66600            1.576               2
     66700            1.573               2
     66800            1.570               2
     66900            1.567               2
     67000            1.564               2
     67100            1.561               2
     67200            1.559               2
     67300            1.557               2
     67400            1.555               2
     67500            1.551               2
     67600            1.547               2
     67700            1.543               2
     67800            1.539               2
     67900            1.535               2
     68000            1.532               2
     68100            1.528               2
     68200            1.523               2
     68300            1.519               2
     68400            1.515               2
     68500            1.510               2
     68600            1.506               2
     68700            1.501               2
     68800            1.497               2
     68900            1.493               2
     69000            1.489               2
     69100            1.486               2
     69200            1.483               2
     69300            1.480               2
     69400            1.477               2
     69500            1.475               2
     69600            1.472               2
     69700            1.469               2
     69800            1.466               2
     69900            1.463               2
     70000            1.460               2
     70100            1.456               2
     70200            1.452               2
     70300            1.449               2
     70400            1.446               2
     70500            1.443               2
     70600            1.440               2
     70700            1.437               2
     70800            1.434               2
     70900            1.432               2
     71000            1.430               2
     71100            1.427               2
     71200            1.424               2
     71300            1.421               2
     71400            1.418               2
     71500            1.416               2
     71600            1.413               2
     71700            1.410               2
     71800            1.407               2
     71900            1.404               2
     72000            1.400               2
     72100            1.397               2
     72200            1.394               2
     72300            1.391               2
     72400            1.388               2
     72500            1.384               2
     72600            1.381               2
     72700            1.377               2
     72800            1.374               2
     72900            1.371               2
     73000            1.367               2
     73100            1.364               2
     73200            1.361               2
     73300            1.358               2
     73400            1.356               2
     73500            1.353               2
     73600            1.351               2
     73700            1.348               2
     73800            1.345               2
     73900            1.342               2
     74000            1.339               2
     74100            1.336               2
     74200            1.334               2
     74300            1.331               2
     74400            1.329               2
     74500            1.326               2
     74600            1.324               2
     74700            1.321               2
     74800            1.319               2
     74900            1.317               2
     75000            1.315               2
     75100            1.313               2
     75200            1.311               2
     75300            1.309               2
     75400            1.307               2
     75500            1.306               2
     75600            1.304               2
     75700            1.302               2
     75800            1.301               2
     75900            1.299               2
     76000            1.297               2
     76100            1.295               2
     76200            1.293               2
     76300            1.291               2
     76400            1.289               2
     76500            1.288               2
     76600            1.286               2
     76700            1.284               2
     76800            1.282               2
     76900            1.280               2
     77000            1.278               2
     77100            1.276               2
     77200            1.275               2
     77300            1.273               2
     77400            1.271               2
     77500            1.270               2
     77600            1.268               2
     77700            1.266               2
     77800            1.264               2
     77900            1.262               2
     78000            1.261               2
     78100            1.259               2
     78200            1.257               2
     78300            1.256               2
     78400            1.254               2
     78500            1.252               2
     78600            1.249               2
     78700            1.247               2
     78800            1.244               2
     78900            1.242               2
     79000            1.240               2
     79100            1.237               2
     79200            1.236               2
     79300            1.233               2
     79400            1.232               2
     79500            1.230               2
     79600            1.229               2
     79700            1.227               2
     79800            1.226               2
     79900            1.224               2
     80000            1.223               2
     80100            1.221               2
     80200            1.220               2
     80300            1.219               2
     80400            1.217               2
     80500            1.216               2
     80600            1.215               2
     80700            1.214               2
     80800            1.214               2
     80900            1.213               2
     81000            1.213               2
     81100            1.212               2
     81200            1.211               2
     81300            1.210               2
     81400            1.209               2
     81500            1.208               2
     81600            1.207               2
     81700            1.206               2
     81800            1.206               2
     81900            1.205               2
     82000            1.205               2
     82100            1.205               2
     82200            1.204               2
     82300            1.204               2
     82400            1.204               2
     82500            1.203               2
     82600            1.203               2
     82700            1.202               2
     82800            1.201               2
     82900            1.200               2
     83000            1.198               2
     83100            1.197               2
     83200            1.195               2
     83300            1.193               2
     83400            1.191               2
     83500            1.189               2
     83600            1.188               2
     83700            1.187               2
     83800            1.185               2
     83900            1.184               2
     84000            1.183               2
     84100            1.182               2
     84200            1.180               2
     84300            1.179               2
     84400            1.178               2
     84500            1.177               2
     84600            1.175               2
     84700            1.174               2
     84800            1.173               2
     84900            1.172               2
     85000            1.170               2
     85100            1.169               2
     85200            1.168               2
     85300            1.167               2
     85400            1.166               2
     85500            1.165               2
     85600            1.163               2
     85700            1.162               2
     85800            1.161               2
     85900            1.160               2
     86000            1.159               2
     86100            1.159               2
     86200            1.158               2
     86300            1.158               2
     86400            1.157               2
     86500            1.156               2
     86600            1.155               2
     86700            1.155               2
     86800            1.154               2
     86900            1.153               2
     87000            1.152               2
     87100            1.151               2
     87200            1.151               2
     87300            1.150               2
     87400            1.149               2
     87500            1.148               2
     87600            1.147               2
     87700            1.147               2
     87800            1.146               2
     87900            1.145               2
     88000            1.145               2
     88100            1.144               2
     88200            1.143               2
     88300            1.141               2
     88400            1.140               2
     88500            1.139               2
     88600            1.137               2
     88700            1.136               2
     88800            1.135               2
     88900            1.133               2
     89000            1.132               2
     89100            1.131               2
     89200            1.130               2
     89300            1.129               2
     89400            1.128               2
     89500            1.127               2
     89600            1.125               2
     89700            1.124               2
     89800            1.123               2
     89900            1.122               2
     90000            1.121               2
     90100            1.119               2
     90200            1.118               2
     90300            1.117               2
     90400            1.116               2
     90500            1.115               2
     90600            1.114               2
     90700            1.113               2
     90800            1.112               2
     90900            1.111               2
     91000            1.110               2
     91100            1.109               2
     91200            1.108               2
     91300            1.107               2
     91400            1.106               2
     91500            1.105               2
     91600            1.104               2
     91700            1.103               2
     91800            1.103               2
     91900            1.102               2
     92000            1.101               2
     92100            1.101               2
     92200            1.100               2
     92300            1.099               2
     92400            1.098               2
     92500            1.098               2
     92600            1.097               2
     92700            1.097               2
     92800            1.096               2
     92900            1.095               2
     93000            1.094               2
     93100            1.093               2
     93200            1.091               2
     93300            1.090               2
     93400            1.089               2
     93500            1.088               2
     93600            1.087               2
     93700            1.086               2
     93800            1.085               2
     93900            1.084               2
     94000            1.084               2
     94100            1.083               2
     94200            1.082               2
     94300            1.081               2
     94400            1.081               2
     94500            1.080               2
     94600            1.079               2
     94700            1.078               2
     94800            1.078               2
     94900            1.077               2
     95000            1.077               2
     95100            1.076               2
     95200            1.076               2
     95300            1.075               2
     95400            1.075               2
     95500            1.074               2
     95600            1.073               2
     95700            1.072               2
     95800            1.070               2
     95900            1.069               2
     96000            1.067               2
     96100            1.066               2
     96200            1.062               2
     96300            1.059               2
     96400            1.057               2
     96500            1.054               2
     96600            1.050               2
     96700            1.046               2
     96800            1.044               2
     96900            1.040               2
     97000            1.039               19
     97100            1.038               19
     97200            1.037               19
     97300            1.037               19
     97400            1.036               19
     97500            1.035               19
     97600            1.034               19
     97700            1.033               3
     97800            1.033               3
     97900            1.033               3
     98000            1.033               3
     98100            1.033               3
     98200            1.033               3
     98300            1.033               3
     98400            1.033               3
     98500            1.034               3
     98600            1.034               3
     98700            1.034               3
     98800            1.034               3
     98900            1.034               3
     99000            1.034               3
     99100            1.034               3
     99200            1.034               3
     99300            1.034               3
     99400            1.034               3
     99500            1.034               3
     99600            1.035               3
     99700            1.035               3
     99800            1.035               3
     99900            1.035               3
     100000           1.035               3


     MCMC EFFECTIVE SAMPLE SIZE (ESS) IN ASCENDING ORDER
        LOWEST 10 PARAMETERS
        PARAMETER    ESS
             1       <20
             2        23
             5        33
            39        36
            35        37
            18        38
            19        45
            37        55
             6        69
             3        86


PLOT INFORMATION

The following plots are available:

  Histograms (sample values)
  Scatterplots (sample values)
  Between-level histograms (sample values, sample means/variances)
  Between-level scatterplots (sample values, sample means/variances)
  Time series plots (sample values, ACF, PACF)
  Histogram of subjects per time point
  Time interval plots
  Bayesian posterior parameter distributions
  Bayesian posterior parameter trace plots
  Bayesian autocorrelation plots

     Beginning Time:  09:56:02
        Ending Time:  14:03:02
       Elapsed Time:  28:07:00



MUTHEN & MUTHEN
3463 Stoner Ave.
Los Angeles, CA  90066

Tel: (310) 391-9971
Fax: (310) 391-8971
Web: www.StatModel.com
Support: Support@StatModel.com

Copyright (c) 1998-2025 Muthen & Muthen
