Mplus VERSION 9 (Linux)
MUTHEN & MUTHEN
02/05/2026   5:36 PM

INPUT INSTRUCTIONS


  TITLE: Two-level AR(1) model for msg_c_l2;

  DATA:
    FILE = "data_full_msg_c_l2.dat";

  VARIABLE:
  NAMES = new_id age female edu edu_low edu_med edu_high nr_dev w1_inet w1_sp w1_pc_nr
       w1_sph_nr w1_tabl_nr date call_c msg_c phot_c call_d msg_d phot_d web_c web_d
       sm_c sm_d w1_date w1b_date w1_date_7 w1_date_30 w1b_date_7 w1b_date_30
       day_before_w1 day_before_w1b w1_7d_window w1b_7d_window w1_30d_window
       w1b_30d_window days_c call_d_l msg_d_l phot_d_l web_d_l sm_d_l call_c_l msg_c_l
       phot_c_l web_c_l sm_c_l days_c_l call_d_l2 msg_d_l2 phot_d_l2 web_d_l2 sm_d_l2
       call_c_l2 msg_c_l2 phot_c_l2 web_c_l2 sm_c_l2 call_c_b msg_c_b phot_c_b web_c_b
       sm_c_b time;
    MISSING = .;
    USEVARIABLES = msg_c_l2 female age edu_med edu_high nr_dev w1_inet;
  !  WITHIN = day_before_w1;
    BETWEEN = female age edu_med edu_high nr_dev;
    CLUSTER = new_id;
    TINTERVAL = time (1 time2);

  ANALYSIS:
    TYPE = TWOLEVEL RANDOM;
    ESTIMATOR = BAYES;
    PROCESSORS = 30;
    BITERATIONS = 200000 (100000);
    THIN = 20;

  MODEL:

  %WITHIN%
  f BY msg_c_l2@1(&1);
  !trend | msg_c_l2 ON day_before_w1;
  stab | f ON f&1;

  logv | msg_c_l2;

  !day_before_w1;

  %BETWEEN%
  msg_c_l2 WITH stab;
  !stab WITH trend;

  [logv] (m);
  logv (s);

  logv ON female age edu_med edu_high nr_dev;

  female;
  age;
  edu_med;
  edu_high;
  nr_dev;

  Model Constraint:
            new(medv meanv 25qv 75qv);		
            medv = exp(m);
            meanv = exp(m + s/2);
    		! 25th and 75th quartiles
    		! based on normal dist of logv:
    		25qv = exp(m - sqrt(s)*0.675);
    		75qv = exp(m + sqrt(s)*0.675);




  OUTPUT: TECH1 TECH8 TECH4 STDYX residual;

  PLOT: TYPE = PLOT3;



*** WARNING in MODEL command
  Variable is uncorrelated with all other variables: W1_INET
*** WARNING in MODEL command
  At least one variable is uncorrelated with all other variables in the model.
  Check that this is what is intended.
*** WARNING
  One or more individual-level variables have no variation within a
  cluster for the following clusters.

     Variable   Cluster IDs with no within-cluster variation

      MSG_C_L2    111 773 1089 752 1776 669 1766 902 2034 411 270 640 427 1021 1611 927 991 430
                  631 1551 830 2067 1299 278 1818 330 253 461 2150 1133 1462 1811 1236 1066 2065
                  2132 1734 1570 672 1546 1951 1656 1875 1356 1872 471 2115 868 19 1851 606 2127
                  839 1466 1216 1942 973 1303 1660 738 29
      W1_INET     1853 490 657 1060 468 271 955 534 679 397 111 98 565 1666 573 1879 363 1055
                  671 8 761 497 388 309 647 1568 1784 1900 574 1944 1593 2216 701 773 1089 752
                  1627 184 1962 1067 1557 494 554 693 1899 452 1776 2207 117 669 181 771 189 191
                  1140 1273 1136 1766 825 620 902 393 337 2103 2034 681 435 2039 812 538 384 1662
                  586 1227 903 546 394 1486 1520 1079 1082 441 1251 897 411 1282 1574 1706 188
                  1605 1155 1599 270 1497 1053 272 536 640 427 1337 103 1109 1971 1021 1343 740
                  1254 1302 1184 1611 600 2210 155 1224 2171 1328 2019 927 1723 2184 1159 293
                  611 991 1461 1968 1863 1561 196 974 430 1744 837 2028 1834 1516 631 667 712
                  286 1551 728 934 725 495 1847 406 1626 2183 583 26 1339 830 524 260 239 2067
                  419 1468 304 446 414 318 1654 284 172 1524 1458 262 376 52 349 377 263 1268
                  1808 451 1121 1299 361 447 277 132 278 362 1818 137 110 30 328 1335 180 268
                  1610 1451 296 428 413 301 453 203 387 142 1637 129 198 264 182 440 147 217 2043
                  330 207 149 443 353 151 186 187 212 423 418 205 274 241 295 193 163 4 368 287
                  410 2223 357 210 307 253 402 504 1963 461 965 48 477 1625 1350 288 476 1805
                  2150 943 2119 2037 1715 1935 1765 2002 1979 79 1716 1770 1231 874 926 1133 88
                  1653 1437 540 1200 809 745 1402 2082 1263 556 753 1064 886 1624 18 1462 2015
                  739 733 84 1931 1891 875 870 2148 1955 1745 1057 1811 550 2076 2063 1966 2221
                  1110 1151 947 1412 1779 1708 895 718 2199 90 520 859 2224 85 971 2093 1924 1421
                  2026 1213 1236 44 1404 1066 99 1580 726 2065 544 665 1207 2088 2069 998 858
                  1840 1588 2132 1710 741 1734 1570 1241 1249 711 1111 2014 1397 518 1340 672
                  515 2145 1881 74 1798 1546 909 1314 500 2208 2165 1951 1656 763 1875 1181 1928
                  32 1643 2181 1219 517 2112 882 827 1839 986 1294 1248 486 1074 1114 1232 2081
                  719 1528 1001 1934 1645 834 1647 105 1917 1590 1778 1465 1091 1356 1509 1472
                  1997 1659 1872 1189 62 1542 1117 89 822 791 1035 2075 590 2040 602 1276 680
                  2047 72 1790 910 938 471 1957 1703 786 1613 1878 1912 2138 2115 1609 2147 6
                  868 1264 1562 1782 1502 616 2196 1604 19 1081 924 1773 1171 1182 2073 966 1379
                  1573 1714 1851 1930 2022 1564 953 2049 1956 1817 93 2099 696 1307 1801 1855
                  1095 561 678 2137 1634 547 743 944 1585 735 606 2101 1837 695 2131 1305 995
                  613 2016 2182 2127 618 1999 1453 1793 1668 639 1135 1757 467 1967 1849 1618
                  839 1918 1466 1147 1591 1576 1595 1013 1202 1720 853 1612 1701 523 1326 782
                  1225 2213 896 470 1172 508 914 829 784 2 1987 686 1216 605 894 2001 2160 1315
                  475 638 1873 2052 849 1869 2157 11 1629 499 1835 1485 1914 1950 1330 2003 1942
                  860 1298 1086 1727 1041 1755 557 1071 1623 855 1729 918 904 1788 1673 1334 92
                  2010 1454 973 906 2141 1743 892 648 1581 2000 1077 1020 1044 1303 915 1311 1660
                  100 1905 484 1675 1856 675 1693 1080 1096 1348 1806 2035 1174 1648 1870 2159
                  880 599 738 1907 1002 597 772 1392 756 1022 60 78 37 25 97 29 3 69 73 86 59
                  35

*** WARNING
  Data set contains cases with missing on all variables.
  These cases were not included in the analysis.
  Number of cases with missing on all variables:  1495
   4 WARNING(S) FOUND IN THE INPUT INSTRUCTIONS



Two-level AR(1) model for msg_c_l2;

SUMMARY OF ANALYSIS

Number of groups                                                 1
Number of observations                                       17338

Number of dependent variables                                    2
Number of independent variables                                  5
Number of continuous latent variables                            4

Observed dependent variables

  Continuous
   MSG_C_L2    W1_INET

Observed independent variables
   FEMALE      AGE         EDU_MED     EDU_HIGH    NR_DEV

Continuous latent variables
   F           F&1         STAB        LOGV

Variables with special functions

  Cluster variable      NEW_ID

  Between variables
   FEMALE      AGE         EDU_MED     EDU_HIGH    NR_DEV


Estimator                                                    BAYES
Specifications for Bayesian Estimation
  Point estimate                                            MEDIAN
  Number of Markov chain Monte Carlo (MCMC) chains               2
  Random seed for the first chain                                0
  Starting value information                           UNPERTURBED
  Algorithm used for Markov chain Monte Carlo           GIBBS(PX1)
  Convergence criterion                                  0.500D-01
  Maximum number of iterations                              200000
  K-th iteration used for thinning                              20

Input data file(s)
  data_full_msg_c_l2.dat
Input data format  FREE


SUMMARY OF DATA

     Number of clusters                        625

       Size (s)    Cluster ID with Size s

          3        1853
          6        490 657
          7        1060 468
          8        271 955 534 679 397 111 98 565
          9        1666 573
         10        1879 363 1055 671 8
         11        761 497 388
         12        309 647
         13        1568 1784 1900
         14        574
         15        1944 1593
         16        2216 701 773 1089 752
         17        1627 184 1962
         18        1067 1557 494 554 693
         19        1899 452 1776 2207
         20        117 669 181 771 189 191 1140
         21        1273 1136 1766
         22        825 620 902 393 337 2103 2034
         23        681 435 2039 812 538 384 1662
         24        586 1227 903 546 394 1486 1520 1079 1082 441
         25        1251 897 411 1282 1574 1706 188 1605 1155 1599 270 1497
                   1053
         26        272 536 640 427 1337 103 1109 1971 1021 1343
         27        740 1254 1302 1184 1611 600 2210 155 1224 2171 1328
                   2019 927 1723 2184 1159 293 611 991
         28        1461 1968 1863 1561 196 974 430 1744 837 2028 1834 1516
                   631 667 712 286 1551 728 934 725 495 1847 406 1626 2183
                   583 26 1339 830 524 260
         29        239 2067 419 1468 304 446 414 318 1654 284 172 1524
                   1458 262 376 52 349 377 263 1268 1808 451 1121 1299
                   361 447 277 132 278 362 1818 137 110 30 328 1335 180
                   268 1610 1451 296 428 413 301 453 203 387 142 1637 129
                   198 264 182 440 147 217 2043 330 207 149 443 353 151
                   186 187 212 423 418 205 274 241 295 193 163 4 368 287
                   410 2223 357 210 307 253 402
         30        504 1963 461 965 48 477 1625 1350 288 476 1805 2150
                   943 2119 2037 1715 1935 1765 2002 1979 79 1716 1770
                   1231 874 926 1133 88 1653 1437 540 1200 809 745 1402
                   2082 1263 556 753 1064 886 1624 18 1462 2015 739 733
                   84 1931 1891 875 870 2148 1955 1745 1057 1811 550 2076
                   2063 1966 2221 1110 1151 947 1412 1779 1708 895 718
                   2199 90 520 859 2224 85 971 2093 1924 1421 2026 1213
                   1236 44 1404 1066 99 1580 726 2065 544 665 1207 2088
                   2069 998 858 1840 1588 2132 1710 741 1734 1570 1241
                   1249 711 1111 2014 1397 518 1340 672 515 2145 1881 74
                   1798 1546 909 1314 500 2208 2165 1951 1656 763 1875
                   1181 1928 32 1643 2181 1219 517 2112 882 827 1839 986
                   1294 1248 486 1074 1114 1232 2081 719 1528 1001 1934
                   1645 834 1647 105 1917 1590 1778 1465 1091 1356 1509
                   1472 1997 1659 1872 1189 62 1542 1117 89 822 791 1035
                   2075 590 2040 602 1276 680 2047 72 1790 910 938 471
                   1957 1703 786 1613 1878 1912 2138 2115 1609 2147 6 868
                   1264 1562 1782 1502 616 2196 1604 19 1081 924 1773 1171
                   1182 2073 966 1379 1573 1714 1851 1930 2022 1564 953
                   2049 1956 1817 93 2099 696 1307 1801 1855 1095 561 678
                   2137 1634 547 743 944 1585 735 606 2101 1837 695 2131
                   1305 995 613 2016 2182 2127 618 1999 1453 1793 1668
                   639 1135 1757 467 1967 1849 1618 839 1918 1466 1147
                   1591 1576 1595 1013 1202 1720 853 1612 1701 523 1326
                   782 1225 2213 896 470 1172 508 914 829 784 2 1987 686
                   1216 605 894 2001 2160 1315 475 638 1873 2052 849 1869
                   2157 11 1629 499 1835 1485 1914 1950 1330 2003 1942
                   860 1298 1086 1727 1041 1755 557 1071 1623 855 1729
                   918 904 1788 1673 1334 92 2010 1454 973 906 2141 1743
                   892 648 1581 2000 1077 1020 1044 1303 915 1311 1660
                   100 1905 484 1675 1856 675 1693 1080 1096 1348 1806
                   2035 1174 1648 1870 2159 880 599 738 1907 1002 597 772
                   1392 756 1022 60 78 37 25 97 29 3 69 73 86 59 35



COVARIANCE COVERAGE OF DATA

Minimum covariance coverage value   0.100

     Number of missing data patterns            11


     PROPORTION OF DATA PRESENT


           Covariance Coverage
              FEMALE        AGE           EDU_MED       EDU_HIGH      NR_DEV
              ________      ________      ________      ________      ________
 FEMALE         0.848
 AGE            0.848         0.849
 EDU_MED        0.848         0.849         1.000
 EDU_HIGH       0.848         0.849         1.000         1.000
 NR_DEV         0.848         0.849         1.000         1.000         1.000
 MSG_C_L2       0.322         0.322         0.374         0.374         0.374
 W1_INET        0.568         0.569         0.643         0.643         0.643


           Covariance Coverage
              MSG_C_L2      W1_INET
              ________      ________
 MSG_C_L2       0.374
 W1_INET        0.294         0.643



UNIVARIATE SAMPLE STATISTICS


     UNIVARIATE HIGHER-ORDER MOMENT DESCRIPTIVE STATISTICS

         Variable/         Mean/     Skewness/   Minimum/ % with                Percentiles
        Sample Size      Variance    Kurtosis    Maximum  Min/Max      20%/60%    40%/80%    Median

     FEMALE                0.472       0.113       0.000   52.83%       0.000      0.000      0.000
             530.000       0.249      -1.987       1.000   47.17%       1.000      1.000
     AGE                  44.798      -0.180      16.000    0.19%      32.000     42.000     46.000
             531.000     176.816      -0.894      74.000    0.38%      50.000     57.000
     EDU_MED               0.424       0.308       0.000   57.60%       0.000      0.000      0.000
             625.000       0.244      -1.905       1.000   42.40%       1.000      1.000
     EDU_HIGH              0.430       0.281       0.000   56.96%       0.000      0.000      0.000
             625.000       0.245      -1.921       1.000   43.04%       1.000      1.000
     NR_DEV                2.395      -0.576       0.000    0.16%       2.000      2.000      2.000
             625.000       0.393      -0.408       3.000   47.04%       3.000      3.000
     MSG_C_L2              1.390       0.830       0.000   28.06%       0.000      0.693      1.099
            6482.000       1.662       0.127       6.308    0.02%       1.609      2.485
     W1_INET               3.966       1.870       0.000    0.92%       1.000      2.500      3.000
           11148.000      11.242       8.379      40.000    0.05%       3.583      6.000


     WARNING: PROBLEMS OCCURRED IN SEVERAL ITERATIONS IN THE COMPUTATION OF THE STANDARDIZED ESTIMATES FOR SEVERAL
     CLUSTERS. THIS IS MOST LIKELY DUE TO AR COEFFICIENTS GREATER THAN 1 OR PARAMETERS GIVING NON-STATIONARY MODELS.
     SUCH POSTERIOR DRAWS ARE REMOVED. THE FOLLOWING CLUSTERS HAD SUCH PROBLEMS:
          1853 490 657 1060 468 271 955 534 679 397 111 98 565 1666 573 1879 363 1055 671 8 761 497 388
          309 647 1568 1784 1900 574 1944 1593 2216 701 773 1089 752 1627 184 1962 1067 1557 494 554
          693 1899 452 1776 2207 117 181 771 189 191 1140 1273 1136 1766 825 620 902 393 337 2103 2034
          681 435 2039 812 538 384 1662 586 1227 903 546 394 1486 1520 1079 1082 441 1251 897 411 1282
          1574 1706 188 1605 1155 1599 270 1497 1053 272 536 427 1337 103 1109 1971 1021 1343 740 1254
          1302 1184 1611 600 2210 155 1224 1328 2019 1723 2184 1159 293 991 1461 1968 1863 1561 196 974
          430 1744 837 2028 1834 1516 631 667 712 286 1551 728 934 725 495 1847 406 1626 583 26 1339
          524 260 239 2067 1468 304 446 414 318 1654 284 172 1524 1458 262 376 52 349 377 263 1268 1808
          1121 1299 447 277 132 278 362 1818 137 110 30 328 180 268 1451 296 428 413 301 453 203 387
          142 1637 198 264 182 440 147 217 2043 330 207 149 443 353 151 186 212 423 418 205 274 241 295
          193 163 4 368 287 410 2223 357 210 307 402 504 1963 461 965 48 477 1625 1350 288 476 1805 2150
          2119 2037 1715 1935 1765 2002 1979 79 1716 1770 1231 874 926 1133 88 1653 1437 540 1200 809
          745 1402 2082 1263 753 1064 886 18 1462 2015 739 733 84 1931 1891 875 870 2148 1745 1057 1811
          550 2076 2063 1966 2221 1151 947 1412 1779 1708 895 718 2199 90 520 859 2224 85 2093 1924 1421
          2026 1213 1236 44 1404 1066 99 1580 726 2065 544 665 1207 2088 2069 998 858 1840 1588 2132
          1710 741 1734 1570 1241 1249 711 1111 2014 1397 1340 1881 74 1798 1546 909 1314 500 2208 2165
          1951 1656 763 1875 1181 1928 32 1643 2181 1219 517 2112 882 1839 986 1294 486 1074 1114 1232
          2081 719 1528 1001 1934 1645 834 105 1917 1590 1778 1465 1091 1356 1509 1472 1997 1659 1872
          1189 62 1542 1117 89 791 1035 2075 590 2040 1276 680 72 1790 1703 786 1613 1878 2138 2115 6
          868 1264 1562 1782 616 2196 1604 19 1081 924 1773 1171 1182 966 1379 1573 1714 1851 1930 2022
          1564 953 2049 1817 93 2099 696 1307 1801 1855 1095 561 678 2137 547 944 1585 735 606 2101 1837
          695 2131 1305 995 613 2016 2182 2127 618 1999 1793 1668 639 1135 1757 467 1967 1849 1618 839
          1466 1147 1591 1576 1595 1013 1202 1720 853 1612 1701 523 1326 782 1225 2213 896 470 1172 508
          914 2 1987 686 1216 605 894 2160 1315 475 638 1873 2052 849 1869 2157 11 1629 499 1835 1485
          1914 1950 1330 2003 1942 860 1298 1086 1727 1041 557 1071 1623 855 1729 918 904 1788 1673 1334
          92 2010 1454 973 906 2141 1743 892 648 1581 2000 1020 1044 1303 915 1311 1660 100 1905 484
          1675 1856 675 1080 1806 2035 1174 1648 1870 2159 880 599 738 1907 1002 597 772 1392 756 60
          78 37 97 29 3 69 73 59 35

THE MODEL ESTIMATION TERMINATED NORMALLY

     USE THE FBITERATIONS OPTION TO INCREASE THE NUMBER OF ITERATIONS BY A FACTOR
     OF AT LEAST TWO TO CHECK CONVERGENCE AND THAT THE PSR VALUE DOES NOT INCREASE.

     THE EFFECTIVE SAMPLE SIZE FOR THE POSTERIOR DISTRIBUTION OF PARAMETER 1 IS LESS THAN 20.
     ESS > 200-400 IS RECOMMENDED. USE BITER=2000000(1000000) OR SIMPLIFY THE MODEL.



MODEL FIT INFORMATION

Number of Free Parameters                              36

Information Criteria

          Deviance (DIC)                     ************
          Estimated Number of Parameters (pD)************



MODEL RESULTS

                                Posterior  One-Tailed         95% C.I.
                    Estimate       S.D.      P-Value   Lower 2.5%  Upper 2.5%  Significance

Within Level

 F        BY
    MSG_C_L2           1.000       0.000      0.000       1.000       1.000

 Variances
    W1_INET            0.000       0.000      0.000       0.000       0.000      *

 Residual Variances
    F                  0.122       0.023      0.000       0.082       0.172      *

Between Level

 LOGV       ON
    FEMALE            -0.008       0.088      0.464      -0.177       0.167
    AGE               -0.010       0.003      0.001      -0.017      -0.004      *
    EDU_MED            0.314       0.127      0.006       0.067       0.566      *
    EDU_HIGH          -0.008       0.131      0.476      -0.263       0.250
    NR_DEV            -0.019       0.067      0.389      -0.151       0.112

 MSG_C_L2 WITH
    STAB               0.105       0.017      0.000       0.073       0.141      *

 AGE      WITH
    FEMALE            -0.427       0.301      0.076      -1.024       0.159

 EDU_MED  WITH
    FEMALE            -0.008       0.011      0.237      -0.030       0.014
    AGE                1.232       0.298      0.000       0.662       1.831      *

 EDU_HIGH WITH
    FEMALE             0.005       0.011      0.334      -0.017       0.027
    AGE               -1.762       0.302      0.000      -2.379      -1.194      *
    EDU_MED           -0.186       0.013      0.000      -0.212      -0.163      *

 NR_DEV   WITH
    FEMALE            -0.020       0.014      0.071      -0.048       0.007
    AGE                0.730       0.369      0.023       0.016       1.468      *
    EDU_MED            0.000       0.013      0.486      -0.025       0.026
    EDU_HIGH           0.027       0.013      0.017       0.002       0.053      *

 Means
    FEMALE             0.471       0.022      0.000       0.428       0.514      *
    AGE               44.788       0.581      0.000      43.647      45.931      *
    EDU_MED            0.424       0.020      0.000       0.385       0.463      *
    EDU_HIGH           0.430       0.020      0.000       0.391       0.470      *
    NR_DEV             2.395       0.025      0.000       2.345       2.445      *
    MSG_C_L2           1.005       0.033      0.000       0.941       1.070      *
    W1_INET            4.078       0.149      0.000       3.785       4.370      *
    STAB               0.594       0.066      0.000       0.455       0.714      *

 Intercepts
    LOGV              -0.659       0.240      0.003      -1.141      -0.197      *

 Variances
    FEMALE             0.255       0.016      0.000       0.226       0.289      *
    AGE              180.779      11.275      0.000     160.525     204.696      *
    EDU_MED            0.249       0.014      0.000       0.223       0.279      *
    EDU_HIGH           0.250       0.014      0.000       0.224       0.280      *
    NR_DEV             0.400       0.023      0.000       0.359       0.448      *
    MSG_C_L2           0.502       0.050      0.000       0.412       0.609      *
    W1_INET           11.954       0.694      0.000      10.699      13.414      *
    STAB               0.030       0.011      0.000       0.014       0.057      *

 Residual Variances
    LOGV               0.384       0.060      0.000       0.285       0.518      *

New/Additional Parameters
    MEDV               0.517       0.129      0.000       0.320       0.821      *
    MEANV              0.627       0.155      0.000       0.392       0.995      *
    25QV               0.341       0.087      0.000       0.206       0.545      *
    75QV               0.785       0.194      0.000       0.492       1.247      *


STANDARDIZED MODEL RESULTS


STDYX Standardization

                                Posterior  One-Tailed         95% C.I.
                    Estimate       S.D.      P-Value   Lower 2.5%  Upper 2.5%  Significance

Within-Level Standardized Estimates Averaged Over Clusters

 F        BY
    MSG_C_L2           0.605       0.027      0.000       0.552       0.656      *

 STAB | F ON
    F&1                0.620       0.060      0.000       0.471       0.715      *

 LOGV |
    MSG_C_L2           0.615       0.033      0.000       0.552       0.675      *

 Variances
    W1_INET            1.000       0.000      0.000       1.000       1.000

 Residual Variances
    F                  0.591       0.063      0.000       0.475       0.730      *

Between Level

 LOGV       ON
    FEMALE            -0.006       0.067      0.464      -0.135       0.127
    AGE               -0.209       0.068      0.001      -0.340      -0.073      *
    EDU_MED            0.240       0.095      0.006       0.051       0.422      *
    EDU_HIGH          -0.006       0.099      0.476      -0.200       0.188
    NR_DEV            -0.018       0.064      0.389      -0.145       0.108

 MSG_C_L2 WITH
    STAB               0.866       0.086      0.000       0.660       0.988      *

 AGE      WITH
    FEMALE            -0.063       0.044      0.076      -0.148       0.023

 EDU_MED  WITH
    FEMALE            -0.031       0.044      0.237      -0.117       0.055
    AGE                0.184       0.042      0.000       0.100       0.265      *

 EDU_HIGH WITH
    FEMALE             0.019       0.044      0.334      -0.067       0.104
    AGE               -0.263       0.041      0.000      -0.340      -0.182      *
    EDU_MED           -0.746       0.018      0.000      -0.779      -0.709      *

 NR_DEV   WITH
    FEMALE            -0.064       0.043      0.071      -0.148       0.021
    AGE                0.086       0.043      0.023       0.002       0.169      *
    EDU_MED            0.001       0.040      0.486      -0.077       0.080
    EDU_HIGH           0.086       0.040      0.017       0.007       0.164      *

 Means
    FEMALE             0.933       0.052      0.000       0.831       1.036      *
    AGE                3.331       0.112      0.000       3.114       3.551      *
    EDU_MED            0.850       0.047      0.000       0.759       0.941      *
    EDU_HIGH           0.861       0.047      0.000       0.769       0.954      *
    NR_DEV             3.786       0.115      0.000       3.562       4.015      *
    MSG_C_L2           1.419       0.079      0.000       1.269       1.579      *
    W1_INET            1.179       0.055      0.000       1.072       1.288      *
    STAB               3.416       1.029      0.000       1.927       5.940      *

 Intercepts
    LOGV              -1.009       0.368      0.003      -1.736      -0.297      *

 Variances
    FEMALE             1.000       0.000      0.000       1.000       1.000
    AGE                1.000       0.000      0.000       1.000       1.000
    EDU_MED            1.000       0.000      0.000       1.000       1.000
    EDU_HIGH           1.000       0.000      0.000       1.000       1.000
    NR_DEV             1.000       0.000      0.000       1.000       1.000
    MSG_C_L2           1.000       0.000      0.000       1.000       1.000
    W1_INET            1.000       0.000      0.000       1.000       1.000
    STAB               1.000       0.000      0.000       1.000       1.000

 Residual Variances
    LOGV               0.898       0.037      0.000       0.814       0.959      *


R-SQUARE

Within-Level R-Square Averaged Across Clusters

                                Posterior  One-Tailed         95% C.I.
    Variable        Estimate       S.D.      P-Value   Lower 2.5%  Upper 2.5%

    MSG_C_L2           0.385       0.033      0.000       0.325       0.448

                                Posterior  One-Tailed         95% C.I.
    Variable        Estimate       S.D.      P-Value   Lower 2.5%  Upper 2.5%

    F                  0.409       0.063      0.000       0.270       0.525

Between Level

                                Posterior  One-Tailed         95% C.I.
    Variable        Estimate       S.D.      P-Value   Lower 2.5%  Upper 2.5%

    LOGV               0.102       0.037      0.000       0.041       0.186


RESIDUAL OUTPUT


     ESTIMATED MODEL


     AVERAGE CLUSTER ESTIMATES


           Means
              FEMALE        AGE           EDU_MED       EDU_HIGH      NR_DEV
              ________      ________      ________      ________      ________
                0.471        44.788         0.424         0.430         2.395


           Means
              MSG_C_L2      W1_INET
              ________      ________
                1.001         3.923


           Covariances
              FEMALE        AGE           EDU_MED       EDU_HIGH      NR_DEV
              ________      ________      ________      ________      ________
 FEMALE         0.000
 AGE            0.000         0.000
 EDU_MED        0.000         0.000         0.000
 EDU_HIGH       0.000         0.000         0.000         0.000
 NR_DEV         0.000         0.000         0.000         0.000         0.000
 MSG_C_L2       0.000         0.000         0.000         0.000         0.000
 W1_INET        0.000         0.000         0.000         0.000         0.000


           Covariances
              MSG_C_L2      W1_INET
              ________      ________
 MSG_C_L2       1.150
 W1_INET        0.000         0.000


           Correlations
              FEMALE        AGE           EDU_MED       EDU_HIGH      NR_DEV
              ________      ________      ________      ________      ________
 FEMALE         1.000
 AGE            0.000         1.000
 EDU_MED        0.000         0.000         1.000
 EDU_HIGH       0.000         0.000         0.000         1.000
 NR_DEV         0.000         0.000         0.000         0.000         1.000
 MSG_C_L2       0.000         0.000         0.000         0.000         0.000
 W1_INET        0.000         0.000         0.000         0.000         0.000


           Correlations
              MSG_C_L2      W1_INET
              ________      ________
 MSG_C_L2       1.000
 W1_INET        0.000         1.000


     BETWEEN LEVEL


           Means
              FEMALE        AGE           EDU_MED       EDU_HIGH      NR_DEV
              ________      ________      ________      ________      ________
                0.471        44.788         0.424         0.430         2.395


           Means
              MSG_C_L2      W1_INET
              ________      ________
                1.005         4.078


           Covariances
              FEMALE        AGE           EDU_MED       EDU_HIGH      NR_DEV
              ________      ________      ________      ________      ________
 FEMALE         0.255
 AGE           -0.427       180.779
 EDU_MED       -0.008         1.232         0.249
 EDU_HIGH       0.005        -1.762        -0.186         0.250
 NR_DEV        -0.020         0.730         0.000         0.027         0.400
 MSG_C_L2       0.000         0.000         0.000         0.000         0.000
 W1_INET        0.000         0.000         0.000         0.000         0.000


           Covariances
              MSG_C_L2      W1_INET
              ________      ________
 MSG_C_L2       0.502
 W1_INET        0.000        11.954


           Correlations
              FEMALE        AGE           EDU_MED       EDU_HIGH      NR_DEV
              ________      ________      ________      ________      ________
 FEMALE         1.000
 AGE           -0.063         1.000
 EDU_MED       -0.031         0.184         1.000
 EDU_HIGH       0.019        -0.262        -0.746         1.000
 NR_DEV        -0.064         0.086         0.001         0.086         1.000
 MSG_C_L2       0.000         0.000         0.000         0.000         0.000
 W1_INET        0.000         0.000         0.000         0.000         0.000


           Correlations
              MSG_C_L2      W1_INET
              ________      ________
 MSG_C_L2       1.000
 W1_INET        0.000         1.000


TECHNICAL 1 OUTPUT


     PARAMETER SPECIFICATION FOR WITHIN


           NU
              MSG_C_L2      W1_INET
              ________      ________
                    0             0


           LAMBDA
              F             F&1           MSG_C_L2
              ________      ________      ________
 MSG_C_L2           0             0             0
 W1_INET            0             0             0


           THETA
              MSG_C_L2      W1_INET
              ________      ________
 MSG_C_L2           0
 W1_INET            0             1


           ALPHA
              F             F&1           MSG_C_L2
              ________      ________      ________
                    0             0             0


           BETA
              F             F&1           MSG_C_L2
              ________      ________      ________
 F                  0             0             0
 F&1                0             0             0
 MSG_C_L2           0             0             0


           PSI
              F             F&1           MSG_C_L2
              ________      ________      ________
 F                  2
 F&1                0             0
 MSG_C_L2           0             0             0


     PARAMETER SPECIFICATION FOR BETWEEN


           NU
              FEMALE        AGE           EDU_MED       EDU_HIGH      NR_DEV
              ________      ________      ________      ________      ________
                    0             0             0             0             0


           NU
              MSG_C_L2      W1_INET
              ________      ________
                    0             3


           LAMBDA
              STAB          LOGV          FEMALE        AGE           EDU_MED
              ________      ________      ________      ________      ________
 FEMALE             0             0             0             0             0
 AGE                0             0             0             0             0
 EDU_MED            0             0             0             0             0
 EDU_HIGH           0             0             0             0             0
 NR_DEV             0             0             0             0             0
 MSG_C_L2           0             0             0             0             0
 W1_INET            0             0             0             0             0


           LAMBDA
              EDU_HIGH      NR_DEV        MSG_C_L2
              ________      ________      ________
 FEMALE             0             0             0
 AGE                0             0             0
 EDU_MED            0             0             0
 EDU_HIGH           0             0             0
 NR_DEV             0             0             0
 MSG_C_L2           0             0             0
 W1_INET            0             0             0


           THETA
              FEMALE        AGE           EDU_MED       EDU_HIGH      NR_DEV
              ________      ________      ________      ________      ________
 FEMALE             0
 AGE                0             0
 EDU_MED            0             0             0
 EDU_HIGH           0             0             0             0
 NR_DEV             0             0             0             0             0
 MSG_C_L2           0             0             0             0             0
 W1_INET            0             0             0             0             0


           THETA
              MSG_C_L2      W1_INET
              ________      ________
 MSG_C_L2           0
 W1_INET            0             4


           ALPHA
              STAB          LOGV          FEMALE        AGE           EDU_MED
              ________      ________      ________      ________      ________
                    5             6             7             8             9


           ALPHA
              EDU_HIGH      NR_DEV        MSG_C_L2
              ________      ________      ________
                   10            11            12


           BETA
              STAB          LOGV          FEMALE        AGE           EDU_MED
              ________      ________      ________      ________      ________
 STAB               0             0             0             0             0
 LOGV               0             0            13            14            15
 FEMALE             0             0             0             0             0
 AGE                0             0             0             0             0
 EDU_MED            0             0             0             0             0
 EDU_HIGH           0             0             0             0             0
 NR_DEV             0             0             0             0             0
 MSG_C_L2           0             0             0             0             0


           BETA
              EDU_HIGH      NR_DEV        MSG_C_L2
              ________      ________      ________
 STAB               0             0             0
 LOGV              16            17             0
 FEMALE             0             0             0
 AGE                0             0             0
 EDU_MED            0             0             0
 EDU_HIGH           0             0             0
 NR_DEV             0             0             0
 MSG_C_L2           0             0             0


           PSI
              STAB          LOGV          FEMALE        AGE           EDU_MED
              ________      ________      ________      ________      ________
 STAB              18
 LOGV               0            19
 FEMALE             0             0            20
 AGE                0             0            21            22
 EDU_MED            0             0            23            24            25
 EDU_HIGH           0             0            26            27            28
 NR_DEV             0             0            30            31            32
 MSG_C_L2          35             0             0             0             0


           PSI
              EDU_HIGH      NR_DEV        MSG_C_L2
              ________      ________      ________
 EDU_HIGH          29
 NR_DEV            33            34
 MSG_C_L2           0             0            36


     PARAMETER SPECIFICATION FOR THE ADDITIONAL PARAMETERS


           NEW/ADDITIONAL PARAMETERS
              MEDV          MEANV         25QV          75QV
              ________      ________      ________      ________
                   37            38            39            40


     STARTING VALUES FOR WITHIN


           NU
              MSG_C_L2      W1_INET
              ________      ________
                0.000         0.000


           LAMBDA
              F             F&1           MSG_C_L2
              ________      ________      ________
 MSG_C_L2       0.000         0.000         1.000
 W1_INET        0.000         0.000         0.000


           THETA
              MSG_C_L2      W1_INET
              ________      ________
 MSG_C_L2       0.000
 W1_INET        0.000         5.621


           ALPHA
              F             F&1           MSG_C_L2
              ________      ________      ________
                0.000         0.000         0.000


           BETA
              F             F&1           MSG_C_L2
              ________      ________      ________
 F              0.000         0.000         0.000
 F&1            0.000         0.000         0.000
 MSG_C_L2       1.000         0.000         0.000


           PSI
              F             F&1           MSG_C_L2
              ________      ________      ________
 F              1.000
 F&1            0.000         1.000
 MSG_C_L2       0.000         0.000         0.000


     STARTING VALUES FOR BETWEEN


           NU
              FEMALE        AGE           EDU_MED       EDU_HIGH      NR_DEV
              ________      ________      ________      ________      ________
                0.000         0.000         0.000         0.000         0.000


           NU
              MSG_C_L2      W1_INET
              ________      ________
                0.000         3.966


           LAMBDA
              STAB          LOGV          FEMALE        AGE           EDU_MED
              ________      ________      ________      ________      ________
 FEMALE         0.000         0.000         1.000         0.000         0.000
 AGE            0.000         0.000         0.000         1.000         0.000
 EDU_MED        0.000         0.000         0.000         0.000         1.000
 EDU_HIGH       0.000         0.000         0.000         0.000         0.000
 NR_DEV         0.000         0.000         0.000         0.000         0.000
 MSG_C_L2       0.000         0.000         0.000         0.000         0.000
 W1_INET        0.000         0.000         0.000         0.000         0.000


           LAMBDA
              EDU_HIGH      NR_DEV        MSG_C_L2
              ________      ________      ________
 FEMALE         0.000         0.000         0.000
 AGE            0.000         0.000         0.000
 EDU_MED        0.000         0.000         0.000
 EDU_HIGH       1.000         0.000         0.000
 NR_DEV         0.000         1.000         0.000
 MSG_C_L2       0.000         0.000         1.000
 W1_INET        0.000         0.000         0.000


           THETA
              FEMALE        AGE           EDU_MED       EDU_HIGH      NR_DEV
              ________      ________      ________      ________      ________
 FEMALE         0.000
 AGE            0.000         0.000
 EDU_MED        0.000         0.000         0.000
 EDU_HIGH       0.000         0.000         0.000         0.000
 NR_DEV         0.000         0.000         0.000         0.000         0.000
 MSG_C_L2       0.000         0.000         0.000         0.000         0.000
 W1_INET        0.000         0.000         0.000         0.000         0.000


           THETA
              MSG_C_L2      W1_INET
              ________      ________
 MSG_C_L2       0.000
 W1_INET        0.000         5.621


           ALPHA
              STAB          LOGV          FEMALE        AGE           EDU_MED
              ________      ________      ________      ________      ________
                0.000         0.000         0.468        44.809         0.425


           ALPHA
              EDU_HIGH      NR_DEV        MSG_C_L2
              ________      ________      ________
                0.425         2.410         1.390


           BETA
              STAB          LOGV          FEMALE        AGE           EDU_MED
              ________      ________      ________      ________      ________
 STAB           0.000         0.000         0.000         0.000         0.000
 LOGV           0.000         0.000         0.000         0.000         0.000
 FEMALE         0.000         0.000         0.000         0.000         0.000
 AGE            0.000         0.000         0.000         0.000         0.000
 EDU_MED        0.000         0.000         0.000         0.000         0.000
 EDU_HIGH       0.000         0.000         0.000         0.000         0.000
 NR_DEV         0.000         0.000         0.000         0.000         0.000
 MSG_C_L2       0.000         0.000         0.000         0.000         0.000


           BETA
              EDU_HIGH      NR_DEV        MSG_C_L2
              ________      ________      ________
 STAB           0.000         0.000         0.000
 LOGV           0.000         0.000         0.000
 FEMALE         0.000         0.000         0.000
 AGE            0.000         0.000         0.000
 EDU_MED        0.000         0.000         0.000
 EDU_HIGH       0.000         0.000         0.000
 NR_DEV         0.000         0.000         0.000
 MSG_C_L2       0.000         0.000         0.000


           PSI
              STAB          LOGV          FEMALE        AGE           EDU_MED
              ________      ________      ________      ________      ________
 STAB           1.000
 LOGV           0.000         1.000
 FEMALE         0.000         0.000         0.124
 AGE            0.000         0.000         0.000        88.449
 EDU_MED        0.000         0.000         0.000         0.000         0.122
 EDU_HIGH       0.000         0.000         0.000         0.000         0.000
 NR_DEV         0.000         0.000         0.000         0.000         0.000
 MSG_C_L2       0.000         0.000         0.000         0.000         0.000


           PSI
              EDU_HIGH      NR_DEV        MSG_C_L2
              ________      ________      ________
 EDU_HIGH       0.122
 NR_DEV         0.000         0.188
 MSG_C_L2       0.000         0.000         0.831


     STARTING VALUES FOR THE ADDITIONAL PARAMETERS


           NEW/ADDITIONAL PARAMETERS
              MEDV          MEANV         25QV          75QV
              ________      ________      ________      ________
                0.500         0.500         0.500         0.500



     PRIORS FOR ALL PARAMETERS            PRIOR MEAN      PRIOR VARIANCE     PRIOR STD. DEV.

     Parameter 1~IG(-1.000,0.000)          infinity            infinity            infinity
     Parameter 2~IG(-1.000,0.000)          infinity            infinity            infinity
     Parameter 3~N(0.000,infinity)           0.0000            infinity            infinity
     Parameter 4~IG(-1.000,0.000)          infinity            infinity            infinity
     Parameter 5~N(0.000,infinity)           0.0000            infinity            infinity
     Parameter 6~N(0.000,infinity)           0.0000            infinity            infinity
     Parameter 7~N(0.000,infinity)           0.0000            infinity            infinity
     Parameter 8~N(0.000,infinity)           0.0000            infinity            infinity
     Parameter 9~N(0.000,infinity)           0.0000            infinity            infinity
     Parameter 10~N(0.000,infinity)          0.0000            infinity            infinity
     Parameter 11~N(0.000,infinity)          0.0000            infinity            infinity
     Parameter 12~N(0.000,infinity)          0.0000            infinity            infinity
     Parameter 13~N(0.000,infinity)          0.0000            infinity            infinity
     Parameter 14~N(0.000,infinity)          0.0000            infinity            infinity
     Parameter 15~N(0.000,infinity)          0.0000            infinity            infinity
     Parameter 16~N(0.000,infinity)          0.0000            infinity            infinity
     Parameter 17~N(0.000,infinity)          0.0000            infinity            infinity
     Parameter 18~IW(0.000,-3)             infinity            infinity            infinity
     Parameter 19~IG(-1.000,0.000)         infinity            infinity            infinity
     Parameter 20~IW(0.000,-6)             infinity            infinity            infinity
     Parameter 21~IW(0.000,-6)             infinity            infinity            infinity
     Parameter 22~IW(0.000,-6)             infinity            infinity            infinity
     Parameter 23~IW(0.000,-6)             infinity            infinity            infinity
     Parameter 24~IW(0.000,-6)             infinity            infinity            infinity
     Parameter 25~IW(0.000,-6)             infinity            infinity            infinity
     Parameter 26~IW(0.000,-6)             infinity            infinity            infinity
     Parameter 27~IW(0.000,-6)             infinity            infinity            infinity
     Parameter 28~IW(0.000,-6)             infinity            infinity            infinity
     Parameter 29~IW(0.000,-6)             infinity            infinity            infinity
     Parameter 30~IW(0.000,-6)             infinity            infinity            infinity
     Parameter 31~IW(0.000,-6)             infinity            infinity            infinity
     Parameter 32~IW(0.000,-6)             infinity            infinity            infinity
     Parameter 33~IW(0.000,-6)             infinity            infinity            infinity
     Parameter 34~IW(0.000,-6)             infinity            infinity            infinity
     Parameter 35~IW(0.000,-3)             infinity            infinity            infinity
     Parameter 36~IW(0.000,-3)             infinity            infinity            infinity


TECHNICAL 4 OUTPUT


     AVERAGE ESTIMATES DERIVED FROM THE MODEL FOR WITHIN


           ESTIMATED MEANS FOR THE LATENT VARIABLES
              F             F&1           STAB          LOGV          FEMALE
              ________      ________      ________      ________      ________
                0.000         0.000         0.589        -1.033         0.471


           ESTIMATED MEANS FOR THE LATENT VARIABLES
              AGE           EDU_MED       EDU_HIGH      NR_DEV        MSG_C_L2
              ________      ________      ________      ________      ________
               44.788         0.424         0.430         2.395         1.001


           ESTIMATED COVARIANCE MATRIX FOR THE LATENT VARIABLES
              F             F&1           STAB          LOGV          FEMALE
              ________      ________      ________      ________      ________
 F              0.711
 F&1            0.632         0.711
 STAB           0.000         0.000         0.000
 LOGV           0.000         0.000         0.000         0.000
 FEMALE         0.000         0.000         0.000         0.000         0.000
 AGE            0.000         0.000         0.000         0.000         0.000
 EDU_MED        0.000         0.000         0.000         0.000         0.000
 EDU_HIGH       0.000         0.000         0.000         0.000         0.000
 NR_DEV         0.000         0.000         0.000         0.000         0.000
 MSG_C_L2       0.711         0.632         0.000         0.000         0.000


           ESTIMATED COVARIANCE MATRIX FOR THE LATENT VARIABLES
              AGE           EDU_MED       EDU_HIGH      NR_DEV        MSG_C_L2
              ________      ________      ________      ________      ________
 AGE            0.000
 EDU_MED        0.000         0.000
 EDU_HIGH       0.000         0.000         0.000
 NR_DEV         0.000         0.000         0.000         0.000
 MSG_C_L2       0.000         0.000         0.000         0.000         1.150


           ESTIMATED CORRELATION MATRIX FOR THE LATENT VARIABLES
              F             F&1           STAB          LOGV          FEMALE
              ________      ________      ________      ________      ________
 F              1.000
 F&1            0.663         1.000
 STAB           0.000         0.000         1.000
 LOGV           0.000         0.000         0.000         1.000
 FEMALE         0.000         0.000         0.000         0.000         1.000
 AGE            0.000         0.000         0.000         0.000         0.000
 EDU_MED        0.000         0.000         0.000         0.000         0.000
 EDU_HIGH       0.000         0.000         0.000         0.000         0.000
 NR_DEV         0.000         0.000         0.000         0.000         0.000
 MSG_C_L2       0.631         0.430         0.000         0.000         0.000


           ESTIMATED CORRELATION MATRIX FOR THE LATENT VARIABLES
              AGE           EDU_MED       EDU_HIGH      NR_DEV        MSG_C_L2
              ________      ________      ________      ________      ________
 AGE            1.000
 EDU_MED        0.000         1.000
 EDU_HIGH       0.000         0.000         1.000
 NR_DEV         0.000         0.000         0.000         1.000
 MSG_C_L2       0.000         0.000         0.000         0.000         1.000


     ESTIMATES DERIVED FROM THE MODEL FOR BETWEEN


           ESTIMATED MEANS FOR THE LATENT VARIABLES
              F             F&1           STAB          LOGV          FEMALE
              ________      ________      ________      ________      ________
                0.000         0.000         0.594        -1.033         0.471


           ESTIMATED MEANS FOR THE LATENT VARIABLES
              AGE           EDU_MED       EDU_HIGH      NR_DEV        MSG_C_L2
              ________      ________      ________      ________      ________
               44.788         0.424         0.430         2.395         1.005


           ESTIMATED COVARIANCE MATRIX FOR THE LATENT VARIABLES
              F             F&1           STAB          LOGV          FEMALE
              ________      ________      ________      ________      ________
 F              0.000
 F&1            0.000         0.000
 STAB           0.000         0.000         0.030
 LOGV           0.000         0.000         0.000         0.420
 FEMALE         0.000         0.000         0.000         0.000         0.255
 AGE            0.000         0.000         0.000        -1.447        -0.427
 EDU_MED        0.000         0.000         0.000         0.067        -0.008
 EDU_HIGH       0.000         0.000         0.000        -0.043         0.005
 NR_DEV         0.000         0.000         0.000        -0.015        -0.020
 MSG_C_L2       0.000         0.000         0.105         0.000         0.000


           ESTIMATED COVARIANCE MATRIX FOR THE LATENT VARIABLES
              AGE           EDU_MED       EDU_HIGH      NR_DEV        MSG_C_L2
              ________      ________      ________      ________      ________
 AGE          180.779
 EDU_MED        1.232         0.249
 EDU_HIGH      -1.762        -0.186         0.250
 NR_DEV         0.730         0.000         0.027         0.400
 MSG_C_L2       0.000         0.000         0.000         0.000         0.502


           ESTIMATED CORRELATION MATRIX FOR THE LATENT VARIABLES
              F             F&1           STAB          LOGV          FEMALE
              ________      ________      ________      ________      ________
 F              1.000
 F&1            0.000         1.000
 STAB           0.000         0.000         1.000
 LOGV           0.000         0.000         0.000         1.000
 FEMALE         0.000         0.000         0.000         0.000         1.000
 AGE            0.000         0.000         0.000        -0.166        -0.063
 EDU_MED        0.000         0.000         0.000         0.208        -0.031
 EDU_HIGH       0.000         0.000         0.000        -0.133         0.019
 NR_DEV         0.000         0.000         0.000        -0.036        -0.064
 MSG_C_L2       0.000         0.000         0.851         0.000         0.000


           ESTIMATED CORRELATION MATRIX FOR THE LATENT VARIABLES
              AGE           EDU_MED       EDU_HIGH      NR_DEV        MSG_C_L2
              ________      ________      ________      ________      ________
 AGE            1.000
 EDU_MED        0.184         1.000
 EDU_HIGH      -0.262        -0.746         1.000
 NR_DEV         0.086         0.001         0.086         1.000
 MSG_C_L2       0.000         0.000         0.000         0.000         1.000


TECHNICAL 8 OUTPUT


   TECHNICAL 8 OUTPUT FOR BAYES ESTIMATION

     PROCESSOR    BSEED
     1            0
     2            285380
     3            253358
     4            93468
     5            608496
     6            903420
     7            195873
     8            462953
     9            939021
     10           127215
     11           415931
     12           533738
     13           107446
     14           399671
     15           650371
     16           27071
     17           76974
     18           68985
     19           851945
     20           637345
     21           573096
     22           902278
     23           887676
     24           372176
     25           347515
     26           207896
     27           569131
     28           364676
     29           392418
     30           366706

                     POTENTIAL       PARAMETER WITH
     ITERATION    SCALE REDUCTION      HIGHEST PSR
     100              1.165               5
     200              1.152               36
     300              1.060               19
     400              1.440               2
     500              1.055               5
     600              1.111               2
     700              1.185               2
     800              1.420               5
     900              1.397               5
     1000             1.207               5
     1100             1.029               36
     1200             1.019               36
     1300             1.020               36
     1400             1.015               36
     1500             1.052               5
     1600             1.090               5
     1700             1.137               5
     1800             1.184               5
     1900             1.160               5
     2000             1.146               5
     2100             1.102               36
     2200             1.094               36
     2300             1.090               36
     2400             1.095               36
     2500             1.080               36
     2600             1.078               36
     2700             1.075               36
     2800             1.052               36
     2900             1.035               36
     3000             1.032               36
     3100             1.026               36
     3200             1.022               36
     3300             1.024               36
     3400             1.017               4
     3500             1.016               4
     3600             1.016               4
     3700             1.015               36
     3800             1.015               36
     3900             1.015               36
     4000             1.012               36
     4100             1.007               36
     4200             1.005               36
     4300             1.006               36
     4400             1.006               36
     4500             1.012               18
     4600             1.017               18
     4700             1.013               18
     4800             1.007               18
     4900             1.008               18
     5000             1.005               18
     5100             1.004               3
     5200             1.005               3
     5300             1.006               3
     5400             1.007               3
     5500             1.009               36
     5600             1.011               36
     5700             1.016               36
     5800             1.016               36
     5900             1.017               36
     6000             1.011               36
     6100             1.013               36
     6200             1.016               36
     6300             1.017               36
     6400             1.016               36
     6500             1.017               36
     6600             1.017               36
     6700             1.020               36
     6800             1.024               36
     6900             1.027               36
     7000             1.023               36
     7100             1.023               36
     7200             1.027               36
     7300             1.026               36
     7400             1.025               36
     7500             1.022               36
     7600             1.023               36
     7700             1.027               36
     7800             1.028               36
     7900             1.028               36
     8000             1.029               36
     8100             1.033               36
     8200             1.040               36
     8300             1.041               36
     8400             1.043               36
     8500             1.042               36
     8600             1.041               36
     8700             1.037               36
     8800             1.036               36
     8900             1.036               36
     9000             1.037               36
     9100             1.036               36
     9200             1.044               5
     9300             1.050               5
     9400             1.051               5
     9500             1.050               5
     9600             1.050               5
     9700             1.052               5
     9800             1.047               5
     9900             1.040               5
     10000            1.031               36
     10100            1.028               36
     10200            1.032               36
     10300            1.031               36
     10400            1.032               36
     10500            1.034               36
     10600            1.040               5
     10700            1.044               5
     10800            1.038               5
     10900            1.036               36
     11000            1.033               36
     11100            1.036               5
     11200            1.039               5
     11300            1.039               5
     11400            1.041               5
     11500            1.043               5
     11600            1.039               5
     11700            1.033               5
     11800            1.030               5
     11900            1.032               5
     12000            1.032               5
     12100            1.037               5
     12200            1.032               5
     12300            1.032               5
     12400            1.028               5
     12500            1.025               5
     12600            1.022               5
     12700            1.023               36
     12800            1.025               36
     12900            1.023               5
     13000            1.023               5
     13100            1.021               5
     13200            1.020               36
     13300            1.020               36
     13400            1.020               5
     13500            1.022               5
     13600            1.020               5
     13700            1.022               5
     13800            1.023               5
     13900            1.023               5
     14000            1.021               36
     14100            1.021               5
     14200            1.019               5
     14300            1.017               36
     14400            1.020               36
     14500            1.018               4
     14600            1.019               4
     14700            1.020               4
     14800            1.021               4
     14900            1.021               4
     15000            1.021               4
     15100            1.021               4
     15200            1.021               4
     15300            1.021               4
     15400            1.021               4
     15500            1.021               4
     15600            1.021               4
     15700            1.021               4
     15800            1.021               4
     15900            1.022               4
     16000            1.023               4
     16100            1.023               4
     16200            1.024               4
     16300            1.025               4
     16400            1.025               4
     16500            1.025               4
     16600            1.026               4
     16700            1.026               4
     16800            1.027               4
     16900            1.028               4
     17000            1.029               4
     17100            1.030               4
     17200            1.030               4
     17300            1.031               4
     17400            1.032               4
     17500            1.033               4
     17600            1.033               4
     17700            1.034               4
     17800            1.035               4
     17900            1.036               4
     18000            1.037               4
     18100            1.038               4
     18200            1.039               4
     18300            1.040               4
     18400            1.041               4
     18500            1.041               4
     18600            1.042               4
     18700            1.043               4
     18800            1.043               4
     18900            1.044               4
     19000            1.045               4
     19100            1.046               4
     19200            1.046               4
     19300            1.046               4
     19400            1.047               4
     19500            1.048               4
     19600            1.049               4
     19700            1.050               4
     19800            1.050               4
     19900            1.051               4
     20000            1.051               4
     20100            1.051               4
     20200            1.051               4
     20300            1.050               4
     20400            1.050               3
     20500            1.052               3
     20600            1.053               3
     20700            1.054               3
     20800            1.056               3
     20900            1.057               3
     21000            1.059               3
     21100            1.060               3
     21200            1.061               3
     21300            1.063               3
     21400            1.065               3
     21500            1.066               3
     21600            1.068               3
     21700            1.070               3
     21800            1.071               3
     21900            1.073               3
     22000            1.074               3
     22100            1.076               3
     22200            1.077               3
     22300            1.078               3
     22400            1.079               3
     22500            1.080               3
     22600            1.080               3
     22700            1.082               3
     22800            1.083               3
     22900            1.083               3
     23000            1.083               3
     23100            1.084               3
     23200            1.085               3
     23300            1.086               3
     23400            1.087               3
     23500            1.088               3
     23600            1.089               3
     23700            1.091               3
     23800            1.092               3
     23900            1.092               3
     24000            1.093               3
     24100            1.094               3
     24200            1.095               3
     24300            1.096               3
     24400            1.097               3
     24500            1.099               3
     24600            1.100               3
     24700            1.101               3
     24800            1.103               3
     24900            1.103               3
     25000            1.104               3
     25100            1.105               3
     25200            1.106               3
     25300            1.107               3
     25400            1.108               3
     25500            1.109               3
     25600            1.110               3
     25700            1.110               3
     25800            1.111               3
     25900            1.112               3
     26000            1.113               3
     26100            1.114               3
     26200            1.114               3
     26300            1.115               3
     26400            1.115               3
     26500            1.115               3
     26600            1.116               3
     26700            1.116               3
     26800            1.116               3
     26900            1.116               3
     27000            1.117               3
     27100            1.117               3
     27200            1.118               3
     27300            1.119               3
     27400            1.119               3
     27500            1.120               3
     27600            1.120               3
     27700            1.121               3
     27800            1.121               3
     27900            1.122               3
     28000            1.122               3
     28100            1.123               3
     28200            1.123               3
     28300            1.123               3
     28400            1.124               3
     28500            1.124               3
     28600            1.124               3
     28700            1.124               3
     28800            1.124               3
     28900            1.125               3
     29000            1.125               3
     29100            1.125               3
     29200            1.125               3
     29300            1.125               3
     29400            1.125               3
     29500            1.124               3
     29600            1.124               3
     29700            1.124               3
     29800            1.124               3
     29900            1.124               3
     30000            1.124               3
     30100            1.123               3
     30200            1.123               3
     30300            1.123               3
     30400            1.122               3
     30500            1.122               3
     30600            1.121               3
     30700            1.121               3
     30800            1.121               3
     30900            1.120               3
     31000            1.119               3
     31100            1.119               3
     31200            1.118               3
     31300            1.117               3
     31400            1.117               3
     31500            1.117               3
     31600            1.116               3
     31700            1.115               3
     31800            1.114               3
     31900            1.113               3
     32000            1.112               3
     32100            1.111               3
     32200            1.110               3
     32300            1.109               3
     32400            1.108               3
     32500            1.107               3
     32600            1.106               3
     32700            1.105               3
     32800            1.104               3
     32900            1.103               3
     33000            1.101               3
     33100            1.100               3
     33200            1.099               3
     33300            1.098               3
     33400            1.096               3
     33500            1.095               3
     33600            1.094               3
     33700            1.093               3
     33800            1.092               3
     33900            1.091               3
     34000            1.090               3
     34100            1.089               3
     34200            1.088               3
     34300            1.088               3
     34400            1.087               3
     34500            1.086               3
     34600            1.086               3
     34700            1.085               3
     34800            1.084               3
     34900            1.083               3
     35000            1.082               3
     35100            1.082               3
     35200            1.081               3
     35300            1.081               3
     35400            1.080               3
     35500            1.080               3
     35600            1.079               3
     35700            1.079               3
     35800            1.079               3
     35900            1.078               3
     36000            1.078               3
     36100            1.077               3
     36200            1.076               3
     36300            1.076               3
     36400            1.075               3
     36500            1.074               3
     36600            1.074               3
     36700            1.073               3
     36800            1.072               3
     36900            1.072               3
     37000            1.071               3
     37100            1.070               3
     37200            1.070               3
     37300            1.069               3
     37400            1.069               3
     37500            1.068               3
     37600            1.068               3
     37700            1.067               3
     37800            1.067               3
     37900            1.067               3
     38000            1.067               3
     38100            1.066               3
     38200            1.066               3
     38300            1.065               3
     38400            1.065               3
     38500            1.065               3
     38600            1.065               3
     38700            1.065               3
     38800            1.064               3
     38900            1.064               3
     39000            1.063               3
     39100            1.063               3
     39200            1.063               3
     39300            1.063               3
     39400            1.063               3
     39500            1.062               3
     39600            1.061               3
     39700            1.060               3
     39800            1.060               3
     39900            1.060               3
     40000            1.060               3
     40100            1.060               3
     40200            1.060               3
     40300            1.059               3
     40400            1.059               3
     40500            1.058               3
     40600            1.058               3
     40700            1.058               3
     40800            1.059               3
     40900            1.059               3
     41000            1.059               3
     41100            1.058               3
     41200            1.058               3
     41300            1.058               3
     41400            1.058               3
     41500            1.058               3
     41600            1.058               3
     41700            1.058               3
     41800            1.058               3
     41900            1.057               3
     42000            1.057               3
     42100            1.057               3
     42200            1.057               3
     42300            1.057               3
     42400            1.056               3
     42500            1.056               3
     42600            1.056               3
     42700            1.055               3
     42800            1.055               3
     42900            1.055               3
     43000            1.055               3
     43100            1.055               3
     43200            1.055               3
     43300            1.055               3
     43400            1.054               3
     43500            1.054               3
     43600            1.054               3
     43700            1.055               3
     43800            1.055               3
     43900            1.055               3
     44000            1.055               3
     44100            1.055               3
     44200            1.055               3
     44300            1.055               3
     44400            1.055               3
     44500            1.056               3
     44600            1.056               3
     44700            1.056               3
     44800            1.056               3
     44900            1.056               3
     45000            1.056               3
     45100            1.057               3
     45200            1.057               3
     45300            1.057               3
     45400            1.056               3
     45500            1.056               3
     45600            1.056               3
     45700            1.056               3
     45800            1.056               3
     45900            1.056               3
     46000            1.057               3
     46100            1.056               3
     46200            1.056               3
     46300            1.056               3
     46400            1.055               3
     46500            1.055               3
     46600            1.055               3
     46700            1.054               3
     46800            1.054               3
     46900            1.054               3
     47000            1.053               3
     47100            1.053               3
     47200            1.053               3
     47300            1.052               3
     47400            1.052               3
     47500            1.052               3
     47600            1.052               3
     47700            1.051               3
     47800            1.051               3
     47900            1.051               3
     48000            1.050               3
     48100            1.049               3
     48200            1.049               3
     48300            1.049               3
     48400            1.048               3
     48500            1.048               3
     48600            1.048               3
     48700            1.048               3
     48800            1.048               3
     48900            1.048               3
     49000            1.047               3
     49100            1.047               3
     49200            1.047               3
     49300            1.046               3
     49400            1.046               3
     49500            1.046               3
     49600            1.045               3
     49700            1.045               3
     49800            1.045               3
     49900            1.045               3
     50000            1.044               3
     50100            1.044               3
     50200            1.044               3
     50300            1.044               3
     50400            1.044               3
     50500            1.043               3
     50600            1.043               3
     50700            1.042               3
     50800            1.042               3
     50900            1.041               3
     51000            1.041               3
     51100            1.040               3
     51200            1.039               3
     51300            1.039               3
     51400            1.038               3
     51500            1.037               3
     51600            1.037               3
     51700            1.036               3
     51800            1.036               3
     51900            1.035               3
     52000            1.034               3
     52100            1.034               3
     52200            1.033               3
     52300            1.033               3
     52400            1.032               3
     52500            1.032               3
     52600            1.031               3
     52700            1.031               3
     52800            1.030               3
     52900            1.030               3
     53000            1.029               3
     53100            1.029               3
     53200            1.028               3
     53300            1.028               3
     53400            1.027               3
     53500            1.027               3
     53600            1.026               3
     53700            1.026               3
     53800            1.026               3
     53900            1.025               3
     54000            1.025               3
     54100            1.024               3
     54200            1.024               3
     54300            1.023               3
     54400            1.023               3
     54500            1.022               3
     54600            1.022               36
     54700            1.021               3
     54800            1.021               3
     54900            1.021               3
     55000            1.020               3
     55100            1.020               36
     55200            1.020               36
     55300            1.020               36
     55400            1.020               36
     55500            1.020               36
     55600            1.020               36
     55700            1.020               36
     55800            1.020               36
     55900            1.020               36
     56000            1.020               36
     56100            1.020               36
     56200            1.020               36
     56300            1.020               36
     56400            1.020               36
     56500            1.019               36
     56600            1.020               36
     56700            1.020               36
     56800            1.020               36
     56900            1.019               36
     57000            1.019               36
     57100            1.019               36
     57200            1.019               36
     57300            1.019               36
     57400            1.019               36
     57500            1.019               36
     57600            1.019               36
     57700            1.018               36
     57800            1.019               36
     57900            1.018               36
     58000            1.018               36
     58100            1.018               36
     58200            1.018               36
     58300            1.018               36
     58400            1.018               36
     58500            1.018               36
     58600            1.018               36
     58700            1.018               36
     58800            1.018               36
     58900            1.019               36
     59000            1.018               36
     59100            1.018               36
     59200            1.018               36
     59300            1.018               36
     59400            1.018               36
     59500            1.018               36
     59600            1.017               36
     59700            1.016               36
     59800            1.016               36
     59900            1.016               36
     60000            1.015               36
     60100            1.015               36
     60200            1.015               36
     60300            1.015               36
     60400            1.015               36
     60500            1.015               36
     60600            1.015               36
     60700            1.015               36
     60800            1.016               36
     60900            1.016               36
     61000            1.015               36
     61100            1.015               36
     61200            1.014               36
     61300            1.014               36
     61400            1.014               36
     61500            1.014               36
     61600            1.014               36
     61700            1.014               36
     61800            1.014               36
     61900            1.014               36
     62000            1.014               36
     62100            1.013               36
     62200            1.013               36
     62300            1.013               36
     62400            1.013               36
     62500            1.013               36
     62600            1.013               36
     62700            1.012               36
     62800            1.012               36
     62900            1.012               36
     63000            1.012               36
     63100            1.012               36
     63200            1.012               36
     63300            1.013               36
     63400            1.012               36
     63500            1.012               36
     63600            1.012               36
     63700            1.012               36
     63800            1.012               36
     63900            1.012               36
     64000            1.012               36
     64100            1.012               36
     64200            1.012               36
     64300            1.012               36
     64400            1.012               36
     64500            1.012               36
     64600            1.012               36
     64700            1.012               36
     64800            1.012               36
     64900            1.012               36
     65000            1.012               36
     65100            1.012               36
     65200            1.011               36
     65300            1.012               36
     65400            1.012               36
     65500            1.012               36
     65600            1.012               36
     65700            1.011               36
     65800            1.011               36
     65900            1.011               36
     66000            1.011               36
     66100            1.011               36
     66200            1.011               36
     66300            1.011               36
     66400            1.011               36
     66500            1.011               36
     66600            1.011               36
     66700            1.011               36
     66800            1.011               36
     66900            1.011               36
     67000            1.011               36
     67100            1.011               36
     67200            1.011               36
     67300            1.011               36
     67400            1.011               36
     67500            1.011               36
     67600            1.011               36
     67700            1.011               36
     67800            1.011               36
     67900            1.011               36
     68000            1.011               36
     68100            1.012               36
     68200            1.012               36
     68300            1.012               36
     68400            1.012               36
     68500            1.012               36
     68600            1.012               36
     68700            1.012               36
     68800            1.012               36
     68900            1.012               36
     69000            1.012               36
     69100            1.012               36
     69200            1.012               36
     69300            1.012               36
     69400            1.012               36
     69500            1.013               36
     69600            1.013               36
     69700            1.013               36
     69800            1.013               36
     69900            1.013               36
     70000            1.013               36
     70100            1.014               36
     70200            1.014               36
     70300            1.014               36
     70400            1.014               36
     70500            1.014               36
     70600            1.014               36
     70700            1.014               36
     70800            1.014               36
     70900            1.014               36
     71000            1.014               36
     71100            1.014               36
     71200            1.014               36
     71300            1.014               36
     71400            1.014               36
     71500            1.014               36
     71600            1.014               36
     71700            1.014               36
     71800            1.014               36
     71900            1.014               36
     72000            1.014               36
     72100            1.014               36
     72200            1.014               36
     72300            1.014               36
     72400            1.014               36
     72500            1.015               36
     72600            1.015               36
     72700            1.015               36
     72800            1.015               36
     72900            1.015               36
     73000            1.015               36
     73100            1.015               36
     73200            1.014               36
     73300            1.014               36
     73400            1.013               36
     73500            1.013               36
     73600            1.013               36
     73700            1.014               36
     73800            1.013               36
     73900            1.013               36
     74000            1.013               36
     74100            1.013               36
     74200            1.013               36
     74300            1.013               36
     74400            1.013               36
     74500            1.013               36
     74600            1.012               36
     74700            1.012               36
     74800            1.012               36
     74900            1.012               36
     75000            1.012               36
     75100            1.012               36
     75200            1.012               36
     75300            1.012               36
     75400            1.012               36
     75500            1.012               36
     75600            1.012               36
     75700            1.012               36
     75800            1.012               36
     75900            1.012               36
     76000            1.012               36
     76100            1.012               36
     76200            1.012               36
     76300            1.012               36
     76400            1.012               36
     76500            1.012               36
     76600            1.012               36
     76700            1.012               36
     76800            1.012               36
     76900            1.011               36
     77000            1.011               36
     77100            1.011               36
     77200            1.012               36
     77300            1.012               36
     77400            1.012               36
     77500            1.012               36
     77600            1.012               36
     77700            1.012               36
     77800            1.011               36
     77900            1.012               36
     78000            1.012               36
     78100            1.011               36
     78200            1.011               36
     78300            1.011               36
     78400            1.012               36
     78500            1.011               36
     78600            1.011               36
     78700            1.011               36
     78800            1.011               36
     78900            1.011               36
     79000            1.011               36
     79100            1.011               36
     79200            1.011               36
     79300            1.011               36
     79400            1.011               36
     79500            1.011               36
     79600            1.011               36
     79700            1.011               36
     79800            1.011               36
     79900            1.011               36
     80000            1.011               36
     80100            1.010               36
     80200            1.010               36
     80300            1.010               36
     80400            1.010               36
     80500            1.010               36
     80600            1.011               36
     80700            1.010               36
     80800            1.010               36
     80900            1.010               36
     81000            1.010               36
     81100            1.010               3
     81200            1.010               3
     81300            1.011               3
     81400            1.011               3
     81500            1.011               3
     81600            1.011               3
     81700            1.011               3
     81800            1.011               3
     81900            1.011               3
     82000            1.012               3
     82100            1.012               3
     82200            1.012               3
     82300            1.012               3
     82400            1.012               3
     82500            1.012               3
     82600            1.012               3
     82700            1.012               3
     82800            1.012               3
     82900            1.012               3
     83000            1.012               3
     83100            1.012               3
     83200            1.012               3
     83300            1.013               3
     83400            1.013               3
     83500            1.013               3
     83600            1.013               3
     83700            1.013               3
     83800            1.013               3
     83900            1.013               3
     84000            1.013               3
     84100            1.013               3
     84200            1.013               3
     84300            1.013               3
     84400            1.013               3
     84500            1.013               3
     84600            1.013               3
     84700            1.013               3
     84800            1.013               3
     84900            1.013               3
     85000            1.013               3
     85100            1.013               3
     85200            1.013               3
     85300            1.013               3
     85400            1.013               3
     85500            1.013               3
     85600            1.013               3
     85700            1.013               3
     85800            1.013               3
     85900            1.013               3
     86000            1.013               3
     86100            1.013               3
     86200            1.013               3
     86300            1.013               3
     86400            1.013               3
     86500            1.013               3
     86600            1.013               3
     86700            1.013               3
     86800            1.013               3
     86900            1.013               3
     87000            1.013               3
     87100            1.013               3
     87200            1.012               3
     87300            1.013               3
     87400            1.012               3
     87500            1.012               3
     87600            1.012               3
     87700            1.012               3
     87800            1.012               3
     87900            1.012               3
     88000            1.012               3
     88100            1.012               3
     88200            1.012               3
     88300            1.012               3
     88400            1.012               3
     88500            1.012               3
     88600            1.012               3
     88700            1.012               3
     88800            1.012               3
     88900            1.012               3
     89000            1.012               3
     89100            1.012               3
     89200            1.012               3
     89300            1.012               3
     89400            1.012               3
     89500            1.011               3
     89600            1.011               3
     89700            1.011               3
     89800            1.011               3
     89900            1.011               3
     90000            1.011               3
     90100            1.011               3
     90200            1.011               3
     90300            1.011               3
     90400            1.011               3
     90500            1.011               3
     90600            1.010               3
     90700            1.010               3
     90800            1.010               3
     90900            1.010               36
     91000            1.010               36
     91100            1.010               36
     91200            1.010               36
     91300            1.010               36
     91400            1.010               36
     91500            1.011               36
     91600            1.010               36
     91700            1.010               36
     91800            1.010               36
     91900            1.010               36
     92000            1.010               36
     92100            1.010               36
     92200            1.011               36
     92300            1.011               36
     92400            1.011               36
     92500            1.010               36
     92600            1.010               36
     92700            1.010               36
     92800            1.010               36
     92900            1.010               36
     93000            1.010               36
     93100            1.010               36
     93200            1.010               36
     93300            1.010               36
     93400            1.010               36
     93500            1.010               36
     93600            1.010               36
     93700            1.010               36
     93800            1.010               36
     93900            1.010               36
     94000            1.010               36
     94100            1.010               36
     94200            1.009               36
     94300            1.009               36
     94400            1.009               36
     94500            1.009               36
     94600            1.009               36
     94700            1.009               36
     94800            1.008               36
     94900            1.008               36
     95000            1.008               36
     95100            1.008               36
     95200            1.008               36
     95300            1.008               36
     95400            1.008               36
     95500            1.008               36
     95600            1.008               36
     95700            1.009               36
     95800            1.009               36
     95900            1.009               36
     96000            1.008               36
     96100            1.008               36
     96200            1.008               36
     96300            1.008               36
     96400            1.008               36
     96500            1.009               36
     96600            1.008               36
     96700            1.008               36
     96800            1.009               36
     96900            1.009               36
     97000            1.009               36
     97100            1.009               36
     97200            1.009               36
     97300            1.009               36
     97400            1.009               36
     97500            1.009               36
     97600            1.009               36
     97700            1.009               36
     97800            1.009               36
     97900            1.009               36
     98000            1.009               36
     98100            1.009               36
     98200            1.009               36
     98300            1.009               36
     98400            1.009               36
     98500            1.009               36
     98600            1.009               36
     98700            1.009               36
     98800            1.009               36
     98900            1.009               36
     99000            1.008               36
     99100            1.008               36
     99200            1.009               36
     99300            1.009               36
     99400            1.009               36
     99500            1.009               36
     99600            1.008               36
     99700            1.008               36
     99800            1.009               36
     99900            1.009               36
     100000           1.009               36


     MCMC EFFECTIVE SAMPLE SIZE (ESS) IN ASCENDING ORDER
        LOWEST 10 PARAMETERS
        PARAMETER    ESS
             1       <20
             3        40
             5       878
             2       946
            18      1040
             4      1256
            35      1367
            19      3897
            36      4458
            39     16994


PLOT INFORMATION

The following plots are available:

  Histograms (sample values)
  Scatterplots (sample values)
  Between-level histograms (sample values, sample means/variances)
  Between-level scatterplots (sample values, sample means/variances)
  Time series plots (sample values, ACF, PACF)
  Histogram of subjects per time point
  Time interval plots
  Bayesian posterior parameter distributions
  Bayesian posterior parameter trace plots
  Bayesian autocorrelation plots

     Beginning Time:  17:36:55
        Ending Time:  17:25:48
       Elapsed Time:  23:48:53



MUTHEN & MUTHEN
3463 Stoner Ave.
Los Angeles, CA  90066

Tel: (310) 391-9971
Fax: (310) 391-8971
Web: www.StatModel.com
Support: Support@StatModel.com

Copyright (c) 1998-2025 Muthen & Muthen
