Mplus VERSION 9 (Linux)
MUTHEN & MUTHEN
02/07/2026   4:13 PM

INPUT INSTRUCTIONS


  TITLE: Two-level AR(1) model for phot_c_l2;

  DATA:
    FILE = "data_full_phot_c_l2.dat";

  VARIABLE:
  NAMES = new_id age female edu edu_low edu_med edu_high nr_dev w1_inet w1_sp w1_pc_nr
       w1_sph_nr w1_tabl_nr date call_c msg_c phot_c call_d msg_d phot_d web_c web_d
       sm_c sm_d w1_date w1b_date w1_date_7 w1_date_30 w1b_date_7 w1b_date_30
       day_before_w1 day_before_w1b w1_7d_window w1b_7d_window w1_30d_window
       w1b_30d_window days_c call_d_l msg_d_l phot_d_l web_d_l sm_d_l call_c_l msg_c_l
       phot_c_l web_c_l sm_c_l days_c_l call_d_l2 msg_d_l2 phot_d_l2 web_d_l2 sm_d_l2
       call_c_l2 msg_c_l2 phot_c_l2 web_c_l2 sm_c_l2 call_c_b msg_c_b phot_c_b web_c_b
       sm_c_b time;
    MISSING = .;
    USEVARIABLES = phot_c_l2 female age edu_med edu_high nr_dev w1_inet;
  !  WITHIN = day_before_w1;
    BETWEEN = female age edu_med edu_high nr_dev;
    CLUSTER = new_id;
    TINTERVAL = time (1 time2);

  ANALYSIS:
    TYPE = TWOLEVEL RANDOM;
    ESTIMATOR = BAYES;
    PROCESSORS = 30;
    BITERATIONS = 200000 (100000);
    THIN = 20;

  MODEL:

  %WITHIN%
  f BY phot_c_l2@1(&1);
  !trend | phot_c_l2 ON day_before_w1;
  stab | f ON f&1;

  logv | phot_c_l2;

  !day_before_w1;

  %BETWEEN%
  phot_c_l2 WITH stab;
  !stab WITH trend;

  [logv] (m);
  logv (s);

  logv ON female age edu_med edu_high nr_dev;

  female;
  age;
  edu_med;
  edu_high;
  nr_dev;

  Model Constraint:
            new(medv meanv 25qv 75qv);		
            medv = exp(m);
            meanv = exp(m + s/2);
    		! 25th and 75th quartiles
    		! based on normal dist of logv:
    		25qv = exp(m - sqrt(s)*0.675);
    		75qv = exp(m + sqrt(s)*0.675);




  OUTPUT: TECH1 TECH8 TECH4 STDYX residual;

  PLOT: TYPE = PLOT3;



*** WARNING in VARIABLE command
  Note that only the first 8 characters of variable names are used in the output.
  Shorten variable names to avoid any confusion.
*** WARNING in MODEL command
  Variable is uncorrelated with all other variables: W1_INET
*** WARNING in MODEL command
  At least one variable is uncorrelated with all other variables in the model.
  Check that this is what is intended.
*** WARNING in PLOT command
  Note that only the first 8 characters of variable names are used in plots.
  If variable names are not unique within the first 8 characters, problems
  may occur.
*** WARNING
  One or more individual-level variables have no variation within a
  cluster for the following clusters.

     Variable   Cluster IDs with no within-cluster variation

      PHOT_C_L    514 501 534 701 993 1197 188 1317 2207 337 762 1211 1021 1302 991 246 418 1805
                  1481 2014 1201 722 2095 1259 1241 1088 1590 1674 692 1992 814 1923 87 743 1397
                  1044 57
      W1_INET     514 750 501 118 397 534 1781 98 565 573 701 1874 2217 862 8 993 833 1034 1780
                  245 1446 1926 761 2052 1540 463 773 2216 752 1974 1646 1962 898 1197 669 188
                  494 1317 520 363 1402 2207 965 1899 2144 2038 189 1877 155 900 1718 1666 1677
                  1361 452 67 1549 521 1101 1766 252 2120 337 902 931 762 241 1211 620 2034 2139
                  982 1808 1273 2039 435 538 2082 681 384 956 420 198 886 903 441 52 270 1122
                  1335 224 2007 1971 1251 1731 1599 1155 1697 386 1053 1343 1998 1448 182 536
                  1049 365 196 1067 1021 1328 600 1709 1159 2181 1227 974 1644 636 947 1879 1302
                  392 2129 111 611 991 239 837 537 553 486 2197 592 1516 2211 1968 1626 1551 108
                  934 26 1834 631 277 492 667 1544 1809 1339 524 260 294 157 220 1089 278 1627
                  1091 446 117 203 309 235 283 262 399 1615 284 1868 304 376 396 349 115 62 393
                  172 320 1478 317 398 361 132 447 1219 1468 1461 414 137 263 328 180 1818 110
                  1210 432 413 91 1944 453 153 1847 2043 129 301 147 217 440 1246 1637 250 405
                  307 423 211 353 177 246 400 186 187 212 316 370 422 418 205 323 433 274 426
                  295 163 332 4 229 368 410 2223 287 193 357 354 109 253 402 33 1805 1254 1518
                  2150 1104 1593 48 929 1716 92 1963 1770 753 79 644 885 1953 1481 2014 1850 1572
                  1568 1201 1695 1365 1654 622 2121 540 1200 987 88 864 1785 809 1283 1586 1979
                  1421 767 722 1470 498 1263 2195 18 1981 2095 1902 2030 1768 1064 1624 1451 674
                  745 550 1522 1524 895 1955 558 2075 1811 1110 1745 1024 940 21 1154 859 2067
                  1151 1214 2028 1895 1412 1708 1033 1580 44 1404 45 1032 2184 85 2213 1669 99
                  1236 726 709 2065 2224 1924 1259 46 665 1241 932 1111 1465 1546 1466 1035 999
                  1588 870 1928 813 515 1088 2069 858 1340 1249 959 702 711 1840 1323 1964 552
                  1687 1352 1680 986 1833 1248 65 1774 1181 802 1314 1656 1814 645 876 1839 1951
                  1008 1366 2076 2165 1946 32 105 1710 1659 1947 1294 1590 642 630 822 1050 506
                  1778 1542 1997 1001 1350 2024 603 632 2185 1561 2037 638 2035 1015 1415 590
                  525 880 599 740 1096 1674 938 977 941 1115 692 1276 2138 1264 72 1790 910 2040
                  1613 992 1957 786 994 1360 1878 1912 1472 970 1131 2136 488 1562 2111 1905 1930
                  966 19 2147 1760 1081 579 1992 1190 953 720 1171 1678 40 1502 1460 616 559 814
                  1714 1851 686 1803 1773 1956 2073 1231 1307 1661 1934 2115 696 1601 1817 1923
                  640 2099 1829 561 944 1585 1754 2137 1182 593 1837 735 541 695 1305 995 1117
                  2182 1849 682 90 1999 1353 1793 946 100 87 639 743 467 1757 1581 1967 1937 1591
                  1612 1686 1720 1985 1607 1147 615 1618 1595 784 1237 2 896 1701 678 889 782
                  1225 93 894 1216 470 1315 1326 1789 1791 643 829 1397 1498 2160 11 1729 1835
                  2203 1233 2063 1160 849 1869 648 2026 2001 557 1086 901 1727 1828 1623 1914
                  499 2013 906 860 1291 1203 1272 1030 1755 1989 1071 1334 1782 904 1584 1891
                  1485 1298 602 1743 2141 892 2198 2208 918 1810 1671 1077 1324 2036 1044 1788
                  633 1660 1075 508 646 772 1675 2000 2003 821 2157 675 1303 1174 845 547 1648
                  1940 915 1311 1907 1002 909 2056 461 725 930 1870 39 86 78 57 35 13 69 29 73
                  59 97 3 12 37

*** WARNING
  Data set contains cases with missing on all variables.
  These cases were not included in the analysis.
  Number of cases with missing on all variables:  1651
   6 WARNING(S) FOUND IN THE INPUT INSTRUCTIONS



Two-level AR(1) model for phot_c_l2;

SUMMARY OF ANALYSIS

Number of groups                                                 1
Number of observations                                       18088

Number of dependent variables                                    2
Number of independent variables                                  5
Number of continuous latent variables                            4

Observed dependent variables

  Continuous
   PHOT_C_L2   W1_INET

Observed independent variables
   FEMALE      AGE         EDU_MED     EDU_HIGH    NR_DEV

Continuous latent variables
   F           F&1         STAB        LOGV

Variables with special functions

  Cluster variable      NEW_ID

  Between variables
   FEMALE      AGE         EDU_MED     EDU_HIGH    NR_DEV


Estimator                                                    BAYES
Specifications for Bayesian Estimation
  Point estimate                                            MEDIAN
  Number of Markov chain Monte Carlo (MCMC) chains               2
  Random seed for the first chain                                0
  Starting value information                           UNPERTURBED
  Algorithm used for Markov chain Monte Carlo           GIBBS(PX1)
  Convergence criterion                                  0.500D-01
  Maximum number of iterations                              200000
  K-th iteration used for thinning                              20

Input data file(s)
  data_full_phot_c_l2.dat
Input data format  FREE


SUMMARY OF DATA

     Number of clusters                        649

       Size (s)    Cluster ID with Size s

          3        514
          6        750 501 118
          8        397 534 1781 98 565
          9        573 701 1874
         10        2217 862 8
         11        993 833
         12        1034 1780
         13        245 1446
         15        1926
         16        761 2052 1540 463 773 2216 752 1974
         17        1646 1962
         18        898 1197 669 188 494 1317 520 363
         19        1402 2207 965 1899 2144
         20        2038 189 1877 155 900 1718 1666 1677 1361
         21        452 67 1549 521 1101 1766 252
         22        2120 337 902 931 762 241 1211 620 2034 2139
         23        982 1808 1273 2039 435 538 2082 681 384
         24        956 420 198 886 903 441
         25        52 270 1122 1335 224 2007 1971 1251 1731 1599 1155 1697
                   386 1053
         26        1343 1998 1448 182 536 1049 365 196 1067 1021
         27        1328 600 1709 1159 2181 1227 974 1644 636 947 1879 1302
                   392 2129 111 611 991
         28        239 837 537 553 486 2197 592 1516 2211 1968 1626 1551
                   108 934 26 1834 631 277 492 667 1544 1809 1339 524 260
         29        294 157 220 1089 278 1627 1091 446 117 203 309 235 283
                   262 399 1615 284 1868 304 376 396 349 115 62 393 172
                   320 1478 317 398 361 132 447 1219 1468 1461 414 137
                   263 328 180 1818 110 1210 432 413 91 1944 453 153 1847
                   2043 129 301 147 217 440 1246 1637 250 405 307 423 211
                   353 177 246 400 186 187 212 316 370 422 418 205 323
                   433 274 426 295 163 332 4 229 368 410 2223 287 193 357
                   354 109 253 402
         30        33 1805 1254 1518 2150 1104 1593 48 929 1716 92 1963
                   1770 753 79 644 885 1953 1481 2014 1850 1572 1568 1201
                   1695 1365 1654 622 2121 540 1200 987 88 864 1785 809
                   1283 1586 1979 1421 767 722 1470 498 1263 2195 18 1981
                   2095 1902 2030 1768 1064 1624 1451 674 745 550 1522
                   1524 895 1955 558 2075 1811 1110 1745 1024 940 21 1154
                   859 2067 1151 1214 2028 1895 1412 1708 1033 1580 44
                   1404 45 1032 2184 85 2213 1669 99 1236 726 709 2065
                   2224 1924 1259 46 665 1241 932 1111 1465 1546 1466 1035
                   999 1588 870 1928 813 515 1088 2069 858 1340 1249 959
                   702 711 1840 1323 1964 552 1687 1352 1680 986 1833 1248
                   65 1774 1181 802 1314 1656 1814 645 876 1839 1951 1008
                   1366 2076 2165 1946 32 105 1710 1659 1947 1294 1590
                   642 630 822 1050 506 1778 1542 1997 1001 1350 2024 603
                   632 2185 1561 2037 638 2035 1015 1415 590 525 880 599
                   740 1096 1674 938 977 941 1115 692 1276 2138 1264 72
                   1790 910 2040 1613 992 1957 786 994 1360 1878 1912 1472
                   970 1131 2136 488 1562 2111 1905 1930 966 19 2147 1760
                   1081 579 1992 1190 953 720 1171 1678 40 1502 1460 616
                   559 814 1714 1851 686 1803 1773 1956 2073 1231 1307
                   1661 1934 2115 696 1601 1817 1923 640 2099 1829 561
                   944 1585 1754 2137 1182 593 1837 735 541 695 1305 995
                   1117 2182 1849 682 90 1999 1353 1793 946 100 87 639
                   743 467 1757 1581 1967 1937 1591 1612 1686 1720 1985
                   1607 1147 615 1618 1595 784 1237 2 896 1701 678 889
                   782 1225 93 894 1216 470 1315 1326 1789 1791 643 829
                   1397 1498 2160 11 1729 1835 2203 1233 2063 1160 849
                   1869 648 2026 2001 557 1086 901 1727 1828 1623 1914
                   499 2013 906 860 1291 1203 1272 1030 1755 1989 1071
                   1334 1782 904 1584 1891 1485 1298 602 1743 2141 892
                   2198 2208 918 1810 1671 1077 1324 2036 1044 1788 633
                   1660 1075 508 646 772 1675 2000 2003 821 2157 675 1303
                   1174 845 547 1648 1940 915 1311 1907 1002 909 2056 461
                   725 930 1870 39 86 78 57 35 13 69 29 73 59 97 3 12 37



COVARIANCE COVERAGE OF DATA

Minimum covariance coverage value   0.100

     Number of missing data patterns             8


     PROPORTION OF DATA PRESENT


           Covariance Coverage
              FEMALE        AGE           EDU_MED       EDU_HIGH      NR_DEV
              ________      ________      ________      ________      ________
 FEMALE         0.855
 AGE            0.855         0.855
 EDU_MED        0.855         0.855         1.000
 EDU_HIGH       0.855         0.855         1.000         1.000
 NR_DEV         0.855         0.855         1.000         1.000         1.000
 PHOT_C_L       0.289         0.289         0.339         0.339         0.339
 W1_INET        0.588         0.588         0.662         0.662         0.662


           Covariance Coverage
              PHOT_C_L      W1_INET
              ________      ________
 PHOT_C_L       0.339
 W1_INET        0.271         0.662



UNIVARIATE SAMPLE STATISTICS


     UNIVARIATE HIGHER-ORDER MOMENT DESCRIPTIVE STATISTICS

         Variable/         Mean/     Skewness/   Minimum/ % with                Percentiles
        Sample Size      Variance    Kurtosis    Maximum  Min/Max      20%/60%    40%/80%    Median

     FEMALE                0.484       0.065       0.000   51.63%       0.000      0.000      0.000
             552.000       0.250      -1.996       1.000   48.37%       1.000      1.000
     AGE                  45.268      -0.187      14.000    0.36%      33.000     42.000     46.000
             552.000     176.660      -0.732      78.000    0.18%      50.000     58.000
     EDU_MED               0.444       0.226       0.000   55.62%       0.000      0.000      0.000
             649.000       0.247      -1.949       1.000   44.38%       1.000      1.000
     EDU_HIGH              0.402       0.399       0.000   59.78%       0.000      0.000      0.000
             649.000       0.240      -1.841       1.000   40.22%       1.000      1.000
     NR_DEV                2.385      -0.552       0.000    0.15%       2.000      2.000      2.000
             649.000       0.394      -0.433       3.000   46.22%       3.000      3.000
     PHOT_C_L2             1.037       0.751       0.000   31.56%       0.000      0.693      0.693
            6135.000       0.914       0.090       4.920    0.02%       1.099      1.792
     W1_INET               3.752       1.437       0.000    1.35%       1.000      2.167      2.500
           11966.000      10.128       2.120      20.000    0.06%       3.500      6.000


     WARNING: PROBLEMS OCCURRED IN SEVERAL ITERATIONS IN THE COMPUTATION OF THE STANDARDIZED ESTIMATES FOR SEVERAL
     CLUSTERS. THIS IS MOST LIKELY DUE TO AR COEFFICIENTS GREATER THAN 1 OR PARAMETERS GIVING NON-STATIONARY MODELS.
     SUCH POSTERIOR DRAWS ARE REMOVED. THE FOLLOWING CLUSTERS HAD SUCH PROBLEMS:
          514 750 501 118 397 534 1781 98 565 573 701 1874 2217 862 8 993 833 1034 1780 245 1446 1926
          761 2052 1540 463 773 2216 752 1974 1646 1962 898 1197 669 188 494 1317 520 363 1402 2207 965
          1899 2144 2038 189 1877 155 900 1718 1666 1677 1361 452 1549 521 1101 1766 2120 337 902 931
          762 241 1211 620 2034 982 1808 1273 2039 435 538 2082 681 384 956 420 198 903 441 52 270 1122
          1335 224 2007 1971 1251 1599 1155 1697 386 1053 1343 1998 1448 182 536 1049 365 196 1067 1021
          1328 600 1709 1159 2181 1227 974 1644 947 1879 1302 392 2129 111 991 239 837 537 553 486 2197
          592 1516 2211 1968 1626 108 26 1834 631 277 492 1544 1809 1339 524 260 294 157 220 278 1627
          1091 446 117 203 309 235 283 262 399 1615 1868 304 376 396 349 115 62 393 320 1478 317 398
          132 447 1219 1468 1461 414 137 263 328 180 1818 110 1210 432 413 91 1944 453 153 1847 2043
          301 147 217 440 1246 1637 250 405 307 423 211 353 177 246 400 186 187 212 316 370 422 418 205
          433 274 295 163 332 4 229 368 410 287 193 354 109 402 33 1805 1254 1518 1104 48 929 1716 92
          1963 1770 753 79 644 885 1953 1481 2014 1850 1572 1201 1695 1365 1654 622 2121 540 1200 987
          88 864 1785 809 1283 1586 1979 1421 767 722 1470 498 1263 2195 18 1981 2095 1902 2030 1768
          1064 1624 1451 674 745 550 1522 1524 895 1955 558 2075 1811 1110 1745 1024 940 21 1154 2067
          1214 2028 1895 1412 1708 1033 1580 44 1404 45 1032 2184 85 2213 1669 99 1236 726 709 2065 2224
          1924 1259 46 665 1241 932 1465 1546 1466 999 1588 1928 813 515 1088 2069 858 1340 1249 959
          702 711 1840 1964 552 1687 1352 1680 986 1833 1248 65 1774 1181 802 1314 1656 1814 645 876
          1839 1951 1366 2076 2165 1946 32 105 1710 1659 1947 1294 1590 642 630 1050 506 1778 1542 1997
          1001 1350 2024 603 632 1561 2037 638 2035 1415 590 880 599 740 1096 938 977 941 1115 692 2138
          1264 72 1790 910 2040 992 1957 786 994 1878 1912 1472 970 1131 2136 488 1562 2111 1905 19 2147
          1760 1081 579 1190 953 720 1171 1678 40 1502 1460 616 559 814 1714 1851 686 1803 1773 1956
          2073 1231 1307 1661 1934 2115 696 1601 1817 1923 640 1829 1585 2137 1182 593 1837 735 541 1305
          1117 2182 1849 682 90 1999 1353 1793 946 100 87 639 743 467 1967 1937 1591 1612 1686 1720 1607
          1147 615 1618 1595 784 2 896 1701 678 889 93 894 1216 470 1315 1326 1789 1791 1397 1498 2160
          11 1729 2203 1233 2063 1160 648 2026 557 1086 901 1727 1828 1623 1914 499 2013 860 1291 1203
          1272 1030 1755 1989 1334 1782 904 1584 1891 1485 602 1743 892 2198 2208 918 1810 1671 1077
          1324 2036 1044 1788 633 1660 1075 508 646 772 1675 2000 2003 821 675 1174 845 547 1648 1940
          915 1907 1002 2056 725 930 1870 39 57 35 13 69 29 73 59 97 3 12 37

THE MODEL ESTIMATION TERMINATED NORMALLY

     USE THE FBITERATIONS OPTION TO INCREASE THE NUMBER OF ITERATIONS BY A FACTOR
     OF AT LEAST TWO TO CHECK CONVERGENCE AND THAT THE PSR VALUE DOES NOT INCREASE.

     THE EFFECTIVE SAMPLE SIZE FOR THE POSTERIOR DISTRIBUTION OF PARAMETER 1 IS LESS THAN 20.
     ESS > 200-400 IS RECOMMENDED. USE BITER=2000000(1000000) OR SIMPLIFY THE MODEL.



MODEL FIT INFORMATION

Number of Free Parameters                              36

Information Criteria

          Deviance (DIC)                     ************
          Estimated Number of Parameters (pD)************



MODEL RESULTS

                                Posterior  One-Tailed         95% C.I.
                    Estimate       S.D.      P-Value   Lower 2.5%  Upper 2.5%  Significance

Within Level

 F        BY
    PHOT_C_L2          1.000       0.000      0.000       1.000       1.000

 Variances
    W1_INET            0.000       0.000      0.000       0.000       0.000      *

 Residual Variances
    F                  0.201       0.035      0.000       0.140       0.276      *

Between Level

 LOGV       ON
    FEMALE             0.157       0.087      0.034      -0.012       0.331
    AGE               -0.013       0.003      0.000      -0.020      -0.007      *
    EDU_MED            0.013       0.116      0.455      -0.215       0.242
    EDU_HIGH          -0.027       0.119      0.408      -0.264       0.206
    NR_DEV             0.022       0.064      0.365      -0.102       0.150

 PHOT_C_L WITH
    STAB               0.073       0.010      0.000       0.054       0.094      *

 AGE      WITH
    FEMALE            -0.341       0.292      0.120      -0.919       0.227

 EDU_MED  WITH
    FEMALE             0.002       0.011      0.414      -0.019       0.024
    AGE                1.117       0.291      0.000       0.558       1.701      *

 EDU_HIGH WITH
    FEMALE            -0.009       0.011      0.201      -0.030       0.012
    AGE               -1.530       0.289      0.000      -2.111      -0.977      *
    EDU_MED           -0.182       0.012      0.000      -0.207      -0.159      *

 NR_DEV   WITH
    FEMALE            -0.032       0.014      0.011      -0.059      -0.005      *
    AGE                0.880       0.365      0.008       0.173       1.608      *
    EDU_MED           -0.001       0.013      0.453      -0.027       0.023
    EDU_HIGH           0.031       0.013      0.007       0.006       0.056      *

 Means
    FEMALE             0.485       0.021      0.000       0.443       0.527      *
    AGE               45.245       0.568      0.000      44.137      46.360      *
    EDU_MED            0.444       0.020      0.000       0.405       0.482      *
    EDU_HIGH           0.402       0.019      0.000       0.364       0.440      *
    NR_DEV             2.385       0.025      0.000       2.336       2.434      *
    PHOT_C_L2          0.892       0.020      0.000       0.854       0.931      *
    W1_INET            3.818       0.127      0.000       3.568       4.066      *
    STAB               0.370       0.056      0.000       0.268       0.488      *

 Intercepts
    LOGV              -0.527       0.229      0.008      -0.996      -0.095      *

 Variances
    FEMALE             0.255       0.016      0.000       0.227       0.288      *
    AGE              180.262      10.999      0.000     160.597     203.551      *
    EDU_MED            0.251       0.014      0.000       0.225       0.281      *
    EDU_HIGH           0.245       0.014      0.000       0.220       0.274      *
    NR_DEV             0.401       0.023      0.000       0.360       0.449      *
    PHOT_C_L2          0.125       0.014      0.000       0.099       0.155      *
    W1_INET            9.473       0.543      0.000       8.487      10.608      *
    STAB               0.048       0.011      0.000       0.030       0.072      *

 Residual Variances
    LOGV               0.255       0.064      0.000       0.162       0.412      *

New/Additional Parameters
    MEDV               0.590       0.138      0.000       0.369       0.910      *
    MEANV              0.671       0.155      0.000       0.428       1.034      *
    25QV               0.420       0.103      0.000       0.253       0.657      *
    75QV               0.830       0.191      0.000       0.531       1.278      *


STANDARDIZED MODEL RESULTS


STDYX Standardization

                                Posterior  One-Tailed         95% C.I.
                    Estimate       S.D.      P-Value   Lower 2.5%  Upper 2.5%  Significance

Within-Level Standardized Estimates Averaged Over Clusters

 F        BY
    PHOT_C_L2          0.609       0.032      0.000       0.547       0.671      *

 STAB | F ON
    F&1                0.400       0.057      0.000       0.285       0.503      *

 LOGV |
    PHOT_C_L2          0.619       0.040      0.000       0.539       0.691      *

 Variances
    W1_INET            1.000       0.000      0.000       1.000       1.000

 Residual Variances
    F                  0.795       0.037      0.000       0.715       0.857      *

Between Level

 LOGV       ON
    FEMALE             0.144       0.077      0.034      -0.011       0.292
    AGE               -0.328       0.075      0.000      -0.472      -0.177      *
    EDU_MED            0.012       0.105      0.455      -0.193       0.218
    EDU_HIGH          -0.025       0.106      0.408      -0.232       0.183
    NR_DEV             0.025       0.073      0.365      -0.118       0.168

 PHOT_C_L WITH
    STAB               0.954       0.056      0.000       0.790       0.998      *

 AGE      WITH
    FEMALE            -0.050       0.043      0.120      -0.134       0.033

 EDU_MED  WITH
    FEMALE             0.009       0.043      0.414      -0.074       0.093
    AGE                0.166       0.041      0.000       0.084       0.246      *

 EDU_HIGH WITH
    FEMALE            -0.036       0.043      0.201      -0.119       0.048
    AGE               -0.231       0.040      0.000      -0.307      -0.150      *
    EDU_MED           -0.733       0.018      0.000      -0.767      -0.695      *

 NR_DEV   WITH
    FEMALE            -0.099       0.042      0.011      -0.181      -0.015      *
    AGE                0.104       0.042      0.008       0.020       0.186      *
    EDU_MED           -0.005       0.040      0.453      -0.083       0.073
    EDU_HIGH           0.098       0.039      0.007       0.020       0.174      *

 Means
    FEMALE             0.961       0.052      0.000       0.860       1.063      *
    AGE                3.370       0.110      0.000       3.155       3.587      *
    EDU_MED            0.885       0.046      0.000       0.795       0.976      *
    EDU_HIGH           0.813       0.045      0.000       0.725       0.901      *
    NR_DEV             3.766       0.113      0.000       3.545       3.990      *
    PHOT_C_L2          2.523       0.151      0.000       2.249       2.843      *
    W1_INET            1.240       0.054      0.000       1.135       1.348      *
    STAB               1.675       0.425      0.000       1.058       2.714      *

 Intercepts
    LOGV              -0.964       0.412      0.008      -1.786      -0.171      *

 Variances
    FEMALE             1.000       0.000      0.000       1.000       1.000
    AGE                1.000       0.000      0.000       1.000       1.000
    EDU_MED            1.000       0.000      0.000       1.000       1.000
    EDU_HIGH           1.000       0.000      0.000       1.000       1.000
    NR_DEV             1.000       0.000      0.000       1.000       1.000
    PHOT_C_L2          1.000       0.000      0.000       1.000       1.000
    W1_INET            1.000       0.000      0.000       1.000       1.000
    STAB               1.000       0.000      0.000       1.000       1.000

 Residual Variances
    LOGV               0.851       0.052      0.000       0.736       0.937      *


R-SQUARE

Within-Level R-Square Averaged Across Clusters

                                Posterior  One-Tailed         95% C.I.
    Variable        Estimate       S.D.      P-Value   Lower 2.5%  Upper 2.5%

    PHOT_C_L2          0.381       0.040      0.000       0.308       0.461

                                Posterior  One-Tailed         95% C.I.
    Variable        Estimate       S.D.      P-Value   Lower 2.5%  Upper 2.5%

    F                  0.205       0.037      0.000       0.143       0.284

Between Level

                                Posterior  One-Tailed         95% C.I.
    Variable        Estimate       S.D.      P-Value   Lower 2.5%  Upper 2.5%

    LOGV               0.149       0.052      0.000       0.063       0.264


RESIDUAL OUTPUT


     ESTIMATED MODEL


     AVERAGE CLUSTER ESTIMATES


           Means
              FEMALE        AGE           EDU_MED       EDU_HIGH      NR_DEV
              ________      ________      ________      ________      ________
                0.485        45.243         0.444         0.402         2.385


           Means
              PHOT_C_L      W1_INET
              ________      ________
                0.892         3.725


           Covariances
              FEMALE        AGE           EDU_MED       EDU_HIGH      NR_DEV
              ________      ________      ________      ________      ________
 FEMALE         0.000
 AGE            0.000         0.000
 EDU_MED        0.000         0.000         0.000
 EDU_HIGH       0.000         0.000         0.000         0.000
 NR_DEV         0.000         0.000         0.000         0.000         0.000
 PHOT_C_L       0.000         0.000         0.000         0.000         0.000
 W1_INET        0.000         0.000         0.000         0.000         0.000


           Covariances
              PHOT_C_L      W1_INET
              ________      ________
 PHOT_C_L       0.797
 W1_INET        0.000         0.000


           Correlations
              FEMALE        AGE           EDU_MED       EDU_HIGH      NR_DEV
              ________      ________      ________      ________      ________
 FEMALE         1.000
 AGE            0.000         1.000
 EDU_MED        0.000         0.000         1.000
 EDU_HIGH       0.000         0.000         0.000         1.000
 NR_DEV         0.000         0.000         0.000         0.000         1.000
 PHOT_C_L       0.000         0.000         0.000         0.000         0.000
 W1_INET        0.000         0.000         0.000         0.000         0.000


           Correlations
              PHOT_C_L      W1_INET
              ________      ________
 PHOT_C_L       1.000
 W1_INET        0.000         1.000


     BETWEEN LEVEL


           Means
              FEMALE        AGE           EDU_MED       EDU_HIGH      NR_DEV
              ________      ________      ________      ________      ________
                0.485        45.245         0.444         0.402         2.385


           Means
              PHOT_C_L      W1_INET
              ________      ________
                0.892         3.818


           Covariances
              FEMALE        AGE           EDU_MED       EDU_HIGH      NR_DEV
              ________      ________      ________      ________      ________
 FEMALE         0.255
 AGE           -0.341       180.262
 EDU_MED        0.002         1.117         0.251
 EDU_HIGH      -0.009        -1.530        -0.182         0.245
 NR_DEV        -0.032         0.880        -0.001         0.031         0.401
 PHOT_C_L       0.000         0.000         0.000         0.000         0.000
 W1_INET        0.000         0.000         0.000         0.000         0.000


           Covariances
              PHOT_C_L      W1_INET
              ________      ________
 PHOT_C_L       0.125
 W1_INET        0.000         9.473


           Correlations
              FEMALE        AGE           EDU_MED       EDU_HIGH      NR_DEV
              ________      ________      ________      ________      ________
 FEMALE         1.000
 AGE           -0.050         1.000
 EDU_MED        0.009         0.166         1.000
 EDU_HIGH      -0.036        -0.230        -0.732         1.000
 NR_DEV        -0.099         0.104        -0.005         0.097         1.000
 PHOT_C_L       0.000         0.000         0.000         0.000         0.000
 W1_INET        0.000         0.000         0.000         0.000         0.000


           Correlations
              PHOT_C_L      W1_INET
              ________      ________
 PHOT_C_L       1.000
 W1_INET        0.000         1.000


TECHNICAL 1 OUTPUT


     PARAMETER SPECIFICATION FOR WITHIN


           NU
              PHOT_C_L      W1_INET
              ________      ________
                    0             0


           LAMBDA
              F             F&1           PHOT_C_L
              ________      ________      ________
 PHOT_C_L           0             0             0
 W1_INET            0             0             0


           THETA
              PHOT_C_L      W1_INET
              ________      ________
 PHOT_C_L           0
 W1_INET            0             1


           ALPHA
              F             F&1           PHOT_C_L
              ________      ________      ________
                    0             0             0


           BETA
              F             F&1           PHOT_C_L
              ________      ________      ________
 F                  0             0             0
 F&1                0             0             0
 PHOT_C_L           0             0             0


           PSI
              F             F&1           PHOT_C_L
              ________      ________      ________
 F                  2
 F&1                0             0
 PHOT_C_L           0             0             0


     PARAMETER SPECIFICATION FOR BETWEEN


           NU
              FEMALE        AGE           EDU_MED       EDU_HIGH      NR_DEV
              ________      ________      ________      ________      ________
                    0             0             0             0             0


           NU
              PHOT_C_L      W1_INET
              ________      ________
                    0             3


           LAMBDA
              STAB          LOGV          FEMALE        AGE           EDU_MED
              ________      ________      ________      ________      ________
 FEMALE             0             0             0             0             0
 AGE                0             0             0             0             0
 EDU_MED            0             0             0             0             0
 EDU_HIGH           0             0             0             0             0
 NR_DEV             0             0             0             0             0
 PHOT_C_L           0             0             0             0             0
 W1_INET            0             0             0             0             0


           LAMBDA
              EDU_HIGH      NR_DEV        PHOT_C_L
              ________      ________      ________
 FEMALE             0             0             0
 AGE                0             0             0
 EDU_MED            0             0             0
 EDU_HIGH           0             0             0
 NR_DEV             0             0             0
 PHOT_C_L           0             0             0
 W1_INET            0             0             0


           THETA
              FEMALE        AGE           EDU_MED       EDU_HIGH      NR_DEV
              ________      ________      ________      ________      ________
 FEMALE             0
 AGE                0             0
 EDU_MED            0             0             0
 EDU_HIGH           0             0             0             0
 NR_DEV             0             0             0             0             0
 PHOT_C_L           0             0             0             0             0
 W1_INET            0             0             0             0             0


           THETA
              PHOT_C_L      W1_INET
              ________      ________
 PHOT_C_L           0
 W1_INET            0             4


           ALPHA
              STAB          LOGV          FEMALE        AGE           EDU_MED
              ________      ________      ________      ________      ________
                    5             6             7             8             9


           ALPHA
              EDU_HIGH      NR_DEV        PHOT_C_L
              ________      ________      ________
                   10            11            12


           BETA
              STAB          LOGV          FEMALE        AGE           EDU_MED
              ________      ________      ________      ________      ________
 STAB               0             0             0             0             0
 LOGV               0             0            13            14            15
 FEMALE             0             0             0             0             0
 AGE                0             0             0             0             0
 EDU_MED            0             0             0             0             0
 EDU_HIGH           0             0             0             0             0
 NR_DEV             0             0             0             0             0
 PHOT_C_L           0             0             0             0             0


           BETA
              EDU_HIGH      NR_DEV        PHOT_C_L
              ________      ________      ________
 STAB               0             0             0
 LOGV              16            17             0
 FEMALE             0             0             0
 AGE                0             0             0
 EDU_MED            0             0             0
 EDU_HIGH           0             0             0
 NR_DEV             0             0             0
 PHOT_C_L           0             0             0


           PSI
              STAB          LOGV          FEMALE        AGE           EDU_MED
              ________      ________      ________      ________      ________
 STAB              18
 LOGV               0            19
 FEMALE             0             0            20
 AGE                0             0            21            22
 EDU_MED            0             0            23            24            25
 EDU_HIGH           0             0            26            27            28
 NR_DEV             0             0            30            31            32
 PHOT_C_L          35             0             0             0             0


           PSI
              EDU_HIGH      NR_DEV        PHOT_C_L
              ________      ________      ________
 EDU_HIGH          29
 NR_DEV            33            34
 PHOT_C_L           0             0            36


     PARAMETER SPECIFICATION FOR THE ADDITIONAL PARAMETERS


           NEW/ADDITIONAL PARAMETERS
              MEDV          MEANV         25QV          75QV
              ________      ________      ________      ________
                   37            38            39            40


     STARTING VALUES FOR WITHIN


           NU
              PHOT_C_L      W1_INET
              ________      ________
                0.000         0.000


           LAMBDA
              F             F&1           PHOT_C_L
              ________      ________      ________
 PHOT_C_L       0.000         0.000         1.000
 W1_INET        0.000         0.000         0.000


           THETA
              PHOT_C_L      W1_INET
              ________      ________
 PHOT_C_L       0.000
 W1_INET        0.000         5.064


           ALPHA
              F             F&1           PHOT_C_L
              ________      ________      ________
                0.000         0.000         0.000


           BETA
              F             F&1           PHOT_C_L
              ________      ________      ________
 F              0.000         0.000         0.000
 F&1            0.000         0.000         0.000
 PHOT_C_L       1.000         0.000         0.000


           PSI
              F             F&1           PHOT_C_L
              ________      ________      ________
 F              1.000
 F&1            0.000         1.000
 PHOT_C_L       0.000         0.000         0.000


     STARTING VALUES FOR BETWEEN


           NU
              FEMALE        AGE           EDU_MED       EDU_HIGH      NR_DEV
              ________      ________      ________      ________      ________
                0.000         0.000         0.000         0.000         0.000


           NU
              PHOT_C_L      W1_INET
              ________      ________
                0.000         3.752


           LAMBDA
              STAB          LOGV          FEMALE        AGE           EDU_MED
              ________      ________      ________      ________      ________
 FEMALE         0.000         0.000         1.000         0.000         0.000
 AGE            0.000         0.000         0.000         1.000         0.000
 EDU_MED        0.000         0.000         0.000         0.000         1.000
 EDU_HIGH       0.000         0.000         0.000         0.000         0.000
 NR_DEV         0.000         0.000         0.000         0.000         0.000
 PHOT_C_L       0.000         0.000         0.000         0.000         0.000
 W1_INET        0.000         0.000         0.000         0.000         0.000


           LAMBDA
              EDU_HIGH      NR_DEV        PHOT_C_L
              ________      ________      ________
 FEMALE         0.000         0.000         0.000
 AGE            0.000         0.000         0.000
 EDU_MED        0.000         0.000         0.000
 EDU_HIGH       1.000         0.000         0.000
 NR_DEV         0.000         1.000         0.000
 PHOT_C_L       0.000         0.000         1.000
 W1_INET        0.000         0.000         0.000


           THETA
              FEMALE        AGE           EDU_MED       EDU_HIGH      NR_DEV
              ________      ________      ________      ________      ________
 FEMALE         0.000
 AGE            0.000         0.000
 EDU_MED        0.000         0.000         0.000
 EDU_HIGH       0.000         0.000         0.000         0.000
 NR_DEV         0.000         0.000         0.000         0.000         0.000
 PHOT_C_L       0.000         0.000         0.000         0.000         0.000
 W1_INET        0.000         0.000         0.000         0.000         0.000


           THETA
              PHOT_C_L      W1_INET
              ________      ________
 PHOT_C_L       0.000
 W1_INET        0.000         5.064


           ALPHA
              STAB          LOGV          FEMALE        AGE           EDU_MED
              ________      ________      ________      ________      ________
                0.000         0.000         0.483        45.306         0.450


           ALPHA
              EDU_HIGH      NR_DEV        PHOT_C_L
              ________      ________      ________
                0.393         2.393         1.037


           BETA
              STAB          LOGV          FEMALE        AGE           EDU_MED
              ________      ________      ________      ________      ________
 STAB           0.000         0.000         0.000         0.000         0.000
 LOGV           0.000         0.000         0.000         0.000         0.000
 FEMALE         0.000         0.000         0.000         0.000         0.000
 AGE            0.000         0.000         0.000         0.000         0.000
 EDU_MED        0.000         0.000         0.000         0.000         0.000
 EDU_HIGH       0.000         0.000         0.000         0.000         0.000
 NR_DEV         0.000         0.000         0.000         0.000         0.000
 PHOT_C_L       0.000         0.000         0.000         0.000         0.000


           BETA
              EDU_HIGH      NR_DEV        PHOT_C_L
              ________      ________      ________
 STAB           0.000         0.000         0.000
 LOGV           0.000         0.000         0.000
 FEMALE         0.000         0.000         0.000
 AGE            0.000         0.000         0.000
 EDU_MED        0.000         0.000         0.000
 EDU_HIGH       0.000         0.000         0.000
 NR_DEV         0.000         0.000         0.000
 PHOT_C_L       0.000         0.000         0.000


           PSI
              STAB          LOGV          FEMALE        AGE           EDU_MED
              ________      ________      ________      ________      ________
 STAB           1.000
 LOGV           0.000         1.000
 FEMALE         0.000         0.000         0.125
 AGE            0.000         0.000         0.000        88.214
 EDU_MED        0.000         0.000         0.000         0.000         0.124
 EDU_HIGH       0.000         0.000         0.000         0.000         0.000
 NR_DEV         0.000         0.000         0.000         0.000         0.000
 PHOT_C_L       0.000         0.000         0.000         0.000         0.000


           PSI
              EDU_HIGH      NR_DEV        PHOT_C_L
              ________      ________      ________
 EDU_HIGH       0.119
 NR_DEV         0.000         0.195
 PHOT_C_L       0.000         0.000         0.457


     STARTING VALUES FOR THE ADDITIONAL PARAMETERS


           NEW/ADDITIONAL PARAMETERS
              MEDV          MEANV         25QV          75QV
              ________      ________      ________      ________
                0.500         0.500         0.500         0.500



     PRIORS FOR ALL PARAMETERS            PRIOR MEAN      PRIOR VARIANCE     PRIOR STD. DEV.

     Parameter 1~IG(-1.000,0.000)          infinity            infinity            infinity
     Parameter 2~IG(-1.000,0.000)          infinity            infinity            infinity
     Parameter 3~N(0.000,infinity)           0.0000            infinity            infinity
     Parameter 4~IG(-1.000,0.000)          infinity            infinity            infinity
     Parameter 5~N(0.000,infinity)           0.0000            infinity            infinity
     Parameter 6~N(0.000,infinity)           0.0000            infinity            infinity
     Parameter 7~N(0.000,infinity)           0.0000            infinity            infinity
     Parameter 8~N(0.000,infinity)           0.0000            infinity            infinity
     Parameter 9~N(0.000,infinity)           0.0000            infinity            infinity
     Parameter 10~N(0.000,infinity)          0.0000            infinity            infinity
     Parameter 11~N(0.000,infinity)          0.0000            infinity            infinity
     Parameter 12~N(0.000,infinity)          0.0000            infinity            infinity
     Parameter 13~N(0.000,infinity)          0.0000            infinity            infinity
     Parameter 14~N(0.000,infinity)          0.0000            infinity            infinity
     Parameter 15~N(0.000,infinity)          0.0000            infinity            infinity
     Parameter 16~N(0.000,infinity)          0.0000            infinity            infinity
     Parameter 17~N(0.000,infinity)          0.0000            infinity            infinity
     Parameter 18~IW(0.000,-3)             infinity            infinity            infinity
     Parameter 19~IG(-1.000,0.000)         infinity            infinity            infinity
     Parameter 20~IW(0.000,-6)             infinity            infinity            infinity
     Parameter 21~IW(0.000,-6)             infinity            infinity            infinity
     Parameter 22~IW(0.000,-6)             infinity            infinity            infinity
     Parameter 23~IW(0.000,-6)             infinity            infinity            infinity
     Parameter 24~IW(0.000,-6)             infinity            infinity            infinity
     Parameter 25~IW(0.000,-6)             infinity            infinity            infinity
     Parameter 26~IW(0.000,-6)             infinity            infinity            infinity
     Parameter 27~IW(0.000,-6)             infinity            infinity            infinity
     Parameter 28~IW(0.000,-6)             infinity            infinity            infinity
     Parameter 29~IW(0.000,-6)             infinity            infinity            infinity
     Parameter 30~IW(0.000,-6)             infinity            infinity            infinity
     Parameter 31~IW(0.000,-6)             infinity            infinity            infinity
     Parameter 32~IW(0.000,-6)             infinity            infinity            infinity
     Parameter 33~IW(0.000,-6)             infinity            infinity            infinity
     Parameter 34~IW(0.000,-6)             infinity            infinity            infinity
     Parameter 35~IW(0.000,-3)             infinity            infinity            infinity
     Parameter 36~IW(0.000,-3)             infinity            infinity            infinity


TECHNICAL 4 OUTPUT


     AVERAGE ESTIMATES DERIVED FROM THE MODEL FOR WITHIN


           ESTIMATED MEANS FOR THE LATENT VARIABLES
              F             F&1           STAB          LOGV          FEMALE
              ________      ________      ________      ________      ________
                0.000         0.000         0.372        -1.014         0.485


           ESTIMATED MEANS FOR THE LATENT VARIABLES
              AGE           EDU_MED       EDU_HIGH      NR_DEV        PHOT_C_L
              ________      ________      ________      ________      ________
               45.243         0.444         0.402         2.385         0.892


           ESTIMATED COVARIANCE MATRIX FOR THE LATENT VARIABLES
              F             F&1           STAB          LOGV          FEMALE
              ________      ________      ________      ________      ________
 F              0.375
 F&1            0.223         0.375
 STAB           0.000         0.000         0.000
 LOGV           0.000         0.000         0.000         0.000
 FEMALE         0.000         0.000         0.000         0.000         0.000
 AGE            0.000         0.000         0.000         0.000         0.000
 EDU_MED        0.000         0.000         0.000         0.000         0.000
 EDU_HIGH       0.000         0.000         0.000         0.000         0.000
 NR_DEV         0.000         0.000         0.000         0.000         0.000
 PHOT_C_L       0.375         0.223         0.000         0.000         0.000


           ESTIMATED COVARIANCE MATRIX FOR THE LATENT VARIABLES
              AGE           EDU_MED       EDU_HIGH      NR_DEV        PHOT_C_L
              ________      ________      ________      ________      ________
 AGE            0.000
 EDU_MED        0.000         0.000
 EDU_HIGH       0.000         0.000         0.000
 NR_DEV         0.000         0.000         0.000         0.000
 PHOT_C_L       0.000         0.000         0.000         0.000         0.797


           ESTIMATED CORRELATION MATRIX FOR THE LATENT VARIABLES
              F             F&1           STAB          LOGV          FEMALE
              ________      ________      ________      ________      ________
 F              1.000
 F&1            0.429         1.000
 STAB           0.000         0.000         1.000
 LOGV           0.000         0.000         0.000         1.000
 FEMALE         0.000         0.000         0.000         0.000         1.000
 AGE            0.000         0.000         0.000         0.000         0.000
 EDU_MED        0.000         0.000         0.000         0.000         0.000
 EDU_HIGH       0.000         0.000         0.000         0.000         0.000
 NR_DEV         0.000         0.000         0.000         0.000         0.000
 PHOT_C_L       0.640         0.279         0.000         0.000         0.000


           ESTIMATED CORRELATION MATRIX FOR THE LATENT VARIABLES
              AGE           EDU_MED       EDU_HIGH      NR_DEV        PHOT_C_L
              ________      ________      ________      ________      ________
 AGE            1.000
 EDU_MED        0.000         1.000
 EDU_HIGH       0.000         0.000         1.000
 NR_DEV         0.000         0.000         0.000         1.000
 PHOT_C_L       0.000         0.000         0.000         0.000         1.000


     ESTIMATES DERIVED FROM THE MODEL FOR BETWEEN


           ESTIMATED MEANS FOR THE LATENT VARIABLES
              F             F&1           STAB          LOGV          FEMALE
              ________      ________      ________      ________      ________
                0.000         0.000         0.370        -1.011         0.485


           ESTIMATED MEANS FOR THE LATENT VARIABLES
              AGE           EDU_MED       EDU_HIGH      NR_DEV        PHOT_C_L
              ________      ________      ________      ________      ________
               45.245         0.444         0.402         2.385         0.892


           ESTIMATED COVARIANCE MATRIX FOR THE LATENT VARIABLES
              F             F&1           STAB          LOGV          FEMALE
              ________      ________      ________      ________      ________
 F              0.000
 F&1            0.000         0.000
 STAB           0.000         0.000         0.048
 LOGV           0.000         0.000         0.000         0.293
 FEMALE         0.000         0.000         0.000         0.044         0.255
 AGE            0.000         0.000         0.000        -2.393        -0.341
 EDU_MED        0.000         0.000         0.000        -0.006         0.002
 EDU_HIGH       0.000         0.000         0.000         0.011        -0.009
 NR_DEV         0.000         0.000         0.000        -0.009        -0.032
 PHOT_C_L       0.000         0.000         0.073         0.000         0.000


           ESTIMATED COVARIANCE MATRIX FOR THE LATENT VARIABLES
              AGE           EDU_MED       EDU_HIGH      NR_DEV        PHOT_C_L
              ________      ________      ________      ________      ________
 AGE          180.262
 EDU_MED        1.117         0.251
 EDU_HIGH      -1.530        -0.182         0.245
 NR_DEV         0.880        -0.001         0.031         0.401
 PHOT_C_L       0.000         0.000         0.000         0.000         0.125


           ESTIMATED CORRELATION MATRIX FOR THE LATENT VARIABLES
              F             F&1           STAB          LOGV          FEMALE
              ________      ________      ________      ________      ________
 F              1.000
 F&1            0.000         1.000
 STAB           0.000         0.000         1.000
 LOGV           0.000         0.000         0.000         1.000
 FEMALE         0.000         0.000         0.000         0.161         1.000
 AGE            0.000         0.000         0.000        -0.329        -0.050
 EDU_MED        0.000         0.000         0.000        -0.024         0.009
 EDU_HIGH       0.000         0.000         0.000         0.040        -0.036
 NR_DEV         0.000         0.000         0.000        -0.026        -0.099
 PHOT_C_L       0.000         0.000         0.935         0.000         0.000


           ESTIMATED CORRELATION MATRIX FOR THE LATENT VARIABLES
              AGE           EDU_MED       EDU_HIGH      NR_DEV        PHOT_C_L
              ________      ________      ________      ________      ________
 AGE            1.000
 EDU_MED        0.166         1.000
 EDU_HIGH      -0.230        -0.732         1.000
 NR_DEV         0.104        -0.005         0.097         1.000
 PHOT_C_L       0.000         0.000         0.000         0.000         1.000


TECHNICAL 8 OUTPUT


   TECHNICAL 8 OUTPUT FOR BAYES ESTIMATION

     PROCESSOR    BSEED
     1            0
     2            285380
     3            253358
     4            93468
     5            608496
     6            903420
     7            195873
     8            462953
     9            939021
     10           127215
     11           415931
     12           533738
     13           107446
     14           399671
     15           650371
     16           27071
     17           76974
     18           68985
     19           851945
     20           637345
     21           573096
     22           902278
     23           887676
     24           372176
     25           347515
     26           207896
     27           569131
     28           364676
     29           392418
     30           366706

                     POTENTIAL       PARAMETER WITH
     ITERATION    SCALE REDUCTION      HIGHEST PSR
     100              1.342               5
     200              1.070               2
     300              1.061               13
     400              1.091               36
     500              1.342               2
     600              1.731               2
     700              1.621               2
     800              1.726               2
     900              1.710               2
     1000             1.417               2
     1100             1.212               19
     1200             1.223               19
     1300             1.284               19
     1400             1.114               19
     1500             1.038               19
     1600             1.019               15
     1700             1.019               15
     1800             1.040               2
     1900             1.013               2
     2000             1.009               3
     2100             1.013               18
     2200             1.029               18
     2300             1.030               18
     2400             1.024               18
     2500             1.035               18
     2600             1.031               18
     2700             1.035               18
     2800             1.036               5
     2900             1.059               5
     3000             1.058               5
     3100             1.051               5
     3200             1.040               5
     3300             1.029               5
     3400             1.040               5
     3500             1.041               5
     3600             1.038               3
     3700             1.044               3
     3800             1.048               3
     3900             1.053               3
     4000             1.054               3
     4100             1.059               3
     4200             1.065               3
     4300             1.072               4
     4400             1.082               4
     4500             1.088               4
     4600             1.094               4
     4700             1.095               4
     4800             1.097               4
     4900             1.105               4
     5000             1.107               4
     5100             1.112               4
     5200             1.111               4
     5300             1.112               4
     5400             1.113               4
     5500             1.115               4
     5600             1.116               4
     5700             1.117               4
     5800             1.118               4
     5900             1.119               4
     6000             1.118               4
     6100             1.117               4
     6200             1.116               4
     6300             1.116               4
     6400             1.114               4
     6500             1.111               4
     6600             1.107               4
     6700             1.107               4
     6800             1.103               4
     6900             1.100               4
     7000             1.097               4
     7100             1.092               4
     7200             1.088               4
     7300             1.083               4
     7400             1.075               4
     7500             1.070               4
     7600             1.064               4
     7700             1.058               4
     7800             1.051               4
     7900             1.046               4
     8000             1.042               4
     8100             1.037               4
     8200             1.034               4
     8300             1.030               4
     8400             1.025               4
     8500             1.022               4
     8600             1.018               18
     8700             1.019               18
     8800             1.018               18
     8900             1.019               2
     9000             1.030               2
     9100             1.029               2
     9200             1.032               2
     9300             1.029               2
     9400             1.033               2
     9500             1.031               2
     9600             1.031               2
     9700             1.022               2
     9800             1.019               2
     9900             1.020               2
     10000            1.015               19
     10100            1.015               3
     10200            1.018               3
     10300            1.020               3
     10400            1.023               3
     10500            1.025               3
     10600            1.028               3
     10700            1.030               3
     10800            1.033               3
     10900            1.035               3
     11000            1.038               3
     11100            1.040               3
     11200            1.045               3
     11300            1.048               3
     11400            1.051               3
     11500            1.054               3
     11600            1.055               3
     11700            1.056               3
     11800            1.059               3
     11900            1.061               3
     12000            1.063               3
     12100            1.064               3
     12200            1.066               3
     12300            1.068               3
     12400            1.070               3
     12500            1.073               3
     12600            1.075               3
     12700            1.078               3
     12800            1.080               3
     12900            1.083               3
     13000            1.084               3
     13100            1.087               3
     13200            1.089               3
     13300            1.091               3
     13400            1.095               3
     13500            1.099               3
     13600            1.102               3
     13700            1.105               3
     13800            1.107               3
     13900            1.109               3
     14000            1.111               3
     14100            1.113               3
     14200            1.116               3
     14300            1.116               3
     14400            1.119               3
     14500            1.121               3
     14600            1.124               3
     14700            1.125               3
     14800            1.127               3
     14900            1.130               3
     15000            1.132               3
     15100            1.134               3
     15200            1.136               3
     15300            1.139               3
     15400            1.141               3
     15500            1.143               3
     15600            1.144               3
     15700            1.147               3
     15800            1.148               3
     15900            1.149               3
     16000            1.153               3
     16100            1.155               3
     16200            1.157               3
     16300            1.159               3
     16400            1.161               3
     16500            1.165               3
     16600            1.168               3
     16700            1.168               3
     16800            1.169               3
     16900            1.169               3
     17000            1.171               3
     17100            1.173               3
     17200            1.173               3
     17300            1.174               3
     17400            1.176               3
     17500            1.177               3
     17600            1.178               3
     17700            1.179               3
     17800            1.181               3
     17900            1.182               3
     18000            1.183               3
     18100            1.184               3
     18200            1.187               3
     18300            1.190               3
     18400            1.192               3
     18500            1.194               3
     18600            1.196               3
     18700            1.197               3
     18800            1.198               3
     18900            1.200               3
     19000            1.201               3
     19100            1.203               3
     19200            1.206               3
     19300            1.208               3
     19400            1.209               3
     19500            1.210               3
     19600            1.211               3
     19700            1.211               3
     19800            1.212               3
     19900            1.212               3
     20000            1.214               3
     20100            1.215               3
     20200            1.216               3
     20300            1.216               3
     20400            1.216               3
     20500            1.216               3
     20600            1.216               3
     20700            1.217               3
     20800            1.217               3
     20900            1.218               3
     21000            1.218               3
     21100            1.217               3
     21200            1.215               3
     21300            1.215               3
     21400            1.215               3
     21500            1.215               3
     21600            1.214               3
     21700            1.214               3
     21800            1.213               3
     21900            1.214               3
     22000            1.214               3
     22100            1.213               3
     22200            1.213               3
     22300            1.212               3
     22400            1.211               3
     22500            1.210               3
     22600            1.210               3
     22700            1.208               3
     22800            1.207               3
     22900            1.206               3
     23000            1.205               3
     23100            1.204               3
     23200            1.205               3
     23300            1.204               3
     23400            1.205               3
     23500            1.203               3
     23600            1.202               3
     23700            1.201               3
     23800            1.199               3
     23900            1.198               3
     24000            1.196               3
     24100            1.194               3
     24200            1.193               3
     24300            1.191               3
     24400            1.189               3
     24500            1.186               3
     24600            1.185               3
     24700            1.184               3
     24800            1.182               3
     24900            1.179               3
     25000            1.177               3
     25100            1.174               3
     25200            1.171               3
     25300            1.168               3
     25400            1.166               3
     25500            1.163               3
     25600            1.161               3
     25700            1.160               3
     25800            1.157               3
     25900            1.155               3
     26000            1.154               3
     26100            1.153               3
     26200            1.151               3
     26300            1.149               3
     26400            1.148               3
     26500            1.147               3
     26600            1.145               3
     26700            1.144               3
     26800            1.142               3
     26900            1.140               3
     27000            1.139               3
     27100            1.137               3
     27200            1.135               3
     27300            1.134               3
     27400            1.133               3
     27500            1.132               3
     27600            1.131               3
     27700            1.130               3
     27800            1.128               3
     27900            1.127               3
     28000            1.125               3
     28100            1.123               3
     28200            1.122               3
     28300            1.120               3
     28400            1.118               3
     28500            1.117               3
     28600            1.115               3
     28700            1.114               3
     28800            1.112               3
     28900            1.110               3
     29000            1.108               3
     29100            1.106               3
     29200            1.105               3
     29300            1.104               3
     29400            1.102               3
     29500            1.101               3
     29600            1.100               3
     29700            1.099               3
     29800            1.098               3
     29900            1.096               3
     30000            1.095               3
     30100            1.094               3
     30200            1.093               3
     30300            1.092               3
     30400            1.090               3
     30500            1.089               3
     30600            1.087               3
     30700            1.086               3
     30800            1.085               3
     30900            1.084               3
     31000            1.082               3
     31100            1.081               3
     31200            1.079               3
     31300            1.078               3
     31400            1.077               3
     31500            1.075               3
     31600            1.074               3
     31700            1.073               3
     31800            1.071               3
     31900            1.069               3
     32000            1.068               3
     32100            1.066               3
     32200            1.064               3
     32300            1.063               3
     32400            1.061               3
     32500            1.060               3
     32600            1.058               3
     32700            1.056               3
     32800            1.055               3
     32900            1.053               3
     33000            1.052               3
     33100            1.050               3
     33200            1.048               3
     33300            1.046               3
     33400            1.045               3
     33500            1.043               3
     33600            1.043               3
     33700            1.041               3
     33800            1.040               3
     33900            1.038               3
     34000            1.037               3
     34100            1.036               3
     34200            1.035               3
     34300            1.034               3
     34400            1.033               3
     34500            1.032               3
     34600            1.030               3
     34700            1.029               3
     34800            1.028               3
     34900            1.027               3
     35000            1.026               3
     35100            1.025               3
     35200            1.024               3
     35300            1.023               3
     35400            1.022               3
     35500            1.021               3
     35600            1.020               3
     35700            1.019               3
     35800            1.018               3
     35900            1.017               3
     36000            1.016               3
     36100            1.016               3
     36200            1.015               3
     36300            1.014               3
     36400            1.013               3
     36500            1.012               3
     36600            1.012               3
     36700            1.011               3
     36800            1.012               2
     36900            1.012               2
     37000            1.011               2
     37100            1.011               2
     37200            1.010               2
     37300            1.010               2
     37400            1.009               2
     37500            1.009               2
     37600            1.009               2
     37700            1.009               2
     37800            1.010               2
     37900            1.010               2
     38000            1.011               2
     38100            1.011               2
     38200            1.010               2
     38300            1.009               2
     38400            1.009               4
     38500            1.009               4
     38600            1.009               4
     38700            1.009               2
     38800            1.010               2
     38900            1.009               2
     39000            1.009               4
     39100            1.009               4
     39200            1.009               4
     39300            1.008               4
     39400            1.008               4
     39500            1.008               4
     39600            1.008               4
     39700            1.008               4
     39800            1.009               4
     39900            1.009               4
     40000            1.009               4
     40100            1.009               4
     40200            1.009               4
     40300            1.009               4
     40400            1.009               4
     40500            1.010               4
     40600            1.010               4
     40700            1.010               4
     40800            1.010               4
     40900            1.010               4
     41000            1.010               4
     41100            1.011               4
     41200            1.011               4
     41300            1.011               4
     41400            1.011               4
     41500            1.011               4
     41600            1.011               4
     41700            1.012               4
     41800            1.012               4
     41900            1.012               4
     42000            1.012               4
     42100            1.012               4
     42200            1.012               4
     42300            1.012               4
     42400            1.012               4
     42500            1.012               4
     42600            1.012               4
     42700            1.012               4
     42800            1.012               4
     42900            1.012               4
     43000            1.012               4
     43100            1.012               4
     43200            1.012               4
     43300            1.012               4
     43400            1.012               4
     43500            1.012               4
     43600            1.012               4
     43700            1.012               4
     43800            1.012               4
     43900            1.012               4
     44000            1.011               4
     44100            1.011               4
     44200            1.011               4
     44300            1.011               4
     44400            1.011               4
     44500            1.011               4
     44600            1.011               4
     44700            1.010               4
     44800            1.010               2
     44900            1.010               4
     45000            1.010               4
     45100            1.010               4
     45200            1.010               4
     45300            1.010               4
     45400            1.011               2
     45500            1.011               2
     45600            1.011               2
     45700            1.011               2
     45800            1.010               4
     45900            1.010               2
     46000            1.010               2
     46100            1.010               4
     46200            1.010               2
     46300            1.010               2
     46400            1.010               2
     46500            1.011               2
     46600            1.011               2
     46700            1.010               2
     46800            1.010               2
     46900            1.009               2
     47000            1.009               2
     47100            1.009               2
     47200            1.009               2
     47300            1.009               4
     47400            1.009               4
     47500            1.009               4
     47600            1.009               4
     47700            1.009               4
     47800            1.009               4
     47900            1.009               4
     48000            1.009               4
     48100            1.009               4
     48200            1.009               4
     48300            1.009               4
     48400            1.009               4
     48500            1.009               4
     48600            1.009               4
     48700            1.009               4
     48800            1.009               4
     48900            1.009               2
     49000            1.010               2
     49100            1.010               2
     49200            1.010               2
     49300            1.010               2
     49400            1.010               2
     49500            1.010               2
     49600            1.010               2
     49700            1.010               2
     49800            1.010               2
     49900            1.010               2
     50000            1.011               2
     50100            1.012               2
     50200            1.012               2
     50300            1.013               2
     50400            1.014               2
     50500            1.015               2
     50600            1.016               2
     50700            1.016               2
     50800            1.017               2
     50900            1.017               2
     51000            1.017               2
     51100            1.017               2
     51200            1.017               2
     51300            1.018               2
     51400            1.018               2
     51500            1.018               2
     51600            1.017               2
     51700            1.016               2
     51800            1.016               2
     51900            1.017               2
     52000            1.017               2
     52100            1.016               2
     52200            1.015               2
     52300            1.015               2
     52400            1.014               2
     52500            1.013               2
     52600            1.013               2
     52700            1.012               2
     52800            1.012               2
     52900            1.012               2
     53000            1.012               2
     53100            1.013               2
     53200            1.014               2
     53300            1.014               2
     53400            1.015               2
     53500            1.016               2
     53600            1.016               2
     53700            1.017               2
     53800            1.017               2
     53900            1.018               2
     54000            1.019               2
     54100            1.021               2
     54200            1.021               2
     54300            1.020               2
     54400            1.019               2
     54500            1.019               2
     54600            1.018               2
     54700            1.018               2
     54800            1.018               2
     54900            1.018               2
     55000            1.018               2
     55100            1.018               2
     55200            1.019               2
     55300            1.019               2
     55400            1.019               2
     55500            1.019               2
     55600            1.017               2
     55700            1.017               2
     55800            1.017               2
     55900            1.018               2
     56000            1.017               2
     56100            1.017               2
     56200            1.017               2
     56300            1.017               2
     56400            1.016               2
     56500            1.015               2
     56600            1.014               2
     56700            1.014               2
     56800            1.014               2
     56900            1.014               2
     57000            1.013               2
     57100            1.012               2
     57200            1.012               2
     57300            1.012               2
     57400            1.012               2
     57500            1.011               2
     57600            1.011               2
     57700            1.010               2
     57800            1.010               2
     57900            1.010               2
     58000            1.010               2
     58100            1.010               2
     58200            1.011               2
     58300            1.011               2
     58400            1.012               2
     58500            1.012               2
     58600            1.012               2
     58700            1.012               2
     58800            1.012               2
     58900            1.012               2
     59000            1.012               2
     59100            1.012               2
     59200            1.012               2
     59300            1.012               2
     59400            1.011               2
     59500            1.011               2
     59600            1.011               2
     59700            1.010               2
     59800            1.011               2
     59900            1.011               2
     60000            1.011               2
     60100            1.010               2
     60200            1.010               2
     60300            1.009               2
     60400            1.008               2
     60500            1.007               2
     60600            1.007               2
     60700            1.007               2
     60800            1.007               2
     60900            1.007               2
     61000            1.007               2
     61100            1.007               2
     61200            1.007               2
     61300            1.007               2
     61400            1.007               2
     61500            1.007               2
     61600            1.006               2
     61700            1.007               2
     61800            1.007               2
     61900            1.006               2
     62000            1.006               2
     62100            1.006               2
     62200            1.006               2
     62300            1.006               2
     62400            1.006               2
     62500            1.006               2
     62600            1.006               2
     62700            1.005               2
     62800            1.005               2
     62900            1.005               2
     63000            1.005               2
     63100            1.005               2
     63200            1.004               2
     63300            1.004               2
     63400            1.005               2
     63500            1.005               2
     63600            1.006               2
     63700            1.007               2
     63800            1.007               2
     63900            1.008               2
     64000            1.008               2
     64100            1.008               2
     64200            1.008               2
     64300            1.008               2
     64400            1.008               2
     64500            1.009               2
     64600            1.009               2
     64700            1.009               2
     64800            1.009               2
     64900            1.009               2
     65000            1.008               2
     65100            1.008               2
     65200            1.008               2
     65300            1.008               2
     65400            1.008               2
     65500            1.008               2
     65600            1.008               2
     65700            1.008               2
     65800            1.008               2
     65900            1.008               2
     66000            1.009               3
     66100            1.009               3
     66200            1.009               3
     66300            1.009               3
     66400            1.010               3
     66500            1.010               3
     66600            1.010               3
     66700            1.010               3
     66800            1.011               3
     66900            1.011               3
     67000            1.011               3
     67100            1.011               3
     67200            1.011               3
     67300            1.012               3
     67400            1.012               3
     67500            1.012               3
     67600            1.012               3
     67700            1.013               3
     67800            1.013               3
     67900            1.013               3
     68000            1.013               3
     68100            1.014               3
     68200            1.014               3
     68300            1.014               3
     68400            1.014               3
     68500            1.015               3
     68600            1.015               3
     68700            1.015               3
     68800            1.015               3
     68900            1.016               3
     69000            1.016               3
     69100            1.016               3
     69200            1.017               3
     69300            1.017               3
     69400            1.017               3
     69500            1.018               3
     69600            1.018               3
     69700            1.018               3
     69800            1.018               3
     69900            1.018               3
     70000            1.019               3
     70100            1.019               3
     70200            1.019               3
     70300            1.019               3
     70400            1.020               3
     70500            1.020               3
     70600            1.020               3
     70700            1.020               3
     70800            1.021               3
     70900            1.021               3
     71000            1.021               3
     71100            1.021               3
     71200            1.022               3
     71300            1.022               3
     71400            1.023               3
     71500            1.023               3
     71600            1.023               3
     71700            1.023               3
     71800            1.024               3
     71900            1.024               3
     72000            1.024               3
     72100            1.024               3
     72200            1.024               3
     72300            1.024               3
     72400            1.025               3
     72500            1.025               3
     72600            1.025               3
     72700            1.025               3
     72800            1.026               3
     72900            1.026               3
     73000            1.026               3
     73100            1.026               3
     73200            1.026               3
     73300            1.027               3
     73400            1.027               3
     73500            1.027               3
     73600            1.027               3
     73700            1.027               3
     73800            1.027               3
     73900            1.027               3
     74000            1.027               3
     74100            1.027               3
     74200            1.027               3
     74300            1.027               3
     74400            1.027               3
     74500            1.027               3
     74600            1.027               3
     74700            1.027               3
     74800            1.027               3
     74900            1.027               3
     75000            1.027               3
     75100            1.027               3
     75200            1.027               3
     75300            1.027               3
     75400            1.027               3
     75500            1.027               3
     75600            1.027               3
     75700            1.026               3
     75800            1.026               3
     75900            1.026               3
     76000            1.026               3
     76100            1.026               3
     76200            1.026               3
     76300            1.026               3
     76400            1.026               3
     76500            1.026               3
     76600            1.026               3
     76700            1.026               3
     76800            1.026               3
     76900            1.026               3
     77000            1.026               3
     77100            1.026               3
     77200            1.025               3
     77300            1.026               3
     77400            1.026               3
     77500            1.026               3
     77600            1.026               3
     77700            1.026               3
     77800            1.026               3
     77900            1.026               3
     78000            1.026               3
     78100            1.026               3
     78200            1.026               3
     78300            1.026               3
     78400            1.026               3
     78500            1.026               3
     78600            1.026               3
     78700            1.026               3
     78800            1.026               3
     78900            1.026               3
     79000            1.026               3
     79100            1.026               3
     79200            1.025               3
     79300            1.025               3
     79400            1.025               3
     79500            1.025               3
     79600            1.025               3
     79700            1.025               3
     79800            1.025               3
     79900            1.025               3
     80000            1.025               3
     80100            1.025               3
     80200            1.025               3
     80300            1.025               3
     80400            1.025               3
     80500            1.025               3
     80600            1.024               3
     80700            1.024               3
     80800            1.024               3
     80900            1.024               3
     81000            1.024               3
     81100            1.024               3
     81200            1.024               3
     81300            1.024               3
     81400            1.024               3
     81500            1.023               3
     81600            1.023               3
     81700            1.023               3
     81800            1.023               3
     81900            1.023               3
     82000            1.023               3
     82100            1.023               3
     82200            1.022               3
     82300            1.022               3
     82400            1.022               3
     82500            1.022               3
     82600            1.022               3
     82700            1.022               3
     82800            1.022               3
     82900            1.021               3
     83000            1.021               3
     83100            1.021               3
     83200            1.021               3
     83300            1.021               3
     83400            1.021               3
     83500            1.021               3
     83600            1.021               3
     83700            1.021               3
     83800            1.020               3
     83900            1.020               3
     84000            1.020               3
     84100            1.020               3
     84200            1.020               3
     84300            1.020               3
     84400            1.020               3
     84500            1.020               3
     84600            1.020               3
     84700            1.020               3
     84800            1.020               3
     84900            1.020               3
     85000            1.020               3
     85100            1.020               3
     85200            1.020               3
     85300            1.019               3
     85400            1.019               3
     85500            1.019               3
     85600            1.019               3
     85700            1.019               3
     85800            1.019               3
     85900            1.019               3
     86000            1.019               3
     86100            1.019               3
     86200            1.019               3
     86300            1.019               3
     86400            1.018               3
     86500            1.018               3
     86600            1.018               3
     86700            1.018               3
     86800            1.018               3
     86900            1.018               3
     87000            1.017               3
     87100            1.017               3
     87200            1.017               3
     87300            1.017               3
     87400            1.017               3
     87500            1.017               3
     87600            1.016               3
     87700            1.016               3
     87800            1.016               3
     87900            1.016               3
     88000            1.016               3
     88100            1.015               3
     88200            1.015               3
     88300            1.015               3
     88400            1.015               3
     88500            1.015               3
     88600            1.015               3
     88700            1.015               3
     88800            1.014               3
     88900            1.014               3
     89000            1.014               3
     89100            1.014               3
     89200            1.014               3
     89300            1.014               3
     89400            1.013               3
     89500            1.013               3
     89600            1.013               3
     89700            1.013               3
     89800            1.013               3
     89900            1.012               3
     90000            1.012               3
     90100            1.012               3
     90200            1.012               3
     90300            1.012               3
     90400            1.012               3
     90500            1.011               3
     90600            1.011               3
     90700            1.011               3
     90800            1.011               3
     90900            1.011               3
     91000            1.011               3
     91100            1.011               3
     91200            1.010               3
     91300            1.010               3
     91400            1.010               3
     91500            1.010               3
     91600            1.010               3
     91700            1.010               3
     91800            1.010               3
     91900            1.010               3
     92000            1.010               3
     92100            1.010               3
     92200            1.010               3
     92300            1.010               3
     92400            1.009               3
     92500            1.009               3
     92600            1.009               3
     92700            1.009               3
     92800            1.009               3
     92900            1.009               3
     93000            1.009               3
     93100            1.009               3
     93200            1.009               3
     93300            1.009               3
     93400            1.009               3
     93500            1.009               3
     93600            1.009               3
     93700            1.008               3
     93800            1.008               3
     93900            1.008               3
     94000            1.008               3
     94100            1.008               3
     94200            1.008               3
     94300            1.008               3
     94400            1.008               3
     94500            1.008               3
     94600            1.008               3
     94700            1.008               3
     94800            1.008               3
     94900            1.008               3
     95000            1.008               3
     95100            1.008               3
     95200            1.007               3
     95300            1.007               3
     95400            1.007               3
     95500            1.007               3
     95600            1.007               3
     95700            1.007               3
     95800            1.007               3
     95900            1.007               4
     96000            1.007               4
     96100            1.007               4
     96200            1.007               4
     96300            1.007               4
     96400            1.007               4
     96500            1.007               4
     96600            1.007               4
     96700            1.007               4
     96800            1.007               4
     96900            1.007               4
     97000            1.007               4
     97100            1.007               4
     97200            1.007               4
     97300            1.007               4
     97400            1.007               4
     97500            1.007               4
     97600            1.008               4
     97700            1.008               4
     97800            1.008               4
     97900            1.008               4
     98000            1.008               4
     98100            1.008               4
     98200            1.008               4
     98300            1.008               4
     98400            1.008               4
     98500            1.008               4
     98600            1.008               4
     98700            1.008               4
     98800            1.007               4
     98900            1.007               4
     99000            1.007               4
     99100            1.007               4
     99200            1.007               4
     99300            1.007               4
     99400            1.007               4
     99500            1.007               4
     99600            1.007               4
     99700            1.007               4
     99800            1.007               4
     99900            1.007               4
     100000           1.007               4


     MCMC EFFECTIVE SAMPLE SIZE (ESS) IN ASCENDING ORDER
        LOWEST 10 PARAMETERS
        PARAMETER    ESS
             1       <20
             3        75
             2       606
             4       657
             5       699
            19      1019
            18      2159
            35      3410
            14      3801
            39      4177


PLOT INFORMATION

The following plots are available:

  Histograms (sample values)
  Scatterplots (sample values)
  Between-level histograms (sample values, sample means/variances)
  Between-level scatterplots (sample values, sample means/variances)
  Time series plots (sample values, ACF, PACF)
  Histogram of subjects per time point
  Time interval plots
  Bayesian posterior parameter distributions
  Bayesian posterior parameter trace plots
  Bayesian autocorrelation plots

     Beginning Time:  16:13:57
        Ending Time:  23:13:33
       Elapsed Time:  30:59:36



MUTHEN & MUTHEN
3463 Stoner Ave.
Los Angeles, CA  90066

Tel: (310) 391-9971
Fax: (310) 391-8971
Web: www.StatModel.com
Support: Support@StatModel.com

Copyright (c) 1998-2025 Muthen & Muthen
