Mplus VERSION 9 (Linux)
MUTHEN & MUTHEN
11/03/2025   6:40 AM

INPUT INSTRUCTIONS


  TITLE: Two-level AR(1) model for sm_d_l2;

  DATA:
    FILE = "data_full_sm_d_l2.dat";

  VARIABLE:
  NAMES = new_id age female edu edu_low edu_med edu_high nr_dev w1_inet w1_sp w1_pc_nr
       w1_sph_nr w1_tabl_nr date call_c msg_c phot_c call_d msg_d phot_d web_c web_d
       sm_c sm_d w1_date w1b_date w1_date_7 w1_date_30 w1b_date_7 w1b_date_30
       day_before_w1 day_before_w1b w1_7d_window w1b_7d_window w1_30d_window
       w1b_30d_window days_c call_d_l msg_d_l phot_d_l web_d_l sm_d_l call_c_l msg_c_l
       phot_c_l web_c_l sm_c_l days_c_l call_d_l2 msg_d_l2 phot_d_l2 web_d_l2 sm_d_l2
       call_c_l2 msg_c_l2 phot_c_l2 web_c_l2 sm_c_l2 call_c_b msg_c_b phot_c_b web_c_b
       sm_c_b time;
    MISSING = .;
    USEVARIABLES = sm_d_l2 day_before_w1 female age edu_med edu_high nr_dev w1_inet;
    WITHIN = day_before_w1;
    BETWEEN = female age edu_med edu_high nr_dev;
    CLUSTER = new_id;
    TINTERVAL = time (1 time2);

  ANALYSIS:
    TYPE = TWOLEVEL RANDOM;
    ESTIMATOR = BAYES;
    PROCESSORS = 30;
    BITERATIONS = 80000 (10000);
    THIN = 20;

  MODEL:

  %WITHIN%
  f BY sm_d_l2@1(&1);
  trend | sm_d_l2 ON day_before_w1;
  stab | f ON f&1;

  logv | sm_d_l2;

  day_before_w1;

  %BETWEEN%
  sm_d_l2 WITH stab trend;
  stab WITH trend;

  [logv] (m);
  logv (s);

  logv ON female age edu_med edu_high nr_dev;

  female;
  age;
  edu_med;
  edu_high;
  nr_dev;

  Model Constraint:
            new(medv meanv 25qv 75qv);		
            medv = exp(m);
            meanv = exp(m + s/2);
    		! 25th and 75th quartiles
    		! based on normal dist of logv:
    		25qv = exp(m - sqrt(s)*0.675);
    		75qv = exp(m + sqrt(s)*0.675);




  OUTPUT: TECH1 TECH8 TECH4 STDYX residual;

  PLOT: TYPE = PLOT3;



*** WARNING in VARIABLE command
  Note that only the first 8 characters of variable names are used in the output.
  Shorten variable names to avoid any confusion.
*** WARNING in MODEL command
  Variable is uncorrelated with all other variables: W1_INET
*** WARNING in MODEL command
  At least one variable is uncorrelated with all other variables in the model.
  Check that this is what is intended.
*** WARNING in PLOT command
  Note that only the first 8 characters of variable names are used in plots.
  If variable names are not unique within the first 8 characters, problems
  may occur.
*** WARNING
  One or more individual-level variables have no variation within a
  cluster for the following clusters.

     Variable   Cluster IDs with no within-cluster variation

      W1_INET     514 657 1295 1511 1641 1060 468 635 565 534 98 1781 573 310 671 1055 388 27
                  245 1446 1853 2134 1974 1540 752 1038 773 463 996 1146 1962 1815 1886 1557 494
                  955 554 693 1177 1899 2021 647 1776 835 2144 2207 1735 1140 1188 247 1056 226
                  771 189 900 1025 1361 1766 521 988 663 1136 1101 1211 902 363 2120 2034 768
                  337 2139 825 620 931 1890 2103 538 1084 2039 341 435 1273 384 1666 1662 1888
                  441 1520 903 586 1079 1865 1676 1486 394 420 442 411 270 1706 224 1282 1780
                  1567 897 1053 1069 1430 1605 1574 1155 297 1343 1109 427 454 1549 1337 1049
                  2116 2007 173 701 392 371 1328 991 1723 1317 2210 611 1998 293 1302 1594 967
                  636 1122 1224 260 492 406 631 974 957 1551 524 1968 2183 1516 583 536 537 237
                  728 191 26 774 830 286 1876 667 808 1971 934 1339 495 1544 2129 206 812 566
                  1744 108 1834 2043 1808 142 110 282 1299 413 284 182 342 212 210 163 132 196
                  147 262 1818 410 330 155 447 399 357 1468 455 419 274 387 360 229 1565 287 167
                  320 416 137 188 414 220 377 446 443 241 376 143 115 184 198 353 129 301 193
                  1615 393 328 91 331 240 157 440 207 428 1527 362 405 316 370 249 422 451 398
                  172 239 396 432 264 263 295 453 268 1797 111 217 322 1860 304 981 298 153 400
                  332 204 1227 235 437 1938 186 177 309 2085 318 317 354 372 30 314 418 2211 347
                  1458 361 423 296 294 1637 278 291 109 205 253 402 1402 1517 1022 2061 1561 525
                  714 1944 938 1346 1231 709 602 638 1613 1878 1912 520 1133 1609 1131 997 1580
                  1021 1074 88 90 1488 1003 966 886 1478 1678 1564 814 1639 866 1366 1307 876
                  1855 791 1900 1524 1829 2049 944 1905 1989 932 1190 1589 1837 695 46 1243 2020
                  488 1135 2195 756 1955 1618 1661 1202 1404 1326 933 1653 2163 1340 772 829 1872
                  1798 2067 1442 1518 1424 1395 2001 84 1534 1100 1182 1645 499 517 99 2022 1977
                  1356 1298 1585 918 564 1887 1324 2036 1788 1634 1710 1659 2000 461 1303 2028
                  1311 930 62 1114 1015 33 1770 67 1096 632 767 719 1249 476 102 597 1032 692
                  1692 1057 999 558 1453 1668 1481 1940 1360 52 653 2216 896 1919 643 1821 1175
                  793 1008 605 73 1581 1643 63 484 908 725 1004 2147 6 1847 1213 983 97 1708 1115
                  868 482 1502 616 2093 1024 1418 1928 965 703 515 609 2212 2073 74 1806 1514
                  2015 1118 79 1064 1601 1817 2119 2099 1624 2199 2111 2137 1625 1879 822 874
                  1839 2081 1023 541 1445 471 1703 1432 35 895 1110 717 639 2069 745 924 743 1591
                  940 1686 853 1614 9 13 1013 1080 1720 1191 2030 943 2118 60 2219 2132 739 1610
                  1350 2208 1778 732 784 1891 1248 2026 1207 894 57 1254 1315 858 1314 85 645
                  1873 1768 1576 2038 11 1859 2014 1410 1835 1612 2064 2165 646 1951 1086 86 1727
                  1041 1608 1627 1623 1554 1863 1291 1030 1473 1673 946 1334 518 1429 1113 1542
                  674 2141 1214 1734 1077 618 1044 1849 1075 103 2191 1509 1568 18 92 821 557
                  675 906 1813 1882 1412 1981 36 1472 1604 1477 44 2056 1972 669 1497 889 1759
                  1348 1745 1033 2159 1850 1460 880 599 2059 2135 837 813 1917 1466 1953 1570
                  2082 2070 556 1697 680 712 1870 72 1790 910 25 986 1957 504 786 733 1465 1840
                  506 1963 1365 1674 1528 1786 1629 1875 746 1715 544 1562 977 1425 1979 1181
                  2138 684 19 1803 1632 1992 1397 871 720 1611 1171 603 1264 994 1437 1330 1573
                  959 559 1851 909 582 1695 1091 2065 1121 1924 2088 508 2117 555 753 1930 77
                  1696 1785 1923 2075 1801 59 726 1777 561 1687 953 29 37 686 859 1809 1956 927
                  827 2150 475 735 1232 1423 1947 1822 665 2131 1943 1305 995 1259 929 2016 807
                  2182 2127 1493 682 998 69 1999 1035 1793 2101 1731 1774 1454 1946 1754 1757
                  600 1967 1984 1250 2213 2187 1451 1532 1480 1508 1918 947 1461 1147 2136 105
                  1595 956 763 1504 1163 474 1070 642 1701 523 1572 1263 782 1225 1137 1895 1704
                  1713 470 2154 1172 100 1784 2076 1067 2019 2145 1987 1789 2095 914 870 1560
                  2157 801 711 1939 1646 1607 723 1799 2203 1392 2037 1937 958 1386 1588 849 1869
                  2122 1647 2224 1522 65 1656 780 901 93 740 1001 2112 2052 1729 751 1415 1546
                  1230 860 648 1856 1619 550 502 1654 882 1272 2197 1755 1294 1071 1931 855 926
                  904 507 2181 20 1219 1765 1061 2010 973 1961 628 1743 892 1485 1203 2196 2198
                  1810 500 1671 1089 885 640 2003 1782 633 1693 1280 1660 1590 875 2121 1117 989
                  95 1675 731 1050 540 899 1335 1236 1997 10 1881 2148 1378 1020 1174 845 1833
                  1648 288 1935 1942 741 1034 1907 1002 2002 1966 1716 718 2063 1104 2171

   5 WARNING(S) FOUND IN THE INPUT INSTRUCTIONS



Two-level AR(1) model for sm_d_l2;

SUMMARY OF ANALYSIS

Number of groups                                                 1
Number of observations                                       25836

Number of dependent variables                                    2
Number of independent variables                                  6
Number of continuous latent variables                            5

Observed dependent variables

  Continuous
   SM_D_L2     W1_INET

Observed independent variables
   DAY_BEFO    FEMALE      AGE         EDU_MED     EDU_HIGH    NR_DEV

Continuous latent variables
   F           F&1         TREND       STAB        LOGV

Variables with special functions

  Cluster variable      NEW_ID

  Within variables
   DAY_BEFO

  Between variables
   FEMALE      AGE         EDU_MED     EDU_HIGH    NR_DEV


Estimator                                                    BAYES
Specifications for Bayesian Estimation
  Point estimate                                            MEDIAN
  Number of Markov chain Monte Carlo (MCMC) chains               2
  Random seed for the first chain                                0
  Starting value information                           UNPERTURBED
  Algorithm used for Markov chain Monte Carlo           GIBBS(PX1)
  Convergence criterion                                  0.500D-01
  Maximum number of iterations                               80000
  K-th iteration used for thinning                              20

Input data file(s)
  data_full_sm_d_l2.dat
Input data format  FREE


SUMMARY OF DATA

     Number of clusters                        912

       Size (s)    Cluster ID with Size s

          3        514
          6        657 1295 1511 1641
          7        1060 468 635
          8        565 534 98 1781
          9        573 310
         10        671 1055
         11        388
         12        27
         13        245 1446
         14        1853
         15        2134
         16        1974 1540 752 1038 773 463 996
         17        1146 1962 1815
         18        1886 1557 494 955 554 693 1177
         19        1899 2021 647 1776 835 2144 2207 1735
         20        1140 1188 247 1056 226 771 189 900 1025 1361
         21        1766 521 988 663 1136
         22        1101 1211 902 363 2120 2034 768 337 2139 825 620 931
                   1890 2103
         23        538 1084 2039 341 435 1273 384 1666 1662
         24        1888 441 1520 903 586 1079 1865 1676 1486 394 420
         25        442 411 270 1706 224 1282 1780 1567 897 1053 1069 1430
                   1605 1574 1155
         26        297 1343 1109 427 454 1549 1337 1049 2116 2007 173 701
         27        392 371 1328 991 1723 1317 2210 611 1998 293 1302 1594
                   967 636 1122 1224
         28        260 492 406 631 974 957 1551 524 1968 2183 1516 583
                   536 537 237 728 191 26 774 830 286 1876 667 808 1971
                   934 1339 495 1544 2129 206 812 566 1744 108 1834
         29        2043 1808 142 110 282 1299 413 284 182 342 212 210 163
                   132 196 147 262 1818 410 330 155 447 399 357 1468 455
                   419 274 387 360 229 1565 287 167 320 416 137 188 414
                   220 377 446 443 241 376 143 115 184 198 353 129 301
                   193 1615 393 328 91 331 240 157 440 207 428 1527 362
                   405 316 370 249 422 451 398 172 239 396 432 264 263
                   295 453 268 1797 111 217 322 1860 304 981 298 153 400
                   332 204 1227 235 437 1938 186 177 309 2085 318 317 354
                   372 30 314 418 2211 347 1458 361 423 296 294 1637 278
                   291 109 205 253 402
         30        1402 1517 1022 2061 1561 525 714 1944 938 1346 1231
                   709 602 638 1613 1878 1912 520 1133 1609 1131 997 1580
                   1021 1074 88 90 1488 1003 966 886 1478 1678 1564 814
                   1639 866 1366 1307 876 1855 791 1900 1524 1829 2049
                   944 1905 1989 932 1190 1589 1837 695 46 1243 2020 488
                   1135 2195 756 1955 1618 1661 1202 1404 1326 933 1653
                   2163 1340 772 829 1872 1798 2067 1442 1518 1424 1395
                   2001 84 1534 1100 1182 1645 499 517 99 2022 1977 1356
                   1298 1585 918 564 1887 1324 2036 1788 1634 1710 1659
                   2000 461 1303 2028 1311 930 62 1114 1015 33 1770 67
                   1096 632 767 719 1249 476 102 597 1032 692 1692 1057
                   999 558 1453 1668 1481 1940 1360 52 653 2216 896 1919
                   643 1821 1175 793 1008 605 73 1581 1643 63 484 908 725
                   1004 2147 6 1847 1213 983 97 1708 1115 868 482 1502
                   616 2093 1024 1418 1928 965 703 515 609 2212 2073 74
                   1806 1514 2015 1118 79 1064 1601 1817 2119 2099 1624
                   2199 2111 2137 1625 1879 822 874 1839 2081 1023 541
                   1445 471 1703 1432 35 895 1110 717 639 2069 745 924
                   743 1591 940 1686 853 1614 9 13 1013 1080 1720 1191
                   2030 943 2118 60 2219 2132 739 1610 1350 2208 1778 732
                   784 1891 1248 2026 1207 894 57 1254 1315 858 1314 85
                   645 1873 1768 1576 2038 11 1859 2014 1410 1835 1612
                   2064 2165 646 1951 1086 86 1727 1041 1608 1627 1623
                   1554 1863 1291 1030 1473 1673 946 1334 518 1429 1113
                   1542 674 2141 1214 1734 1077 618 1044 1849 1075 103
                   2191 1509 1568 18 92 821 557 675 906 1813 1882 1412
                   1981 36 1472 1604 1477 44 2056 1972 669 1497 889 1759
                   1348 1745 1033 2159 1850 1460 880 599 2059 2135 837
                   813 1917 1466 1953 1570 2082 2070 556 1697 680 712 1870
                   72 1790 910 25 986 1957 504 786 733 1465 1840 506 1963
                   1365 1674 1528 1786 1629 1875 746 1715 544 1562 977
                   1425 1979 1181 2138 684 19 1803 1632 1992 1397 871 720
                   1611 1171 603 1264 994 1437 1330 1573 959 559 1851 909
                   582 1695 1091 2065 1121 1924 2088 508 2117 555 753 1930
                   77 1696 1785 1923 2075 1801 59 726 1777 561 1687 953
                   29 37 686 859 1809 1956 927 827 2150 475 735 1232 1423
                   1947 1822 665 2131 1943 1305 995 1259 929 2016 807 2182
                   2127 1493 682 998 69 1999 1035 1793 2101 1731 1774 1454
                   1946 1754 1757 600 1967 1984 1250 2213 2187 1451 1532
                   1480 1508 1918 947 1461 1147 2136 105 1595 956 763 1504
                   1163 474 1070 642 1701 523 1572 1263 782 1225 1137 1895
                   1704 1713 470 2154 1172 100 1784 2076 1067 2019 2145
                   1987 1789 2095 914 870 1560 2157 801 711 1939 1646 1607
                   723 1799 2203 1392 2037 1937 958 1386 1588 849 1869
                   2122 1647 2224 1522 65 1656 780 901 93 740 1001 2112
                   2052 1729 751 1415 1546 1230 860 648 1856 1619 550 502
                   1654 882 1272 2197 1755 1294 1071 1931 855 926 904 507
                   2181 20 1219 1765 1061 2010 973 1961 628 1743 892 1485
                   1203 2196 2198 1810 500 1671 1089 885 640 2003 1782
                   633 1693 1280 1660 1590 875 2121 1117 989 95 1675 731
                   1050 540 899 1335 1236 1997 10 1881 2148 1378 1020 1174
                   845 1833 1648 288 1935 1942 741 1034 1907 1002 2002
                   1966 1716 718 2063 1104 2171



COVARIANCE COVERAGE OF DATA

Minimum covariance coverage value   0.100

     Number of missing data patterns            18


     PROPORTION OF DATA PRESENT


           Covariance Coverage
              FEMALE        AGE           EDU_MED       EDU_HIGH      NR_DEV
              ________      ________      ________      ________      ________
 FEMALE         0.835
 AGE            0.834         0.839
 EDU_MED        0.835         0.839         1.000
 EDU_HIGH       0.835         0.839         1.000         1.000
 NR_DEV         0.835         0.839         1.000         1.000         1.000
 SM_D_L2        0.471         0.473         0.550         0.550         0.550
 DAY_BEFO       0.631         0.634         0.741         0.741         0.741
 W1_INET        0.511         0.513         0.587         0.587         0.587


           Covariance Coverage
              SM_D_L2       DAY_BEFO      W1_INET
              ________      ________      ________
 SM_D_L2        0.550
 DAY_BEFO       0.550         0.741
 W1_INET        0.428         0.587         0.587



UNIVARIATE SAMPLE STATISTICS


     UNIVARIATE HIGHER-ORDER MOMENT DESCRIPTIVE STATISTICS

         Variable/         Mean/     Skewness/   Minimum/ % with                Percentiles
        Sample Size      Variance    Kurtosis    Maximum  Min/Max      20%/60%    40%/80%    Median

     FEMALE                0.493       0.026       0.000   50.66%       0.000      0.000      0.000
             762.000       0.250      -1.999       1.000   49.34%       1.000      1.000
     AGE                  43.394      -0.102      14.000    0.13%      30.000     40.000     44.000
             766.000     189.362      -0.913      76.000    0.13%      48.000     57.000
     EDU_MED               0.416       0.343       0.000   58.44%       0.000      0.000      0.000
             912.000       0.243      -1.883       1.000   41.56%       1.000      1.000
     EDU_HIGH              0.440       0.243       0.000   56.03%       0.000      0.000      0.000
             912.000       0.246      -1.941       1.000   43.97%       1.000      1.000
     NR_DEV                2.400      -0.591       0.000    0.11%       2.000      2.000      2.000
             912.000       0.398      -0.471       3.000   47.81%       3.000      3.000
     SM_D_L2               2.684      -1.020      -4.094    0.18%       1.357      2.638      3.067
           14218.000       3.158       0.839       6.460    0.01%       3.453      4.154
     DAY_BEFORE_W1       -14.688       0.031     -29.000    3.18%     -23.000    -18.000    -15.000
           19139.000      71.851      -1.155       0.000    3.21%     -12.000     -6.000
     W1_INET               3.770       1.250       0.000    1.32%       1.000      2.250      3.000
           15159.000       9.439       1.216      20.500    0.01%       3.500      6.000


     WARNING: PROBLEMS OCCURRED IN SEVERAL ITERATIONS IN THE COMPUTATION OF THE STANDARDIZED ESTIMATES FOR SEVERAL
     CLUSTERS. THIS IS MOST LIKELY DUE TO AR COEFFICIENTS GREATER THAN 1 OR PARAMETERS GIVING NON-STATIONARY MODELS.
     SUCH POSTERIOR DRAWS ARE REMOVED. THE FOLLOWING CLUSTERS HAD SUCH PROBLEMS:
          514 657 1295 1511 1641 1060 468 635 565 534 98 1781 573 310 671 1055 388 27 245 1446 1853 2134
          1974 1540 752 1038 773 463 996 1146 1962 1815 1886 1557 494 955 554 693 1177 1899 2021 647
          1776 835 2144 2207 1735 1140 1188 247 1056 226 771 189 900 1025 1361 1766 521 988 663 1136
          1101 1211 902 363 2120 2034 768 337 2139 825 620 931 1890 2103 538 1084 2039 341 435 1273 384
          1666 1662 1888 441 1520 903 586 1079 1865 1676 1486 394 420 442 411 270 1706 224 1282 1780
          1567 897 1053 1069 1430 1605 1574 1155 297 1343 1109 427 454 1549 1337 1049 2116 2007 173 701
          392 371 1328 991 1723 1317 2210 611 1998 293 1302 1594 967 636 1122 1224 260 492 406 631 974
          957 1551 524 1968 2183 1516 583 536 537 237 728 191 26 774 830 286 1876 667 808 1971 934 1339
          495 1544 2129 206 812 566 1744 108 1834 2043 1808 142 110 282 1299 413 284 182 342 212 210
          163 132 196 147 262 1818 410 330 155 447 399 357 1468 455 419 274 387 360 229 1565 287 167
          320 416 137 188 414 220 377 446 443 241 376 143 115 184 198 353 129 301 193 1615 393 328 91
          331 240 157 440 207 428 1527 362 405 316 370 249 422 451 398 172 239 396 432 264 263 295 453
          268 1797 111 217 322 1860 304 981 298 153 400 332 204 1227 235 437 1938 186 177 309 2085 318
          317 354 372 30 314 418 2211 347 1458 361 423 296 294 1637 278 291 109 205 253 402 1402 1517
          1022 2061 1561 525 714 1944 938 1346 1231 709 602 638 1613 1878 1912 520 1133 1609 1131 997
          1580 1021 1074 88 90 1488 1003 966 886 1478 1678 1564 814 1639 866 1366 1307 876 1855 791 1900
          1524 1829 2049 944 1905 1989 932 1190 1589 1837 695 46 1243 2020 488 1135 2195 756 1955 1618
          1661 1202 1404 1326 933 1653 2163 1340 772 829 1872 1798 2067 1442 1518 1424 1395 2001 84 1534
          1100 1182 1645 499 517 99 2022 1977 1356 1298 1585 918 564 1887 1324 2036 1788 1634 1710 1659
          2000 461 1303 2028 1311 930 62 1114 1015 33 1770 67 1096 632 767 719 1249 476 102 597 1032
          692 1692 1057 999 558 1453 1668 1481 1940 1360 52 653 2216 896 1919 643 1821 1175 793 1008
          605 73 1581 1643 63 484 908 725 1004 2147 6 1847 1213 983 97 1708 1115 868 482 1502 616 2093
          1024 1418 1928 965 703 515 609 2212 2073 74 1806 1514 2015 1118 79 1064 1601 1817 2119 2099
          1624 2199 2111 2137 1625 1879 822 874 1839 2081 1023 541 1445 471 1703 1432 35 895 1110 717
          639 2069 745 924 743 1591 940 1686 853 1614 9 13 1013 1080 1720 1191 2030 943 2118 60 2219
          2132 739 1610 1350 2208 1778 732 784 1891 1248 2026 1207 894 57 1254 1315 858 1314 85 645 1873
          1768 1576 2038 11 1859 2014 1410 1835 2064 2165 646 1951 1086 86 1727 1041 1608 1627 1623 1554
          1863 1291 1030 1473 1673 946 1334 518 1429 1113 1542 674 2141 1214 1734 1077 618 1044 1849
          1075 103 2191 1509 1568 18 92 821 557 675 906 1813 1882 1412 1981 36 1472 1604 1477 44 2056
          1972 669 1497 889 1759 1348 1745 1033 2159 1850 1460 880 599 2059 2135 837 813 1917 1466 1953
          1570 2082 2070 556 1697 680 712 1870 72 1790 910 25 986 1957 504 733 1465 1840 506 1963 1365
          1674 1528 1786 1629 1875 746 1715 544 1562 977 1425 1979 1181 2138 684 19 1803 1632 1992 1397
          871 720 1611 1171 603 1264 994 1437 1330 1573 959 559 1851 909 582 1695 1091 2065 1121 1924
          2088 508 2117 555 753 1930 77 1696 1785 1923 2075 1801 59 726 1777 561 1687 953 29 37 686 859
          1809 1956 927 827 2150 475 735 1232 1423 1947 1822 665 2131 1943 1305 995 1259 929 2016 807
          2182 1493 682 998 69 1999 1035 1793 2101 1731 1774 1454 1946 1754 1757 600 1967 1984 1250 2213
          2187 1451 1532 1480 1508 1918 947 1461 1147 2136 105 1595 956 763 1504 1163 474 1070 642 1701
          523 1572 1263 782 1225 1137 1895 1704 1713 470 2154 1172 100 1784 2076 1067 2019 2145 1987
          1789 2095 914 870 1560 2157 801 711 1939 1646 1607 723 1799 2203 1392 2037 1937 958 1386 1588
          849 1869 2122 1647 2224 1522 65 1656 780 901 93 740 1001 2112 2052 1729 751 1415 1546 1230
          860 648 1856 1619 550 502 1654 882 1272 2197 1755 1294 1071 1931 855 926 904 507 2181 20 1219
          1765 1061 2010 973 1961 628 1743 892 1485 1203 2196 2198 1810 500 1671 1089 885 640 2003 1782
          633 1693 1280 1660 1590 875 2121 1117 989 95 1675 731 1050 540 899 1335 1236 1997 10 1881 2148
          1378 1020 1174 845 1833 1648 288 1935 1942 741 1034 1907 1002 2002 1966 1716 718 2063 1104
          2171

THE MODEL ESTIMATION TERMINATED NORMALLY

     USE THE FBITERATIONS OPTION TO INCREASE THE NUMBER OF ITERATIONS BY A FACTOR
     OF AT LEAST TWO TO CHECK CONVERGENCE AND THAT THE PSR VALUE DOES NOT INCREASE.

     THE EFFECTIVE SAMPLE SIZE FOR THE POSTERIOR DISTRIBUTION OF PARAMETER 1 IS LESS THAN 20.
     ESS > 200-400 IS RECOMMENDED. USE BITER=200000(100000) OR SIMPLIFY THE MODEL.



MODEL FIT INFORMATION

Number of Free Parameters                              42

Information Criteria

          Deviance (DIC)                     ************
          Estimated Number of Parameters (pD)************



MODEL RESULTS

                                Posterior  One-Tailed         95% C.I.
                    Estimate       S.D.      P-Value   Lower 2.5%  Upper 2.5%  Significance

Within Level

 F        BY
    SM_D_L2            1.000       0.000      0.000       1.000       1.000

 Means
    DAY_BEFORE       -14.688       0.062      0.000     -14.808     -14.566      *

 Variances
    DAY_BEFORE        71.870       0.729      0.000      70.439      73.282      *
    W1_INET            0.000       0.000      0.000       0.000       0.000      *

 Residual Variances
    F                  0.099       0.013      0.000       0.075       0.125      *

Between Level

 LOGV       ON
    FEMALE            -0.045       0.093      0.314      -0.230       0.139
    AGE                0.005       0.004      0.073      -0.002       0.012
    EDU_MED            0.001       0.131      0.495      -0.258       0.256
    EDU_HIGH           0.055       0.133      0.335      -0.210       0.314
    NR_DEV             0.163       0.069      0.009       0.029       0.302      *

 SM_D_L2  WITH
    STAB              -0.140       0.036      0.001      -0.205      -0.061      *
    TREND              0.005       0.003      0.068      -0.001       0.011

 STAB     WITH
    TREND              0.000       0.001      0.356      -0.001       0.001

 AGE      WITH
    FEMALE            -0.646       0.259      0.005      -1.163      -0.151      *

 EDU_MED  WITH
    FEMALE            -0.006       0.009      0.263      -0.024       0.012
    AGE                1.475       0.252      0.000       0.999       1.973      *

 EDU_HIGH WITH
    FEMALE             0.002       0.009      0.402      -0.016       0.020
    AGE               -1.946       0.259      0.000      -2.481      -1.454      *
    EDU_MED           -0.185       0.010      0.000      -0.207      -0.166      *

 NR_DEV   WITH
    FEMALE            -0.015       0.012      0.107      -0.038       0.008
    AGE                0.606       0.320      0.026      -0.004       1.255
    EDU_MED           -0.009       0.011      0.207      -0.029       0.012
    EDU_HIGH           0.035       0.011      0.001       0.014       0.057      *

 Means
    FEMALE             0.493       0.018      0.000       0.457       0.530      *
    AGE               43.454       0.492      0.000      42.494      44.421      *
    EDU_MED            0.416       0.016      0.000       0.384       0.447      *
    EDU_HIGH           0.440       0.017      0.000       0.407       0.472      *
    NR_DEV             2.400       0.021      0.000       2.359       2.442      *
    SM_D_L2            2.242       0.059      0.000       2.122       2.356      *
    W1_INET            3.338       0.118      0.000       3.104       3.567      *
    TREND              0.004       0.002      0.031       0.000       0.007
    STAB               0.566       0.044      0.000       0.477       0.651      *

 Intercepts
    LOGV              -0.805       0.252      0.000      -1.301      -0.321      *

 Variances
    FEMALE             0.254       0.013      0.000       0.230       0.281      *
    AGE              192.122       9.922      0.000     174.268     212.797      *
    EDU_MED            0.246       0.012      0.000       0.224       0.271      *
    EDU_HIGH           0.250       0.012      0.000       0.228       0.274      *
    NR_DEV             0.403       0.019      0.000       0.368       0.443      *
    SM_D_L2            2.407       0.153      0.000       2.127       2.726      *
    W1_INET            9.637       0.500      0.000       8.758      10.697      *
    TREND              0.001       0.000      0.000       0.001       0.001      *
    STAB               0.038       0.009      0.000       0.021       0.058      *

 Residual Variances
    LOGV               1.174       0.093      0.000       1.009       1.377      *

New/Additional Parameters
    MEDV               0.447       0.118      0.000       0.272       0.725      *
    MEANV              0.804       0.213      0.000       0.492       1.320      *
    25QV               0.215       0.057      0.000       0.129       0.351      *
    75QV               0.927       0.244      0.000       0.569       1.512      *


STANDARDIZED MODEL RESULTS


STDYX Standardization

                                Posterior  One-Tailed         95% C.I.
                    Estimate       S.D.      P-Value   Lower 2.5%  Upper 2.5%  Significance

Within-Level Standardized Estimates Averaged Over Clusters

 F        BY
    SM_D_L2            0.412       0.020      0.000       0.367       0.446      *

 STAB | F ON
    F&1                0.563       0.043      0.000       0.473       0.644      *

 TREND | SM_D_L2 ON
    DAY_BEFORE         0.024       0.011      0.020       0.001       0.046      *

 LOGV |
    SM_D_L2            0.745       0.018      0.000       0.713       0.783      *

 Means
    DAY_BEFORE        -1.733       0.011      0.000      -1.754      -1.711      *

 Variances
    DAY_BEFORE         1.000       0.000      0.000       1.000       1.000
    W1_INET            1.000       0.000      0.000       1.000       1.000

 Residual Variances
    F                  0.648       0.042      0.000       0.560       0.724      *

Between Level

 LOGV       ON
    FEMALE            -0.021       0.043      0.314      -0.104       0.063
    AGE                0.064       0.044      0.073      -0.021       0.149
    EDU_MED            0.001       0.059      0.495      -0.116       0.116
    EDU_HIGH           0.025       0.060      0.335      -0.095       0.143
    NR_DEV             0.095       0.040      0.009       0.017       0.173      *

 SM_D_L2  WITH
    STAB              -0.470       0.124      0.001      -0.691      -0.200      *
    TREND              0.104       0.068      0.068      -0.032       0.234

 STAB     WITH
    TREND             -0.033       0.090      0.356      -0.207       0.146

 AGE      WITH
    FEMALE            -0.093       0.036      0.005      -0.164      -0.022      *

 EDU_MED  WITH
    FEMALE            -0.023       0.036      0.263      -0.095       0.047
    AGE                0.215       0.034      0.000       0.147       0.279      *

 EDU_HIGH WITH
    FEMALE             0.009       0.037      0.402      -0.063       0.080
    AGE               -0.281       0.033      0.000      -0.346      -0.216      *
    EDU_MED           -0.747       0.015      0.000      -0.775      -0.716      *

 NR_DEV   WITH
    FEMALE            -0.046       0.037      0.107      -0.117       0.026
    AGE                0.069       0.036      0.026      -0.001       0.141
    EDU_MED           -0.027       0.033      0.207      -0.092       0.038
    EDU_HIGH           0.110       0.033      0.001       0.045       0.175      *

 Means
    FEMALE             0.979       0.044      0.000       0.892       1.066      *
    AGE                3.134       0.088      0.000       2.962       3.309      *
    EDU_MED            0.838       0.038      0.000       0.762       0.913      *
    EDU_HIGH           0.881       0.039      0.000       0.803       0.957      *
    NR_DEV             3.781       0.095      0.000       3.595       3.967      *
    SM_D_L2            1.445       0.066      0.000       1.318       1.578      *
    W1_INET            1.076       0.051      0.000       0.972       1.172      *
    TREND              0.120       0.065      0.031      -0.006       0.248
    STAB               2.927       0.585      0.000       2.012       4.339      *

 Intercepts
    LOGV              -0.736       0.226      0.000      -1.172      -0.297      *

 Variances
    FEMALE             1.000       0.000      0.000       1.000       1.000
    AGE                1.000       0.000      0.000       1.000       1.000
    EDU_MED            1.000       0.000      0.000       1.000       1.000
    EDU_HIGH           1.000       0.000      0.000       1.000       1.000
    NR_DEV             1.000       0.000      0.000       1.000       1.000
    SM_D_L2            1.000       0.000      0.000       1.000       1.000
    W1_INET            1.000       0.000      0.000       1.000       1.000
    TREND              1.000       0.000      0.000       1.000       1.000
    STAB               1.000       0.000      0.000       1.000       1.000

 Residual Variances
    LOGV               0.978       0.011      0.000       0.951       0.994      *


R-SQUARE

Within-Level R-Square Averaged Across Clusters

                                Posterior  One-Tailed         95% C.I.
    Variable        Estimate       S.D.      P-Value   Lower 2.5%  Upper 2.5%

    SM_D_L2            0.255       0.018      0.000       0.217       0.287

                                Posterior  One-Tailed         95% C.I.
    Variable        Estimate       S.D.      P-Value   Lower 2.5%  Upper 2.5%

    F                  0.352       0.042      0.000       0.276       0.439

Between Level

                                Posterior  One-Tailed         95% C.I.
    Variable        Estimate       S.D.      P-Value   Lower 2.5%  Upper 2.5%

    LOGV               0.022       0.011      0.000       0.006       0.049


RESIDUAL OUTPUT


     ESTIMATED MODEL


     AVERAGE CLUSTER ESTIMATES


           Means
              FEMALE        AGE           EDU_MED       EDU_HIGH      NR_DEV
              ________      ________      ________      ________      ________
                0.493        43.460         0.416         0.440         2.400


           Means
              SM_D_L2       DAY_BEFO      W1_INET
              ________      ________      ________
                2.192       -14.688         3.240


           Covariances
              FEMALE        AGE           EDU_MED       EDU_HIGH      NR_DEV
              ________      ________      ________      ________      ________
 FEMALE         0.000
 AGE            0.000         0.000
 EDU_MED        0.000         0.000         0.000
 EDU_HIGH       0.000         0.000         0.000         0.000
 NR_DEV         0.000         0.000         0.000         0.000         0.000
 SM_D_L2        0.000         0.000         0.000         0.000         0.000
 DAY_BEFO       0.000         0.000         0.000         0.000         0.000
 W1_INET        0.000         0.000         0.000         0.000         0.000


           Covariances
              SM_D_L2       DAY_BEFO      W1_INET
              ________      ________      ________
 SM_D_L2        1.847
 DAY_BEFO       0.262        71.867
 W1_INET        0.000         0.000         0.000


           Correlations
              FEMALE        AGE           EDU_MED       EDU_HIGH      NR_DEV
              ________      ________      ________      ________      ________
 FEMALE         1.000
 AGE            0.000         1.000
 EDU_MED        0.000         0.000         1.000
 EDU_HIGH       0.000         0.000         0.000         1.000
 NR_DEV         0.000         0.000         0.000         0.000         1.000
 SM_D_L2        0.000         0.000         0.000         0.000         0.000
 DAY_BEFO       0.000         0.000         0.000         0.000         0.000
 W1_INET        0.000         0.000         0.000         0.000         0.000


           Correlations
              SM_D_L2       DAY_BEFO      W1_INET
              ________      ________      ________
 SM_D_L2        1.000
 DAY_BEFO       0.020         1.000
 W1_INET        0.000         0.000         1.000


     BETWEEN LEVEL


           Means
              FEMALE        AGE           EDU_MED       EDU_HIGH      NR_DEV
              ________      ________      ________      ________      ________
                0.493        43.454         0.416         0.440         2.400


           Means
              SM_D_L2       DAY_BEFO      W1_INET
              ________      ________      ________
                2.242         0.000         3.338


           Covariances
              FEMALE        AGE           EDU_MED       EDU_HIGH      NR_DEV
              ________      ________      ________      ________      ________
 FEMALE         0.254
 AGE           -0.646       192.122
 EDU_MED       -0.006         1.475         0.246
 EDU_HIGH       0.002        -1.946        -0.185         0.250
 NR_DEV        -0.015         0.606        -0.009         0.035         0.403
 SM_D_L2        0.000         0.000         0.000         0.000         0.000
 DAY_BEFO       0.000         0.000         0.000         0.000         0.000
 W1_INET        0.000         0.000         0.000         0.000         0.000


           Covariances
              SM_D_L2       DAY_BEFO      W1_INET
              ________      ________      ________
 SM_D_L2        2.407
 DAY_BEFO       0.000         0.000
 W1_INET        0.000         0.000         9.637


           Correlations
              FEMALE        AGE           EDU_MED       EDU_HIGH      NR_DEV
              ________      ________      ________      ________      ________
 FEMALE         1.000
 AGE           -0.092         1.000
 EDU_MED       -0.023         0.215         1.000
 EDU_HIGH       0.009        -0.281        -0.746         1.000
 NR_DEV        -0.046         0.069        -0.027         0.110         1.000
 SM_D_L2        0.000         0.000         0.000         0.000         0.000
 DAY_BEFO       0.000         0.000         0.000         0.000         0.000
 W1_INET        0.000         0.000         0.000         0.000         0.000


           Correlations
              SM_D_L2       DAY_BEFO      W1_INET
              ________      ________      ________
 SM_D_L2        1.000
 DAY_BEFO       0.000         1.000
 W1_INET        0.000         0.000         1.000


TECHNICAL 1 OUTPUT


     PARAMETER SPECIFICATION FOR WITHIN


           NU
              SM_D_L2       DAY_BEFO      W1_INET
              ________      ________      ________
                    0             0             0


           LAMBDA
              F             F&1           SM_D_L2       DAY_BEFO
              ________      ________      ________      ________
 SM_D_L2            0             0             0             0
 DAY_BEFO           0             0             0             0
 W1_INET            0             0             0             0


           THETA
              SM_D_L2       DAY_BEFO      W1_INET
              ________      ________      ________
 SM_D_L2            0
 DAY_BEFO           0             0
 W1_INET            0             0             1


           ALPHA
              F             F&1           SM_D_L2       DAY_BEFO
              ________      ________      ________      ________
                    0             0             0             2


           BETA
              F             F&1           SM_D_L2       DAY_BEFO
              ________      ________      ________      ________
 F                  0             0             0             0
 F&1                0             0             0             0
 SM_D_L2            0             0             0             0
 DAY_BEFO           0             0             0             0


           PSI
              F             F&1           SM_D_L2       DAY_BEFO
              ________      ________      ________      ________
 F                  3
 F&1                0             0
 SM_D_L2            0             0             0
 DAY_BEFO           0             0             0             4


     PARAMETER SPECIFICATION FOR BETWEEN


           NU
              FEMALE        AGE           EDU_MED       EDU_HIGH      NR_DEV
              ________      ________      ________      ________      ________
                    0             0             0             0             0


           NU
              SM_D_L2       W1_INET
              ________      ________
                    0             5


           LAMBDA
              TREND         STAB          LOGV          FEMALE        AGE
              ________      ________      ________      ________      ________
 FEMALE             0             0             0             0             0
 AGE                0             0             0             0             0
 EDU_MED            0             0             0             0             0
 EDU_HIGH           0             0             0             0             0
 NR_DEV             0             0             0             0             0
 SM_D_L2            0             0             0             0             0
 W1_INET            0             0             0             0             0


           LAMBDA
              EDU_MED       EDU_HIGH      NR_DEV        SM_D_L2
              ________      ________      ________      ________
 FEMALE             0             0             0             0
 AGE                0             0             0             0
 EDU_MED            0             0             0             0
 EDU_HIGH           0             0             0             0
 NR_DEV             0             0             0             0
 SM_D_L2            0             0             0             0
 W1_INET            0             0             0             0


           THETA
              FEMALE        AGE           EDU_MED       EDU_HIGH      NR_DEV
              ________      ________      ________      ________      ________
 FEMALE             0
 AGE                0             0
 EDU_MED            0             0             0
 EDU_HIGH           0             0             0             0
 NR_DEV             0             0             0             0             0
 SM_D_L2            0             0             0             0             0
 W1_INET            0             0             0             0             0


           THETA
              SM_D_L2       W1_INET
              ________      ________
 SM_D_L2            0
 W1_INET            0             6


           ALPHA
              TREND         STAB          LOGV          FEMALE        AGE
              ________      ________      ________      ________      ________
                    7             8             9            10            11


           ALPHA
              EDU_MED       EDU_HIGH      NR_DEV        SM_D_L2
              ________      ________      ________      ________
                   12            13            14            15


           BETA
              TREND         STAB          LOGV          FEMALE        AGE
              ________      ________      ________      ________      ________
 TREND              0             0             0             0             0
 STAB               0             0             0             0             0
 LOGV               0             0             0            16            17
 FEMALE             0             0             0             0             0
 AGE                0             0             0             0             0
 EDU_MED            0             0             0             0             0
 EDU_HIGH           0             0             0             0             0
 NR_DEV             0             0             0             0             0
 SM_D_L2            0             0             0             0             0


           BETA
              EDU_MED       EDU_HIGH      NR_DEV        SM_D_L2
              ________      ________      ________      ________
 TREND              0             0             0             0
 STAB               0             0             0             0
 LOGV              18            19            20             0
 FEMALE             0             0             0             0
 AGE                0             0             0             0
 EDU_MED            0             0             0             0
 EDU_HIGH           0             0             0             0
 NR_DEV             0             0             0             0
 SM_D_L2            0             0             0             0


           PSI
              TREND         STAB          LOGV          FEMALE        AGE
              ________      ________      ________      ________      ________
 TREND             21
 STAB              22            23
 LOGV               0             0            24
 FEMALE             0             0             0            25
 AGE                0             0             0            26            27
 EDU_MED            0             0             0            28            29
 EDU_HIGH           0             0             0            31            32
 NR_DEV             0             0             0            35            36
 SM_D_L2           40            41             0             0             0


           PSI
              EDU_MED       EDU_HIGH      NR_DEV        SM_D_L2
              ________      ________      ________      ________
 EDU_MED           30
 EDU_HIGH          33            34
 NR_DEV            37            38            39
 SM_D_L2            0             0             0            42


     PARAMETER SPECIFICATION FOR THE ADDITIONAL PARAMETERS


           NEW/ADDITIONAL PARAMETERS
              MEDV          MEANV         25QV          75QV
              ________      ________      ________      ________
                   43            44            45            46


     STARTING VALUES FOR WITHIN


           NU
              SM_D_L2       DAY_BEFO      W1_INET
              ________      ________      ________
                0.000         0.000         0.000


           LAMBDA
              F             F&1           SM_D_L2       DAY_BEFO
              ________      ________      ________      ________
 SM_D_L2        0.000         0.000         1.000         0.000
 DAY_BEFO       0.000         0.000         0.000         1.000
 W1_INET        0.000         0.000         0.000         0.000


           THETA
              SM_D_L2       DAY_BEFO      W1_INET
              ________      ________      ________
 SM_D_L2        0.000
 DAY_BEFO       0.000         0.000
 W1_INET        0.000         0.000         4.720


           ALPHA
              F             F&1           SM_D_L2       DAY_BEFO
              ________      ________      ________      ________
                0.000         0.000         0.000       -14.688


           BETA
              F             F&1           SM_D_L2       DAY_BEFO
              ________      ________      ________      ________
 F              0.000         0.000         0.000         0.000
 F&1            0.000         0.000         0.000         0.000
 SM_D_L2        1.000         0.000         0.000         0.000
 DAY_BEFO       0.000         0.000         0.000         0.000


           PSI
              F             F&1           SM_D_L2       DAY_BEFO
              ________      ________      ________      ________
 F              1.000
 F&1            0.000         1.000
 SM_D_L2        0.000         0.000         0.000
 DAY_BEFO       0.000         0.000         0.000        35.925


     STARTING VALUES FOR BETWEEN


           NU
              FEMALE        AGE           EDU_MED       EDU_HIGH      NR_DEV
              ________      ________      ________      ________      ________
                0.000         0.000         0.000         0.000         0.000


           NU
              SM_D_L2       W1_INET
              ________      ________
                0.000         3.770


           LAMBDA
              TREND         STAB          LOGV          FEMALE        AGE
              ________      ________      ________      ________      ________
 FEMALE         0.000         0.000         0.000         1.000         0.000
 AGE            0.000         0.000         0.000         0.000         1.000
 EDU_MED        0.000         0.000         0.000         0.000         0.000
 EDU_HIGH       0.000         0.000         0.000         0.000         0.000
 NR_DEV         0.000         0.000         0.000         0.000         0.000
 SM_D_L2        0.000         0.000         0.000         0.000         0.000
 W1_INET        0.000         0.000         0.000         0.000         0.000


           LAMBDA
              EDU_MED       EDU_HIGH      NR_DEV        SM_D_L2
              ________      ________      ________      ________
 FEMALE         0.000         0.000         0.000         0.000
 AGE            0.000         0.000         0.000         0.000
 EDU_MED        1.000         0.000         0.000         0.000
 EDU_HIGH       0.000         1.000         0.000         0.000
 NR_DEV         0.000         0.000         1.000         0.000
 SM_D_L2        0.000         0.000         0.000         1.000
 W1_INET        0.000         0.000         0.000         0.000


           THETA
              FEMALE        AGE           EDU_MED       EDU_HIGH      NR_DEV
              ________      ________      ________      ________      ________
 FEMALE         0.000
 AGE            0.000         0.000
 EDU_MED        0.000         0.000         0.000
 EDU_HIGH       0.000         0.000         0.000         0.000
 NR_DEV         0.000         0.000         0.000         0.000         0.000
 SM_D_L2        0.000         0.000         0.000         0.000         0.000
 W1_INET        0.000         0.000         0.000         0.000         0.000


           THETA
              SM_D_L2       W1_INET
              ________      ________
 SM_D_L2        0.000
 W1_INET        0.000         4.720


           ALPHA
              TREND         STAB          LOGV          FEMALE        AGE
              ________      ________      ________      ________      ________
                0.000         0.000         0.000         0.492        43.390


           ALPHA
              EDU_MED       EDU_HIGH      NR_DEV        SM_D_L2
              ________      ________      ________      ________
                0.416         0.435         2.402         2.684


           BETA
              TREND         STAB          LOGV          FEMALE        AGE
              ________      ________      ________      ________      ________
 TREND          0.000         0.000         0.000         0.000         0.000
 STAB           0.000         0.000         0.000         0.000         0.000
 LOGV           0.000         0.000         0.000         0.000         0.000
 FEMALE         0.000         0.000         0.000         0.000         0.000
 AGE            0.000         0.000         0.000         0.000         0.000
 EDU_MED        0.000         0.000         0.000         0.000         0.000
 EDU_HIGH       0.000         0.000         0.000         0.000         0.000
 NR_DEV         0.000         0.000         0.000         0.000         0.000
 SM_D_L2        0.000         0.000         0.000         0.000         0.000


           BETA
              EDU_MED       EDU_HIGH      NR_DEV        SM_D_L2
              ________      ________      ________      ________
 TREND          0.000         0.000         0.000         0.000
 STAB           0.000         0.000         0.000         0.000
 LOGV           0.000         0.000         0.000         0.000
 FEMALE         0.000         0.000         0.000         0.000
 AGE            0.000         0.000         0.000         0.000
 EDU_MED        0.000         0.000         0.000         0.000
 EDU_HIGH       0.000         0.000         0.000         0.000
 NR_DEV         0.000         0.000         0.000         0.000
 SM_D_L2        0.000         0.000         0.000         0.000


           PSI
              TREND         STAB          LOGV          FEMALE        AGE
              ________      ________      ________      ________      ________
 TREND          1.000
 STAB           0.000         1.000
 LOGV           0.000         0.000         1.000
 FEMALE         0.000         0.000         0.000         0.125
 AGE            0.000         0.000         0.000         0.000        94.590
 EDU_MED        0.000         0.000         0.000         0.000         0.000
 EDU_HIGH       0.000         0.000         0.000         0.000         0.000
 NR_DEV         0.000         0.000         0.000         0.000         0.000
 SM_D_L2        0.000         0.000         0.000         0.000         0.000


           PSI
              EDU_MED       EDU_HIGH      NR_DEV        SM_D_L2
              ________      ________      ________      ________
 EDU_MED        0.121
 EDU_HIGH       0.000         0.123
 NR_DEV         0.000         0.000         0.197
 SM_D_L2        0.000         0.000         0.000         1.579


     STARTING VALUES FOR THE ADDITIONAL PARAMETERS


           NEW/ADDITIONAL PARAMETERS
              MEDV          MEANV         25QV          75QV
              ________      ________      ________      ________
                0.500         0.500         0.500         0.500



     PRIORS FOR ALL PARAMETERS            PRIOR MEAN      PRIOR VARIANCE     PRIOR STD. DEV.

     Parameter 1~IG(-1.000,0.000)          infinity            infinity            infinity
     Parameter 2~N(0.000,infinity)           0.0000            infinity            infinity
     Parameter 3~IG(-1.000,0.000)          infinity            infinity            infinity
     Parameter 4~IG(-1.000,0.000)          infinity            infinity            infinity
     Parameter 5~N(0.000,infinity)           0.0000            infinity            infinity
     Parameter 6~IG(-1.000,0.000)          infinity            infinity            infinity
     Parameter 7~N(0.000,infinity)           0.0000            infinity            infinity
     Parameter 8~N(0.000,infinity)           0.0000            infinity            infinity
     Parameter 9~N(0.000,infinity)           0.0000            infinity            infinity
     Parameter 10~N(0.000,infinity)          0.0000            infinity            infinity
     Parameter 11~N(0.000,infinity)          0.0000            infinity            infinity
     Parameter 12~N(0.000,infinity)          0.0000            infinity            infinity
     Parameter 13~N(0.000,infinity)          0.0000            infinity            infinity
     Parameter 14~N(0.000,infinity)          0.0000            infinity            infinity
     Parameter 15~N(0.000,infinity)          0.0000            infinity            infinity
     Parameter 16~N(0.000,infinity)          0.0000            infinity            infinity
     Parameter 17~N(0.000,infinity)          0.0000            infinity            infinity
     Parameter 18~N(0.000,infinity)          0.0000            infinity            infinity
     Parameter 19~N(0.000,infinity)          0.0000            infinity            infinity
     Parameter 20~N(0.000,infinity)          0.0000            infinity            infinity
     Parameter 21~IW(0.000,-4)             infinity            infinity            infinity
     Parameter 22~IW(0.000,-4)             infinity            infinity            infinity
     Parameter 23~IW(0.000,-4)             infinity            infinity            infinity
     Parameter 24~IG(-1.000,0.000)         infinity            infinity            infinity
     Parameter 25~IW(0.000,-6)             infinity            infinity            infinity
     Parameter 26~IW(0.000,-6)             infinity            infinity            infinity
     Parameter 27~IW(0.000,-6)             infinity            infinity            infinity
     Parameter 28~IW(0.000,-6)             infinity            infinity            infinity
     Parameter 29~IW(0.000,-6)             infinity            infinity            infinity
     Parameter 30~IW(0.000,-6)             infinity            infinity            infinity
     Parameter 31~IW(0.000,-6)             infinity            infinity            infinity
     Parameter 32~IW(0.000,-6)             infinity            infinity            infinity
     Parameter 33~IW(0.000,-6)             infinity            infinity            infinity
     Parameter 34~IW(0.000,-6)             infinity            infinity            infinity
     Parameter 35~IW(0.000,-6)             infinity            infinity            infinity
     Parameter 36~IW(0.000,-6)             infinity            infinity            infinity
     Parameter 37~IW(0.000,-6)             infinity            infinity            infinity
     Parameter 38~IW(0.000,-6)             infinity            infinity            infinity
     Parameter 39~IW(0.000,-6)             infinity            infinity            infinity
     Parameter 40~IW(0.000,-4)             infinity            infinity            infinity
     Parameter 41~IW(0.000,-4)             infinity            infinity            infinity
     Parameter 42~IW(0.000,-4)             infinity            infinity            infinity


TECHNICAL 4 OUTPUT


     AVERAGE ESTIMATES DERIVED FROM THE MODEL FOR WITHIN


           ESTIMATED MEANS FOR THE LATENT VARIABLES
              F             F&1           TREND         STAB          LOGV
              ________      ________      ________      ________      ________
                0.000         0.000         0.004         0.559        -0.187


           ESTIMATED MEANS FOR THE LATENT VARIABLES
              FEMALE        AGE           EDU_MED       EDU_HIGH      NR_DEV
              ________      ________      ________      ________      ________
                0.493        43.460         0.416         0.440         2.400


           ESTIMATED MEANS FOR THE LATENT VARIABLES
              SM_D_L2       DAY_BEFO
              ________      ________
                2.192       -14.688


           ESTIMATED COVARIANCE MATRIX FOR THE LATENT VARIABLES
              F             F&1           TREND         STAB          LOGV
              ________      ________      ________      ________      ________
 F              0.382
 F&1            0.316         0.382
 TREND          0.000         0.000         0.000
 STAB           0.000         0.000         0.000         0.000
 LOGV           0.000         0.000         0.000         0.000         0.000
 FEMALE         0.000         0.000         0.000         0.000         0.000
 AGE            0.000         0.000         0.000         0.000         0.000
 EDU_MED        0.000         0.000         0.000         0.000         0.000
 EDU_HIGH       0.000         0.000         0.000         0.000         0.000
 NR_DEV         0.000         0.000         0.000         0.000         0.000
 SM_D_L2        0.382         0.316         0.000         0.000         0.000
 DAY_BEFO       0.000         0.000         0.000         0.000         0.000


           ESTIMATED COVARIANCE MATRIX FOR THE LATENT VARIABLES
              FEMALE        AGE           EDU_MED       EDU_HIGH      NR_DEV
              ________      ________      ________      ________      ________
 FEMALE         0.000
 AGE            0.000         0.000
 EDU_MED        0.000         0.000         0.000
 EDU_HIGH       0.000         0.000         0.000         0.000
 NR_DEV         0.000         0.000         0.000         0.000         0.000
 SM_D_L2        0.000         0.000         0.000         0.000         0.000
 DAY_BEFO       0.000         0.000         0.000         0.000         0.000


           ESTIMATED COVARIANCE MATRIX FOR THE LATENT VARIABLES
              SM_D_L2       DAY_BEFO
              ________      ________
 SM_D_L2        1.847
 DAY_BEFO       0.262        71.867


           ESTIMATED CORRELATION MATRIX FOR THE LATENT VARIABLES
              F             F&1           TREND         STAB          LOGV
              ________      ________      ________      ________      ________
 F              1.000
 F&1            0.708         1.000
 TREND          0.000         0.000         1.000
 STAB           0.000         0.000         0.000         1.000
 LOGV           0.000         0.000         0.000         0.000         1.000
 FEMALE         0.000         0.000         0.000         0.000         0.000
 AGE            0.000         0.000         0.000         0.000         0.000
 EDU_MED        0.000         0.000         0.000         0.000         0.000
 EDU_HIGH       0.000         0.000         0.000         0.000         0.000
 NR_DEV         0.000         0.000         0.000         0.000         0.000
 SM_D_L2        0.455         0.322         0.000         0.000         0.000
 DAY_BEFO       0.000         0.000         0.000         0.000         0.000


           ESTIMATED CORRELATION MATRIX FOR THE LATENT VARIABLES
              FEMALE        AGE           EDU_MED       EDU_HIGH      NR_DEV
              ________      ________      ________      ________      ________
 FEMALE         1.000
 AGE            0.000         1.000
 EDU_MED        0.000         0.000         1.000
 EDU_HIGH       0.000         0.000         0.000         1.000
 NR_DEV         0.000         0.000         0.000         0.000         1.000
 SM_D_L2        0.000         0.000         0.000         0.000         0.000
 DAY_BEFO       0.000         0.000         0.000         0.000         0.000


           ESTIMATED CORRELATION MATRIX FOR THE LATENT VARIABLES
              SM_D_L2       DAY_BEFO
              ________      ________
 SM_D_L2        1.000
 DAY_BEFO       0.020         1.000


     ESTIMATES DERIVED FROM THE MODEL FOR BETWEEN


           ESTIMATED MEANS FOR THE LATENT VARIABLES
              F             F&1           TREND         STAB          LOGV
              ________      ________      ________      ________      ________
                0.000         0.000         0.004         0.566        -0.190


           ESTIMATED MEANS FOR THE LATENT VARIABLES
              FEMALE        AGE           EDU_MED       EDU_HIGH      NR_DEV
              ________      ________      ________      ________      ________
                0.493        43.454         0.416         0.440         2.400


           ESTIMATED MEANS FOR THE LATENT VARIABLES
              SM_D_L2       DAY_BEFO
              ________      ________
                2.242         0.000


           ESTIMATED COVARIANCE MATRIX FOR THE LATENT VARIABLES
              F             F&1           TREND         STAB          LOGV
              ________      ________      ________      ________      ________
 F              0.000
 F&1            0.000         0.000
 TREND          0.000         0.000         0.001
 STAB           0.000         0.000         0.000         0.038
 LOGV           0.000         0.000         0.000         0.000         1.192
 FEMALE         0.000         0.000         0.000         0.000        -0.017
 AGE            0.000         0.000         0.000         0.000         1.001
 EDU_MED        0.000         0.000         0.000         0.000        -0.003
 EDU_HIGH       0.000         0.000         0.000         0.000         0.009
 NR_DEV         0.000         0.000         0.000         0.000         0.071
 SM_D_L2        0.000         0.000         0.005        -0.140         0.000
 DAY_BEFO       0.000         0.000         0.000         0.000         0.000


           ESTIMATED COVARIANCE MATRIX FOR THE LATENT VARIABLES
              FEMALE        AGE           EDU_MED       EDU_HIGH      NR_DEV
              ________      ________      ________      ________      ________
 FEMALE         0.254
 AGE           -0.646       192.122
 EDU_MED       -0.006         1.475         0.246
 EDU_HIGH       0.002        -1.946        -0.185         0.250
 NR_DEV        -0.015         0.606        -0.009         0.035         0.403
 SM_D_L2        0.000         0.000         0.000         0.000         0.000
 DAY_BEFO       0.000         0.000         0.000         0.000         0.000


           ESTIMATED COVARIANCE MATRIX FOR THE LATENT VARIABLES
              SM_D_L2       DAY_BEFO
              ________      ________
 SM_D_L2        2.407
 DAY_BEFO       0.000         0.000


           ESTIMATED CORRELATION MATRIX FOR THE LATENT VARIABLES
              F             F&1           TREND         STAB          LOGV
              ________      ________      ________      ________      ________
 F              1.000
 F&1            0.000         1.000
 TREND          0.000         0.000         1.000
 STAB           0.000         0.000        -0.033         1.000
 LOGV           0.000         0.000         0.000         0.000         1.000
 FEMALE         0.000         0.000         0.000         0.000        -0.031
 AGE            0.000         0.000         0.000         0.000         0.066
 EDU_MED        0.000         0.000         0.000         0.000        -0.006
 EDU_HIGH       0.000         0.000         0.000         0.000         0.017
 NR_DEV         0.000         0.000         0.000         0.000         0.103
 SM_D_L2        0.000         0.000         0.104        -0.465         0.000
 DAY_BEFO       0.000         0.000         0.000         0.000         0.000


           ESTIMATED CORRELATION MATRIX FOR THE LATENT VARIABLES
              FEMALE        AGE           EDU_MED       EDU_HIGH      NR_DEV
              ________      ________      ________      ________      ________
 FEMALE         1.000
 AGE           -0.092         1.000
 EDU_MED       -0.023         0.215         1.000
 EDU_HIGH       0.009        -0.281        -0.746         1.000
 NR_DEV        -0.046         0.069        -0.027         0.110         1.000
 SM_D_L2        0.000         0.000         0.000         0.000         0.000
 DAY_BEFO       0.000         0.000         0.000         0.000         0.000


           ESTIMATED CORRELATION MATRIX FOR THE LATENT VARIABLES
              SM_D_L2       DAY_BEFO
              ________      ________
 SM_D_L2        1.000
 DAY_BEFO       0.000         1.000


TECHNICAL 8 OUTPUT


   TECHNICAL 8 OUTPUT FOR BAYES ESTIMATION

     PROCESSOR    BSEED
     1            0
     2            285380
     3            253358
     4            93468
     5            608496
     6            903420
     7            195873
     8            462953
     9            939021
     10           127215
     11           415931
     12           533738
     13           107446
     14           399671
     15           650371
     16           27071
     17           76974
     18           68985
     19           851945
     20           637345
     21           573096
     22           902278
     23           887676
     24           372176
     25           347515
     26           207896
     27           569131
     28           364676
     29           392418
     30           366706

                     POTENTIAL       PARAMETER WITH
     ITERATION    SCALE REDUCTION      HIGHEST PSR
     100              1.580               3
     200              1.500               3
     300              1.278               3
     400              1.155               3
     500              1.206               8
     600              1.514               8
     700              1.240               8
     800              1.146               41
     900              1.122               8
     1000             1.104               41
     1100             1.060               41
     1200             1.026               41
     1300             1.038               6
     1400             1.043               6
     1500             1.070               8
     1600             1.058               8
     1700             1.067               6
     1800             1.084               6
     1900             1.092               6
     2000             1.093               6
     2100             1.089               6
     2200             1.095               6
     2300             1.104               6
     2400             1.108               6
     2500             1.107               6
     2600             1.106               6
     2700             1.114               6
     2800             1.112               6
     2900             1.106               6
     3000             1.110               6
     3100             1.121               6
     3200             1.122               6
     3300             1.117               6
     3400             1.110               6
     3500             1.104               6
     3600             1.100               6
     3700             1.103               6
     3800             1.107               6
     3900             1.106               6
     4000             1.107               6
     4100             1.113               6
     4200             1.120               6
     4300             1.117               6
     4400             1.122               6
     4500             1.122               6
     4600             1.120               6
     4700             1.120               6
     4800             1.122               6
     4900             1.122               6
     5000             1.121               6
     5100             1.122               6
     5200             1.124               6
     5300             1.122               6
     5400             1.123               6
     5500             1.128               6
     5600             1.128               6
     5700             1.132               6
     5800             1.131               6
     5900             1.133               6
     6000             1.133               6
     6100             1.131               6
     6200             1.130               6
     6300             1.133               6
     6400             1.135               6
     6500             1.135               6
     6600             1.140               6
     6700             1.143               6
     6800             1.147               6
     6900             1.149               6
     7000             1.146               6
     7100             1.146               6
     7200             1.145               6
     7300             1.146               6
     7400             1.143               6
     7500             1.141               6
     7600             1.134               6
     7700             1.132               6
     7800             1.132               6
     7900             1.132               6
     8000             1.127               6
     8100             1.128               6
     8200             1.126               6
     8300             1.124               6
     8400             1.118               6
     8500             1.113               6
     8600             1.110               6
     8700             1.104               6
     8800             1.100               6
     8900             1.097               6
     9000             1.093               6
     9100             1.092               6
     9200             1.088               6
     9300             1.085               6
     9400             1.082               6
     9500             1.077               6
     9600             1.074               6
     9700             1.070               6
     9800             1.068               6
     9900             1.065               6
     10000            1.062               6


     MCMC EFFECTIVE SAMPLE SIZE (ESS) IN ASCENDING ORDER
        LOWEST 10 PARAMETERS
        PARAMETER    ESS
             1       <20
             5       <20
             6        39
            41       246
             3       267
             8       267
            23       297
            24       709
            22      2892
            42      3062


PLOT INFORMATION

The following plots are available:

  Histograms (sample values)
  Scatterplots (sample values)
  Between-level histograms (sample values, sample means/variances)
  Between-level scatterplots (sample values, sample means/variances)
  Time series plots (sample values, ACF, PACF)
  Histogram of subjects per time point
  Time interval plots
  Bayesian posterior parameter distributions
  Bayesian posterior parameter trace plots
  Bayesian autocorrelation plots

     Beginning Time:  06:40:46
        Ending Time:  10:48:46
       Elapsed Time:  04:08:00



MUTHEN & MUTHEN
3463 Stoner Ave.
Los Angeles, CA  90066

Tel: (310) 391-9971
Fax: (310) 391-8971
Web: www.StatModel.com
Support: Support@StatModel.com

Copyright (c) 1998-2025 Muthen & Muthen
