Mplus VERSION 8.11
MUTHEN & MUTHEN
10/12/2025  12:46 PM

INPUT INSTRUCTIONS

  TITLE: Your title goes here
  DATA:
    FILE = "w1_30d2.dat";
  VARIABLE:
  NAMES = new_id date call_c msg_c phot_c call_d msg_d phot_d web_c web_d sm_c sm_d
       w1_date w1b_date w1_date_7 w1_date_30 w1b_date_7 w1b_date_30 day_before_w1
       day_before_w1b w1_7d_window w1b_7d_window w1_30d_window w1b_30d_window days_c
       call_d_l msg_d_l phot_d_l web_d_l sm_d_l call_c_l msg_c_l phot_c_l web_c_l
       sm_c_l days_c_l call_d_l2 msg_d_l2 phot_d_l2 web_d_l2 sm_d_l2 call_c_l2
       msg_c_l2 phot_c_l2 web_c_l2 sm_c_l2 time;
  MISSING=.;
  USEVAR  = call_d_l2 msg_d_l2 phot_d_l2 web_d_l2 sm_d_l2 call_c_l2
       msg_c_l2 phot_c_l2 web_c_l2 sm_c_l2;
  cluster = new_id;

  Analysis:
            type = twolevel basic;

  Plot:
            type = plot3;



*** WARNING in VARIABLE command
  Note that only the first 8 characters of variable names are used in the output.
  Shorten variable names to avoid any confusion.
*** WARNING in PLOT command
  Note that only the first 8 characters of variable names are used in plots.
  If variable names are not unique within the first 8 characters, problems
  may occur.
*** WARNING
  One or more individual-level variables have no variation within a
  cluster for the following clusters.

     Variable   Cluster IDs with no within-cluster variation

      CALL_D_L    107 300 343 634 687 985 1129 1183 1279 1289 1377 1385 1399 1433 1435 1469 1476
                  1500 1719 1752 1787 1858 1871 2025 2107 2200 352 1491 1501 1512 1523 267 1558
                  1732 706 788 2023 1387 2218 769 1097 1830 928 1212 1368 1141 1691 168 424 1831
                  227 568 584 1575 1579 1016 1767 485 1167 2194 747 758 1513 1010 831 64 1518
                  1525 1532 1538 1614 635 1718 835 1295 310 1372 1815 1418 1378 1422 1423 2085
                  1424 1388 1392 1395 1813 1056 271 1978 1436 2106 2187 1909 794 1735 1437 1069
                  1281 1454 2155 1462 1266 27 519 1466 1467 1116 1029 1473 1477 261 746 1527 964
                  360 1487 133 1823 1812 276 691 1868 1397 1504 2202 1508 672 1401 1751 1517 1904
                  828 1942 1943 1859 760 218 1776 2123 1872 1560 1038 181 2206 554 2134 2179 1268
                  1629 1853 1345 45 1113 1066 1709 1055 1594 1196 1611 685 1023 2126 87 664 731
                  372 1763 49 2191 957 2192 1797 2002 803 2210 1939 679 1507 1968 1779 1373 138
                  768 764 2051 371 1282 619 2030 1861 899 937 388 2076 1136 1103 1140 1887 793
                  1004 457 988 421 663 1074 884 1915 963 1486 2208 1299 1890 319 771 927 741 2091
                  121 1896 38 429 1961 268 1771 710 1876 1676 288 1639 430 2122 1625 618 997 417
                  1991 738 497 744 481 1088 2183 702 1938 91 2088 1080 1805 247 206 237 814 504
                  1886 1567 983 871 586 338 628 1062 774 703 2015 95 693 574 1079 330 2117 173
                  566 406 1632 340 2021 915 1784 2219 1099 908 696 377 1207 555 326 84 2195 1082
                  1917 2020 808 347 282 151 2049 2157 30 2019 477 2159 914 1458 191 325 269 63
                  1163 442 1856 1704 2132 349 500 476 1034 1798 1770 891 583 1662 2059 739 419
                  926 968 1882 1233 1100 1605 1121 437 103 1692 875 2095 1950 1057 830 1593 9
                  2068 1799 597 451 1966 523 800 454 1619 36 249 866 2112 518 1346 74 751 1175
                  207 1250 1356 2145 295 556 1863 1565 1095 2135 1213 801 749 482 264 827 1534
                  142 296 2119 1131 1230 839 3 25 1875 1070 2114 2118 943 1696 1918 609 387 204
                  413 426 1878 2101 475 2131 732 1118 1643 1019 507 1432 253 517 924 290 1453
                  1604 791 1191 402 1634 1610 1900 1907 723 1013 1243 1647 1020 318 1653 743 2010
                  1272 756 1203 1777 291 331 332 1786 1497 2073 1096 1801 184 6 1806 1810 2127
                  1822 1137 1564 1576 2203 1172 2212 1855 1609 1348 102 10 60 20
      MSG_D_L2    107 300 343 439 634 687 985 1105 1129 1183 1208 1279 1289 1318 1377 1385 1398
                  1399 1433 1435 1469 1476 1500 1787 1858 1871 2025 2107 2153 2200 1400 1491 1501
                  1512 267 1558 1732 1986 1387 2218 769 1097 1830 928 598 1368 1141 1691 424 1831
                  227 568 584 1575 1579 1767 485 1167 2194 1864 747 758 1513 1010 831 1220 1218
                  146 1406 1525 1538 1614 835 1295 310 1372 1815 1418 1378 1381 1422 1423 2085
                  1386 1424 1389 1395 996 1813 1429 1056 1888 823 1977 1978 2012 2106 2187 750
                  1909 303 794 1735 1442 1445 1281 2062 2155 1460 1266 27 519 1116 1029 1473 407
                  1477 445 261 746 1527 1826 964 1480 360 1487 133 1823 789 1493 1812 415 276
                  691 1868 1504 2202 1401 1751 1514 1517 1152 1943 1859 760 1819 514 218 1511
                  2174 2123 1488 989 1560 1038 2206 2136 1028 2179 564 1345 45 1113 1709 1594
                  1937 1196 685 1940 1946 762 1023 2126 87 1821 664 372 1763 49 160 501 1061 2191
                  957 2192 1797 803 1939 1507 1101 2070 138 768 1177 1796 967 764 2051 371 1850
                  619 1780 2030 341 1861 899 937 283 1964 981 2169 1084 416 2211 1103 1199 1887
                  793 1004 2098 622 1919 457 2217 118 988 421 663 993 1211 1589 2044 963 412 463
                  148 833 1646 810 1980 319 982 252 1448 1185 1615 1586 1270 2091 121 1896 38
                  592 429 1865 1961 684 1317 710 1974 1352 1874 1781 115 1876 722 1676 40 898
                  1639 1031 2122 862 1687 553 642 1540 997 417 1991 1146 579 674 1003 365 644
                  744 521 481 1088 1926 1938 91 1283 1759 1049 247 270 237 245 433 1656 814 46
                  380 1587 1886 1353 1154 983 226 871 1033 338 2121 1916 558 1062 774 703 95 502
                  420 57 2117 978 1470 1774 566 298 2120 987 340 802 2021 143 1760 2219 1099 1814
                  1998 908 2197 2129 498 1323 992 555 322 326 2195 1713 956 1210 2020 808 347
                  282 1572 1365 1677 1669 636 537 33 1809 325 269 63 1902 1163 559 442 1704 1785
                  1644 220 2064 235 157 1803 1034 1201 2163 455 767 891 77 929 2059 1361 1877
                  968 1882 1233 582 1695 437 1981 1692 2140 2061 2095 294 552 2139 1985 1992 12
                  297 21 1731 320 1237 9 2068 1799 1828 392 800 1214 454 1895 1619 1972 36 249
                  866 1259 386 709 1346 941 630 751 1024 250 1175 1250 65 1565 801 1015 1246 749
                  603 422 482 813 1534 999 2185 1544 815 1131 432 959 970 167 1070 720 2114 807
                  1696 876 609 1008 1953 1256 1160 1680 204 1032 1050 645 2036 562 342 933 1118
                  1019 507 1432 290 845 632 1791 39 1191 1697 1360 1371 977 398 400 405 633 723
                  1923 525 314 316 1243 901 1947 1021 1754 1030 109 370 323 229 2013 1661 1272
                  1203 488 643 291 331 2038 930 1075 1789 780 1674 932 2111 593 177 211 1678 1115
                  682 821 1686 615 1137 889 946 1833 1584 2203 2212 958 692 864 10 13 20 67
      PHOT_D_L    107 194 300 343 439 687 985 1105 1129 1183 1208 1279 1318 1377 1399 1433 1435
                  1469 1476 1719 1752 1787 1858 1871 2025 2107 2153 2200 1400 352 1501 1512 1523
                  1558 1732 706 788 1986 2023 1387 2218 769 1097 1830 928 1212 598 1368 1141 1691
                  168 424 584 1579 1016 1767 1167 2194 1864 758 1513 1010 64 1220 1218 146 1406
                  1525 1532 1410 1538 1614 635 835 1295 1815 1418 1378 1379 1381 1422 2085 1386
                  1424 1388 1389 1392 1395 1425 996 1813 271 1888 1060 1978 1436 2106 2187 1909
                  303 1735 1437 1442 1445 1281 2062 1454 2155 1462 1266 27 519 1467 1029 1473
                  407 1477 261 746 1527 1826 964 1480 360 1487 133 1823 1812 415 276 691 1504
                  2202 1508 672 1401 1751 1514 1517 1904 1152 828 1942 1943 760 218 1511 1776
                  2174 1488 989 1872 1560 1038 181 2206 671 554 2134 1268 564 1853 1345 1931 1113
                  1055 1594 1196 1611 685 1023 2126 1821 664 731 1763 49 160 2191 957 2192 1797
                  2002 803 2210 1939 679 1507 1779 1373 138 768 657 1554 764 2051 371 1188 1282
                  619 341 1861 899 937 388 981 272 1084 2116 1136 416 1103 1199 1140 1887 793
                  1004 2098 1919 457 2014 988 663 1589 2044 1074 884 1915 963 412 825 1574 1299
                  148 468 1890 810 1980 1570 319 2221 771 927 741 1270 2091 1896 38 429 1961 1744
                  268 1771 710 89 1876 1676 288 1139 971 1639 430 1128 2122 1625 618 997 417 1991
                  738 1146 1003 497 744 1520 481 1765 717 2183 443 1938 2088 1080 247 206 237
                  504 1587 2199 1886 1567 983 647 226 586 338 628 1062 774 703 2015 95 693 502
                  574 1734 1079 330 2117 173 566 1632 340 2021 1330 1784 1557 2219 908 377 2154
                  1207 555 326 84 1082 1917 2020 808 347 282 151 2049 427 30 2019 477 411 2159
                  914 1458 191 325 269 1163 1693 1337 442 1856 1704 2132 1715 500 476 2064 897
                  1798 455 891 1224 583 1662 2059 739 419 926 606 1135 1882 1984 1100 1189 1121
                  582 437 103 471 1706 2140 2061 1608 998 875 297 1950 1057 830 544 9 2068 718
                  428 1799 597 451 719 1966 523 800 1619 36 866 2022 2112 1346 74 751 1175 855
                  207 1250 1356 2145 362 556 1863 1565 1095 2135 1213 801 1430 749 482 264 827
                  1534 142 1881 296 2119 293 815 1230 839 2047 1875 167 2114 2118 943 807 1696
                  1918 609 387 484 1256 712 763 204 1114 342 474 2101 933 475 2131 732 1118 1643
                  1019 1645 1022 714 1432 1509 517 924 290 1453 1604 791 1191 1873 1703 1371 868
                  1634 1610 1900 653 723 314 1013 1243 1647 1020 1653 1987 1041 1202 2010 2016
                  756 1777 1668 291 331 1280 1673 1786 1497 780 2081 1801 184 680 6 1806 210 2127
                  1822 1137 1564 2171 1573 1576 240 1172 2212 853 1855 958 1609 1348 102 10 60
                  20
      WEB_D_L2    107 194 343 634 1105 1183 1208 1318 1385 1476 1752 1400 1512 1523 267 1732 788
                  1986 769 1212 1691 168 1831 227 584 1575 1016 485 1864 747 831 64 1220 1218
                  1528 835 1815 1381 2085 1813 823 1060 2187 303 1735 1860 1467 407 1480 360 789
                  1868 672 1152 1942 1776 181 554 2134 564 1853 45 1055 1594 1611 762 1821 1779
                  657 967 546 1251 1282 272 2076 825 1299 2221 1971 89 115 1639 1031 497 2183
                  2199 1760 32 2184 377 956 648 1811 492 2223 518 295 733 1875 486 69 1071 1778
                  1659 1914 1930 901 2010 1067 2038 67
      SM_D_L2     194 634 687 985 1129 1208 1279 1289 1435 1500 1787 1858 2025 2200 1400 1523
                  267 1558 788 1986 2218 1097 1830 928 1212 598 1368 1141 168 424 1831 227 568
                  1575 1579 1767 485 1167 2194 1864 747 758 1513 1010 831 64 1220 1218 1406 490
                  1718 1372 1379 1381 1422 1389 823 2106 750 1909 303 794 1281 2062 2155 1462
                  519 1116 1029 407 445 1826 964 133 789 415 276 691 1868 2202 672 1401 1751 1515
                  1904 1152 828 218 2174 2123 181 2206 1028 2179 1268 1345 45 1066 1709 1196 685
                  762 87 664 1763 49 160 501 2192 803 1507 1779 1373 138 1796 1251 764 2051 619
                  1861 937 283 1964 272 2169 397 1103 1199 2098 622 2217 118 421 993 804 884 1915
                  963 412 148 833 810 1980 319 2221 1448 1185 1586 2091 1896 38 592 429 1241 710
                  89 1874 40 898 430 1128 1031 862 553 1991 681 8 579 365 497 744 481 1088 1926
                  702 1283 1805 433 380 1353 1154 338 1916 1470 987 340 802 1760 915 4 1099 32
                  1626 1814 834 2184 498 696 1323 992 326 1498 1082 151 1677 1669 477 325 269
                  1902 1644 809 1811 761 891 1200 606 1877 968 1233 2140 552 2223 12 1599 21 1593
                  1237 2068 1773 2024 800 1151 386 941 246 250 78 2035 590 1246 749 2040 1111
                  815 3 1714 970 467 2114 1256 1160 1680 486 562 426 1019 290 678 39 1371 307
                  117 1914 1934 323 1081 593 211 615 1584 864
      CALL_C_L    107 300 343 634 687 985 1129 1183 1279 1289 1377 1385 1399 1433 1435 1469 1476
                  1500 1719 1752 1787 1858 1871 2025 2107 2200 352 1491 1501 1512 1523 267 1558
                  1732 706 788 2023 1387 2218 769 1097 1830 928 1212 1368 1141 1691 168 424 1831
                  227 568 584 1575 1579 1016 1767 485 1167 2194 747 758 1513 1010 831 64 1518
                  1525 1528 1532 1538 1614 635 1718 835 1295 310 1372 1815 1418 1378 1422 1423
                  2085 1424 1388 1392 1395 1813 1056 271 1060 1978 1436 2106 2187 1909 794 1735
                  1437 1069 1281 1454 2155 1462 1266 27 519 1466 1467 1116 1029 1473 1477 261
                  746 1527 964 360 1487 133 1823 1812 276 691 1868 1397 1504 2202 1508 672 1401
                  1751 1517 1904 828 1942 1943 1859 760 218 1776 2123 1872 1560 1038 181 2206
                  554 2134 2179 1268 1629 1853 1345 45 1113 1066 1709 1055 1594 1196 1611 685
                  1946 1023 2126 87 955 664 731 372 1763 49 2191 957 2192 1797 2002 803 2210 1939
                  679 1507 1968 1779 1373 138 768 764 2051 371 1282 619 1780 2030 1861 899 937
                  388 2076 1136 1103 1140 1887 793 1004 457 988 421 663 1074 884 1915 963 1486
                  2208 1299 1890 319 252 771 1615 927 741 2091 121 1896 38 429 1961 268 1771 710
                  1876 1676 40 288 1639 430 2122 1625 618 997 417 1991 738 506 1146 497 744 521
                  481 1088 2183 702 1938 91 2088 1080 1805 247 206 237 814 504 1886 1567 983 226
                  871 586 338 628 1062 774 703 2015 95 693 574 1079 330 620 2117 173 566 406 1632
                  340 2021 915 1784 2219 1099 32 834 908 696 377 1207 555 326 84 2195 1082 1917
                  2020 808 347 282 151 2049 2157 30 2019 477 2159 914 1458 191 325 269 63 1163
                  1729 559 442 1856 1704 2132 349 500 476 1803 1034 1798 1770 891 583 1662 2059
                  739 419 926 606 1361 1135 968 1882 1233 1100 1605 1121 582 2099 437 103 1692
                  875 2095 1950 1057 830 1593 9 2068 1799 597 451 1966 523 800 1214 454 1619 36
                  249 866 2022 2112 518 1346 74 751 1175 207 1250 1356 2145 295 556 1863 1565
                  1095 2135 1213 801 749 733 482 264 827 1534 142 296 2119 1131 1230 839 3 25
                  1875 167 467 1070 2114 2118 943 807 1696 1918 609 387 712 204 413 426 1502 260
                  1878 2101 475 2131 732 1118 1643 1019 507 1432 253 517 924 418 290 1453 1604
                  791 1191 402 1634 1610 1900 1907 723 314 1013 1243 1647 1020 318 1653 743 2010
                  1661 1272 756 1203 1777 291 331 332 1786 1497 2073 1096 1801 184 6 1806 938
                  1810 2127 1315 1822 1137 1564 1576 2203 1172 2212 1855 958 1609 1348 102 10
                  59 60 20
      MSG_C_L2    107 300 343 439 634 687 985 1105 1129 1183 1208 1279 1289 1318 1377 1385 1398
                  1399 1433 1435 1469 1476 1500 1787 1858 1871 2025 2107 2153 2200 1400 1491 1501
                  1512 267 1558 1732 1986 1387 2218 769 1097 1830 928 598 1368 1141 1691 424 1831
                  227 568 584 1575 1579 1767 485 1167 2194 1864 747 758 1513 1010 831 1220 1218
                  146 1406 1525 1538 1614 835 1295 310 1372 1815 1418 1378 1381 1422 1423 2085
                  1386 1424 1389 1395 996 1813 1429 1056 1888 823 1977 1978 2012 2106 2187 750
                  1909 303 794 1735 1442 1445 1281 2062 2155 1460 1462 1266 27 519 1466 1116 1029
                  1473 407 1477 445 261 746 1527 1826 964 1480 360 1487 133 1823 789 1493 1812
                  415 276 691 1868 1504 2202 672 1401 1751 1514 1517 1152 1942 1943 1859 760 1819
                  2067 514 218 1511 1776 2174 2123 1488 989 1872 1560 1038 2206 2136 1028 2179
                  564 1345 45 1113 1066 1709 1594 1937 1196 1611 685 1940 1946 762 1023 2126 87
                  1821 664 372 1763 49 160 501 1061 2191 957 2192 1797 803 1939 1507 1101 2070
                  138 768 1177 1796 967 773 764 2051 371 1850 619 1780 2030 341 1861 899 937 283
                  1964 981 2169 1084 416 2211 1103 1199 1887 793 1004 2098 622 1919 457 2217 118
                  988 421 663 993 1211 1589 2044 963 412 1299 463 148 833 1646 810 1980 1570 319
                  982 252 1448 1185 1615 1586 927 1270 2091 121 1896 38 592 429 1865 1961 684
                  1317 710 1974 1352 1874 1781 115 1876 722 1676 40 898 1639 430 1031 2122 862
                  1687 553 642 1540 997 417 1991 738 1146 579 674 1003 365 644 744 521 481 1088
                  1926 640 631 1938 91 1283 1759 1049 247 270 237 245 433 1656 814 46 380 1587
                  1886 1353 1154 983 226 871 1033 338 2121 1916 558 1062 774 703 95 502 420 1734
                  57 330 2117 978 1470 1774 566 298 2120 987 340 802 2021 143 1760 2219 1099 1814
                  1998 908 2197 2129 498 752 1323 992 555 322 326 2195 1713 956 1210 2020 808
                  347 282 1572 1365 427 1677 1669 411 636 902 537 33 1551 1809 325 269 278 63
                  1902 1163 559 1766 442 1704 2132 461 1785 1644 220 2064 235 2150 157 1803 1034
                  1201 1811 2163 455 767 891 77 929 2059 1133 606 1361 1877 968 1882 1233 582
                  1695 437 2034 1981 471 1692 2140 2061 2095 294 552 2139 1985 1992 12 297 21
                  1731 830 320 1237 9 2068 1799 1828 392 800 1214 454 1895 1619 1972 36 249 669
                  866 2065 1259 386 709 1346 941 630 751 1024 250 1175 1250 1356 65 1565 1236
                  801 1015 1246 749 603 422 482 813 1534 999 2185 1544 1818 815 1131 432 1546
                  839 959 1875 970 167 1070 720 2114 807 1696 876 609 1008 1953 1951 1256 1160
                  1680 204 1032 991 1050 645 2036 562 342 1216 933 111 1118 1019 507 1432 253
                  19 290 845 632 1791 39 1191 1697 1360 973 1371 977 398 868 400 405 633 723 1923
                  525 314 316 1243 901 1947 1021 1754 1030 109 370 323 229 1660 2013 1661 1272
                  1203 488 643 291 331 2038 930 1075 1789 780 1674 1089 932 2111 2115 593 177
                  211 1303 2127 1678 1115 682 821 1686 615 1137 889 946 1833 1584 2203 2212 1851
                  958 692 864 10 13 20 67 29
      PHOT_C_L    107 194 300 343 439 687 985 1105 1129 1183 1208 1279 1318 1377 1399 1433 1435
                  1469 1476 1719 1752 1787 1858 1871 2025 2107 2153 2200 1400 352 1501 1512 1523
                  1558 1732 706 788 1986 2023 1387 2218 769 1097 1830 928 1212 598 1368 1141 1691
                  168 424 584 1579 1016 1767 1167 2194 1864 758 1513 1010 64 1220 1218 146 1406
                  1525 1532 1410 1538 1614 635 835 1295 1815 1418 1378 1379 1381 1422 2085 1386
                  1424 1388 1389 1392 1395 1425 996 1813 271 1888 1060 1978 1436 2106 2187 1909
                  303 1735 1437 1442 1445 1281 2062 1454 2155 1462 1266 27 519 1467 1029 1473
                  407 1477 261 746 1527 1826 964 1480 1481 360 1487 133 1823 1812 415 276 691
                  1397 1504 2202 1508 672 1401 1751 1514 1517 1904 1152 828 1942 1943 760 514
                  218 1511 1776 2174 1488 989 1872 1560 1038 181 2206 671 554 2134 1268 564 1853
                  1345 1931 1113 1055 1594 1196 1611 685 762 1023 2126 87 1821 664 731 1763 49
                  160 501 2191 957 2192 1797 2002 803 2210 1939 679 1507 534 1779 1373 138 768
                  657 1554 764 2051 371 1188 1282 619 341 1861 899 937 388 981 272 1084 2116 1136
                  416 1103 1199 1140 1887 793 1004 2098 1919 457 2014 988 663 993 1211 1589 2044
                  1074 884 1915 963 412 825 1574 1299 148 468 1890 810 1980 1570 319 2221 771
                  927 741 1270 2091 1896 38 429 1961 1744 1241 1317 268 1771 710 89 2207 1876
                  722 1676 1302 288 1139 971 1639 430 1128 2122 1625 618 997 417 1991 738 1146
                  1003 497 744 1520 481 1765 717 1088 2183 443 1938 2088 1080 1805 247 206 237
                  814 504 1587 2199 1886 1567 983 647 226 1197 586 338 628 1062 774 703 2015 95
                  701 693 502 574 1734 1079 57 330 2117 173 566 1632 340 2021 1330 1784 1557 2219
                  908 337 377 2154 1207 555 1044 326 84 1082 1917 2020 808 347 282 151 2049 427
                  30 2019 477 411 2159 914 1458 191 325 269 1163 1693 1337 442 1856 1704 2132
                  1715 500 476 2064 897 1201 1798 455 891 1224 583 188 1662 2059 739 419 926 606
                  1135 1882 1984 1100 1189 1121 582 437 103 471 1706 2140 2061 1608 998 875 2095
                  1992 297 1950 1057 830 544 9 2068 718 428 1799 597 451 719 1966 523 800 1619
                  36 866 1259 2022 2112 1346 74 246 751 1175 855 207 1250 1356 2145 362 556 1863
                  1565 1095 2135 1213 801 1430 749 482 264 827 1534 142 1881 296 2119 293 815
                  1230 839 2047 1875 167 2114 2118 943 807 1696 1918 609 387 484 1256 712 763
                  204 991 1590 1114 342 474 2101 933 475 2131 732 1118 1643 1019 1645 1022 714
                  1432 1509 517 924 418 290 1453 1604 791 1191 1873 1703 1371 868 1634 1610 1900
                  653 723 1923 314 1013 1243 1647 1020 1021 1653 743 1987 1041 1202 2010 2016
                  756 1777 1668 291 331 1280 1673 1786 1497 780 1674 2081 1801 184 680 6 1806
                  210 2127 1822 1137 1564 2171 1573 1576 240 1172 2212 853 1855 958 1609 692 1348
                  102 10 60 20
      WEB_C_L2    107 194 343 634 1105 1183 1208 1318 1385 1476 1752 1400 1512 1523 267 1732 788
                  1986 769 1212 1691 168 1831 227 584 1575 1016 485 1864 747 831 64 1220 1218
                  1528 1614 835 1815 1381 2085 1386 1813 823 1060 2187 303 1735 1860 1467 407
                  1480 360 789 1812 691 1868 2202 672 1152 1942 1943 1859 1776 989 181 554 2134
                  564 1853 1345 45 1055 1594 1611 762 1023 1821 1779 657 967 546 1251 764 1282
                  2063 272 2076 1004 825 1299 2221 1971 1974 89 115 1876 288 1639 1031 642 997
                  497 2183 2088 2199 2021 1760 32 2184 377 956 648 1811 492 2223 866 518 295 733
                  1875 486 69 1071 1778 1891 1659 1905 1914 1930 901 2010 1067 2038 67
      SM_C_L2     194 634 687 985 1129 1208 1279 1289 1435 1500 1787 1858 2025 2200 1400 1523
                  267 1558 788 1986 2218 1097 1830 928 1212 598 1368 1141 168 424 1831 227 568
                  1575 1579 1767 485 1167 2194 1864 747 758 1513 1010 831 64 1220 1218 1406 490
                  1718 1372 1815 1379 1381 1422 2085 1389 1425 1056 823 2106 750 1909 303 794
                  1281 2062 2155 1462 27 519 1116 1029 407 445 1527 1826 964 360 133 789 415 276
                  691 1868 2202 1508 672 1401 1751 1515 1904 1152 828 2067 218 2174 2123 1488
                  1560 181 2206 1028 2179 1268 564 1345 45 1066 1709 1196 685 762 1023 87 664
                  1763 49 160 501 957 2192 2002 803 1507 1779 1373 138 768 1796 1251 764 2051
                  619 1861 937 283 1964 272 2169 397 1103 1199 2098 622 2217 118 421 993 1211
                  1589 804 884 1915 963 412 1299 148 833 810 1980 319 2221 1448 1185 1586 2091
                  1896 38 592 429 1241 710 89 1874 40 898 430 1128 1031 862 553 1991 681 8 579
                  365 497 744 481 1088 1926 702 1938 1283 1805 245 433 46 380 1353 1154 338 1916
                  420 57 330 1470 987 340 802 143 1760 915 4 1099 32 1626 1814 834 2184 498 696
                  1323 992 1044 326 1498 1082 1713 808 538 151 1677 1669 2019 477 325 269 1902
                  442 1704 1644 809 1811 455 761 891 1200 2059 606 1877 968 1233 1100 2140 552
                  1992 2223 12 1599 21 1593 1237 2068 1773 2024 800 1151 1259 2022 386 941 611
                  246 250 78 2035 590 1015 1246 749 813 2040 1111 1091 296 815 3 1714 970 467
                  2114 1256 1160 1680 486 1050 2036 562 426 1019 290 678 39 1371 307 117 1914
                  1934 323 880 1081 593 211 615 1584 864

*** WARNING
  Data set contains cases with missing on all variables.
  These cases were not included in the analysis.
  Number of cases with missing on all variables:  3957
   4 WARNING(S) FOUND IN THE INPUT INSTRUCTIONS



Your title goes here

SUMMARY OF ANALYSIS

Number of groups                                                 1
Number of observations                                       21405

Number of dependent variables                                   10
Number of independent variables                                  0
Number of continuous latent variables                            0

Observed dependent variables

  Continuous
   CALL_D_L2   MSG_D_L2    PHOT_D_L2   WEB_D_L2    SM_D_L2     CALL_C_L2
   MSG_C_L2    PHOT_C_L2   WEB_C_L2    SM_C_L2

Variables with special functions

  Cluster variable      NEW_ID

Estimator                                                      MLR
Information matrix                                        OBSERVED
Maximum number of iterations                                   100
Convergence criterion                                    0.100D-05
Maximum number of EM iterations                                500
Convergence criteria for the EM algorithm
  Loglikelihood change                                   0.100D-02
  Relative loglikelihood change                          0.100D-05
  Derivative                                             0.100D-03
Minimum variance                                         0.100D-03
Maximum number of steepest descent iterations                   20
Maximum number of iterations for H1                           2000
Convergence criterion for H1                             0.100D-03
Optimization algorithm                                         EMA

Input data file(s)
  w1_30d2.dat
Input data format  FREE


SUMMARY OF DATA

     Number of missing data patterns            31
     Number of clusters                       1285

       Size (s)    Cluster ID with Size s

          1        107 194 300 343 439 634 687 985 1105 1129 1183 1208
                   1279 1289 1318 1377 1385 1398 1399 1433 1435 1469 1476
                   1500 1719 1752 1787 1858 1871 2025 2107 2153 2200 1400
                   352 1491 1501 1512 1523 267 1558 1732 706 788 1986 2023
                   1387 2218 769 1097 1830 928 1212 598 1368 1141 1691
                   168 424 1831 227 568 584 1575 1579 1016 1767 485 1167
                   2194 1864 747 758 1513 1010 831 64 1220 1218
          2        1518 146 1406 1525 1528 1532 1410 1538 490 1415 1614
                   635 1718 835 1295 310 1372 1815 1418 1378 1379 1381
                   1421 1422 1423 2085 2093 1386 1424 1388 1389 1392 1395
                   1425 996 1813 1429 1056 271 1888 823 1060 1977 1978
                   2012 1436 2106 2187 750 1909 303 794 1735 1437 1069
                   1860 1442 1445 1281 2062 1454 2155 1460 1462 1266 27
                   519 1466 1467 1116 1029 1473 407 1477 445 261 746 1527
                   1826 964 1480 1481 360 1487 133 1823 789 1493 1812 415
                   276 691 1868 1397 1504 2202 1508 672 1401 1751 1514
                   1515 1517 1904
          3        1152 828 1942 1943 1859 760 1819 2067 514 218 1511 1184
                   1776 2174 2123 1488 989 1872 1560 1038 181 2206 671
                   554 2134 2136 1028 2179 1268 564 1629 1641 1853 1345
                   1931 45 1113 1066 1709 1055 1594 1937 1196 1611 685
                   1940 1946 762 1023
          4        2126 87 1821 955 1935 664 731 372 1763 49 160 501 1061
                   1468 2191 957 2192 1797 2002 803 2210 1939 679 1507
                   2026 1968 534 1101 1779 2070 1373 1723 394 138 768 1177
                   1796 657 573 967 546 773 1251 1554 764
          5        2051 371 1188 1850 1282 619 1780 2030 341 1861 899 937
                   283 1964 2063 388 981 272 2169 1084 2116 2037 397 2076
                   1136 416 2211 2213 1103 1199 1140 1887 793 1004 2098
                   2007
          6        622 1919 2039 457 2217 118 2014 988 1350 421 663 1025
                   993 1211 1589 2044 804 1074 884 1915 1328 963 2196 412
                   1486 2208 825 1574 1299
          7        1808 1899 1782 463 148 468 1890 833 1646 108 810 1980
                   1570 319 982 2221 252 1448 771
          8        1185 1615 98 1586 927 728 741 2075 565 1270 2091 121
                   1896 1971 38 592 429 1865 1961 1744 684 1241 1317 268
                   1771 1109 710 1974 1352 89 1874 1781 115 2207 1876 722
                   1676 1302 40 288 1139
          9        898 971 1465 1639 363 1607 430 1128 1031 2122 862 1687
                   553 1625 642 618 1540 997 1340 417 1991 2082 681 8 738
                   1159 506 1146 579 674
         10        1003 365 644 497 744 1849 521 1520 481 1765 717 874
                   1088 1926 640 224 2183 702 443 631
         11        1938 91 1283 2088 317 1080 1805 1254 1759 1834 900 1049
                   247 203 206 270 237 245 433 1656 814 753
         12        504 46 745 380 1587 2199 1886 1567 1979 1745 1353 1154
                   667 983 647 226 871 1249 1197 586 1033 338 189 2121
         13        1916 1522 628 558 1062 536 495 774 703 2015 95 726 286
                   701 1446 557 693 502 420 574 1734 1079 895 57
         14        330 263 620 2117 2028 978 173 1470 1774 1924 2224 566
                   298 406 2120 1294 1632 987 384 340 802 93 2021 882
         15        143 1330 1760 915 4 1784 1557 903 2219 1099 32 1626
                   1814 494 1998 1472 834 908 2197 2129 1710 337 153 2184
                   1666
         16        498 696 752 377 2154 1207 1323 992 1001 555 435 322
                   1044 326 84 1117 2195 1498 1082 1232 1713 956 1210 1917
                   2020 808
         17        399 508 1962 538 347 149 282 1989 151 1572 2049 648
                   931 1365 2216 2157 427 198 48 26 30 1677 1669 2019 477
                   411 1585 2159 636 52 902
         18        1273 537 33 1551 914 1716 1458 885 191 1809 325 269
                   278 1263 63 1902 1163 2144 1729 559 1693 1337 1766 442
                   2103 1856 1704 2132 461 1785 349
         19        1644 220 446 1478 1715 500 301 476 2064 235 600 1928
                   809 897 2150 157 1803 1034 1201 1798
         20        1811 1770 2163 455 761 767 891 1549 492 79 1224 77 583
                   105 188 929 1200 1662 2059 739 419 88 1133 926 606 1361
                   1135 1877 968 1343 1882
         21        1233 277 2148 1984 1100 1366 1189 1605 1121 540 582
                   1695 2099 437 103 1624 1516 613 2034 1981 471 1110 940
         22        18 284 1706 1692 262 2140 2061 1608 998 875 2095 1768
                   294 1227 552 2139 1967 2181 1985 1992 1064 2223 12 297
         23        196 1950 1155 1599 21 1731 1057 830 1955 320 1580 1593
                   1237 550 239 544 9 2068 1773 718 428 1799 1828 597 451
                   396 719 1966 1637 2024 392 523 414 800 1214
         24        454 1151 1895 1619 1972 36 249 99 669 866 1225 2065
                   1259 2022 309 386 709 934 92 2112 518 1346 1412 941
                   74 611 1104 246 1231 859 630 751 1024 2160 250 441 1175
                   855 207 78 1250 1708
         25        1588 1356 137 132 2145 362 1402 44 2035 295 1305 556
                   1863 1053 65 1565 1095 217 2165 590 447 665 1404 2135
                   605 974 1236 1213 85 801 1015 1339 361 1595 1246 172
                   1430 749 858 603
         26        733 1654 422 482 264 827 813 965 1534 2040 142 711 110
                   999 2185 1544 187 524 1818 1881 1111 1091 1314 296 2119
                   2069 293 328 815 1131 410 1230 1840 1190 432 1546 2
                   2198 839 1591 1671 180 515 1248 3 393 1714 25 959
         27        1613 2047 1875 1181 368 1870 453 970 1879 167 467 1070
                   720 2114 182 2118 943 807 1696 1918 986 876 609 1122
                   1008 387 1953 1839 1951 484 1256 712 357 763 1160 1264
                   1680 486 204 413 1032 991 1050 645 1590 1114 2036 69
         28        1524 562 426 1829 772 695 947 1071 342 129 1216 1778
                   1502 147 260 1878 474 1891 2101 933 822 475 376 111
                   1035 72 1997 2131 812 732 1118 440 1755 1944 1643 1019
                   1645 1022 714 507 1432 253 1509 452 19 517 924 1276
                   418 290 845 1453 1604 2001 632 791 1791 678 2043 1659
                   1542 39 1191
         29        1612 1869 1697 1701 1360 1873 1703 892 973 304 894 1371
                   977 398 307 868 400 402 1634 405 896 1610 520 117 1900
                   633 1182 653 1905 1907 870 723 1912 1914 994 995 725
                   1618 1720 1923 525 314 638 1930 1002 1934 316 1727 735
                   287 1013 1243 193 901 740 1947 639 1647 904 1020 1956
                   1957 1021 1743 1963 906 318 1648 909 1653 1754 743 541
                   1030 155 109 547 1757 1623 370 1987 323 1451 910 229
                   1041 1999 2000 1202 1660 2003 918 2010 1461 2013 1661
                   1272 2016 756 423 1203 880 488 1777 561 1668 643 291
                   100 331 1280 860 1067 2038 1485 1673 332 163 930 1786
                   11 2052 2056 675 1788 1075 1497 1789 1077 780 1790 782
                   1674 2073 1081 1793 2081 784 1086 786 1089 932 1675
                   1291 1096 470 1801 184 205 680 2111 6 1806 2115 593
                   1298 938 1810 177 599 210 211 1303 2127 602 1678 1307
                   1115 886 1817 2137 2138 1311 682 2141 1315 1822 2147
                   274 821 944 186 1686 615 1137 889 946 1561 1562 1564
                   1324 616 2171 1568 353 354 1573 829 2182 1147 1833 1576
                   499 1835 1581 1584 212 1837 1326 953 686 837 240 1847
                   2203 1334 849 1335 1171 1172 2212 1601 1174 1851 241
                   853 1855 958 1609 692 646 864 1627 1348 966 1219
         30        102 35 73 10 86 59 60 62 90 37 13 20 67 97 29

     Average cluster size       16.658

     Estimated Intraclass Correlations for the Y Variables

                Intraclass              Intraclass              Intraclass
     Variable  Correlation   Variable  Correlation   Variable  Correlation

     CALL_D_L     0.396      MSG_D_L2     0.471      PHOT_D_L     0.188
     WEB_D_L2     0.469      SM_D_L2      0.687      CALL_C_L     0.265
     MSG_C_L2     0.529      PHOT_C_L     0.216      WEB_C_L2     0.620
     SM_C_L2      0.686



SUMMARY OF MISSING DATA PATTERNS


     MISSING DATA PATTERNS (x = not missing)

           1  2  3  4  5  6  7  8  9 10 11 12 13 14 15 16 17 18 19 20
 CALL_D_L  x     x     x        x  x        x              x     x  x
 MSG_D_L2  x     x                             x  x     x     x  x  x
 PHOT_D_L  x              x           x  x  x        x        x  x
 WEB_D_L2  x        x  x     x        x     x  x     x     x  x
 SM_D_L2   x  x     x  x        x        x  x  x  x  x        x  x  x
 CALL_C_L  x     x     x        x  x        x              x     x  x
 MSG_C_L2  x     x                             x  x     x     x  x  x
 PHOT_C_L  x              x           x  x  x        x        x  x
 WEB_C_L2  x        x  x     x        x     x  x     x     x  x
 SM_C_L2   x  x     x  x        x        x  x  x  x  x        x  x  x

          21 22 23 24 25 26 27 28 29 30 31
 CALL_D_L  x  x        x  x  x  x     x
 MSG_D_L2  x  x  x  x  x  x        x     x
 PHOT_D_L     x     x     x  x  x  x  x  x
 WEB_D_L2  x     x     x  x  x           x
 SM_D_L2   x                    x  x
 CALL_C_L  x  x        x  x  x  x     x
 MSG_C_L2  x  x  x  x  x  x        x     x
 PHOT_C_L     x     x     x  x  x  x  x  x
 WEB_C_L2  x     x     x  x  x           x
 SM_C_L2   x                    x  x


     MISSING DATA PATTERN FREQUENCIES

    Pattern   Frequency     Pattern   Frequency     Pattern   Frequency
          1         926          12        1166          23         455
          2        1577          13        1702          24          70
          3         123          14         612          25         241
          4        3629          15         859          26         143
          5        1249          16         326          27         547
          6         302          17         770          28         244
          7        2705          18         615          29         115
          8         316          19         128          30         218
          9         504          20         149          31         115
         10         498          21         805
         11         227          22          69


COVARIANCE COVERAGE OF DATA

Minimum covariance coverage value   0.100


     PROPORTION OF DATA PRESENT


           Covariance Coverage
              CALL_D_L      MSG_D_L2      PHOT_D_L      WEB_D_L2      SM_D_L2
              ________      ________      ________      ________      ________
 CALL_D_L       0.355
 MSG_D_L2       0.121         0.308
 PHOT_D_L       0.161         0.102         0.292
 WEB_D_L2       0.273         0.234         0.227         0.767
 SM_D_L2        0.233         0.236         0.200         0.512         0.669
 CALL_C_L       0.355         0.121         0.161         0.273         0.233
 MSG_C_L2       0.121         0.308         0.102         0.234         0.236
 PHOT_C_L       0.161         0.102         0.292         0.227         0.200
 WEB_C_L2       0.273         0.234         0.227         0.767         0.512
 SM_C_L2        0.233         0.236         0.200         0.512         0.669


           Covariance Coverage
              CALL_C_L      MSG_C_L2      PHOT_C_L      WEB_C_L2      SM_C_L2
              ________      ________      ________      ________      ________
 CALL_C_L       0.355
 MSG_C_L2       0.121         0.308
 PHOT_C_L       0.161         0.102         0.292
 WEB_C_L2       0.273         0.234         0.227         0.767
 SM_C_L2        0.233         0.236         0.200         0.512         0.669





RESULTS FOR BASIC ANALYSIS

NOTE:  The sample statistics for within and between refer to the
       maximum-likelihood estimated within and between covariance
       matrices, respectively.


     ESTIMATED SAMPLE STATISTICS FOR WITHIN


           Means
              CALL_D_L      MSG_D_L2      PHOT_D_L      WEB_D_L2      SM_D_L2
              ________      ________      ________      ________      ________
                0.000         0.000         0.000         0.000         0.000


           Means
              CALL_C_L      MSG_C_L2      PHOT_C_L      WEB_C_L2      SM_C_L2
              ________      ________      ________      ________      ________
                0.000         0.000         0.000         0.000         0.000


           Covariances
              CALL_D_L      MSG_D_L2      PHOT_D_L      WEB_D_L2      SM_D_L2
              ________      ________      ________      ________      ________
 CALL_D_L       1.979
 MSG_D_L2       0.076         2.025
 PHOT_D_L      -0.065         0.121         1.922
 WEB_D_L2       0.077         0.091        -0.023         1.716
 SM_D_L2        0.015         0.153         0.001         0.278         1.286
 CALL_C_L       0.807         0.032        -0.010         0.045         0.013
 MSG_C_L2       0.067         0.852         0.049         0.098         0.133
 PHOT_C_L      -0.010         0.071         0.847         0.008        -0.008
 WEB_C_L2       0.058         0.083        -0.001         0.951         0.215
 SM_C_L2        0.029         0.153         0.034         0.198         0.570


           Covariances
              CALL_C_L      MSG_C_L2      PHOT_C_L      WEB_C_L2      SM_C_L2
              ________      ________      ________      ________      ________
 CALL_C_L       0.662
 MSG_C_L2       0.042         0.645
 PHOT_C_L       0.003         0.040         0.689
 WEB_C_L2       0.052         0.098         0.012         0.901
 SM_C_L2        0.031         0.136         0.018         0.198         0.526


           Correlations
              CALL_D_L      MSG_D_L2      PHOT_D_L      WEB_D_L2      SM_D_L2
              ________      ________      ________      ________      ________
 CALL_D_L       1.000
 MSG_D_L2       0.038         1.000
 PHOT_D_L      -0.033         0.061         1.000
 WEB_D_L2       0.042         0.049        -0.013         1.000
 SM_D_L2        0.009         0.095         0.001         0.187         1.000
 CALL_C_L       0.705         0.028        -0.009         0.043         0.014
 MSG_C_L2       0.059         0.745         0.044         0.093         0.146
 PHOT_C_L      -0.009         0.060         0.736         0.007        -0.008
 WEB_C_L2       0.044         0.061         0.000         0.765         0.200
 SM_C_L2        0.029         0.148         0.034         0.208         0.693


           Correlations
              CALL_C_L      MSG_C_L2      PHOT_C_L      WEB_C_L2      SM_C_L2
              ________      ________      ________      ________      ________
 CALL_C_L       1.000
 MSG_C_L2       0.064         1.000
 PHOT_C_L       0.005         0.061         1.000
 WEB_C_L2       0.068         0.128         0.015         1.000
 SM_C_L2        0.052         0.233         0.030         0.287         1.000


     ESTIMATED SAMPLE STATISTICS FOR BETWEEN


           Means
              CALL_D_L      MSG_D_L2      PHOT_D_L      WEB_D_L2      SM_D_L2
              ________      ________      ________      ________      ________
               -0.521         0.159        -0.411         1.727         1.985


           Means
              CALL_C_L      MSG_C_L2      PHOT_C_L      WEB_C_L2      SM_C_L2
              ________      ________      ________      ________      ________
                1.040         0.924         0.868         2.234         1.633


           Covariances
              CALL_D_L      MSG_D_L2      PHOT_D_L      WEB_D_L2      SM_D_L2
              ________      ________      ________      ________      ________
 CALL_D_L       1.298
 MSG_D_L2      -0.036         1.804
 PHOT_D_L       0.119         0.040         0.446
 WEB_D_L2       0.067         0.032         0.052         1.518
 SM_D_L2       -0.182         0.113         0.146         0.171         2.819
 CALL_C_L       0.388        -0.022         0.048         0.056        -0.047
 MSG_C_L2      -0.039         0.919         0.011         0.050         0.158
 PHOT_C_L       0.068        -0.016         0.217         0.024         0.138
 WEB_C_L2       0.006        -0.150        -0.024         1.163         0.148
 SM_C_L2       -0.086         0.110         0.065         0.202         1.517


           Covariances
              CALL_C_L      MSG_C_L2      PHOT_C_L      WEB_C_L2      SM_C_L2
              ________      ________      ________      ________      ________
 CALL_C_L       0.238
 MSG_C_L2       0.020         0.725
 PHOT_C_L       0.047         0.025         0.190
 WEB_C_L2       0.080         0.118         0.043         1.469
 SM_C_L2        0.005         0.234         0.116         0.290         1.153


           Correlations
              CALL_D_L      MSG_D_L2      PHOT_D_L      WEB_D_L2      SM_D_L2
              ________      ________      ________      ________      ________
 CALL_D_L       1.000
 MSG_D_L2      -0.023         1.000
 PHOT_D_L       0.156         0.045         1.000
 WEB_D_L2       0.048         0.019         0.063         1.000
 SM_D_L2       -0.095         0.050         0.131         0.083         1.000
 CALL_C_L       0.697        -0.033         0.149         0.093        -0.058
 MSG_C_L2      -0.041         0.803         0.020         0.048         0.111
 PHOT_C_L       0.138        -0.028         0.746         0.044         0.189
 WEB_C_L2       0.004        -0.092        -0.030         0.779         0.073
 SM_C_L2       -0.070         0.076         0.090         0.153         0.842


           Correlations
              CALL_C_L      MSG_C_L2      PHOT_C_L      WEB_C_L2      SM_C_L2
              ________      ________      ________      ________      ________
 CALL_C_L       1.000
 MSG_C_L2       0.047         1.000
 PHOT_C_L       0.222         0.068         1.000
 WEB_C_L2       0.135         0.114         0.082         1.000
 SM_C_L2        0.009         0.256         0.248         0.223         1.000


     MAXIMUM LOG-LIKELIHOOD VALUE FOR THE UNRESTRICTED (H1) MODEL IS -137411.445


UNIVARIATE SAMPLE STATISTICS


     UNIVARIATE HIGHER-ORDER MOMENT DESCRIPTIVE STATISTICS

         Variable/         Mean/     Skewness/   Minimum/ % with                Percentiles
        Sample Size      Variance    Kurtosis    Maximum  Min/Max      20%/60%    40%/80%    Median

     CALL_D_L2            -0.215      -0.031      -4.094    3.16%      -1.792     -0.660     -0.163
            7598.000       3.307      -0.423       5.093    0.01%       0.300      1.352
     MSG_D_L2              0.738       0.000      -4.094    0.89%      -1.099      0.182      0.750
            6594.000       4.116      -0.565       6.339    0.02%       1.326      2.549
     PHOT_D_L2            -0.255      -0.041      -4.094    1.47%      -1.609     -0.629     -0.244
            6242.000       2.390      -0.190       4.435    0.02%       0.168      1.047
     WEB_D_L2              2.086      -0.725      -4.094    0.53%       0.773      1.900      2.327
           16425.000       3.011       0.756       6.784    0.01%       2.712      3.500
     SM_D_L2               2.668      -1.016      -4.094    0.19%       1.326      2.622      3.059
           14319.000       3.204       0.809       6.460    0.01%       3.446      4.152
     CALL_C_L2             1.227       0.406       0.000   23.65%       0.000      0.693      1.099
            7598.000       0.917      -0.476       5.743    0.01%       1.386      2.079
     MSG_C_L2              1.375       0.843       0.000   28.60%       0.000      0.693      1.099
            6594.000       1.656       0.151       6.308    0.02%       1.609      2.485
     PHOT_C_L2             1.028       0.762       0.000   31.93%       0.000      0.693      0.693
            6242.000       0.911       0.106       4.920    0.02%       1.099      1.792
     WEB_C_L2              2.588       0.062       0.000    9.53%       1.099      2.197      2.639
           16425.000       2.289      -0.596       8.016    0.01%       3.045      3.932
     SM_C_L2               2.074      -0.029       0.000   11.97%       0.693      1.792      2.079
           14319.000       1.537      -0.768       6.057    0.01%       2.485      3.178


PLOT INFORMATION

The following plots are available:

  Histograms (sample values)
  Scatterplots (sample values)
  Between-level histograms (sample values, sample means/variances)
  Between-level scatterplots (sample values, sample means/variances)

DIAGRAM INFORMATION

  Mplus diagrams are currently not available for multilevel analysis.
  No diagram output was produced.


     Beginning Time:  12:46:43
        Ending Time:  12:46:46
       Elapsed Time:  00:00:03



MUTHEN & MUTHEN
3463 Stoner Ave.
Los Angeles, CA  90066

Tel: (310) 391-9971
Fax: (310) 391-8971
Web: www.StatModel.com
Support: Support@StatModel.com

Copyright (c) 1998-2024 Muthen & Muthen
