Mplus VERSION 8.11
MUTHEN & MUTHEN
10/13/2025  10:49 AM

INPUT INSTRUCTIONS

  TITLE: Your title goes here
  DATA:
    FILE = "w1_30d2.dat";
  VARIABLE:
  NAMES = new_id date call_c msg_c phot_c call_d msg_d phot_d web_c web_d sm_c sm_d
       w1_date w1b_date w1_date_7 w1_date_30 w1b_date_7 w1b_date_30 day_before_w1
       day_before_w1b w1_7d_window w1b_7d_window w1_30d_window w1b_30d_window days_c
       call_d_l msg_d_l phot_d_l web_d_l sm_d_l call_c_l msg_c_l phot_c_l web_c_l
       sm_c_l days_c_l call_d_l2 msg_d_l2 phot_d_l2 web_d_l2 sm_d_l2 call_c_l2
       msg_c_l2 phot_c_l2 web_c_l2 sm_c_l2 call_c_b msg_c_b phot_c_b web_c_b sm_c_b
       time;
  MISSING=.;

  USEVAR  = call_c_b msg_c_b phot_c_b web_c_b sm_c_b
              call_d_l2 msg_d_l2 phot_d_l2 web_d_l2 sm_d_l2 call_c_l2
              msg_c_l2 phot_c_l2 web_c_l2 sm_c_l;
  CATEGORICAL = call_c_b msg_c_b phot_c_b web_c_b sm_c_b;
  CLUSTER = new_id;

  Analysis:
          type = twolevel basic;

  Plot:
          type = plot3;



*** WARNING in VARIABLE command
  Note that only the first 8 characters of variable names are used in the output.
  Shorten variable names to avoid any confusion.
*** WARNING in PLOT command
  Note that only the first 8 characters of variable names are used in plots.
  If variable names are not unique within the first 8 characters, problems
  may occur.
*** WARNING
  One or more individual-level variables have no variation within a
  cluster for the following clusters.

     Variable   Cluster IDs with no within-cluster variation

      CALL_C_B    104 133 146 267 310 352 383 407 635 655 706 788 797 835 1056 1060 1069 1116
                  1164 1295 1372 1378 1381 1387 1388 1392 1395 1397 1401 1415 1418 1421 1422 1423
                  1424 1431 1436 1437 1445 1454 1460 1462 1466 1467 1473 1477 1487 1491 1501 1504
                  1508 1512 1517 1518 1523 1525 1528 1532 1538 1558 1614 1718 1732 1815 1901 2023
                  2085 2097 2218 82 1043 1055 671 271 769 1097 1106 783 1559 1184 1629 1709 1198
                  1212 1813 1268 1830 1859 1290 1940 1978 554 181 928 2106 2134 2187 1141 679
                  372 1842 1872 742 1909 1468 1939 1942 1943 1325 1368 1560 2002 1594 1611 197
                  794 1098 2126 818 1735 2191 2192 2210 27 1281 424 168 388 1831 1113 2030 2051
                  1853 2076 670 1136 1038 1187 2155 1691 138 1058 2213 1266 619 1797 1327 371
                  663 869 884 922 227 1143 519 49 1915 1029 2166 568 1486 2208 584 1278 358 1507
                  828 1016 261 1968 1373 1536 760 1575 1579 988 746 2091 457 728 768 1140 1527
                  1676 741 771 979 1299 964 2082 218 430 1961 2122 1074 792 1340 1767 1890 1771
                  1776 87 618 2123 1309 429 1896 1080 744 485 91 497 1625 360 731 1805 664 927
                  206 237 1161 1823 1167 1567 2194 1763 421 2206 693 247 121 1886 1079 165 574
                  1103 2021 793 774 997 957 963 747 1917 704 1600 908 710 1812 84 1282 803 983
                  2019 1876 808 406 2049 1845 442 2157 1207 555 2179 173 914 2117 276 1856 2219
                  288 504 191 476 477 30 2183 347 926 282 419 1861 103 2161 1099 691 1632 1121
                  1180 899 937 2020 417 2132 1458 1662 871 95 628 891 2195 1605 2095 1991 739
                  2015 586 349 566 755 758 875 1057 377 1868 319 1345 437 2151 1895 38 1250 269
                  451 325 1779 751 1018 1082 800 801 1062 1213 1692 1565 1066 1704 556 249 1513
                  1092 1163 2088 454 2202 45 1863 1100 9 1639 1798 518 2145 831 702 74 268 1593
                  1010 1088 672 583 2119 943 2112 387 968 1196 1751 827 413 1875 830 2018 296
                  1882 500 338 1230 1534 866 64 1938 142 204 1054 207 507 601 1070 330 517 264
                  791 685 1034 1643 1346 1118 1356 36 597 340 1604 1609 1610 1131 814 1619 1137
                  1634 609 1647 1653 63 1675 1172 1175 839 1696 1707 1191 1203 1777 1784 1786
                  1233 1799 1801 1243 1806 1810 1817 475 1822 1272 481 482 915 1855 918 924 488
                  1878 6 1887 1900 1904 1907 1918 1348 290 291 1950 696 295 703 184 1999 402 2010
                  723 1432 523 1004 732 1453 1013 2059 738 1019 1020 2068 1023 743 2101 1497 2114
                  749 2118 318 253 2127 2131 756 2135 764 2159 326 426 151 784 1095 1564 1096
                  331 2203 332 2212 1576 25 60 10 102 3 20
      MSG_C_B     104 133 146 267 310 383 407 415 490 655 797 835 996 1056 1060 1116 1164 1295
                  1372 1378 1379 1381 1386 1387 1389 1392 1395 1397 1400 1401 1406 1418 1421 1422
                  1423 1424 1429 1431 1437 1442 1445 1454 1460 1462 1466 1473 1477 1480 1487 1491
                  1493 1501 1504 1512 1514 1517 1525 1528 1538 1558 1614 1732 1815 1901 1986 2085
                  2093 2097 2218 82 1043 1055 671 769 1097 1106 783 514 1559 1709 1198 1813 1819
                  1830 1859 1888 1290 1937 1940 1946 1977 1978 2012 823 181 928 1511 2106 2136
                  2187 989 1141 679 1821 372 1842 742 750 1909 1935 1939 1943 1325 1368 598 1560
                  1594 197 794 303 1098 2126 1101 818 1735 2191 2192 1796 27 1281 424 388 967
                  1831 1113 2030 2051 2062 2063 2070 670 1038 1177 1187 2155 1691 138 1058 2211
                  2213 1266 619 1061 416 1797 1327 371 663 869 1850 922 501 227 1143 519 49 1589
                  341 1029 2166 568 2196 2208 118 584 1278 358 1507 833 463 1152 261 1808 1964
                  1536 760 762 445 981 1575 1579 1084 988 1919 1317 746 565 2091 457 768 1826
                  1527 1646 1676 741 1448 1865 98 979 2217 1781 964 1146 1270 218 1615 674 1961
                  2122 642 792 1211 684 1874 1767 1780 87 2123 1488 982 2174 1309 429 283 1540
                  1896 412 592 744 2169 485 521 91 360 862 664 2121 237 644 1161 245 1823 1167
                  252 722 2194 160 1763 502 421 558 2206 693 1154 46 380 420 148 247 121 226 1886
                  789 1470 898 165 1103 2021 1033 2098 1980 2120 1998 802 1687 1710 810 32 987
                  2044 2197 1003 1774 793 774 997 1974 956 957 963 747 704 1926 1232 1600 908
                  1864 710 1812 365 2129 803 983 1876 115 808 1845 442 555 2179 1028 2117 1049
                  276 978 1856 2219 1337 1803 157 33 1677 1031 220 2064 1587 1361 564 347 537
                  1809 926 1185 929 1572 282 1861 1785 1695 2161 2163 1586 1283 1099 1201 691
                  235 553 77 1180 622 899 937 1365 2020 417 2139 297 498 871 95 1877 767 891 2195
                  1981 2095 636 1991 1902 566 755 758 455 1868 294 319 1345 298 437 2151 1895
                  38 1250 269 859 386 21 392 320 325 709 751 1018 1024 1214 2140 1151 800 801
                  1669 993 1062 1692 1565 1704 249 1513 1092 1259 1163 454 2202 45 9 1639 143
                  432 1210 1323 831 999 1010 1088 959 813 876 552 645 65 1032 968 1196 453 1751
                  2018 1882 338 1534 1352 1544 866 1680 1814 1938 1246 204 1008 250 1054 167 507
                  601 603 1070 1731 933 630 632 2185 685 1916 1034 1645 1035 1220 342 1346 1118
                  1050 36 593 340 1115 807 205 1131 814 1619 815 1137 821 609 1644 615 63 1160
                  1661 1674 1678 1172 1686 1175 845 1696 1697 1701 1703 1707 1713 211 1191 274
                  864 1199 633 1203 1754 1757 1759 1760 40 1218 643 11 889 1789 1791 1793 1233
                  470 1237 1799 1243 1256 901 370 1828 1272 1833 481 482 488 177 930 1887 1326
                  932 675 287 1914 941 229 1923 946 682 1353 1360 290 291 958 1371 1947 692 1953
                  109 970 1972 703 977 241 1985 1987 398 1992 400 992 2010 720 2013 723 1432 405
                  1002 1004 2036 2038 525 1015 2052 2059 2061 1019 2068 1023 1030 314 316 2111
                  2114 749 322 323 2137 193 422 764 559 562 423 326 1075 780 782 1086 1564 331
                  2203 579 582 2212 433 1581 1584 12 57 59 13 39 67 10 20
      PHOT_C_B    104 133 146 352 383 407 415 635 655 706 788 797 835 996 1060 1164 1295 1378
                  1379 1381 1386 1387 1388 1389 1392 1395 1397 1400 1401 1406 1410 1415 1418 1421
                  1422 1424 1425 1431 1436 1437 1442 1445 1454 1460 1462 1466 1467 1473 1477 1480
                  1481 1487 1501 1504 1508 1512 1514 1517 1518 1523 1525 1532 1538 1558 1614 1718
                  1732 1815 1901 1986 2023 2085 2097 2218 82 1043 1055 671 271 769 1097 1106 783
                  1559 1198 1212 1813 1268 1830 1888 1290 1931 1940 1978 554 181 928 1511 2106
                  2134 2187 989 1141 679 1821 1842 1872 742 1909 1939 1942 1943 1325 1368 598
                  1560 2002 1594 1611 197 303 1098 2126 818 1735 2191 2192 2210 27 1281 424 168
                  388 657 1113 2030 2051 2062 1853 670 1136 1038 1187 2155 1691 138 1058 1266
                  619 416 1797 1327 371 272 663 869 884 922 1143 519 49 2116 1589 1915 341 1029
                  2166 584 1278 358 1507 828 1016 468 1152 261 1373 1536 760 981 1579 1084 988
                  825 1919 1570 746 2091 457 768 1826 1140 1527 1676 741 771 979 1299 1744 964
                  1146 1270 218 430 1961 2122 1074 1188 792 1554 1767 1890 1771 1776 618 1520
                  1488 2174 1309 429 1896 412 1080 1574 744 1765 497 1625 360 731 664 927 206
                  237 647 1161 1823 1167 1567 2194 160 1763 502 2199 2206 693 148 247 226 1886
                  1079 165 574 1103 2021 2098 1980 810 1734 2044 1128 1003 793 774 1557 2154 997
                  957 963 1917 704 1600 908 1864 710 1812 84 1282 803 983 2019 1876 808 2049 427
                  1845 442 1207 555 173 914 1693 2117 276 1856 1330 2219 1337 411 897 288 504
                  191 476 1715 477 2064 30 1587 564 2183 347 926 282 419 1861 103 2161 691 1984
                  1224 1632 1121 1180 899 937 2020 417 2132 1458 1662 297 95 1064 628 1706 891
                  1608 1991 739 2015 586 566 755 758 1599 455 875 1057 377 319 1966 1345 1189
                  437 2221 2151 718 38 1250 269 451 325 1779 751 1018 2140 1082 800 801 1062 1213
                  1565 1704 556 1430 1513 1092 1163 2088 2202 1863 1100 971 544 362 9 1639 1798
                  2145 293 74 268 998 1010 672 583 2119 1881 943 2112 387 763 428 1196 1751 827
                  1114 1875 830 2018 296 1882 500 338 1230 1534 712 866 64 1938 142 204 1054 167
                  207 601 714 719 330 1509 933 517 264 791 685 1643 1645 1220 342 1346 1118 1356
                  89 36 597 340 807 1604 1609 1610 1135 1619 815 1137 1139 606 1634 609 443 1647
                  1653 210 1668 1673 1172 1175 839 1696 1703 1707 853 855 1191 1199 868 1202 1218
                  1777 1784 1786 1799 1801 1243 1806 471 474 653 1256 475 1822 481 1280 482 1855
                  484 924 1873 6 1887 1900 1904 680 1918 1348 290 291 958 1371 1950 703 184 240
                  1987 717 2010 2016 723 1432 2022 523 1004 732 1453 1013 2047 2059 2061 738 1019
                  1020 2068 1022 1023 2081 314 2101 1497 2114 2115 749 2118 1041 2127 2131 756
                  2135 764 2159 326 151 2171 780 1095 1564 331 582 1573 2212 1576 60 13 10 102
                  20
      WEB_C_B     104 133 267 310 383 407 415 655 788 797 835 1056 1060 1164 1378 1379 1381 1386
                  1388 1389 1392 1397 1400 1401 1406 1415 1418 1421 1422 1423 1424 1425 1429 1431
                  1436 1442 1445 1454 1460 1462 1467 1477 1480 1481 1487 1508 1512 1515 1517 1518
                  1523 1525 1528 1532 1538 1614 1732 1815 1901 1986 2085 2093 2097 82 1043 1055
                  671 769 1106 783 514 1559 1184 1709 1198 1212 1813 1819 1290 1937 1940 1946
                  554 823 181 2134 2187 534 679 1821 1842 955 1860 742 1942 1325 2002 1594 1611
                  197 303 1098 1101 818 1735 2192 1796 168 388 967 657 1831 2037 2051 1853 2076
                  670 546 1187 1691 1058 2211 1327 272 2039 869 884 922 227 1143 1589 1915 2166
                  2208 118 584 1278 358 1016 833 468 108 1152 1808 1536 762 1575 825 2091 728
                  2207 979 1299 1159 430 792 1776 1251 1520 1309 1971 317 485 497 360 1805 1979
                  1161 1567 1197 502 1446 558 2199 693 789 165 1998 32 2197 2154 956 747 704 752
                  1600 1864 1282 115 26 1962 1845 442 648 1273 1729 1337 1803 301 1031 220 1715
                  2064 2150 564 2183 1770 2161 1984 1121 1180 2034 2139 1768 297 18 284 2095 1155
                  755 1599 377 1868 1955 1811 396 2221 2151 859 1779 441 751 1018 1024 1404 665
                  1213 1565 1430 492 1092 85 45 362 1639 1111 518 831 1818 2069 999 1091 672 733
                  965 813 1881 876 763 645 1032 1114 1875 2018 991 64 1680 204 1008 1054 507 601
                  822 714 772 1778 2043 1645 1035 1220 342 1659 147 89 593 599 1115 205 1601 602
                  163 1610 1612 1618 1623 821 1147 615 616 1647 829 1660 1661 1673 1678 837 1701
                  1182 849 1707 860 1727 864 633 1743 1202 1203 1757 1760 1218 1219 889 1788 1789
                  1793 470 892 896 901 370 904 1847 910 1291 1298 1303 1869 486 1315 930 932 1335
                  1914 229 946 682 1930 291 958 1371 1947 692 109 1957 1963 295 184 241 304 400
                  2003 2010 994 725 307 1451 2038 525 1461 2056 735 740 2081 314 541 2115 1041
                  2127 2138 193 2141 561 1067 1071 1075 1081 780 782 2182 1086 2184 117 1089 786
                  1562 1096 2203 155 1584 2223 35 86 59 90 62 13 67 69 102 73
      SM_C_B      104 133 267 310 383 407 415 490 635 655 788 797 835 996 1056 1060 1069 1116
                  1164 1295 1372 1378 1379 1381 1386 1389 1392 1395 1397 1400 1401 1406 1410 1415
                  1418 1422 1423 1424 1425 1429 1431 1437 1442 1445 1454 1460 1462 1466 1473 1477
                  1480 1481 1493 1504 1508 1514 1515 1517 1518 1523 1528 1532 1558 1614 1718 1815
                  1901 1986 2085 2093 2097 2218 82 1043 1055 671 1097 1106 783 514 1559 1641 1709
                  1198 1212 1268 1830 1859 1290 1931 1937 1940 1946 554 823 181 928 1511 2106
                  2134 2136 989 534 1141 1821 1842 955 742 750 1909 1935 1468 1939 773 1325 1368
                  598 2026 197 794 303 1098 818 2191 2192 1796 1281 424 168 388 1831 2037 2051
                  2062 2063 2076 670 1187 2155 138 1058 2211 2213 619 2014 1327 1328 272 2039
                  663 869 884 922 501 227 1143 519 49 1915 1029 2166 397 568 2196 2208 118 1278
                  358 1507 828 833 463 468 108 1782 1152 1964 1373 1536 762 445 1575 1579 565
                  1109 2091 728 1826 741 1448 1865 979 1744 2217 1781 964 2082 218 430 674 2122
                  642 792 1874 1767 1251 87 8 2123 1849 681 2174 1309 429 283 1896 412 224 592
                  1080 744 317 2169 485 91 497 1805 862 1254 664 1979 2121 1161 1167 1567 2194
                  160 1763 421 2206 1522 693 286 1154 895 380 148 789 1470 263 898 165 1103 2021
                  2098 1980 1666 1998 802 804 1710 810 32 987 1128 494 903 153 1557 956 963 747
                  1917 704 1926 435 1600 1864 710 365 902 803 1626 1962 198 1585 2049 427 1845
                  2179 1028 914 1693 276 1856 1803 897 301 1677 1031 1715 477 1361 79 1185 1343
                  1861 1695 103 540 2161 1586 1283 1099 1200 691 809 553 1180 622 937 2034 1768
                  297 498 1877 891 284 2095 1608 1991 1902 1227 262 755 758 1599 1057 1868 196
                  1811 319 1966 1345 2221 239 2151 1231 38 1250 269 386 21 325 1779 934 1708 1018
                  2140 1151 1082 1412 800 1404 801 1669 993 665 1565 1066 447 1513 1092 85 2202
                  45 1863 361 362 1053 132 1654 1111 432 1323 831 702 1593 1241 999 1010 1088
                  328 110 672 959 733 1546 943 387 763 552 182 1032 968 1196 1751 413 1875 2018
                  1879 1122 986 338 712 64 1680 1814 1246 761 1951 250 1054 260 601 1997 834 933
                  2024 791 1778 632 2043 685 1916 1035 1220 342 1659 1118 1542 89 593 340 4 205
                  1601 1609 1610 1612 1618 1623 815 1137 606 1634 1147 1644 615 1647 1648 829
                  1160 1661 210 1673 1675 1172 1174 1697 1701 1703 849 1707 1714 211 1720 1727
                  274 864 1199 868 1743 1202 1754 1760 870 100 638 639 40 1218 1773 1219 1777
                  467 11 1786 1788 1789 1793 1233 470 1237 1801 892 1243 1806 894 1810 896 653
                  1256 1817 1822 370 904 1272 1833 906 1837 481 909 1847 910 1851 915 1855 1291
                  918 1869 1307 1873 486 1315 177 1324 1326 932 675 678 1334 1900 287 1904 1905
                  1907 938 1914 941 944 1923 1348 1353 1934 290 291 958 1371 499 1947 1956 1957
                  1963 696 970 973 977 184 241 246 1987 398 304 400 1999 402 2003 992 2010 994
                  995 2016 520 723 725 1002 307 2035 1451 2040 1461 2056 735 1019 1021 2068 2073
                  740 2081 1030 743 541 1497 2111 1498 2114 749 1041 2127 756 323 2138 193 764
                  2147 1067 562 326 1075 426 151 1081 782 2182 1086 2184 117 1089 786 1561 1562
                  1564 331 2203 1568 579 1573 2212 433 1584 2223 590 12 60 62 39 67 10 102 73
                  29 3 78 20
      CALL_D_L    104 133 267 310 352 383 635 655 706 788 797 835 1056 1069 1116 1164 1295 1372
                  1378 1387 1388 1392 1395 1397 1401 1418 1422 1423 1424 1431 1436 1437 1454 1462
                  1466 1467 1473 1477 1487 1491 1501 1504 1508 1512 1517 1518 1523 1525 1532 1538
                  1558 1614 1718 1732 1815 1901 2023 2085 2097 2218 82 1043 1055 271 769 1097
                  1106 783 1559 1629 1709 1198 1212 1813 1268 1830 1859 1290 1978 554 181 928
                  2106 2134 2187 1141 679 372 1842 1872 742 1909 1939 1942 1943 1325 1368 1560
                  2002 1594 1611 197 794 1098 2126 818 1735 2191 2192 2210 27 1281 424 168 388
                  1831 1113 2030 2051 1853 2076 670 1136 1038 1187 2155 1691 138 1058 1266 619
                  1797 1327 371 663 869 884 922 227 1143 519 49 1915 1029 2166 568 1486 2208 584
                  1278 358 1507 828 1016 261 1968 1373 1536 760 1575 1579 988 746 2091 457 768
                  1140 1527 1676 741 771 979 1299 964 218 430 1961 2122 1074 792 1767 1890 1771
                  1776 87 618 2123 1309 429 1896 1080 744 485 91 497 1625 360 731 1805 664 927
                  206 237 1161 1823 1167 1567 2194 1763 421 2206 693 247 121 1886 1079 165 574
                  1103 2021 793 774 997 957 963 747 1917 704 1600 908 710 1812 84 1282 803 983
                  2019 1876 808 406 2049 1845 442 2157 1207 555 2179 173 914 2117 276 1856 2219
                  288 504 191 476 477 30 2183 347 926 1770 282 419 1861 103 2161 1099 691 1632
                  1121 1180 899 937 2020 417 2132 1458 1662 871 95 628 891 2195 1605 2095 1991
                  739 2015 586 349 566 755 758 875 1057 377 1868 319 1966 1345 437 2151 38 1250
                  269 451 325 1779 751 1018 1082 800 801 1062 1213 1692 1565 1066 1704 556 249
                  1513 1092 1163 2088 454 2202 45 1863 1100 9 1639 1798 518 2145 831 702 74 268
                  1593 1010 1088 672 583 2119 943 2112 387 968 1196 1751 827 413 1875 830 2018
                  296 1882 500 338 1230 1534 866 64 1938 142 204 1054 207 507 601 1070 330 517
                  264 791 685 1034 1643 1346 1118 1356 36 597 340 1604 1609 1610 1131 814 1619
                  1137 1634 609 1647 1653 63 1172 1175 839 1696 1707 1191 1203 1777 1784 1786
                  1233 1799 1801 1243 1806 1810 475 1822 1272 481 482 915 1855 924 1878 6 1887
                  1900 1904 1907 1918 1348 290 291 1950 696 295 703 184 402 2010 723 1432 523
                  1004 732 1453 1013 2059 738 1019 1020 2068 1023 2073 743 2101 1497 2114 749
                  2118 318 253 2127 2131 756 2135 764 2159 326 426 151 1095 1564 1096 331 2203
                  332 2212 1576 25 60 10 102 3 20
      MSG_D_L2    104 133 146 267 310 383 407 415 655 797 835 996 1056 1116 1164 1295 1372 1378
                  1381 1386 1387 1389 1395 1400 1401 1406 1418 1422 1423 1424 1429 1431 1442 1445
                  1460 1473 1477 1480 1487 1491 1493 1501 1504 1512 1514 1517 1525 1538 1558 1614
                  1732 1815 1901 1986 2085 2097 2218 82 1043 769 1097 1106 783 514 1559 1709 1198
                  1813 1819 1830 1859 1888 1290 1937 1940 1946 1977 1978 2012 823 928 1511 2106
                  2136 2187 989 1141 1821 372 1842 742 750 1909 1939 1943 1325 1368 598 1560 1594
                  197 794 303 1098 2126 1101 818 1735 2191 2192 1796 27 1281 424 967 1831 1113
                  2030 2051 2062 2070 670 1038 1177 1187 2155 1691 138 1058 2211 1266 619 1061
                  416 1797 1327 371 663 869 1850 922 501 227 1143 519 49 1589 341 1029 2166 568
                  118 584 1278 358 1507 833 463 1152 261 1964 1536 760 762 445 981 1575 1579 1084
                  988 1919 1317 746 2091 457 768 1826 1527 1646 1676 1448 1865 979 2217 1781 964
                  1146 1270 218 1615 674 1961 2122 642 792 1211 684 1874 1767 1780 87 2123 1488
                  982 2174 1309 429 283 1540 1896 412 592 744 2169 485 521 91 360 862 664 2121
                  237 644 1161 245 1823 1167 252 722 2194 160 1763 270 502 421 558 2206 1154 46
                  380 420 148 247 121 226 1886 789 1470 898 165 1103 2021 1033 2098 1980 2120
                  1998 802 1687 810 987 2044 2197 1003 1774 793 774 997 1974 956 957 963 747 704
                  1926 1600 908 1864 710 1812 365 2129 803 983 1876 115 808 1845 442 555 2179
                  1028 2117 1049 276 978 2219 1803 157 33 1677 1031 220 2064 1587 1361 564 347
                  537 1809 1185 929 1572 282 1861 1785 1695 2161 2163 1586 1283 1099 1201 691
                  235 553 77 1180 622 899 937 1365 2020 417 2139 297 498 871 95 1877 767 891 2195
                  1981 2095 636 1991 1902 566 755 758 455 1868 294 319 1345 298 437 2151 1895
                  38 1250 269 386 21 392 320 325 709 751 1018 1024 1214 2140 800 801 1669 993
                  1062 1692 1565 1704 249 1513 1092 1259 1163 454 2202 45 9 1639 143 432 1210
                  1323 831 999 1010 1088 959 813 876 552 645 65 1032 968 1196 1751 2018 1882 338
                  1534 1352 1656 1544 866 1680 1814 1938 1246 204 1008 250 1054 167 507 601 603
                  1070 1731 933 630 632 2185 685 1916 1034 1220 342 1346 1118 1050 36 593 340
                  1115 807 1131 814 1619 815 1137 821 609 1644 615 63 1160 1661 1674 1678 1686
                  1175 845 1696 1697 1707 1713 211 1191 864 1199 633 1203 1754 1759 1760 40 1218
                  643 889 1789 1791 1233 1237 1799 1243 1256 901 370 1828 1272 1833 481 482 488
                  177 930 1887 932 941 229 1923 946 682 1353 1360 290 291 958 1371 1947 692 1953
                  109 970 1972 703 977 1985 398 1992 400 992 720 2013 723 1432 405 1004 2036 2038
                  525 1015 2059 2061 1019 1021 2068 1023 1030 314 316 2111 2114 749 322 323 422
                  764 559 562 326 1075 780 331 2203 579 582 2212 433 1584 12 57 13 39 67 10 20
      PHOT_D_L    104 133 146 352 383 407 415 635 655 706 788 797 835 996 1060 1164 1295 1378
                  1379 1381 1386 1387 1388 1389 1392 1395 1400 1401 1406 1410 1418 1422 1424 1425
                  1431 1436 1437 1442 1445 1454 1462 1467 1473 1477 1480 1487 1501 1504 1508 1512
                  1514 1517 1523 1525 1532 1538 1558 1614 1732 1815 1901 1986 2023 2085 2097 2218
                  82 1043 1055 671 271 769 1097 1106 783 1559 1198 1212 1813 1268 1830 1888 1290
                  1931 1978 554 181 928 1511 2106 2134 2187 989 1141 679 1821 1842 1872 742 1909
                  1939 1942 1943 1325 1368 598 1560 2002 1594 1611 197 303 1098 2126 818 1735
                  2191 2192 2210 27 1281 424 168 388 657 1113 2051 2062 1853 670 1136 1038 1187
                  2155 1691 138 1058 1266 619 416 1797 2014 1327 371 272 663 869 884 922 1143
                  519 49 2116 1589 1915 341 1029 2166 584 1278 358 1507 828 1016 468 1152 261
                  1373 1536 760 981 1579 1084 988 825 1919 1570 746 2091 457 768 1826 1140 1527
                  1676 741 771 979 1299 1744 964 1146 1270 218 430 1961 2122 1074 1188 792 1554
                  1767 1890 1771 1776 618 1520 1488 2174 1309 429 1896 412 1080 1574 744 1765
                  497 1625 360 731 664 927 206 237 647 1161 1823 1167 1567 2194 160 1763 502 2199
                  2206 693 148 247 226 1886 1079 165 574 1103 2021 2098 1980 810 1734 2044 1128
                  1003 793 774 1557 2154 997 957 963 1917 704 1600 908 1864 710 1812 84 1282 803
                  983 2019 1876 808 2049 427 1845 442 1207 555 173 914 1693 2117 276 1856 1330
                  2219 1337 411 897 288 504 191 476 1715 477 2064 30 1587 564 2183 347 926 282
                  419 1861 103 2161 691 1984 1224 1632 1121 1180 899 937 2020 417 2132 1458 1662
                  297 95 628 1706 891 1608 1991 739 2015 586 566 755 758 455 875 1057 377 319
                  1966 1345 1189 437 2221 2151 718 38 1250 269 451 325 1779 751 1018 2140 1082
                  800 801 1062 1213 1565 1704 556 1430 1513 1092 1163 2088 2202 1863 1100 971
                  544 362 9 1639 1798 2145 293 74 268 998 1010 672 583 2119 1881 943 2112 387
                  763 428 1196 1751 827 1114 1875 830 2018 296 1882 500 338 1230 1534 712 866
                  64 1938 142 204 1054 167 207 601 714 719 330 1509 933 517 264 791 685 1643 1645
                  1220 342 1346 1118 1356 89 36 597 340 807 1604 1609 1610 1135 1619 815 1137
                  1139 606 1634 609 443 1647 1653 210 1668 1673 1172 1175 839 1696 1703 1707 853
                  855 1191 1199 868 1202 1218 1777 1784 1786 1799 1801 1243 1806 471 474 653 1256
                  475 1822 481 1280 482 1855 484 924 1873 6 1887 1900 1904 680 1918 1348 290 291
                  958 1371 1950 703 184 240 1987 717 2010 2016 723 1432 2022 523 1004 732 1453
                  1013 2047 2059 2061 738 1019 1020 2068 1022 1023 2081 314 2101 1497 2114 749
                  2118 1041 2127 2131 756 2135 764 2159 326 151 2171 780 1095 1564 331 582 1573
                  2212 1576 60 10 102 20
      WEB_D_L2    104 267 383 407 655 788 797 835 1060 1164 1381 1400 1431 1467 1480 1512 1523
                  1528 1732 1815 1901 1986 2085 2097 82 1043 1055 769 1106 783 1559 1198 1212
                  1813 1290 554 823 181 2134 2187 1821 1842 1860 742 1942 1325 1594 1611 197 303
                  1098 818 1735 168 967 657 1831 1853 2076 670 546 1187 1691 1058 1327 272 869
                  922 227 1143 2166 584 1278 358 1016 1152 1536 762 1575 825 979 1299 792 1776
                  1251 1309 1971 485 497 360 1161 2199 789 165 32 956 747 704 1600 1864 1282 115
                  1845 648 1031 564 2183 2161 1180 755 377 1868 1811 2221 2151 1779 1018 492 1092
                  45 1639 518 831 672 733 1875 2018 64 1054 601 1778 1220 1659 89 1707 1760 1218
                  901 486 1914 1930 295 2010 2038 1067 1071 2184 2223 67 69
      SM_D_L2     104 133 267 383 407 415 490 655 788 797 1116 1164 1372 1379 1381 1389 1400 1401
                  1406 1422 1431 1462 1515 1523 1558 1718 1901 1986 2097 2218 82 1043 1097 1106
                  783 1559 1709 1198 1212 1268 1830 1290 823 181 928 2106 1141 1842 742 750 1909
                  1325 1368 598 197 794 303 1098 818 2192 1796 1281 424 168 1831 2051 2062 670
                  1187 2155 138 1058 619 1327 272 869 884 922 501 227 1143 519 49 1915 1029 2166
                  397 568 118 1278 358 1507 828 833 1152 1964 1373 1536 762 445 1575 1579 2091
                  1826 1448 979 2217 964 218 430 792 1874 1767 1251 87 8 2123 681 2174 1309 429
                  283 1896 412 592 744 2169 485 497 1805 862 664 1161 1167 2194 160 1763 421 2206
                  1154 380 148 789 1470 898 165 1103 2098 1980 802 804 810 32 987 1128 963 747
                  704 1926 1600 1864 710 365 803 1626 1845 2179 1028 276 1677 1031 477 1185 1861
                  2161 1586 1283 1099 1200 691 809 553 1180 622 937 498 1877 891 1991 1902 755
                  758 1599 1868 1811 319 1345 2221 2151 38 269 386 21 325 1779 1018 2140 1151
                  1082 800 1669 993 1066 1513 1092 2202 45 1111 1323 831 702 1593 1241 1010 1088
                  672 552 968 1196 1751 2018 338 64 1680 1814 1246 761 250 1054 601 834 2024 685
                  1916 1220 89 593 340 4 815 606 1644 615 1160 1707 1714 211 864 1199 1760 40
                  1218 1773 467 1233 1237 1256 481 915 486 678 1904 1914 941 1353 1934 290 1371
                  696 970 246 992 307 2035 2040 1019 2068 1498 2114 749 323 764 562 326 426 151
                  1081 2184 117 579 433 1584 2223 590 12 39 3 78
      CALL_C_L    104 133 267 310 352 383 635 655 706 788 797 835 1056 1060 1069 1116 1164 1295
                  1372 1378 1387 1388 1392 1395 1397 1401 1418 1422 1423 1424 1431 1436 1437 1454
                  1462 1466 1467 1473 1477 1487 1491 1501 1504 1508 1512 1517 1518 1523 1525 1528
                  1532 1538 1558 1614 1718 1732 1815 1901 2023 2085 2097 2218 82 1043 1055 271
                  769 1097 1106 783 1559 1629 1709 1198 1212 1813 1268 1830 1859 1290 1946 1978
                  554 181 928 2106 2134 2187 1141 679 372 1842 955 1872 742 1909 1939 1942 1943
                  1325 1368 1560 2002 1594 1611 197 794 1098 2126 818 1735 2191 2192 2210 27 1281
                  424 168 388 1831 1113 2030 2051 1853 2076 670 1136 1038 1187 2155 1691 138 1058
                  1266 619 1797 1327 371 663 869 884 922 227 1143 519 49 1915 1029 2166 568 1486
                  2208 584 1278 358 1507 828 1016 261 1968 1373 1536 760 1575 1579 988 746 2091
                  457 768 1140 1527 1676 741 771 979 1299 964 1146 218 1615 430 1961 2122 1074
                  792 1767 1890 1771 1776 1780 87 618 2123 1309 429 506 1896 1080 744 485 521
                  91 497 1625 360 731 1805 664 927 206 237 1161 1823 1167 252 1567 2194 1763 421
                  2206 693 247 121 226 1886 1079 165 574 1103 2021 32 793 774 620 997 957 963
                  747 1917 704 1600 908 710 1812 84 1282 803 983 2019 1876 808 406 2049 1845 442
                  2157 1207 555 2179 173 914 2117 276 1856 1729 2219 1803 288 504 191 476 477
                  30 1361 2183 347 926 1770 282 419 1861 103 2161 1099 691 1632 1121 1180 899
                  937 2020 417 2132 1458 1662 871 95 628 891 2195 1605 2095 1991 739 2015 586
                  349 566 755 758 875 1057 377 1868 319 1966 1345 437 2151 38 1250 269 451 325
                  1779 751 1018 1214 1082 800 801 1062 1213 1692 1565 1066 1704 556 249 1513 1092
                  1163 2088 454 2202 45 1863 1100 9 1639 1798 518 2145 831 702 74 268 1593 1010
                  1088 672 583 733 2119 943 2112 387 968 1196 1751 827 413 1875 830 2018 296 1882
                  500 338 1230 1534 712 866 64 1938 142 204 1054 167 260 207 507 601 1070 330
                  834 517 264 791 685 1034 1643 1346 1118 1356 36 597 340 807 1604 1609 1610 1131
                  814 1135 1619 1137 606 1634 609 1647 1653 63 1661 1172 1175 839 1696 1707 1191
                  1203 40 1777 467 1784 1786 1233 1799 1801 1243 1806 1810 475 1822 1272 481 482
                  915 1855 924 1315 1878 6 1887 1900 1904 1907 938 1918 1348 290 291 958 1950
                  696 295 703 184 402 2010 723 1432 2022 523 1004 732 1453 1013 2059 738 1019
                  1020 2068 1023 2073 743 314 2099 2101 1497 2114 749 1502 2118 318 253 2127 418
                  2131 756 2135 764 559 2159 326 426 151 1095 1564 1096 331 2203 582 332 2212
                  1576 25 59 60 10 102 3 20
      MSG_C_L2    104 133 146 267 310 383 407 415 655 797 835 996 1056 1116 1164 1295 1372 1378
                  1381 1386 1387 1389 1395 1400 1401 1406 1418 1422 1423 1424 1429 1431 1442 1445
                  1460 1462 1466 1473 1477 1480 1487 1491 1493 1501 1504 1512 1514 1517 1525 1538
                  1558 1614 1732 1815 1901 1986 2085 2097 2218 82 1043 769 1097 1106 783 514 1559
                  1709 1198 1813 1819 1830 1859 1888 1290 1937 1940 1946 1977 1978 2012 823 928
                  1511 2106 2136 2187 989 1141 1821 372 1842 1872 742 750 1909 1939 773 1942 1943
                  1325 1368 598 1560 1594 1611 2067 197 794 303 1098 2126 1101 818 1735 2191 2192
                  1796 27 1281 424 967 1831 1113 2030 2051 2062 2070 670 1038 1177 1187 2155 1691
                  138 1058 2211 1266 619 1061 416 1797 1327 371 663 869 1850 922 501 227 1143
                  519 49 1589 341 1029 2166 568 118 584 1278 358 1507 833 463 1152 261 1964 1536
                  760 762 445 981 1575 1579 1084 988 1919 1317 1570 746 2091 457 768 1826 1527
                  1646 1676 1448 1865 979 1299 2217 1781 964 1146 1270 218 1615 430 674 1961 2122
                  642 792 1211 684 1874 1767 1776 1780 87 2123 1488 982 2174 1309 429 640 283
                  1540 1896 412 592 744 631 2169 485 521 91 360 862 664 927 2121 237 644 1161
                  245 1823 1167 252 722 2194 160 1763 270 502 421 558 2206 1154 46 380 420 148
                  247 121 226 1886 789 1470 898 165 1103 2021 1033 2098 1980 2120 1998 802 1687
                  810 1734 987 2044 2197 1003 1774 793 774 997 1974 956 957 963 747 704 752 1926
                  1600 908 1864 710 1812 365 2129 902 803 983 1876 115 808 427 1845 442 555 2179
                  1028 2117 1049 276 978 2219 1803 157 411 33 1766 1677 1031 461 220 2064 2150
                  1587 1361 564 347 537 1809 1133 1185 929 1572 282 1861 1785 1695 2161 2163 1586
                  1283 1099 1201 691 235 553 77 1180 622 899 937 2034 1365 2020 417 2132 2139
                  297 278 498 871 95 1877 767 891 2195 1981 2095 636 1991 1902 566 755 758 455
                  1551 1868 294 1811 319 1345 298 437 2151 1895 38 1250 269 386 21 392 320 325
                  709 751 1018 1024 1214 2140 800 801 1669 993 1062 1692 1565 1066 1704 249 1236
                  2065 1513 1092 1259 1163 454 2202 45 9 1639 143 432 1210 1323 831 1818 999 1010
                  1088 672 959 1546 813 876 552 645 65 1032 968 1196 1751 1875 830 2018 1882 338
                  669 1534 991 1352 1656 1544 866 1680 1814 1938 1246 204 1951 1008 250 1054 167
                  507 601 603 1070 1731 330 933 630 632 2185 685 1916 1034 1220 342 1346 1118
                  1356 1050 36 593 340 1115 807 1131 814 1619 815 1137 606 821 609 1644 615 63
                  1160 1660 1661 1674 1678 1686 1175 839 845 1696 1697 1707 1713 211 1191 864
                  1199 633 868 1203 1754 1759 1760 40 1216 1218 643 889 1789 1791 1233 1237 1799
                  1243 471 1256 901 370 1828 1272 1833 481 482 1851 1303 488 177 930 1887 932
                  941 229 1923 946 682 1353 1360 290 291 958 1371 1947 692 1953 109 19 970 1972
                  973 703 977 1985 398 1992 400 992 720 2013 723 1432 405 1004 2036 2038 525 1015
                  2059 2061 738 1019 1021 2068 1023 111 1030 314 316 2111 2114 2115 749 253 2127
                  322 323 422 764 559 562 326 1075 780 1089 331 2203 579 582 2212 433 1584 12
                  57 13 39 67 10 29 20
      PHOT_C_L    104 133 146 352 383 407 415 635 655 706 788 797 835 996 1060 1164 1295 1378
                  1379 1381 1386 1387 1388 1389 1392 1395 1397 1400 1401 1406 1410 1418 1422 1424
                  1425 1431 1436 1437 1442 1445 1454 1462 1467 1473 1477 1480 1481 1487 1501 1504
                  1508 1512 1514 1517 1523 1525 1532 1538 1558 1614 1732 1815 1901 1986 2023 2085
                  2097 2218 82 1043 1055 671 271 769 1097 1106 783 514 1559 1198 1212 1813 1268
                  1830 1888 1290 1931 1978 554 181 928 1511 2106 2134 2187 989 534 1141 679 1821
                  1842 1872 742 1909 1939 1942 1943 1325 1368 598 1560 2002 1594 1611 197 303
                  1098 2126 818 1735 2191 2192 2210 27 1281 424 168 388 657 1113 2051 2062 1853
                  670 1136 1038 1187 2155 1691 138 1058 1266 619 416 1797 2014 1327 371 272 663
                  869 884 922 501 1143 519 49 2116 1589 1915 341 1029 2166 584 1278 358 1507 828
                  1016 468 1152 261 1373 1536 760 762 981 1579 1084 988 825 1919 1317 1570 746
                  2091 457 768 1826 1140 1527 1676 741 771 2207 979 1299 1744 964 1146 1270 218
                  430 1961 2122 1074 1302 1188 792 1554 1211 1767 1890 1771 1776 87 618 1520 1488
                  2174 1309 429 1896 412 1080 1574 744 1765 497 1625 360 731 1805 664 927 206
                  237 647 1161 1823 1167 1567 722 2194 160 1763 1197 502 2199 2206 693 148 247
                  226 1886 1079 165 574 1103 2021 2098 1980 810 1734 2044 1128 337 1003 793 774
                  1557 701 2154 997 957 963 1917 704 1600 908 1864 710 1812 84 1282 803 983 2019
                  1876 808 2049 427 1845 442 1207 555 173 914 1693 2117 276 1856 1330 2219 1337
                  411 897 288 504 191 476 1715 477 2064 30 1587 564 2183 347 926 282 419 1861
                  103 2161 1201 691 1984 1224 1632 1121 1180 899 937 2020 417 2132 1458 1662 297
                  95 628 1706 891 2095 1608 1991 739 2015 586 566 755 758 455 875 1057 377 319
                  1966 1345 1189 188 437 2221 2151 718 38 1250 269 451 325 1779 751 1018 2140
                  1082 800 801 993 1062 1213 1565 1704 556 1430 1513 1092 1259 1163 2088 2202
                  1863 1100 971 544 362 9 1639 1798 2145 293 74 268 998 1241 1010 1088 672 583
                  2119 1881 943 2112 387 763 428 1196 1751 827 1114 1875 830 2018 296 1882 500
                  338 1230 1534 991 712 866 64 1938 142 204 1054 167 207 601 714 719 330 1590
                  1509 933 517 264 791 685 1643 1645 1220 342 1346 1118 1356 89 36 597 340 807
                  1604 1609 1610 814 1135 1619 815 1137 1139 606 1634 609 443 1647 1653 210 1668
                  1673 1674 1172 1175 839 1696 1703 1707 853 855 1191 1199 868 1202 1218 1777
                  1784 1786 1799 1801 1243 1806 471 474 653 1256 475 1822 481 1280 482 1855 484
                  924 1873 6 1887 1900 1904 680 1918 1923 1348 290 291 958 1371 1950 692 703 184
                  240 246 1987 1992 717 2010 2016 723 1432 2022 523 1004 732 1453 1013 2047 2059
                  2061 738 1019 1020 1021 2068 1022 1023 2081 743 314 2101 1497 2114 749 2118
                  1041 1044 2127 418 2131 756 2135 764 2159 326 151 2171 780 1095 1564 331 582
                  1573 2212 1576 57 60 10 102 20
      WEB_C_L2    104 267 383 407 655 788 797 835 1060 1164 1381 1386 1400 1431 1467 1480 1512
                  1523 1528 1614 1732 1815 1901 1986 2085 2097 82 1043 1055 769 1106 783 1559
                  1198 1212 1813 1859 1290 554 823 181 2134 2187 989 1821 1842 1860 742 1942 1943
                  1325 1594 1611 197 303 1098 818 1735 168 967 657 1831 2063 1853 2076 670 546
                  1187 1691 1058 1327 272 869 922 227 1143 2166 584 1278 358 1016 1152 1536 762
                  1575 825 979 1299 642 792 1776 1251 1309 1971 485 497 360 1161 2199 789 165
                  2021 32 997 1974 956 747 704 1600 1864 1812 1282 1876 115 1845 648 288 1031
                  564 2183 2161 691 1180 755 377 1868 1811 1345 2221 2151 1779 1018 492 1092 2088
                  2202 45 1639 518 831 672 733 1875 2018 866 64 1054 601 1778 1220 1659 89 1707
                  1760 1218 901 486 1891 1905 1914 1930 295 2010 1004 2038 1023 764 1067 1071
                  2184 2223 67 69
      SM_C_L      104 133 267 383 407 415 490 655 788 797 1056 1116 1164 1372 1379 1381 1389 1400
                  1401 1406 1422 1425 1431 1462 1508 1515 1523 1558 1718 1815 1901 1986 2085 2097
                  2218 82 1043 1097 1106 783 1559 1709 1198 1212 1268 1830 1290 823 181 928 2106
                  1141 1842 742 750 1909 1325 1368 598 197 794 303 1098 818 2192 1796 1281 424
                  168 1831 2051 2062 670 1187 2155 138 1058 619 1327 272 869 884 922 501 227 1143
                  519 49 1915 1029 2166 397 568 118 1278 358 1507 828 833 1152 1964 1373 1536
                  762 445 1575 1579 2091 1826 1448 979 2217 964 218 430 792 1874 1767 1251 87
                  8 2123 681 2174 1309 429 283 1896 412 592 744 2169 485 497 1805 862 664 1161
                  1167 2194 160 1763 421 2206 1154 380 148 789 1470 898 165 1103 2098 1980 802
                  804 810 32 987 1128 963 747 704 1926 1600 1864 710 365 803 1626 1845 2179 1028
                  276 1677 1031 477 1185 1861 2161 1586 1283 1099 1200 691 809 553 1180 622 937
                  498 1877 891 1991 1902 755 758 1599 1868 1811 319 1345 2221 2151 38 269 386
                  21 325 1779 1018 2140 1151 1082 800 1669 993 1066 1513 1092 2202 45 1111 1323
                  831 702 1593 1241 1010 1088 672 552 968 1196 1751 2018 338 64 1680 1814 1246
                  761 250 1054 601 834 2024 685 1916 1220 89 593 340 4 815 606 1644 615 1160 1707
                  1714 211 864 1199 1760 40 1218 1773 467 1233 1237 1256 481 915 486 678 1904
                  1914 941 1353 1934 290 1371 696 970 246 992 307 2035 2040 1019 2068 1498 2114
                  749 323 764 562 326 426 151 1081 2184 117 579 433 1584 2223 590 12 39 3 78

   3 WARNING(S) FOUND IN THE INPUT INSTRUCTIONS



Your title goes here

SUMMARY OF ANALYSIS

Number of groups                                                 1
Number of observations                                       25303

Number of dependent variables                                   15
Number of independent variables                                  0
Number of continuous latent variables                            0

Observed dependent variables

  Continuous
   CALL_D_L2   MSG_D_L2    PHOT_D_L2   WEB_D_L2    SM_D_L2     CALL_C_L2
   MSG_C_L2    PHOT_C_L2   WEB_C_L2    SM_C_L

  Binary and ordered categorical (ordinal)
   CALL_C_B    MSG_C_B     PHOT_C_B    WEB_C_B     SM_C_B

Variables with special functions

  Cluster variable      NEW_ID

Estimator                                                    WLSMV
Optimization Specifications for the Quasi-Newton Algorithm for
Continuous Outcomes
  Maximum number of iterations                                1000
  Convergence criterion                                  0.100D-05
Optimization Specifications for the EM Algorithm
  Maximum number of iterations                                 500
  Convergence criteria
    Loglikelihood change                                 0.100D-02
    Relative loglikelihood change                        0.100D-05
    Derivative                                           0.100D-02
Optimization Specifications for the M step of the EM Algorithm for
Categorical Latent variables
  Number of M step iterations                                    1
  M step convergence criterion                           0.100D-02
  Basis for M step termination                           ITERATION
Optimization Specifications for the M step of the EM Algorithm for
Censored, Binary or Ordered Categorical (Ordinal), Unordered
Categorical (Nominal) and Count Outcomes
  Number of M step iterations                                    1
  M step convergence criterion                           0.100D-02
  Basis for M step termination                           ITERATION
  Maximum value for logit thresholds                            10
  Minimum value for logit thresholds                           -10
  Minimum expected cell size for chi-square              0.100D-01
Maximum number of iterations for H1                           2000
Convergence criterion for H1                             0.100D-03
Optimization algorithm                                      EMA/FS
Integration Specifications
  Type                                                    STANDARD
  Number of integration points                                   7
  Dimensions of numerical integration                            0
  Adaptive quadrature                                           ON
Link                                                        PROBIT
Cholesky                                                        ON

Input data file(s)
  w1_30d2.dat
Input data format  FREE


SUMMARY OF DATA

     Number of clusters                       1302

       Size (s)    Cluster ID with Size s

          2        104 133 146 267 310 352 383 407 415 490 635 655 706
                   788 797 835 996 1056 1060 1069 1116 1164 1295 1372 1378
                   1379 1381 1386 1387 1388 1389 1392 1395 1397 1400 1401
                   1406 1410 1415 1418 1421 1422 1423 1424 1425 1429 1431
                   1436 1437 1442 1445 1454 1460 1462 1466 1467 1473 1477
                   1480 1481 1487 1491 1493 1501 1504 1508 1512 1514 1515
                   1517 1518 1523 1525 1528 1532 1538 1558 1614 1718 1732
                   1815 1901 1986 2023 2085 2093 2097 2218
          3        82 1043 1055 671 271 769 1097 1106 783 514 1559 1184
                   1629 1641 1709 1198 1212 1813 1268 1819 1830 1859 1888
                   1290 1931 1937 1940 1946 1977 1978 554 2012 823 181
                   928 1511 2106 2134 2136 2187 989
          4        534 1141 679 1821 372 1842 955 1860 1872 742 750 1909
                   573 1935 1468 1939 773 1942 1943 1325 1368 598 1560
                   2002 1594 1611 2026 2067 197 794 303 1098 2126 1101
                   818 1735 2191 2192 2210 1796
          5        27 1281 424 168 388 967 657 1831 1113 2030 2037 2051
                   2062 2063 1853 2070 2076 670 1136 1038 394 1177 546
                   1187 2155 1691 138 1058 1723 2211 2213 1266
          6        619 1061 416 2007 1797 2014 1327 1328 371 272 2039 663
                   869 884 1850 922 501 227 1143 519 49 2116 1589 1915
                   341 1029 2166 397 568 1486 2196 2208 118 584 1278 358
          7        1507 828 1016 1025 833 463 468 108 1350 1782 1152 261
                   1808 1964 1968 1373 1536 760 762 445 981 1575 1579 1084
                   988 825
          8        1919 1317 1570 746 565 1109 2091 457 728 768 1826 1140
                   1527 1646 1676 741 1448 771 1865 98 2207 979 1899 1299
                   1744 2217 1781
          9        964 1465 1146 2075 1270 2082 218 1159 1615 430 674 1961
                   2122 1074 1302 642 1188 792 1554 1211 1340 684 1874
                   1767 1890 1771 1776 1780 1251
         10        87 618 8 2123 1520 1849 681 1488 982 2174 1309 429 640
                   283 1540 1971 506 1896 412 224 592
         11        1080 363 1574 744 631 1834 317 1765 2169 485 1607 521
                   91 497 1625 360 731 1805 862 1254 664
         12        927 1979 206 2121 745 237 644 753 647 1161 245 1823
                   1167 252 1567 722 2194 160 1763 203 1197 874 667 900
                   270
         13        502 421 1446 558 2199 2206 1522 693 286 1154 536 895
                   1745
         14        46 380 420 726 148 495 247 121 226 1886 1079 789 1470
                   263 898 165 574 1103 1924 2021 1033 2224
         15        2098 1980 1666 2120 1998 802 1687 804 882 1710 810 1294
                   2028 32 1734 987 2044 1128 494 2197 337 903 1003 1249
                   1774 153 793 189 774 1557
         16        620 701 2154 997 1974 956 957 963 747 1917 704 752 1926
                   1232 435 1600 908 1864 710 1812 365 1472 2129
         17        1117 84 902 93 1282 384 803 1626 983 2019 1876 115 808
                   26 1962 198 406 1585 2049 427 1845
         18        442 2157 931 1207 555 2179 1028 508 173 914 648 1693
                   2117 1049 276 978 1273 1856 1729 2216 1330 1989 2219
                   1337
         19        1928 1803 157 411 48 33 897 288 301 2103 504 1766 1677
                   1031 461 191 220 476 1715 477 2064 2144 2150 30
         20        1587 1361 564 1716 2183 347 52 537 1809 538 926 885
                   79 1133 1185 929 1478 1572 1770 282 446 1343 419
         21        1861 1785 1695 103 540 2161 2163 1586 1283 1099 1200
                   1201 691 1984 809 235 1224 600 553 88 1632 77 1121 1180
                   622 899 937 2034 1516 1365
         22        2020 417 2132 1458 277 2139 1263 1768 399 1662 297 278
                   498 871 95 1064 628 1706 18 1877 767 891 2195 284 1981
                   1605 2095 636 1608 1991 1902 739 1227 262 1624 2015
                   586
         23        349 566 1155 755 758 1599 455 875 1057 377 1549 1551
                   1868 294 1955 196 1811 319 1966 1345 550 1189 298 188
                   437 2148 396 2221 239
         24        2151 1895 1231 718 38 1250 269 859 386 451 21 392 1110
                   414 320 325 309 1779 709 934 441 940 751 1708 1018 1024
                   1214 2140 1151 1082 1412
         25        800 1404 801 1669 993 1062 665 1213 1692 1565 1066 1704
                   556 44 249 92 1236 1580 1430 492 2065 447 1513 1092
                   85 1259 1163 2088 454 2202 45 1863 1100 971 544 361
                   362 1053 9 99 1639 132
         26        1654 143 1402 1111 515 1798 518 432 1210 2145 1323 831
                   180 611 858 1818 702 293 74 268 1588 998 2181 1593 1840
                   2069 1241 999 137 1010 711 1088 1091 328 110 172 672
                   959 583 733 1546 2119 965 813 1881
         27        943 876 2112 387 1839 763 552 182 1181 645 65 1032 428
                   968 1196 453 1751 827 413 1314 1114 1875 830 2018 393
                   1879 296 2165 1882 1122 986 500 1339 338 669 1230 1534
                   991 1352 1656 712 1544 866 1366 64 1680 1814 1938 1246
                   1248 142 204 761 1951 1008
         28        250 1054 974 167 260 207 812 507 601 822 714 603 1070
                   719 1731 440 217 1997 772 330 1590 834 1509 1001 933
                   517 129 264 630 2024 947 791 1778 105 632 2185 524 2043
                   1524 685 1637 1916 376 1034 1643 1645 1035 1220 342
                   1659 1346 1118 1542 147 1356 89 1050
         29        36 593 597 340 599 1591 1115 807 1595 4 205 1601 1604
                   602 163 605 1609 1610 1131 1612 1613 814 1135 1618 1619
                   1623 815 1137 1139 1627 606 821 1634 609 443 1147 613
                   1644 615 616 1647 1648 1653 829 63 1160 1660 1661 210
                   353 1668 354 1671 1673 1674 1675 452 1171 1678 1172
                   1686 1174 1175 837 839 845 1696 1697 1701 1703 1182
                   849 1707 853 855 357 1713 1714 211 1190 1191 1720 860
                   1727 274 864 1199 633 868 1743 1202 1203 212 1754 1755
                   1757 1759 1760 870 100 638 639 40 1216 1218 1773 1219
                   880 1777 467 1225 643 11 886 1784 889 1786 1788 1789
                   1790 1791 1793 1233 470 1237 1799 1801 892 1243 1806
                   894 646 1810 896 471 474 653 1256 1817 475 901 1264
                   1822 368 370 1828 1829 904 1272 1833 906 1835 1837 1276
                   481 1280 909 1847 910 482 1851 915 1855 1291 918 484
                   1298 924 72 1303 1305 1869 1870 1307 1873 486 1311 488
                   1315 1878 177 930 1324 6 1887 1326 932 1891 675 678
                   1334 1900 1335 287 1904 1905 1907 938 1912 1914 680
                   941 229 1918 944 1923 1348 946 682 1930 1353 1934 953
                   1360 290 291 686 958 1371 1944 499 1947 1950 692 1953
                   109 1956 1957 695 966 1963 696 19 1967 970 295 1972
                   973 703 977 184 240 241 186 1985 246 1987 398 304 1992
                   717 400 1999 2000 2001 402 2003 992 2010 720 2013 994
                   995 2016 520 723 725 1432 2022 405 523 1002 307 1004
                   732 2035 2036 1451 2038 1453 2040 525 1013 2047 1015
                   1461 2052 2056 2059 2061 735 738 1019 1020 1021 2068
                   1022 1023 2073 187 740 2081 410 111 1030 1485 743 314
                   316 541 2099 2101 2 1497 2111 1498 2114 2115 749 1502
                   2118 1041 318 1044 547 149 253 2127 418 2131 756 322
                   2135 323 2137 2138 193 557 2141 422 764 2147 559 561
                   1067 562 423 1071 2159 2160 326 1075 1077 426 151 2171
                   1081 780 782 2182 1086 2184 117 1089 784 786 1095 1561
                   1562 1564 2198 1096 331 2203 1568 579 582 1573 332 2212
                   155 1576 433 1104 1581 1584 2223 590
         30        12 35 25 86 57 59 60 90 62 37 13 39 97 67 69 10 102
                   73 29 3 78 20

     Average cluster size       19.434

     Estimated Intraclass Correlations for the Y Variables

                Intraclass              Intraclass              Intraclass
     Variable  Correlation   Variable  Correlation   Variable  Correlation

     CALL_C_B     0.661      MSG_C_B      0.771      PHOT_C_B     0.634
     WEB_C_B      0.699      SM_C_B       0.907      CALL_D_L     0.395
     MSG_D_L2     0.474      PHOT_D_L     0.187      WEB_D_L2     0.470
     SM_D_L2      0.684      CALL_C_L     0.261      MSG_C_L2     0.524
     PHOT_C_L     0.214      WEB_C_L2     0.620      SM_C_L       0.788



SUMMARY OF MISSING DATA PATTERNS


COVARIANCE COVERAGE OF DATA

Minimum covariance coverage value   0.100


UNIVARIATE PROPORTIONS AND COUNTS FOR CATEGORICAL VARIABLES

    CALL_C_B
      Category 1    0.700        17712.000
      Category 2    0.300         7591.000
    MSG_C_B
      Category 1    0.740        18712.000
      Category 2    0.260         6591.000
    PHOT_C_B
      Category 1    0.754        19066.000
      Category 2    0.246         6237.000
    WEB_C_B
      Category 1    0.352         8900.000
      Category 2    0.648        16403.000
    SM_C_B
      Category 1    0.435        11003.000
      Category 2    0.565        14300.000





RESULTS FOR BASIC ANALYSIS


     ESTIMATED SAMPLE STATISTICS


           MEANS/INTERCEPTS/THRESHOLDS
              CALL_C_B      MSG_C_B$      PHOT_C_B      WEB_C_B$      SM_C_B$1
              ________      ________      ________      ________      ________
                1.040         1.497         1.256        -0.494        -0.319


           MEANS/INTERCEPTS/THRESHOLDS
              CALL_D_L      MSG_D_L2      PHOT_D_L      WEB_D_L2      SM_D_L2
              ________      ________      ________      ________      ________
               -0.530         0.212        -0.400         1.770         2.030


           MEANS/INTERCEPTS/THRESHOLDS
              CALL_C_L      MSG_C_L2      PHOT_C_L      WEB_C_L2      SM_C_L
              ________      ________      ________      ________      ________
                1.073         0.998         0.903         2.267         1.194


           WITHIN LEVEL VARIANCE/COVARIANCE
              CALL_C_B      MSG_C_B       PHOT_C_B      WEB_C_B       SM_C_B
              ________      ________      ________      ________      ________
 CALL_C_B       1.000
 MSG_C_B        0.146         1.000
 PHOT_C_B       0.171         0.121         1.000
 WEB_C_B        0.207         0.206         0.180         1.000
 SM_C_B         0.185         0.298         0.152         0.419         1.000
 CALL_D_L      -0.374         0.057         0.100         0.103         0.044
 MSG_D_L2       0.107        -0.452         0.106         0.113         0.142
 PHOT_D_L      -0.001         0.015        -0.302         0.054         0.012
 WEB_D_L2       0.060         0.121         0.094        -0.205         0.272
 SM_D_L2        0.052         0.153         0.100         0.212        -0.297
 CALL_C_L      -0.262         0.059         0.058         0.092         0.042
 MSG_C_L2       0.094        -0.327         0.091         0.097         0.105
 PHOT_C_L       0.023         0.015        -0.236         0.035        -0.003
 WEB_C_L2       0.070         0.103         0.095        -0.246         0.267
 SM_C_L         0.078         0.155         0.087         0.190         0.620


           WITHIN LEVEL VARIANCE/COVARIANCE
              CALL_D_L      MSG_D_L2      PHOT_D_L      WEB_D_L2      SM_D_L2
              ________      ________      ________      ________      ________
 CALL_D_L       1.978
 MSG_D_L2       0.085         2.016
 PHOT_D_L      -0.065         0.122         1.919
 WEB_D_L2       0.072         0.087        -0.016         1.710
 SM_D_L2        0.005         0.154         0.006         0.281         1.284
 CALL_C_L       0.806         0.040        -0.010         0.048         0.007
 MSG_C_L2       0.066         0.847         0.049         0.095         0.133
 PHOT_C_L      -0.010         0.070         0.847         0.010        -0.003
 WEB_C_L2       0.054         0.079         0.000         0.946         0.216
 SM_C_L         0.019         0.109         0.023         0.151         0.473


           WITHIN LEVEL VARIANCE/COVARIANCE
              CALL_C_L      MSG_C_L2      PHOT_C_L      WEB_C_L2      SM_C_L
              ________      ________      ________      ________      ________
 CALL_C_L       0.663
 MSG_C_L2       0.041         0.642
 PHOT_C_L       0.002         0.039         0.689
 WEB_C_L2       0.049         0.093         0.011         0.897
 SM_C_L         0.021         0.093         0.013         0.151         0.384


           WITHIN LEVEL CORRELATION
              CALL_C_B      MSG_C_B       PHOT_C_B      WEB_C_B       SM_C_B
              ________      ________      ________      ________      ________
 CALL_C_B       1.000
 MSG_C_B        0.146         1.000
 PHOT_C_B       0.171         0.121         1.000
 WEB_C_B        0.207         0.206         0.180         1.000
 SM_C_B         0.185         0.298         0.152         0.419         1.000
 CALL_D_L      -0.266         0.041         0.071         0.073         0.032
 MSG_D_L2       0.075        -0.318         0.074         0.079         0.100
 PHOT_D_L      -0.001         0.011        -0.218         0.039         0.009
 WEB_D_L2       0.046         0.093         0.072        -0.156         0.208
 SM_D_L2        0.046         0.135         0.088         0.187        -0.262
 CALL_C_L      -0.322         0.072         0.071         0.113         0.051
 MSG_C_L2       0.118        -0.407         0.114         0.121         0.131
 PHOT_C_L       0.028         0.018        -0.285         0.043        -0.003
 WEB_C_L2       0.073         0.109         0.100        -0.260         0.282
 SM_C_L         0.126         0.249         0.140         0.307         1.000


           WITHIN LEVEL CORRELATION
              CALL_D_L      MSG_D_L2      PHOT_D_L      WEB_D_L2      SM_D_L2
              ________      ________      ________      ________      ________
 CALL_D_L       1.000
 MSG_D_L2       0.043         1.000
 PHOT_D_L      -0.033         0.062         1.000
 WEB_D_L2       0.039         0.047        -0.009         1.000
 SM_D_L2        0.003         0.095         0.004         0.190         1.000
 CALL_C_L       0.704         0.034        -0.009         0.045         0.008
 MSG_C_L2       0.059         0.744         0.044         0.091         0.147
 PHOT_C_L      -0.009         0.059         0.736         0.009        -0.003
 WEB_C_L2       0.040         0.059         0.000         0.764         0.201
 SM_C_L         0.022         0.124         0.027         0.187         0.674


           WITHIN LEVEL CORRELATION
              CALL_C_L      MSG_C_L2      PHOT_C_L      WEB_C_L2      SM_C_L
              ________      ________      ________      ________      ________
 CALL_C_L       1.000
 MSG_C_L2       0.063         1.000
 PHOT_C_L       0.003         0.058         1.000
 WEB_C_L2       0.063         0.122         0.014         1.000
 SM_C_L         0.042         0.187         0.025         0.258         1.000


           BETWEEN LEVEL VARIANCE/COVARIANCE
              CALL_C_B      MSG_C_B       PHOT_C_B      WEB_C_B       SM_C_B
              ________      ________      ________      ________      ________
 CALL_C_B       1.952
 MSG_C_B        0.694         3.360
 PHOT_C_B       1.425         0.601         1.735
 WEB_C_B        0.753         0.746         0.732         2.325
 SM_C_B         1.231         2.868         1.210         2.431         9.777
 CALL_D_L       0.823         0.415         0.380         0.074        -0.150
 MSG_D_L2      -0.111         1.484        -0.052         0.046         0.232
 PHOT_D_L       0.141         0.194         0.508         0.040         0.188
 WEB_D_L2       0.186         0.131         0.177         1.318         0.853
 SM_D_L2        0.221         0.765         0.393         0.482         3.984
 CALL_C_L       0.498         0.125         0.180         0.076         0.079
 MSG_C_L2       0.182         1.084         0.146         0.231         0.471
 PHOT_C_L       0.131         0.109         0.400         0.060         0.226
 WEB_C_L2       0.540         0.275         0.510         1.342         0.953
 SM_C_L         0.412         0.930         0.459         0.797         3.412


           BETWEEN LEVEL VARIANCE/COVARIANCE
              CALL_D_L      MSG_D_L2      PHOT_D_L      WEB_D_L2      SM_D_L2
              ________      ________      ________      ________      ________
 CALL_D_L       1.293
 MSG_D_L2      -0.072         1.815
 PHOT_D_L       0.116         0.009         0.443
 WEB_D_L2       0.063         0.006         0.050         1.519
 SM_D_L2       -0.183         0.092         0.144         0.168         2.774
 CALL_C_L       0.385        -0.019         0.048         0.059        -0.046
 MSG_C_L2      -0.044         0.909         0.012         0.047         0.187
 PHOT_C_L       0.069        -0.006         0.216         0.029         0.141
 WEB_C_L2       0.031        -0.146         0.007         1.160         0.143
 SM_C_L        -0.060         0.075         0.064         0.277         1.378


           BETWEEN LEVEL VARIANCE/COVARIANCE
              CALL_C_L      MSG_C_L2      PHOT_C_L      WEB_C_L2      SM_C_L
              ________      ________      ________      ________      ________
 CALL_C_L       0.234
 MSG_C_L2       0.010         0.708
 PHOT_C_L       0.044         0.024         0.187
 WEB_C_L2       0.074         0.108         0.041         1.464
 SM_C_L         0.010         0.191         0.098         0.345         1.429


           BETWEEN LEVEL CORRELATION
              CALL_C_B      MSG_C_B       PHOT_C_B      WEB_C_B       SM_C_B
              ________      ________      ________      ________      ________
 CALL_C_B       1.000
 MSG_C_B        0.271         1.000
 PHOT_C_B       0.774         0.249         1.000
 WEB_C_B        0.353         0.267         0.365         1.000
 SM_C_B         0.282         0.500         0.294         0.510         1.000
 CALL_D_L       0.518         0.199         0.254         0.043        -0.042
 MSG_D_L2      -0.059         0.601        -0.029         0.022         0.055
 PHOT_D_L       0.151         0.159         0.580         0.039         0.090
 WEB_D_L2       0.108         0.058         0.109         0.702         0.221
 SM_D_L2        0.095         0.251         0.179         0.190         0.765
 CALL_C_L       0.737         0.141         0.283         0.104         0.052
 MSG_C_L2       0.155         0.703         0.132         0.180         0.179
 PHOT_C_L       0.216         0.137         0.702         0.090         0.167
 WEB_C_L2       0.319         0.124         0.320         0.727         0.252
 SM_C_L         0.247         0.424         0.292         0.437         0.913


           BETWEEN LEVEL CORRELATION
              CALL_D_L      MSG_D_L2      PHOT_D_L      WEB_D_L2      SM_D_L2
              ________      ________      ________      ________      ________
 CALL_D_L       1.000
 MSG_D_L2      -0.047         1.000
 PHOT_D_L       0.154         0.010         1.000
 WEB_D_L2       0.045         0.003         0.061         1.000
 SM_D_L2       -0.096         0.041         0.130         0.082         1.000
 CALL_C_L       0.699        -0.029         0.150         0.100        -0.057
 MSG_C_L2      -0.046         0.802         0.022         0.046         0.133
 PHOT_C_L       0.141        -0.010         0.749         0.053         0.196
 WEB_C_L2       0.022        -0.090         0.009         0.778         0.071
 SM_C_L        -0.044         0.047         0.080         0.188         0.692


           BETWEEN LEVEL CORRELATION
              CALL_C_L      MSG_C_L2      PHOT_C_L      WEB_C_L2      SM_C_L
              ________      ________      ________      ________      ________
 CALL_C_L       1.000
 MSG_C_L2       0.025         1.000
 PHOT_C_L       0.212         0.067         1.000
 WEB_C_L2       0.126         0.106         0.077         1.000
 SM_C_L         0.018         0.190         0.189         0.238         1.000


UNIVARIATE SAMPLE STATISTICS


     UNIVARIATE HIGHER-ORDER MOMENT DESCRIPTIVE STATISTICS

         Variable/         Mean/     Skewness/   Minimum/ % with                Percentiles
        Sample Size      Variance    Kurtosis    Maximum  Min/Max      20%/60%    40%/80%    Median

     CALL_D_L2            -0.214      -0.031      -4.094    3.16%      -1.792     -0.660     -0.163
            7591.000       3.307      -0.422       5.093    0.01%       0.300      1.357
     MSG_D_L2              0.738       0.000      -4.094    0.90%      -1.099      0.182      0.750
            6591.000       4.117      -0.565       6.339    0.02%       1.331      2.551
     PHOT_D_L2            -0.254      -0.040      -4.094    1.46%      -1.609     -0.629     -0.244
            6237.000       2.388      -0.190       4.435    0.02%       0.168      1.047
     WEB_D_L2              2.088      -0.725      -4.094    0.53%       0.773      1.900      2.331
           16403.000       3.009       0.760       6.784    0.01%       2.714      3.500
     SM_D_L2               2.669      -1.016      -4.094    0.19%       1.326      2.623      3.059
           14300.000       3.202       0.812       6.460    0.01%       3.447      4.152
     CALL_C_L2             1.227       0.406       0.000   23.65%       0.000      0.693      1.099
            7591.000       0.917      -0.475       5.743    0.01%       1.386      2.079
     MSG_C_L2              1.375       0.843       0.000   28.61%       0.000      0.693      1.099
            6591.000       1.657       0.151       6.308    0.02%       1.609      2.485
     PHOT_C_L2             1.028       0.761       0.000   31.92%       0.000      0.693      0.693
            6237.000       0.911       0.104       4.920    0.02%       1.099      1.792
     WEB_C_L2              2.589       0.062       0.000    9.53%       1.099      2.197      2.639
           16403.000       2.289      -0.597       8.016    0.01%       3.045      3.932
     SM_C_L                1.287       0.627       0.000   43.48%       0.000      0.000      0.693
           25303.000       1.900      -0.885       6.059    0.00%       1.609      2.708


PLOT INFORMATION

The following plots are available:

  Histograms (sample values)
  Scatterplots (sample values)
  Between-level histograms (sample values, sample means/variances)
  Between-level scatterplots (sample values, sample means/variances)
  Sample proportions

DIAGRAM INFORMATION

  Mplus diagrams are currently not available for multilevel analysis.
  No diagram output was produced.


     Beginning Time:  10:49:40
        Ending Time:  11:05:10
       Elapsed Time:  00:15:30



MUTHEN & MUTHEN
3463 Stoner Ave.
Los Angeles, CA  90066

Tel: (310) 391-9971
Fax: (310) 391-8971
Web: www.StatModel.com
Support: Support@StatModel.com

Copyright (c) 1998-2024 Muthen & Muthen
