Mplus VERSION 8.11
MUTHEN & MUTHEN
10/14/2025   4:00 PM

INPUT INSTRUCTIONS

  TITLE: this is an example of a two-level time series analysis with a first-
  order autoregressive AR(1) factor analysis model for a single
  continuous indicator and measurement error;

  DATA: FILE = "w1_30d2.dat";

  VARIABLE:
  NAMES = new_id date call_c msg_c phot_c call_d msg_d phot_d web_c web_d sm_c sm_d
       w1_date w1b_date w1_date_7 w1_date_30 w1b_date_7 w1b_date_30 day_before_w1
       day_before_w1b w1_7d_window w1b_7d_window w1_30d_window w1b_30d_window days_c
       call_d_l msg_d_l phot_d_l web_d_l sm_d_l call_c_l msg_c_l phot_c_l web_c_l
       sm_c_l days_c_l call_d_l2 msg_d_l2 phot_d_l2 web_d_l2 sm_d_l2 call_c_l2
       msg_c_l2 phot_c_l2 web_c_l2 sm_c_l2 call_c_b msg_c_b phot_c_b web_c_b sm_c_b
       time;
  MISSING=.;
  USEVAR  = call_c_b day_before_w1;
  CATEGORICAL = call_c_b;
  !LAGGED = call_c_b(1);
  CLUSTER  = new_id;
  TINTERVAL = time (1 time2);

  ANALYSIS:
  TYPE = TWOLEVEL RANDOM;
  ESTIMATOR = BAYES;
  PROCESSORS = 7;
  BITERATIONS = (1000);
  THIN = 10;


    MODEL:
    %WITHIN%

  f BY call_c_b@1 (&1);
  !call_c_b@0.1;
  trend | f ON day_before_w1;

  stab | f^ ON f^1;



    %BETWEEN%
    call_c_b WITH stab trend;
    stab WITH trend;



  OUTPUT: TECH1 TECH8 TECH4 STDYX residual;

  PLOT: TYPE = PLOT3;



*** WARNING in VARIABLE command
  Note that only the first 8 characters of variable names are used in the output.
  Shorten variable names to avoid any confusion.
*** WARNING in MODEL command
  A y-variable has been declared on the within level but not referred to on
  the between level.  Please check that this is what is intended.  If this is not intended,
  specify the variable as a within variable.  Problem with:  DAY_BEFORE_W1
*** WARNING in ANALYSIS command
  The number of processors must be at most the number of chains for analysis with
  lagged variables and the ^ notation.  The number of processors has been reduced to 2.
*** WARNING in PLOT command
  Note that only the first 8 characters of variable names are used in plots.
  If variable names are not unique within the first 8 characters, problems
  may occur.
*** WARNING
  Data set contains cases with missing on x-variables converted to dependent variables.
  The autocorrelation of these variables should be included in the model and the variables
  added to the LAGGED option.  The following converted x-variable(s) have cases with missing:

      DAY_BEFORE_W1 (10803 cases with missing data)

*** WARNING
  One or more individual-level variables have no variation within a
  cluster for the following clusters.

     Variable   Cluster IDs with no within-cluster variation

      CALL_C_B    794 1281 1295 1060 635 352 168 797 828 1106 679 706 146 2218 310 788 671 1187
                  1055 497 1830 388 1097 27 261 1116 1325 574 2155 1853 1771 2134 407 568 1038
                  485 1767 1815 1198 519 693 271 1327 1886 554 769 2021 1735 835 2166 383 1776
                  181 247 1056 1058 670 1978 771 218 1140 1718 1143 884 1164 783 869 988 1575
                  663 1136 1842 768 1890 319 104 1662 1278 619 1909 1676 424 267 1732 1043 760
                  1373 1486 1079 1082 2192 586 457 928 442 1212 1567 1605 358 1069 1282 421 584
                  173 922 1507 1141 454 1901 1092 371 1709 1180 1184 1099 704 664 121 792 1594
                  2194 2210 1029 808 818 191 830 206 566 891 1876 133 583 728 742 1968 957 338
                  2106 430 227 2123 237 774 1691 2183 406 655 803 204 413 417 419 1098 91 207
                  1103 426 429 437 451 1268 30 1290 1299 138 142 249 253 1368 49 264 1458 1468
                  268 269 1527 1536 151 276 1559 1565 282 290 291 295 296 318 165 325 1797 326
                  330 331 332 1868 340 347 349 1938 360 372 377 184 2085 387 1018 402 197 814
                  477 481 827 482 831 839 488 866 9 871 875 899 60 908 914 915 918 500 924 926
                  927 504 937 943 507 963 964 968 63 979 517 518 983 64 997 1004 1010 1013 1016
                  523 1019 1020 1023 1034 288 1054 1057 74 1062 1066 1070 1074 1080 1088 1095
                  1096 555 556 1100 1113 1118 1121 1131 1137 82 84 87 1161 1163 1167 1172 1175
                  597 1191 1196 1203 1207 601 1213 1230 1233 1243 1250 609 1266 10 1272 618 628
                  1309 95 1340 1345 1346 1348 1356 1372 1378 1381 1387 1388 1392 1395 1397 1401
                  1415 1418 1421 1422 1423 1424 1431 1432 1436 1437 1445 1453 1454 1460 1462 1466
                  1467 1473 1477 1487 1491 1497 1501 1504 1508 102 1512 1513 103 1517 1518 1523
                  1525 1528 1532 1534 1538 672 1558 1560 1564 20 1576 1579 1593 685 1600 1604
                  1609 1610 1611 1614 691 1619 1625 1629 1632 1634 1639 1643 1647 1653 696 25
                  1675 702 703 1692 1696 1704 6 1707 710 1751 1763 1777 1779 723 1784 1786 1798
                  1799 1801 1805 1806 731 1810 1812 1813 732 1817 1822 1823 738 1831 739 1845
                  741 1855 1856 1859 3 1861 1863 743 744 1872 1875 746 747 1878 1882 749 1887
                  751 1895 1896 1900 1904 1907 755 1915 1917 1918 756 1939 1940 1942 1943 1950
                  1961 758 36 764 1991 1999 2002 2010 38 2015 2018 2019 2020 2023 2030 2049 2051
                  2059 2068 2076 2082 2088 2091 2095 2097 2101 784 2112 2114 2117 2118 2119 45
                  2122 2126 2127 791 2131 2132 2135 793 2145 2151 800 2157 2159 2161 801 2179
                  2187 2191 2195 2202 2203 2206 2208 475 2212 2213 476 2219

   6 WARNING(S) FOUND IN THE INPUT INSTRUCTIONS



this is an example of a two-level time series analysis with a first-
order autoregressive AR(1) factor analysis model for a single
continuous indicator and measurement error;

SUMMARY OF ANALYSIS

Number of groups                                                 1
Number of observations                                       36106

Number of dependent variables                                    2
Number of independent variables                                  0
Number of continuous latent variables                            4

Observed dependent variables

  Continuous
   DAY_BEFORE

  Binary and ordered categorical (ordinal)
   CALL_C_B

Continuous latent variables
   F           F^1         TREND       STAB

Variables with special functions

  Cluster variable      NEW_ID

Estimator                                                    BAYES
Specifications for Bayesian Estimation
  Point estimate                                            MEDIAN
  Number of Markov chain Monte Carlo (MCMC) chains               2
  Random seed for the first chain                                0
  Starting value information                           UNPERTURBED
  Algorithm used for Markov chain Monte Carlo           GIBBS(PX1)
  Convergence criterion                                  0.500D-01
  Maximum number of iterations                               50000
  K-th iteration used for thinning                              10
Link                                                        PROBIT

Input data file(s)
  w1_30d2.dat
Input data format  FREE


SUMMARY OF DATA

     Number of clusters                       1302

       Size (s)    Cluster ID with Size s

          2        415
          3        514
          4        794
          5        1281 2062
          6        657 750 490 501 1295 1511 1641 1796 118
          7        1060 635 352 168 468 797 828
          8        98 1106 679 706 146 534 1781 565 397 2218
          9        310 1874 788 573
         10        671 8 1187 2217 1055
         11        497 1830 388 1097 833 862
         12        303 27 261 1116
         13        245 1325 1446
         14        574 2155 1853 1771
         15        2134 407 412 568
         16        752 1974 773 996 1038 463 1540
         17        2012 485 1146 1767 1962 1815
         18        1198 519 693 271 1327 1886 554 445 1980 769 1557 955
                   1177 494 1197
         19        647 2021 1735 1899 2144 835 2166 2207 383 1776
         20        1188 226 1025 181 247 1056 1058 1361 670 1978 189 771
                   218 1140 1677 1718 1143 884 1164 900 783
         21        869 988 1766 521 1575 663 1136
         22        825 1211 337 902 2034 1842 2103 2120 931 2139 762 768
                   1890 1101 620 363
         23        982 384 319 435 2039 104 1273 1662 1666 1278 341 619
                   1909 538 681 1084
         24        1888 546 420 1676 424 267 1732 1043 441 760 1152 1373
                   903 1486 394 1826 1520 1079 1082 1865 2192 586 1877
                   457
         25        1706 897 386 411 1430 270 1053 928 1780 442 1212 1251
                   1567 1574 224 1599 1605 358 1069 1282 421 1155
         26        584 173 598 2007 272 1049 1337 1343 922 1109 2116 365
                   297 1448 701 1507 1141 454 1901 427 1549
         27        1159 1328 1092 371 1709 1180 1723 1184 1998 1099 704
                   664 121 392 1122 1224 967 1270 792 636 991 293 1594
                   611 2194 1302 2210 1317 1029
         28        804 808 812 818 537 191 830 667 1339 206 1834 260 380
                   566 891 1876 133 26 492 583 1516 728 742 1544 1968 1971
                   108 1551 934 495 957 592 1587 974 978 338 1626 2106
                   430 227 2123 2129 237 631 2140 774 1691 286 2183 524
                   406 655 536 803 1744
         29        410 203 204 413 414 205 416 417 418 419 1098 91 207
                   1103 422 423 210 426 211 428 429 212 432 433 217 437
                   440 4 220 443 129 446 447 451 1210 452 453 132 1227
                   455 1268 30 229 235 137 239 1290 240 1299 241 138 246
                   142 249 250 252 253 143 1368 49 262 263 264 1458 1468
                   147 268 269 148 149 1527 1536 151 274 276 277 278 1559
                   1565 282 283 284 153 287 290 291 1615 155 1637 294 295
                   296 157 298 301 160 304 307 309 163 314 316 317 318
                   165 320 322 323 325 1797 1808 326 1818 328 330 331 332
                   167 1860 109 1868 340 172 342 347 349 110 353 354 357
                   1938 177 360 361 362 180 111 368 370 182 372 376 377
                   2043 184 2085 186 187 188 387 115 117 393 981 193 396
                   196 398 1018 399 400 402 405 2211 197 198 2223
         30        814 815 477 821 822 823 481 827 482 829 484 831 48 834
                   486 837 839 845 849 853 855 858 859 860 488 864 866
                   868 9 870 871 874 875 876 880 882 52 885 886 889 57
                   892 894 895 896 59 898 899 60 901 498 499 904 906 908
                   909 910 914 915 918 500 924 926 927 62 929 930 502 932
                   933 504 937 938 940 941 943 944 946 947 953 506 956
                   507 958 959 963 964 965 966 508 968 970 971 973 63 977
                   515 979 517 518 983 986 987 64 989 520 992 993 994 995
                   65 997 998 999 1001 1002 1003 1004 1008 1010 1013 1015
                   1016 523 1019 1020 1021 1022 1023 1024 67 1028 525 1030
                   1031 1032 1033 1034 1035 288 1041 69 1044 72 1050 73
                   1054 540 541 1057 544 74 1061 1062 1064 1066 1067 547
                   1070 1071 1074 1075 1077 550 1080 1081 552 553 1086
                   1088 1089 1091 77 1095 1096 555 556 557 1100 558 559
                   1104 561 562 1110 1111 1113 1114 1115 564 1117 1118
                   1121 78 1128 1131 1133 1135 79 1137 1139 82 84 85 579
                   1147 1151 582 1154 86 87 1160 1161 1163 88 1167 1171
                   1172 1174 1175 590 89 1181 1182 593 1185 597 90 1189
                   1190 1191 1196 599 600 1199 1200 1201 1202 1203 1207
                   601 602 603 1213 1214 1216 1218 1219 1220 605 1225 606
                   1230 1231 1232 1233 1236 1237 1241 1243 1246 1248 1249
                   1250 609 1254 1256 1259 1263 1264 1266 10 613 1272 615
                   1276 616 1280 618 92 1283 93 1291 1294 622 1298 628
                   630 1303 1305 1307 1309 1311 1314 1315 95 1323 1324
                   632 1326 633 97 1330 1334 1335 11 638 1340 639 1345
                   1346 1348 1350 1352 1353 1356 1360 640 1365 1366 642
                   1371 1372 643 1378 1379 1381 1386 1387 1388 1389 1392
                   1395 1397 1400 1401 1402 1404 1406 1410 1412 1415 1418
                   1421 1422 1423 1424 1425 1429 644 1431 1432 1436 1437
                   1442 1445 645 646 1451 1453 1454 99 1460 1461 1462 1465
                   1466 1467 648 1470 1472 1473 1477 1478 1480 1481 1485
                   653 1487 1488 1491 1493 1497 1498 1501 1502 1504 100
                   1508 1509 102 1512 1513 1514 1515 103 1517 1518 12 1522
                   1523 1524 1525 665 1528 1532 1534 105 1538 669 1542
                   13 1546 18 672 1554 674 1558 675 1560 1561 1562 1564
                   678 19 1568 1570 1572 1573 680 20 1576 1579 1580 1581
                   1584 1585 1586 682 1588 1589 1590 1591 1593 684 1595
                   685 1600 1601 1604 686 1607 1608 1609 1610 1611 1612
                   1613 1614 691 1618 1619 1623 1624 1625 692 1627 1629
                   1632 1634 21 1639 695 1643 1644 1645 1646 1647 1648
                   1653 1654 1656 1659 1660 1661 696 25 1668 1669 1671
                   1673 1674 1675 702 703 1678 1680 1686 1687 2 1692 1693
                   1695 1696 1697 1701 1703 1704 6 1707 1708 709 1710 1713
                   1714 1715 1716 710 1720 711 1727 1729 1731 712 1734
                   714 1743 717 1745 1751 1754 1755 1757 1759 1760 1763
                   1765 718 719 1768 1770 720 1773 1774 722 1777 1778 1779
                   723 725 1782 1784 1785 1786 1788 1789 1790 1791 1793
                   726 29 1798 1799 1801 1803 1805 1806 731 1809 1810 1811
                   1812 1813 1814 732 1817 733 1819 1821 1822 1823 735
                   1828 1829 738 1831 1833 739 1835 1837 1839 1840 740
                   1845 1847 1849 1850 1851 741 1855 1856 1859 3 1861 1863
                   1864 743 744 1869 1870 1872 1873 745 1875 746 747 1878
                   1879 1881 1882 749 1887 32 751 1891 1895 1896 33 1900
                   753 1902 1904 1905 1907 755 1912 1914 1915 1916 1917
                   1918 1919 1923 1924 1926 1928 1930 1931 1934 1935 1937
                   756 1939 1940 1942 1943 1944 1946 1947 1950 1951 1953
                   1955 1956 1957 1961 758 1963 1964 1966 1967 35 761 1972
                   36 1977 763 1979 764 1981 1984 1985 1986 1987 1989 1991
                   1992 1997 767 1999 2000 2001 2002 2003 37 2010 38 2013
                   2014 2015 2016 2018 2019 2020 39 2022 2023 2024 2026
                   2028 2030 772 2035 2036 2037 2038 40 2040 44 2044 2047
                   2049 2051 2052 2056 2059 2061 780 2063 2064 2065 2067
                   2068 2069 2070 2073 2075 2076 2081 2082 782 2088 2091
                   2093 2095 2097 2098 2099 2101 461 784 2111 2112 2114
                   2115 786 2117 2118 2119 45 2121 2122 789 2126 2127 791
                   2131 2132 467 2135 2136 2137 2138 793 46 2141 470 2145
                   2147 2148 2150 2151 2154 800 2157 2159 2160 2161 2163
                   2165 801 2169 2171 2174 2179 2181 2182 802 2184 2185
                   2187 2191 471 474 2195 2196 2197 2198 2199 2202 2203
                   2206 807 2208 475 809 2212 2213 2216 810 476 2219 2221
                   813 2224



COVARIANCE COVERAGE OF DATA

Minimum covariance coverage value   0.100

     Number of missing data patterns             2


     PROPORTION OF DATA PRESENT


           Covariance Coverage
              CALL_C_B      DAY_BEFO
              ________      ________
 CALL_C_B       0.701
 DAY_BEFO       0.701         0.701


UNIVARIATE PROPORTIONS AND COUNTS FOR CATEGORICAL VARIABLES

    CALL_C_B
      Category 1    0.700        17712.000
      Category 2    0.300         7591.000



UNIVARIATE SAMPLE STATISTICS


     UNIVARIATE HIGHER-ORDER MOMENT DESCRIPTIVE STATISTICS

         Variable/         Mean/     Skewness/   Minimum/ % with                Percentiles
        Sample Size      Variance    Kurtosis    Maximum  Min/Max      20%/60%    40%/80%    Median

     DAY_BEFORE_W1       -14.739       0.041     -29.000    3.21%     -23.000    -18.000    -15.000
           25303.000      72.144      -1.158       0.000    3.26%     -12.000     -6.000


     WARNING: PROBLEMS OCCURRED IN SEVERAL ITERATIONS IN THE COMPUTATION OF THE STANDARDIZED ESTIMATES FOR SEVERAL
     CLUSTERS. THIS IS MOST LIKELY DUE TO AR COEFFICIENTS GREATER THAN 1 OR PARAMETERS GIVING NON-STATIONARY MODELS.
     SUCH POSTERIOR DRAWS ARE REMOVED. THE FOLLOWING CLUSTERS HAD SUCH PROBLEMS:
          415 794 1281 657 750 490 1295 1641 1796 118 1060 635 352 168 468 797 828 1106 679 706 146 1781
          397 2218 310 1874 788 573 671 8 1187 1055 497 1830 388 1097 303 27 261 1116 1325 574 2155 1853
          1771 2134 568 1974 773 996 1038 463 2012 485 1146 1767 1962 1815 1198 519 693 271 1327 1886
          554 445 769 1557 2021 1735 1899 835 2166 383 1025 181 247 1056 1058 1978 771 218 1718 1143
          884 1164 783 869 1766 1575 663 1136 1842 2103 2120 2139 762 768 1890 319 435 2039 104 1273
          1278 341 619 681 1084 1888 1676 424 267 1043 441 760 1152 1373 903 1079 1082 1865 2192 586
          1877 386 928 1780 442 1212 1567 1574 1605 1069 421 173 598 2007 1337 922 2116 454 1159 1328
          1092 371 1180 1723 1184 1099 704 664 121 967 1270 636 991 293 1594 2194 1029 804 812 818 191
          830 206 1834 260 566 891 1876 133 583 742 1968 1551 957 1587 974 338 430 2123 237 774 406 536
          803 204 416 417 419 1098 91 207 1103 422 426 211 432 433 437 451 452 1268 30 1290 240 138 142
          249 253 143 1368 1458 268 269 151 276 1565 290 291 155 295 296 298 160 314 316 318 165 325
          326 330 331 1868 340 342 347 349 110 1938 362 377 2085 117 196 398 402 197 814 477 481 827
          482 829 831 866 868 871 895 59 898 899 60 908 910 914 915 500 924 504 937 507 958 963 971 977
          979 517 518 986 997 999 1001 1004 1013 1016 523 1019 1020 1023 1031 288 72 1054 1057 1062 1066
          1070 1074 553 1088 1091 1095 1096 557 1100 1113 1118 1121 1131 1139 82 84 1161 1163 1167 1175
          89 593 1191 1201 1202 1203 601 603 1213 1219 1220 605 1233 1243 1249 609 1263 1266 10 1272
          1283 622 630 1305 1309 1323 1326 1330 639 1345 1346 1348 1350 1352 1356 1387 1388 1392 1395
          1397 1410 1421 1424 1431 1453 1454 1462 1466 1473 1477 1480 1481 1491 1504 1508 1509 102 1512
          103 1517 1532 1534 1538 18 672 1554 1558 675 1564 1570 1573 20 1576 1579 1585 1593 685 1600
          1604 686 1609 1610 1614 1619 1625 692 1629 1632 1634 1643 1647 1653 25 1668 1669 1675 702 703
          2 1692 1693 1695 1696 6 1707 1716 710 1729 712 1751 1754 1760 1763 1765 718 1777 1778 1779
          1798 1799 1801 1806 732 1819 1822 1823 1828 739 1845 741 1855 1856 3 1861 1863 743 1869 1872
          1875 746 1878 1882 751 753 1907 755 1915 1917 1918 1939 1940 1942 1950 1956 1961 1964 761 1972
          36 764 1991 1997 2010 38 2014 2018 2019 2020 2023 2030 2035 40 2049 2059 2065 2067 2068 2091
          2095 2097 2101 2112 2114 2117 2118 2119 45 2121 2126 2127 791 2131 2132 793 2145 2148 2151
          800 2157 2159 2160 2161 2165 801 2179 2195 2196 2202 2203 2206 807 2208 475 2212 476

THE MODEL ESTIMATION TERMINATED NORMALLY

     USE THE FBITERATIONS OPTION TO INCREASE THE NUMBER OF ITERATIONS BY A FACTOR
     OF AT LEAST TWO TO CHECK CONVERGENCE AND THAT THE PSR VALUE DOES NOT INCREASE.



MODEL FIT INFORMATION

Number of Free Parameters                              13



MODEL RESULTS

                                Posterior  One-Tailed         95% C.I.
                    Estimate       S.D.      P-Value   Lower 2.5%  Upper 2.5%  Significance

Within Level

 F        BY
    CALL_C_B           1.000       0.000      0.000       1.000       1.000

 Variances
    DAY_BEFORE        72.119       0.628      0.000      70.930      73.368      *

 Residual Variances
    F                 11.524       2.002      0.000       7.620      14.851      *

Between Level

 CALL_C_B WITH
    STAB              -0.410       0.172      0.007      -0.724      -0.095      *
    TREND              0.055       0.049      0.142      -0.048       0.145

 STAB     WITH
    TREND             -0.001       0.002      0.357      -0.005       0.004

 Means
    DAY_BEFORE       -14.741       0.053      0.000     -14.843     -14.642      *
    TREND             -0.006       0.008      0.239      -0.021       0.010
    STAB               0.144       0.029      0.000       0.084       0.196      *

 Thresholds
    CALL_C_B$1         3.834       0.351      0.000       3.133       4.407      *

 Variances
    CALL_C_B          25.431       4.070      0.000      18.107      31.755      *
    DAY_BEFORE         0.018       0.016      0.000       0.002       0.063      *
    TREND              0.013       0.002      0.000       0.010       0.017      *
    STAB               0.055       0.010      0.000       0.035       0.074      *


STANDARDIZED MODEL RESULTS


STDYX Standardization

                                Posterior  One-Tailed         95% C.I.
                    Estimate       S.D.      P-Value   Lower 2.5%  Upper 2.5%  Significance

Within-Level Standardized Estimates Averaged Over Clusters

 F        BY
    CALL_C_B           0.955       0.021      0.000       0.897       0.971      *

 STAB | F^ ON
    F^1                0.143       0.029      0.000       0.086       0.196      *

 TREND | F ON
    DAY_BEFORE        -0.012       0.016      0.223      -0.044       0.020

 Variances
    DAY_BEFORE         1.000       0.000      0.000       1.000       1.000

 Residual Variances
    F                  0.862       0.016      0.000       0.825       0.887      *

Between Level

 CALL_C_B WITH
    STAB              -0.361       0.124      0.007      -0.542      -0.093      *
    TREND              0.095       0.084      0.142      -0.084       0.250

 STAB     WITH
    TREND             -0.030       0.083      0.357      -0.189       0.133

 Means
    DAY_BEFORE      -110.815      70.907      0.000    -373.199     -58.758      *
    TREND             -0.050       0.071      0.239      -0.187       0.087
    STAB               0.608       0.121      0.000       0.385       0.862      *

 Variances
    CALL_C_B           1.000       0.000      0.000       1.000       1.000
    DAY_BEFORE         1.000       0.000      0.000       1.000       1.000
    TREND              1.000       0.000      0.000       1.000       1.000
    STAB               1.000       0.000      0.000       1.000       1.000


R-SQUARE

Within-Level R-Square Averaged Across Clusters

                                Posterior  One-Tailed         95% C.I.
    Variable        Estimate       S.D.      P-Value   Lower 2.5%  Upper 2.5%

    CALL_C_B           0.913       0.039      0.000       0.805       0.943

                                Posterior  One-Tailed         95% C.I.
    Variable        Estimate       S.D.      P-Value   Lower 2.5%  Upper 2.5%

    F                  0.138       0.016      0.000       0.113       0.175


RESIDUAL OUTPUT


     ESTIMATED MODEL


     AVERAGE CLUSTER ESTIMATES


           Means
              CALL_C_B      DAY_BEFO
              ________      ________
               -3.159       -14.743


           Covariances
              CALL_C_B      DAY_BEFO
              ________      ________
 CALL_C_B      10.720
 DAY_BEFO      -0.327        72.130


           Correlations
              CALL_C_B      DAY_BEFO
              ________      ________
 CALL_C_B       1.000
 DAY_BEFO      -0.011         1.000


     BETWEEN LEVEL


           Means
              CALL_C_B      DAY_BEFO
              ________      ________
                0.000       -14.741


           Covariances
              CALL_C_B      DAY_BEFO
              ________      ________
 CALL_C_B      25.431
 DAY_BEFO       0.000         0.018


           Correlations
              CALL_C_B      DAY_BEFO
              ________      ________
 CALL_C_B       1.000
 DAY_BEFO       0.000         1.000


TECHNICAL 1 OUTPUT


     PARAMETER SPECIFICATION FOR WITHIN


           TAU
              CALL_C_B
              ________
                    0


           NU
              CALL_C_B      DAY_BEFO
              ________      ________
                    0             0


           LAMBDA
              F             F^1           CALL_C_B      DAY_BEFO
              ________      ________      ________      ________
 CALL_C_B           0             0             0             0
 DAY_BEFO           0             0             0             0


           THETA
              CALL_C_B      DAY_BEFO
              ________      ________
 CALL_C_B           0
 DAY_BEFO           0             0


           ALPHA
              F             F^1           CALL_C_B      DAY_BEFO
              ________      ________      ________      ________
                    0             0             0             0


           BETA
              F             F^1           CALL_C_B      DAY_BEFO
              ________      ________      ________      ________
 F                  0             0             0             0
 F^1                0             0             0             0
 CALL_C_B           0             0             0             0
 DAY_BEFO           0             0             0             0


           PSI
              F             F^1           CALL_C_B      DAY_BEFO
              ________      ________      ________      ________
 F                  1
 F^1                0             0
 CALL_C_B           0             0             0
 DAY_BEFO           0             0             0             2


     PARAMETER SPECIFICATION FOR BETWEEN


           TAU
              CALL_C_B
              ________
                   13


           NU
              CALL_C_B      DAY_BEFO
              ________      ________
                    0             0


           LAMBDA
              TREND         STAB          CALL_C_B      DAY_BEFO
              ________      ________      ________      ________
 CALL_C_B           0             0             0             0
 DAY_BEFO           0             0             0             0


           THETA
              CALL_C_B      DAY_BEFO
              ________      ________
 CALL_C_B           0
 DAY_BEFO           0             0


           ALPHA
              TREND         STAB          CALL_C_B      DAY_BEFO
              ________      ________      ________      ________
                    3             4             0             5


           BETA
              TREND         STAB          CALL_C_B      DAY_BEFO
              ________      ________      ________      ________
 TREND              0             0             0             0
 STAB               0             0             0             0
 CALL_C_B           0             0             0             0
 DAY_BEFO           0             0             0             0


           PSI
              TREND         STAB          CALL_C_B      DAY_BEFO
              ________      ________      ________      ________
 TREND              6
 STAB               7             8
 CALL_C_B           9            10            11
 DAY_BEFO           0             0             0            12


     STARTING VALUES FOR WITHIN


           TAU
              CALL_C_B
              ________
                0.000


           NU
              CALL_C_B      DAY_BEFO
              ________      ________
                0.000         0.000


           LAMBDA
              F             F^1           CALL_C_B      DAY_BEFO
              ________      ________      ________      ________
 CALL_C_B       0.000         0.000         1.000         0.000
 DAY_BEFO       0.000         0.000         0.000         1.000


           THETA
              CALL_C_B      DAY_BEFO
              ________      ________
 CALL_C_B       0.000
 DAY_BEFO       0.000         0.000


           ALPHA
              F             F^1           CALL_C_B      DAY_BEFO
              ________      ________      ________      ________
                0.000         0.000         0.000         0.000


           BETA
              F             F^1           CALL_C_B      DAY_BEFO
              ________      ________      ________      ________
 F              0.000         0.000         0.000         0.000
 F^1            0.000         0.000         0.000         0.000
 CALL_C_B       1.000         0.000         0.000         0.000
 DAY_BEFO       0.000         0.000         0.000         0.000


           PSI
              F             F^1           CALL_C_B      DAY_BEFO
              ________      ________      ________      ________
 F              1.000
 F^1            0.000         1.000
 CALL_C_B       0.000         0.000         1.000
 DAY_BEFO       0.000         0.000         0.000        36.072


     STARTING VALUES FOR BETWEEN


           TAU
              CALL_C_B
              ________
                0.471


           NU
              CALL_C_B      DAY_BEFO
              ________      ________
                0.000         0.000


           LAMBDA
              TREND         STAB          CALL_C_B      DAY_BEFO
              ________      ________      ________      ________
 CALL_C_B       0.000         0.000         1.000         0.000
 DAY_BEFO       0.000         0.000         0.000         1.000


           THETA
              CALL_C_B      DAY_BEFO
              ________      ________
 CALL_C_B       0.000
 DAY_BEFO       0.000         0.000


           ALPHA
              TREND         STAB          CALL_C_B      DAY_BEFO
              ________      ________      ________      ________
                0.000         0.000         0.000       -14.739


           BETA
              TREND         STAB          CALL_C_B      DAY_BEFO
              ________      ________      ________      ________
 TREND          0.000         0.000         0.000         0.000
 STAB           0.000         0.000         0.000         0.000
 CALL_C_B       0.000         0.000         0.000         0.000
 DAY_BEFO       0.000         0.000         0.000         0.000


           PSI
              TREND         STAB          CALL_C_B      DAY_BEFO
              ________      ________      ________      ________
 TREND          1.000
 STAB           0.000         1.000
 CALL_C_B       0.000         0.000         1.000
 DAY_BEFO       0.000         0.000         0.000        36.072



     PRIORS FOR ALL PARAMETERS            PRIOR MEAN      PRIOR VARIANCE     PRIOR STD. DEV.

     Parameter 1~IG(-1.000,0.000)          infinity            infinity            infinity
     Parameter 2~IG(-1.000,0.000)          infinity            infinity            infinity
     Parameter 3~N(0.000,infinity)           0.0000            infinity            infinity
     Parameter 4~N(0.000,infinity)           0.0000            infinity            infinity
     Parameter 5~N(0.000,infinity)           0.0000            infinity            infinity
     Parameter 6~IW(1.000,4)               infinity            infinity            infinity
     Parameter 7~IW(0.000,4)               infinity            infinity            infinity
     Parameter 8~IW(1.000,4)               infinity            infinity            infinity
     Parameter 9~IW(0.000,4)               infinity            infinity            infinity
     Parameter 10~IW(0.000,4)              infinity            infinity            infinity
     Parameter 11~IW(1.000,4)              infinity            infinity            infinity
     Parameter 12~IG(-1.000,0.000)         infinity            infinity            infinity
     Parameter 13~N(0.000,5.000)             0.0000              5.0000              2.2361


TECHNICAL 4 OUTPUT


     AVERAGE ESTIMATES DERIVED FROM THE MODEL FOR WITHIN


           ESTIMATED MEANS FOR THE LATENT VARIABLES
              F             F^1           TREND         STAB          CALL_C_B
              ________      ________      ________      ________      ________
                0.000         0.000        -0.005         0.140        -3.159


           ESTIMATED MEANS FOR THE LATENT VARIABLES
              DAY_BEFO
              ________
              -14.743


           ESTIMATED COVARIANCE MATRIX FOR THE LATENT VARIABLES
              F             F^1           TREND         STAB          CALL_C_B
              ________      ________      ________      ________      ________
 F              9.720
 F^1            1.717         9.002
 TREND          0.000         0.000         0.000
 STAB           0.000         0.000         0.000         0.000
 CALL_C_B       9.720         1.717         0.000         0.000        10.720
 DAY_BEFO      -0.327         0.000         0.000         0.000        -0.327


           ESTIMATED COVARIANCE MATRIX FOR THE LATENT VARIABLES
              DAY_BEFO
              ________
 DAY_BEFO      72.130


           ESTIMATED CORRELATION MATRIX FOR THE LATENT VARIABLES
              F             F^1           TREND         STAB          CALL_C_B
              ________      ________      ________      ________      ________
 F              1.000
 F^1            0.167         1.000
 TREND          0.000         0.000         1.000
 STAB           0.000         0.000         0.000         1.000
 CALL_C_B       0.951         0.159         0.000         0.000         1.000
 DAY_BEFO      -0.012         0.000         0.000         0.000        -0.011


           ESTIMATED CORRELATION MATRIX FOR THE LATENT VARIABLES
              DAY_BEFO
              ________
 DAY_BEFO       1.000


     ESTIMATES DERIVED FROM THE MODEL FOR BETWEEN


           ESTIMATED MEANS FOR THE LATENT VARIABLES
              F             F^1           TREND         STAB          CALL_C_B
              ________      ________      ________      ________      ________
                0.000         0.000        -0.006         0.144         0.000


           ESTIMATED MEANS FOR THE LATENT VARIABLES
              DAY_BEFO
              ________
              -14.741


           ESTIMATED COVARIANCE MATRIX FOR THE LATENT VARIABLES
              F             F^1           TREND         STAB          CALL_C_B
              ________      ________      ________      ________      ________
 F              0.000
 F^1            0.000         0.000
 TREND          0.000         0.000         0.013
 STAB           0.000         0.000        -0.001         0.055
 CALL_C_B       0.000         0.000         0.055        -0.410        25.431
 DAY_BEFO       0.000         0.000         0.000         0.000         0.000


           ESTIMATED COVARIANCE MATRIX FOR THE LATENT VARIABLES
              DAY_BEFO
              ________
 DAY_BEFO       0.018


           ESTIMATED CORRELATION MATRIX FOR THE LATENT VARIABLES
              F             F^1           TREND         STAB          CALL_C_B
              ________      ________      ________      ________      ________
 F              1.000
 F^1            0.000         1.000
 TREND          0.000         0.000         1.000
 STAB           0.000         0.000        -0.029         1.000
 CALL_C_B       0.000         0.000         0.093        -0.348         1.000
 DAY_BEFO       0.000         0.000         0.000         0.000         0.000


           ESTIMATED CORRELATION MATRIX FOR THE LATENT VARIABLES
              DAY_BEFO
              ________
 DAY_BEFO       1.000


TECHNICAL 8 OUTPUT


   TECHNICAL 8 OUTPUT FOR BAYES ESTIMATION

     CHAIN    BSEED
     1        0
     2        285380

                     POTENTIAL       PARAMETER WITH
     ITERATION    SCALE REDUCTION      HIGHEST PSR
     100              1.812               12
     200              1.100               12
     300              1.037               9
     400              1.132               10
     500              1.415               10
     600              1.909               10
     700              1.787               4
     800              2.023               4
     900              1.895               4
     1000             1.455               4
     1100             1.176               4
     1200             1.071               4


PLOT INFORMATION

The following plots are available:

  Histograms (sample values)
  Scatterplots (sample values)
  Between-level histograms (sample values, sample means/variances)
  Between-level scatterplots (sample values, sample means/variances)
  Time series plots (sample values, ACF, PACF)
  Histogram of subjects per time point
  Time interval plots
  Sample proportions
  Bayesian posterior parameter distributions
  Bayesian posterior parameter trace plots
  Bayesian autocorrelation plots
  Bayesian prior parameter distributions

DIAGRAM INFORMATION

  Mplus diagrams are currently not available for multilevel analysis.
  No diagram output was produced.


     Beginning Time:  16:00:41
        Ending Time:  17:34:50
       Elapsed Time:  01:34:09



MUTHEN & MUTHEN
3463 Stoner Ave.
Los Angeles, CA  90066

Tel: (310) 391-9971
Fax: (310) 391-8971
Web: www.StatModel.com
Support: Support@StatModel.com

Copyright (c) 1998-2024 Muthen & Muthen
