Mplus VERSION 8.11
MUTHEN & MUTHEN
10/15/2025   9:22 AM

INPUT INSTRUCTIONS

  TITLE: this is an example of a two-level time series analysis with a first-
  order autoregressive AR(1) factor analysis model for a single
  continuous indicator and measurement error;

  DATA: FILE = "w1_30d2.dat";

  VARIABLE:
  NAMES = new_id date call_c msg_c phot_c call_d msg_d phot_d web_c web_d sm_c sm_d
       w1_date w1b_date w1_date_7 w1_date_30 w1b_date_7 w1b_date_30 day_before_w1
       day_before_w1b w1_7d_window w1b_7d_window w1_30d_window w1b_30d_window days_c
       call_d_l msg_d_l phot_d_l web_d_l sm_d_l call_c_l msg_c_l phot_c_l web_c_l
       sm_c_l days_c_l call_d_l2 msg_d_l2 phot_d_l2 web_d_l2 sm_d_l2 call_c_l2
       msg_c_l2 phot_c_l2 web_c_l2 sm_c_l2 call_c_b msg_c_b phot_c_b web_c_b sm_c_b
       time;
  MISSING=.;
  USEVAR  = day_before_w1 phot_c_b;
  CATEGORICAL = phot_c_b;
  CLUSTER  = new_id;
  TINTERVAL = time (1 time2);

  ANALYSIS:
  TYPE = TWOLEVEL RANDOM;
  ESTIMATOR = BAYES;
  PROCESSORS = 7;
  BITERATIONS = (1000);
  THIN = 10;



  MODEL:
  %WITHIN%
  f BY phot_c_b@1(&1);
  t | phot_c_b ON day_before_w1;
  s | f ON f&1;

  %BETWEEN%
  phot_c_b WITH s;





  OUTPUT: TECH1 TECH8 TECH4 STDYX residual;

  PLOT: TYPE = PLOT3;



*** WARNING in VARIABLE command
  Note that only the first 8 characters of variable names are used in the output.
  Shorten variable names to avoid any confusion.
*** WARNING in MODEL command
  A y-variable has been declared on the within level but not referred to on
  the between level.  Please check that this is what is intended.  If this is not intended,
  specify the variable as a within variable.  Problem with:  DAY_BEFORE_W1
*** WARNING in PLOT command
  Note that only the first 8 characters of variable names are used in plots.
  If variable names are not unique within the first 8 characters, problems
  may occur.
*** WARNING
  Data set contains cases with missing on x-variables converted to dependent variables.
  The autocorrelation of these variables should be included in the model and the variables
  added to the LAGGED option.  The following converted x-variable(s) have cases with missing:

      DAY_BEFORE_W1 (10803 cases with missing data)

*** WARNING
  One or more individual-level variables have no variation within a
  cluster for the following clusters.

     Variable   Cluster IDs with no within-cluster variation

      PHOT_C_B    415 1281 2062 657 1295 1511 1060 635 352 168 468 797 828 1106 679 706 146 2218
                  788 671 1187 1055 497 1830 388 1097 303 27 261 1325 574 2155 1853 1771 2134
                  407 412 996 1038 1146 1767 1815 1198 519 693 271 1327 1886 554 1980 769 1557
                  647 2021 1735 835 2166 383 1776 1188 226 181 247 1058 670 1978 771 218 1140
                  1718 1143 884 1164 783 869 988 663 1136 825 1842 768 1890 319 104 1662 1278
                  341 619 1909 1084 1888 1676 424 1732 1043 760 1152 1373 1826 1520 1079 1082
                  2192 586 457 1706 897 411 1430 928 442 1212 1567 1574 1599 358 1282 584 173
                  598 272 1337 922 2116 297 1507 1141 1901 427 1092 371 1180 704 664 1224 1270
                  792 293 1594 2194 2210 1029 808 818 191 830 206 566 891 1876 133 583 742 957
                  1587 338 2106 430 237 2140 774 1691 2183 655 803 1744 204 416 417 419 1098 207
                  1103 210 428 429 437 443 451 455 1268 30 1290 240 1299 138 142 1368 49 264 1458
                  268 269 148 1527 1536 151 276 1559 1565 282 290 291 296 160 314 165 325 1797
                  326 330 331 167 340 342 347 1938 360 362 377 184 2085 387 981 1018 197 815 477
                  481 827 482 484 839 853 855 866 868 9 875 899 60 908 914 500 924 926 927 502
                  933 504 937 943 958 963 964 971 979 517 983 64 989 997 998 1003 1004 1010 1013
                  1016 523 1019 1020 1022 1023 288 1041 1054 1057 544 74 1062 1064 1074 1080 1095
                  555 556 1100 1113 1114 564 1118 1121 1128 1135 1137 1139 82 84 582 1161 1163
                  1167 1172 1175 89 597 1189 1191 1196 1199 1202 1207 601 1213 1218 1220 606 1230
                  1243 1250 609 1256 1266 10 1280 618 628 1309 95 1330 1345 1346 1348 1356 1371
                  1378 1379 1381 1386 1387 1388 1389 1392 1395 1397 1400 1401 1406 1410 1415 1418
                  1421 1422 1424 1425 1431 1432 1436 1437 1442 1445 1453 1454 1460 1462 1466 1467
                  1473 1477 1480 1481 653 1487 1488 1497 1501 1504 1508 1509 102 1512 1513 1514
                  103 1517 1518 1523 1525 1532 1534 1538 13 672 1554 1558 1560 1564 1570 1573
                  680 20 1576 1579 1589 685 1600 1604 1608 1609 1610 1611 1614 691 1619 1625 1632
                  1634 1639 1643 1645 1647 1653 1668 1673 703 1693 1696 1703 1704 6 1707 1715
                  710 712 1734 714 717 1751 1763 1765 718 719 1777 1779 723 1784 1786 1798 1799
                  1801 1806 731 1812 1813 732 1821 1822 1823 738 739 1845 741 1855 1856 1861 1863
                  1864 744 1872 1873 1875 746 1881 1882 749 1887 751 1896 1900 1904 755 1915 1917
                  1918 1919 1931 756 1939 1940 1942 1943 1950 1961 758 1966 36 763 764 1984 1986
                  1987 1991 2002 2010 38 2015 2016 2018 2019 2020 2022 2023 2030 2044 2047 2049
                  2051 2059 2061 780 2064 2068 2081 2088 2091 2097 2098 2101 2112 2114 2115 2117
                  2118 2119 2122 2126 2127 791 2131 2132 2135 793 2145 2151 2154 800 2159 2161
                  801 2171 2174 2187 2191 471 474 2199 2202 2206 807 475 2212 810 476 2219 2221

   5 WARNING(S) FOUND IN THE INPUT INSTRUCTIONS



this is an example of a two-level time series analysis with a first-
order autoregressive AR(1) factor analysis model for a single
continuous indicator and measurement error;

SUMMARY OF ANALYSIS

Number of groups                                                 1
Number of observations                                       36106

Number of dependent variables                                    2
Number of independent variables                                  0
Number of continuous latent variables                            4

Observed dependent variables

  Continuous
   DAY_BEFORE

  Binary and ordered categorical (ordinal)
   PHOT_C_B

Continuous latent variables
   F           F&1         T           S

Variables with special functions

  Cluster variable      NEW_ID

Estimator                                                    BAYES
Specifications for Bayesian Estimation
  Point estimate                                            MEDIAN
  Number of Markov chain Monte Carlo (MCMC) chains               2
  Random seed for the first chain                                0
  Starting value information                           UNPERTURBED
  Algorithm used for Markov chain Monte Carlo           GIBBS(PX1)
  Convergence criterion                                  0.500D-01
  Maximum number of iterations                               50000
  K-th iteration used for thinning                              10
Link                                                        PROBIT

Input data file(s)
  w1_30d2.dat
Input data format  FREE


SUMMARY OF DATA

     Number of clusters                       1302

       Size (s)    Cluster ID with Size s

          2        415
          3        514
          4        794
          5        1281 2062
          6        657 750 490 501 1295 1511 1641 1796 118
          7        1060 635 352 168 468 797 828
          8        98 1106 679 706 146 534 1781 565 397 2218
          9        310 1874 788 573
         10        671 8 1187 2217 1055
         11        497 1830 388 1097 833 862
         12        303 27 261 1116
         13        245 1325 1446
         14        574 2155 1853 1771
         15        2134 407 412 568
         16        752 1974 773 996 1038 463 1540
         17        2012 485 1146 1767 1962 1815
         18        1198 519 693 271 1327 1886 554 445 1980 769 1557 955
                   1177 494 1197
         19        647 2021 1735 1899 2144 835 2166 2207 383 1776
         20        1188 226 1025 181 247 1056 1058 1361 670 1978 189 771
                   218 1140 1677 1718 1143 884 1164 900 783
         21        869 988 1766 521 1575 663 1136
         22        825 1211 337 902 2034 1842 2103 2120 931 2139 762 768
                   1890 1101 620 363
         23        982 384 319 435 2039 104 1273 1662 1666 1278 341 619
                   1909 538 681 1084
         24        1888 546 420 1676 424 267 1732 1043 441 760 1152 1373
                   903 1486 394 1826 1520 1079 1082 1865 2192 586 1877
                   457
         25        1706 897 386 411 1430 270 1053 928 1780 442 1212 1251
                   1567 1574 224 1599 1605 358 1069 1282 421 1155
         26        584 173 598 2007 272 1049 1337 1343 922 1109 2116 365
                   297 1448 701 1507 1141 454 1901 427 1549
         27        1159 1328 1092 371 1709 1180 1723 1184 1998 1099 704
                   664 121 392 1122 1224 967 1270 792 636 991 293 1594
                   611 2194 1302 2210 1317 1029
         28        804 808 812 818 537 191 830 667 1339 206 1834 260 380
                   566 891 1876 133 26 492 583 1516 728 742 1544 1968 1971
                   108 1551 934 495 957 592 1587 974 978 338 1626 2106
                   430 227 2123 2129 237 631 2140 774 1691 286 2183 524
                   406 655 536 803 1744
         29        410 203 204 413 414 205 416 417 418 419 1098 91 207
                   1103 422 423 210 426 211 428 429 212 432 433 217 437
                   440 4 220 443 129 446 447 451 1210 452 453 132 1227
                   455 1268 30 229 235 137 239 1290 240 1299 241 138 246
                   142 249 250 252 253 143 1368 49 262 263 264 1458 1468
                   147 268 269 148 149 1527 1536 151 274 276 277 278 1559
                   1565 282 283 284 153 287 290 291 1615 155 1637 294 295
                   296 157 298 301 160 304 307 309 163 314 316 317 318
                   165 320 322 323 325 1797 1808 326 1818 328 330 331 332
                   167 1860 109 1868 340 172 342 347 349 110 353 354 357
                   1938 177 360 361 362 180 111 368 370 182 372 376 377
                   2043 184 2085 186 187 188 387 115 117 393 981 193 396
                   196 398 1018 399 400 402 405 2211 197 198 2223
         30        814 815 477 821 822 823 481 827 482 829 484 831 48 834
                   486 837 839 845 849 853 855 858 859 860 488 864 866
                   868 9 870 871 874 875 876 880 882 52 885 886 889 57
                   892 894 895 896 59 898 899 60 901 498 499 904 906 908
                   909 910 914 915 918 500 924 926 927 62 929 930 502 932
                   933 504 937 938 940 941 943 944 946 947 953 506 956
                   507 958 959 963 964 965 966 508 968 970 971 973 63 977
                   515 979 517 518 983 986 987 64 989 520 992 993 994 995
                   65 997 998 999 1001 1002 1003 1004 1008 1010 1013 1015
                   1016 523 1019 1020 1021 1022 1023 1024 67 1028 525 1030
                   1031 1032 1033 1034 1035 288 1041 69 1044 72 1050 73
                   1054 540 541 1057 544 74 1061 1062 1064 1066 1067 547
                   1070 1071 1074 1075 1077 550 1080 1081 552 553 1086
                   1088 1089 1091 77 1095 1096 555 556 557 1100 558 559
                   1104 561 562 1110 1111 1113 1114 1115 564 1117 1118
                   1121 78 1128 1131 1133 1135 79 1137 1139 82 84 85 579
                   1147 1151 582 1154 86 87 1160 1161 1163 88 1167 1171
                   1172 1174 1175 590 89 1181 1182 593 1185 597 90 1189
                   1190 1191 1196 599 600 1199 1200 1201 1202 1203 1207
                   601 602 603 1213 1214 1216 1218 1219 1220 605 1225 606
                   1230 1231 1232 1233 1236 1237 1241 1243 1246 1248 1249
                   1250 609 1254 1256 1259 1263 1264 1266 10 613 1272 615
                   1276 616 1280 618 92 1283 93 1291 1294 622 1298 628
                   630 1303 1305 1307 1309 1311 1314 1315 95 1323 1324
                   632 1326 633 97 1330 1334 1335 11 638 1340 639 1345
                   1346 1348 1350 1352 1353 1356 1360 640 1365 1366 642
                   1371 1372 643 1378 1379 1381 1386 1387 1388 1389 1392
                   1395 1397 1400 1401 1402 1404 1406 1410 1412 1415 1418
                   1421 1422 1423 1424 1425 1429 644 1431 1432 1436 1437
                   1442 1445 645 646 1451 1453 1454 99 1460 1461 1462 1465
                   1466 1467 648 1470 1472 1473 1477 1478 1480 1481 1485
                   653 1487 1488 1491 1493 1497 1498 1501 1502 1504 100
                   1508 1509 102 1512 1513 1514 1515 103 1517 1518 12 1522
                   1523 1524 1525 665 1528 1532 1534 105 1538 669 1542
                   13 1546 18 672 1554 674 1558 675 1560 1561 1562 1564
                   678 19 1568 1570 1572 1573 680 20 1576 1579 1580 1581
                   1584 1585 1586 682 1588 1589 1590 1591 1593 684 1595
                   685 1600 1601 1604 686 1607 1608 1609 1610 1611 1612
                   1613 1614 691 1618 1619 1623 1624 1625 692 1627 1629
                   1632 1634 21 1639 695 1643 1644 1645 1646 1647 1648
                   1653 1654 1656 1659 1660 1661 696 25 1668 1669 1671
                   1673 1674 1675 702 703 1678 1680 1686 1687 2 1692 1693
                   1695 1696 1697 1701 1703 1704 6 1707 1708 709 1710 1713
                   1714 1715 1716 710 1720 711 1727 1729 1731 712 1734
                   714 1743 717 1745 1751 1754 1755 1757 1759 1760 1763
                   1765 718 719 1768 1770 720 1773 1774 722 1777 1778 1779
                   723 725 1782 1784 1785 1786 1788 1789 1790 1791 1793
                   726 29 1798 1799 1801 1803 1805 1806 731 1809 1810 1811
                   1812 1813 1814 732 1817 733 1819 1821 1822 1823 735
                   1828 1829 738 1831 1833 739 1835 1837 1839 1840 740
                   1845 1847 1849 1850 1851 741 1855 1856 1859 3 1861 1863
                   1864 743 744 1869 1870 1872 1873 745 1875 746 747 1878
                   1879 1881 1882 749 1887 32 751 1891 1895 1896 33 1900
                   753 1902 1904 1905 1907 755 1912 1914 1915 1916 1917
                   1918 1919 1923 1924 1926 1928 1930 1931 1934 1935 1937
                   756 1939 1940 1942 1943 1944 1946 1947 1950 1951 1953
                   1955 1956 1957 1961 758 1963 1964 1966 1967 35 761 1972
                   36 1977 763 1979 764 1981 1984 1985 1986 1987 1989 1991
                   1992 1997 767 1999 2000 2001 2002 2003 37 2010 38 2013
                   2014 2015 2016 2018 2019 2020 39 2022 2023 2024 2026
                   2028 2030 772 2035 2036 2037 2038 40 2040 44 2044 2047
                   2049 2051 2052 2056 2059 2061 780 2063 2064 2065 2067
                   2068 2069 2070 2073 2075 2076 2081 2082 782 2088 2091
                   2093 2095 2097 2098 2099 2101 461 784 2111 2112 2114
                   2115 786 2117 2118 2119 45 2121 2122 789 2126 2127 791
                   2131 2132 467 2135 2136 2137 2138 793 46 2141 470 2145
                   2147 2148 2150 2151 2154 800 2157 2159 2160 2161 2163
                   2165 801 2169 2171 2174 2179 2181 2182 802 2184 2185
                   2187 2191 471 474 2195 2196 2197 2198 2199 2202 2203
                   2206 807 2208 475 809 2212 2213 2216 810 476 2219 2221
                   813 2224



COVARIANCE COVERAGE OF DATA

Minimum covariance coverage value   0.100

     Number of missing data patterns             2


     PROPORTION OF DATA PRESENT


           Covariance Coverage
              PHOT_C_B      DAY_BEFO
              ________      ________
 PHOT_C_B       0.701
 DAY_BEFO       0.701         0.701


UNIVARIATE PROPORTIONS AND COUNTS FOR CATEGORICAL VARIABLES

    PHOT_C_B
      Category 1    0.754        19066.000
      Category 2    0.246         6237.000



UNIVARIATE SAMPLE STATISTICS


     UNIVARIATE HIGHER-ORDER MOMENT DESCRIPTIVE STATISTICS

         Variable/         Mean/     Skewness/   Minimum/ % with                Percentiles
        Sample Size      Variance    Kurtosis    Maximum  Min/Max      20%/60%    40%/80%    Median

     DAY_BEFORE_W1       -14.739       0.041     -29.000    3.21%     -23.000    -18.000    -15.000
           25303.000      72.144      -1.158       0.000    3.26%     -12.000     -6.000


     WARNING: PROBLEMS OCCURRED IN SEVERAL ITERATIONS IN THE COMPUTATION OF THE STANDARDIZED ESTIMATES FOR SEVERAL
     CLUSTERS. THIS IS MOST LIKELY DUE TO AR COEFFICIENTS GREATER THAN 1 OR PARAMETERS GIVING NON-STATIONARY MODELS.
     SUCH POSTERIOR DRAWS ARE REMOVED. THE FOLLOWING CLUSTERS HAD SUCH PROBLEMS:
          415 514 794 1281 2062 657 750 490 501 1295 1511 1641 1796 118 1060 635 352 168 468 797 828
          98 1106 679 706 146 534 1781 565 397 2218 310 1874 788 573 671 8 1187 2217 1055 497 1830 388
          1097 833 862 303 27 261 1116 245 1325 1446 574 2155 1853 1771 2134 407 412 568 752 1974 773
          996 1038 463 1540 2012 485 1146 1767 1962 1815 1198 519 693 271 1327 1886 554 445 1980 769
          1557 955 1177 494 1197 647 2021 1735 1899 2144 835 2166 2207 383 1776 1188 226 1025 181 247
          1056 1058 1361 670 1978 189 771 218 1140 1677 1718 1143 884 1164 900 783 869 988 1766 521 1575
          663 1136 825 1211 337 902 2034 1842 2103 2120 931 2139 762 768 1890 1101 620 363 982 384 319
          435 2039 104 1273 1662 1666 1278 341 619 1909 538 681 1084 1888 546 420 1676 424 267 1732 1043
          441 760 1152 1373 903 1486 394 1826 1520 1079 1082 1865 2192 586 1877 457 1706 897 386 411
          1430 1053 928 1780 442 1212 1251 1567 1574 224 1599 1605 358 1069 1282 421 1155 584 173 598
          2007 272 1049 1337 1343 922 1109 2116 365 297 1448 701 1507 1141 454 1901 427 1549 1159 1328
          1092 371 1709 1180 1723 1184 1998 1099 704 664 121 392 1122 1224 967 1270 792 636 991 293 1594
          611 2194 1302 2210 1317 1029 804 808 812 818 537 191 830 667 1339 206 1834 260 380 566 891
          1876 133 26 492 583 1516 728 742 1544 1968 1971 108 1551 934 495 957 592 1587 978 338 1626
          2106 430 227 2123 2129 237 631 2140 774 1691 286 2183 524 406 655 536 803 1744 410 203 204
          413 414 416 417 418 419 1098 91 207 1103 422 210 426 211 428 429 432 433 217 437 440 4 220
          443 129 446 447 451 1210 452 453 132 1227 455 1268 30 229 235 137 239 1290 240 1299 138 246
          142 249 250 252 143 1368 49 262 263 264 1458 1468 147 268 269 148 149 1527 1536 151 274 276
          277 278 1559 1565 282 283 284 287 290 291 1615 155 294 295 296 157 298 301 160 304 307 309
          163 314 316 317 318 165 320 322 325 1797 1808 326 328 330 331 167 1860 109 1868 340 342 347
          349 110 353 354 1938 360 361 362 180 111 368 370 372 376 377 184 2085 187 188 387 115 393 981
          193 396 196 398 1018 399 400 402 405 2211 197 198 2223 814 815 477 821 822 823 481 827 482
          829 484 834 486 837 839 849 853 855 858 859 860 488 864 866 868 9 870 871 874 875 876 880 882
          52 885 889 57 894 895 896 59 898 899 60 901 498 904 906 908 909 914 500 924 926 927 62 929
          930 502 932 933 504 937 938 940 941 943 944 946 947 953 506 956 507 958 959 963 964 965 966
          508 968 970 971 973 63 977 515 979 517 518 983 986 987 64 989 520 992 993 994 997 998 999 1001
          1003 1004 1010 1013 1015 1016 523 1019 1020 1021 1022 1023 1024 67 1028 525 1030 1031 1032
          1033 1034 1035 288 1041 69 1044 1050 73 1054 540 1057 544 74 1061 1062 1064 1066 1067 547 1070
          1071 1074 1075 550 1080 552 553 1086 1088 1089 1091 77 1095 555 556 557 1100 558 559 1104 562
          1110 1111 1113 1114 564 1117 1118 1121 78 1128 1131 1133 1135 79 1137 1139 82 84 85 579 1151
          582 86 87 1160 1161 1163 88 1167 1171 1172 1174 1175 590 89 1182 1185 597 1189 1190 1191 1196
          599 600 1199 1200 1201 1202 1203 601 602 603 1213 1214 1216 1218 1219 1220 605 1225 606 1230
          1231 1232 1233 1237 1241 1243 1246 1248 1249 1250 609 1254 1256 1259 1263 1264 1266 10 613
          1272 615 1276 1280 618 92 93 1291 1294 622 628 630 1305 1307 1309 1311 1314 1315 95 1324 632
          1326 633 97 1330 1334 1335 11 638 1340 639 1345 1346 1348 1350 1353 1356 1360 640 1365 1366
          642 1371 1372 643 1378 1379 1381 1386 1387 1388 1389 1392 1395 1397 1400 1401 1402 1404 1406
          1410 1412 1415 1418 1421 1422 1423 1424 1425 1429 644 1431 1432 1436 1437 1442 1445 646 1453
          1454 1460 1461 1462 1465 1466 1467 1470 1472 1473 1477 1478 1480 1481 1485 653 1487 1488 1491
          1493 1497 1501 1502 1504 1508 1509 102 1512 1513 1514 1515 103 1517 1518 12 1522 1523 1524
          1525 665 1528 1532 1534 105 1538 669 1542 13 1546 18 672 1554 674 1558 675 1560 1561 1562 1564
          678 19 1568 1570 1572 1573 680 20 1576 1579 1580 1581 1584 1585 1586 682 1588 1589 1590 684
          1595 685 1600 1601 1604 686 1607 1608 1609 1610 1611 1612 1613 1614 691 1618 1619 1623 1624
          1625 692 1627 1629 1632 1634 21 1639 695 1643 1645 1646 1647 1648 1653 1654 1656 1659 1660
          1661 696 25 1668 1669 1671 1673 1674 1675 702 703 1678 1680 1687 2 1692 1693 1695 1696 1697
          1701 1703 1704 6 1707 1708 709 1710 1713 1714 1715 1716 710 1720 1727 1729 1731 712 1734 714
          717 1745 1751 1755 1757 1759 1760 1763 1765 718 719 1770 720 1773 1774 722 1777 1778 1779 723
          725 1782 1784 1785 1786 1788 1789 1790 1791 1793 726 29 1798 1799 1801 1803 1805 1806 731 1809
          1811 1812 1813 1814 732 1817 733 1819 1821 1822 1823 1828 1829 738 1831 1833 739 1837 1839
          1840 1845 1847 1849 1850 1851 741 1855 1856 1859 3 1861 1863 1864 743 744 1869 1870 1872 1873
          745 1875 746 747 1878 1879 1881 1882 749 1887 32 751 1891 1895 1896 33 1900 753 1902 1904 1905
          1907 755 1912 1914 1915 1916 1917 1918 1919 1923 1924 1926 1928 1931 1935 1937 756 1939 1940
          1942 1943 1944 1946 1947 1950 1951 1953 1955 1956 1957 1961 758 1964 1966 1967 35 761 1972
          36 1977 763 1979 764 1981 1984 1986 1987 1989 1991 1992 767 1999 2000 2001 2002 2003 2010 38
          2013 2014 2015 2016 2018 2019 2020 39 2022 2023 2026 2028 2030 772 2036 2037 40 2040 44 2044
          2047 2049 2051 2052 2056 2059 2061 780 2063 2064 2065 2067 2068 2070 2073 2075 2076 2081 2082
          2088 2091 2093 2095 2097 2098 2099 2101 784 2111 2112 2114 2115 786 2117 2118 2119 45 2121
          2122 789 2126 2127 791 2131 2132 467 2135 2136 2137 2138 793 46 2141 470 2145 2147 2148 2150
          2151 2154 800 2157 2159 2160 2161 2163 2165 801 2169 2171 2174 2179 2182 802 2187 2191 471
          474 2195 2196 2197 2198 2199 2202 2203 2206 807 2208 475 809 2212 2213 2216 810 476 2219 2221
          813 2224

THE MODEL ESTIMATION TERMINATED NORMALLY

     USE THE FBITERATIONS OPTION TO INCREASE THE NUMBER OF ITERATIONS BY A FACTOR
     OF AT LEAST TWO TO CHECK CONVERGENCE AND THAT THE PSR VALUE DOES NOT INCREASE.



MODEL FIT INFORMATION

Number of Free Parameters                              11



MODEL RESULTS

                                Posterior  One-Tailed         95% C.I.
                    Estimate       S.D.      P-Value   Lower 2.5%  Upper 2.5%  Significance

Within Level

 F        BY
    PHOT_C_B           1.000       0.000      0.000       1.000       1.000

 Variances
    DAY_BEFORE        72.165       0.645      0.000      70.912      73.393      *

 Residual Variances
    F                  1.320       0.231      0.000       0.895       1.701      *

Between Level

 PHOT_C_B WITH
    S                  0.007       0.088      0.466      -0.153       0.185

 Means
    DAY_BEFORE       -14.733       0.052      0.000     -14.839     -14.643      *
    T                  0.001       0.003      0.394      -0.004       0.006
    S                  0.192       0.039      0.000       0.114       0.269      *

 Thresholds
    PHOT_C_B$1         2.017       0.121      0.000       1.780       2.237      *

 Variances
    PHOT_C_B           4.192       0.478      0.000       3.267       5.059      *
    DAY_BEFORE         0.024       0.025      0.000       0.001       0.102      *
    T                  0.001       0.000      0.000       0.001       0.001      *
    S                  0.076       0.011      0.000       0.056       0.101      *


STANDARDIZED MODEL RESULTS


STDYX Standardization

                                Posterior  One-Tailed         95% C.I.
                    Estimate       S.D.      P-Value   Lower 2.5%  Upper 2.5%  Significance

Within-Level Standardized Estimates Averaged Over Clusters

 F        BY
    PHOT_C_B           0.763       0.029      0.000       0.696       0.801      *

 S | F ON
    F&1                0.195       0.038      0.000       0.118       0.275      *

 T | PHOT_C_B ON
    DAY_BEFORE         0.004       0.012      0.381      -0.020       0.026

 Variances
    DAY_BEFORE         1.000       0.000      0.000       1.000       1.000

 Residual Variances
    F                  0.886       0.017      0.000       0.849       0.918      *

Between Level

 PHOT_C_B WITH
    S                  0.013       0.158      0.466      -0.275       0.338

 Means
    DAY_BEFORE       -95.552      74.287      0.000    -385.308     -46.185      *
    T                  0.021       0.077      0.394      -0.132       0.174
    S                  0.700       0.157      0.000       0.401       1.033      *

 Variances
    PHOT_C_B           1.000       0.000      0.000       1.000       1.000
    DAY_BEFORE         1.000       0.000      0.000       1.000       1.000
    T                  1.000       0.000      0.000       1.000       1.000
    S                  1.000       0.000      0.000       1.000       1.000


R-SQUARE

Within-Level R-Square Averaged Across Clusters

                                Posterior  One-Tailed         95% C.I.
    Variable        Estimate       S.D.      P-Value   Lower 2.5%  Upper 2.5%

    PHOT_C_B           0.611       0.041      0.000       0.520       0.668

                                Posterior  One-Tailed         95% C.I.
    Variable        Estimate       S.D.      P-Value   Lower 2.5%  Upper 2.5%

    F                  0.114       0.017      0.000       0.082       0.150


RESIDUAL OUTPUT


     ESTIMATED MODEL


     AVERAGE CLUSTER ESTIMATES


           Means
              PHOT_C_B      DAY_BEFO
              ________      ________
               -1.916       -14.727


           Covariances
              PHOT_C_B      DAY_BEFO
              ________      ________
 PHOT_C_B       2.624
 DAY_BEFO       0.046        72.127


           Correlations
              PHOT_C_B      DAY_BEFO
              ________      ________
 PHOT_C_B       1.000
 DAY_BEFO       0.003         1.000


     BETWEEN LEVEL


           Means
              PHOT_C_B      DAY_BEFO
              ________      ________
                0.000       -14.733


           Covariances
              PHOT_C_B      DAY_BEFO
              ________      ________
 PHOT_C_B       4.192
 DAY_BEFO       0.000         0.024


           Correlations
              PHOT_C_B      DAY_BEFO
              ________      ________
 PHOT_C_B       1.000
 DAY_BEFO       0.000         1.000


TECHNICAL 1 OUTPUT


     PARAMETER SPECIFICATION FOR WITHIN


           TAU
              PHOT_C_B
              ________
                    0


           NU
              PHOT_C_B      DAY_BEFO
              ________      ________
                    0             0


           LAMBDA
              F             F&1           PHOT_C_B      DAY_BEFO
              ________      ________      ________      ________
 PHOT_C_B           0             0             0             0
 DAY_BEFO           0             0             0             0


           THETA
              PHOT_C_B      DAY_BEFO
              ________      ________
 PHOT_C_B           0
 DAY_BEFO           0             0


           ALPHA
              F             F&1           PHOT_C_B      DAY_BEFO
              ________      ________      ________      ________
                    0             0             0             0


           BETA
              F             F&1           PHOT_C_B      DAY_BEFO
              ________      ________      ________      ________
 F                  0             0             0             0
 F&1                0             0             0             0
 PHOT_C_B           0             0             0             0
 DAY_BEFO           0             0             0             0


           PSI
              F             F&1           PHOT_C_B      DAY_BEFO
              ________      ________      ________      ________
 F                  1
 F&1                0             0
 PHOT_C_B           0             0             0
 DAY_BEFO           0             0             0             2


     PARAMETER SPECIFICATION FOR BETWEEN


           TAU
              PHOT_C_B
              ________
                   11


           NU
              PHOT_C_B      DAY_BEFO
              ________      ________
                    0             0


           LAMBDA
              T             S             PHOT_C_B      DAY_BEFO
              ________      ________      ________      ________
 PHOT_C_B           0             0             0             0
 DAY_BEFO           0             0             0             0


           THETA
              PHOT_C_B      DAY_BEFO
              ________      ________
 PHOT_C_B           0
 DAY_BEFO           0             0


           ALPHA
              T             S             PHOT_C_B      DAY_BEFO
              ________      ________      ________      ________
                    3             4             0             5


           BETA
              T             S             PHOT_C_B      DAY_BEFO
              ________      ________      ________      ________
 T                  0             0             0             0
 S                  0             0             0             0
 PHOT_C_B           0             0             0             0
 DAY_BEFO           0             0             0             0


           PSI
              T             S             PHOT_C_B      DAY_BEFO
              ________      ________      ________      ________
 T                  6
 S                  0             7
 PHOT_C_B           0             8             9
 DAY_BEFO           0             0             0            10


     STARTING VALUES FOR WITHIN


           TAU
              PHOT_C_B
              ________
                0.000


           NU
              PHOT_C_B      DAY_BEFO
              ________      ________
                0.000         0.000


           LAMBDA
              F             F&1           PHOT_C_B      DAY_BEFO
              ________      ________      ________      ________
 PHOT_C_B       0.000         0.000         1.000         0.000
 DAY_BEFO       0.000         0.000         0.000         1.000


           THETA
              PHOT_C_B      DAY_BEFO
              ________      ________
 PHOT_C_B       0.000
 DAY_BEFO       0.000         0.000


           ALPHA
              F             F&1           PHOT_C_B      DAY_BEFO
              ________      ________      ________      ________
                0.000         0.000         0.000         0.000


           BETA
              F             F&1           PHOT_C_B      DAY_BEFO
              ________      ________      ________      ________
 F              0.000         0.000         0.000         0.000
 F&1            0.000         0.000         0.000         0.000
 PHOT_C_B       1.000         0.000         0.000         0.000
 DAY_BEFO       0.000         0.000         0.000         0.000


           PSI
              F             F&1           PHOT_C_B      DAY_BEFO
              ________      ________      ________      ________
 F              1.000
 F&1            0.000         1.000
 PHOT_C_B       0.000         0.000         1.000
 DAY_BEFO       0.000         0.000         0.000        36.072


     STARTING VALUES FOR BETWEEN


           TAU
              PHOT_C_B
              ________
                0.621


           NU
              PHOT_C_B      DAY_BEFO
              ________      ________
                0.000         0.000


           LAMBDA
              T             S             PHOT_C_B      DAY_BEFO
              ________      ________      ________      ________
 PHOT_C_B       0.000         0.000         1.000         0.000
 DAY_BEFO       0.000         0.000         0.000         1.000


           THETA
              PHOT_C_B      DAY_BEFO
              ________      ________
 PHOT_C_B       0.000
 DAY_BEFO       0.000         0.000


           ALPHA
              T             S             PHOT_C_B      DAY_BEFO
              ________      ________      ________      ________
                0.000         0.000         0.000       -14.739


           BETA
              T             S             PHOT_C_B      DAY_BEFO
              ________      ________      ________      ________
 T              0.000         0.000         0.000         0.000
 S              0.000         0.000         0.000         0.000
 PHOT_C_B       0.000         0.000         0.000         0.000
 DAY_BEFO       0.000         0.000         0.000         0.000


           PSI
              T             S             PHOT_C_B      DAY_BEFO
              ________      ________      ________      ________
 T              1.000
 S              0.000         1.000
 PHOT_C_B       0.000         0.000         1.000
 DAY_BEFO       0.000         0.000         0.000        36.072



     PRIORS FOR ALL PARAMETERS            PRIOR MEAN      PRIOR VARIANCE     PRIOR STD. DEV.

     Parameter 1~IG(-1.000,0.000)          infinity            infinity            infinity
     Parameter 2~IG(-1.000,0.000)          infinity            infinity            infinity
     Parameter 3~N(0.000,infinity)           0.0000            infinity            infinity
     Parameter 4~N(0.000,infinity)           0.0000            infinity            infinity
     Parameter 5~N(0.000,infinity)           0.0000            infinity            infinity
     Parameter 6~IG(-1.000,0.000)          infinity            infinity            infinity
     Parameter 7~IW(1.000,3)               infinity            infinity            infinity
     Parameter 8~IW(0.000,3)               infinity            infinity            infinity
     Parameter 9~IW(1.000,3)               infinity            infinity            infinity
     Parameter 10~IG(-1.000,0.000)         infinity            infinity            infinity
     Parameter 11~N(0.000,5.000)             0.0000              5.0000              2.2361


TECHNICAL 4 OUTPUT


     AVERAGE ESTIMATES DERIVED FROM THE MODEL FOR WITHIN


           ESTIMATED MEANS FOR THE LATENT VARIABLES
              F             F&1           T             S             PHOT_C_B
              ________      ________      ________      ________      ________
                0.000         0.000         0.001         0.203        -1.916


           ESTIMATED MEANS FOR THE LATENT VARIABLES
              DAY_BEFO
              ________
              -14.727


           ESTIMATED COVARIANCE MATRIX FOR THE LATENT VARIABLES
              F             F&1           T             S             PHOT_C_B
              ________      ________      ________      ________      ________
 F              1.549
 F&1            0.543         1.549
 T              0.000         0.000         0.000
 S              0.000         0.000         0.000         0.000
 PHOT_C_B       1.549         0.543         0.000         0.000         2.624
 DAY_BEFO       0.000         0.000         0.000         0.000         0.046


           ESTIMATED COVARIANCE MATRIX FOR THE LATENT VARIABLES
              DAY_BEFO
              ________
 DAY_BEFO      72.127


           ESTIMATED CORRELATION MATRIX FOR THE LATENT VARIABLES
              F             F&1           T             S             PHOT_C_B
              ________      ________      ________      ________      ________
 F              1.000
 F&1            0.289         1.000
 T              0.000         0.000         1.000
 S              0.000         0.000         0.000         1.000
 PHOT_C_B       0.756         0.222         0.000         0.000         1.000
 DAY_BEFO       0.000         0.000         0.000         0.000         0.003


           ESTIMATED CORRELATION MATRIX FOR THE LATENT VARIABLES
              DAY_BEFO
              ________
 DAY_BEFO       1.000


     ESTIMATES DERIVED FROM THE MODEL FOR BETWEEN


           ESTIMATED MEANS FOR THE LATENT VARIABLES
              F             F&1           T             S             PHOT_C_B
              ________      ________      ________      ________      ________
                0.000         0.000         0.001         0.192         0.000


           ESTIMATED MEANS FOR THE LATENT VARIABLES
              DAY_BEFO
              ________
              -14.733


           ESTIMATED COVARIANCE MATRIX FOR THE LATENT VARIABLES
              F             F&1           T             S             PHOT_C_B
              ________      ________      ________      ________      ________
 F              0.000
 F&1            0.000         0.000
 T              0.000         0.000         0.001
 S              0.000         0.000         0.000         0.076
 PHOT_C_B       0.000         0.000         0.000         0.007         4.192
 DAY_BEFO       0.000         0.000         0.000         0.000         0.000


           ESTIMATED COVARIANCE MATRIX FOR THE LATENT VARIABLES
              DAY_BEFO
              ________
 DAY_BEFO       0.024


           ESTIMATED CORRELATION MATRIX FOR THE LATENT VARIABLES
              F             F&1           T             S             PHOT_C_B
              ________      ________      ________      ________      ________
 F              1.000
 F&1            0.000         1.000
 T              0.000         0.000         1.000
 S              0.000         0.000         0.000         1.000
 PHOT_C_B       0.000         0.000         0.000         0.012         1.000
 DAY_BEFO       0.000         0.000         0.000         0.000         0.000


           ESTIMATED CORRELATION MATRIX FOR THE LATENT VARIABLES
              DAY_BEFO
              ________
 DAY_BEFO       1.000


TECHNICAL 8 OUTPUT


   TECHNICAL 8 OUTPUT FOR BAYES ESTIMATION

     PROCESSOR    BSEED
     1            0
     2            285380
     3            253358
     4            93468
     5            608496
     6            903420

                     POTENTIAL       PARAMETER WITH
     ITERATION    SCALE REDUCTION      HIGHEST PSR
     100              2.501               1
     200              1.984               1
     300              2.224               1
     400              2.892               1
     500              2.815               1
     600              2.525               1
     700              2.332               1
     800              2.315               1
     900              2.325               1
     1000             2.530               1
     1100             1.999               1
     1200             1.403               1
     1300             1.282               9
     1400             1.187               10
     1500             1.167               10
     1600             1.110               10
     1700             1.114               10
     1800             1.073               10


PLOT INFORMATION

The following plots are available:

  Histograms (sample values)
  Scatterplots (sample values)
  Between-level histograms (sample values, sample means/variances)
  Between-level scatterplots (sample values, sample means/variances)
  Time series plots (sample values, ACF, PACF)
  Histogram of subjects per time point
  Time interval plots
  Sample proportions
  Bayesian posterior parameter distributions
  Bayesian posterior parameter trace plots
  Bayesian autocorrelation plots
  Bayesian prior parameter distributions

DIAGRAM INFORMATION

  Mplus diagrams are currently not available for multilevel analysis.
  No diagram output was produced.


     Beginning Time:  09:22:00
        Ending Time:  10:26:04
       Elapsed Time:  01:04:04



MUTHEN & MUTHEN
3463 Stoner Ave.
Los Angeles, CA  90066

Tel: (310) 391-9971
Fax: (310) 391-8971
Web: www.StatModel.com
Support: Support@StatModel.com

Copyright (c) 1998-2024 Muthen & Muthen
