Mplus VERSION 8.11
MUTHEN & MUTHEN
10/15/2025  10:38 AM

INPUT INSTRUCTIONS

  TITLE: this is an example of a two-level time series analysis with a first-
  order autoregressive AR(1) factor analysis model for a single
  continuous indicator and measurement error;

  DATA: FILE = "w1_30d2.dat";

  VARIABLE:
  NAMES = new_id date call_c msg_c phot_c call_d msg_d phot_d web_c web_d sm_c sm_d
       w1_date w1b_date w1_date_7 w1_date_30 w1b_date_7 w1b_date_30 day_before_w1
       day_before_w1b w1_7d_window w1b_7d_window w1_30d_window w1b_30d_window days_c
       call_d_l msg_d_l phot_d_l web_d_l sm_d_l call_c_l msg_c_l phot_c_l web_c_l
       sm_c_l days_c_l call_d_l2 msg_d_l2 phot_d_l2 web_d_l2 sm_d_l2 call_c_l2
       msg_c_l2 phot_c_l2 web_c_l2 sm_c_l2 call_c_b msg_c_b phot_c_b web_c_b sm_c_b
       time;
  MISSING=.;
  USEVAR  = sm_c_b day_before_w1;
  CATEGORICAL = sm_c_b;
  CLUSTER  = new_id;
  TINTERVAL = time (1 time2);

  ANALYSIS:
  TYPE = TWOLEVEL RANDOM;
  ESTIMATOR = BAYES;
  PROCESSORS = 7;
  BITERATIONS = (1000);
  THIN = 10;
  ALGORITHM=GIBBS(RW);



  MODEL:
  %WITHIN%
  f BY sm_c_b@1(&1);
  t | sm_c_b ON day_before_w1;
  s | f ON f&1;

  %BETWEEN%
  sm_c_b WITH s;
  s WITH t;

  OUTPUT: TECH1 TECH8 TECH4 STDYX residual;

  PLOT: TYPE = PLOT3;



*** WARNING in VARIABLE command
  Note that only the first 8 characters of variable names are used in the output.
  Shorten variable names to avoid any confusion.
*** WARNING in MODEL command
  A y-variable has been declared on the within level but not referred to on
  the between level.  Please check that this is what is intended.  If this is not intended,
  specify the variable as a within variable.  Problem with:  DAY_BEFORE_W1
*** WARNING in PLOT command
  Note that only the first 8 characters of variable names are used in plots.
  If variable names are not unique within the first 8 characters, problems
  may occur.
*** WARNING
  Data set contains cases with missing on x-variables converted to dependent variables.
  The autocorrelation of these variables should be included in the model and the variables
  added to the LAGGED option.  The following converted x-variable(s) have cases with missing:

      DAY_BEFORE_W1 (10803 cases with missing data)

*** WARNING
  One or more individual-level variables have no variation within a
  cluster for the following clusters.

     Variable   Cluster IDs with no within-cluster variation

      SM_C_B      415 514 794 1281 2062 750 490 501 1295 1511 1641 1796 118 1060 635 168 468 797
                  828 1106 534 1781 565 397 2218 310 1874 788 671 8 1187 2217 1055 497 1830 388
                  1097 833 862 303 1116 1325 2155 2134 407 412 568 773 996 463 485 1767 1962 1815
                  1198 519 693 1327 554 445 1980 1557 955 494 2021 835 2166 383 181 1056 1058
                  1361 670 218 1677 1718 1143 884 1164 783 869 1575 663 902 2034 1842 762 319
                  435 2039 104 1666 1278 619 1909 681 424 267 1043 1152 1373 903 1826 1082 1865
                  2192 1877 897 386 1053 928 1212 1251 1567 224 1599 358 1069 421 598 272 1343
                  922 1109 365 297 1448 1507 1141 1901 427 1328 1092 1709 1180 1998 1099 704 664
                  1122 792 2194 1029 804 818 260 380 891 133 728 742 108 934 592 338 1626 2106
                  430 227 2123 2140 286 655 803 1744 413 205 1098 91 1103 210 426 211 429 432
                  433 4 447 132 1227 1268 239 1290 241 138 246 250 1368 49 262 263 1468 269 148
                  1536 151 274 276 1559 1565 283 284 153 287 290 291 301 160 304 307 317 165 323
                  325 326 328 331 1868 340 342 110 177 361 362 370 182 2043 184 2085 387 117 193
                  196 398 1018 400 402 2211 197 198 2223 815 477 823 481 829 831 834 486 849 864
                  868 870 892 894 895 896 898 60 498 499 904 906 909 910 914 915 918 62 932 933
                  937 938 941 943 944 956 958 959 963 964 968 970 973 977 979 986 987 64 989 520
                  992 993 994 995 999 1002 1010 1019 1021 67 1028 1030 1031 1032 1035 1041 73
                  1054 540 541 1057 1066 1067 1075 1080 1081 552 553 1086 1088 1089 562 1111 1118
                  78 1128 79 1137 82 85 579 1147 1151 1154 87 1160 1161 1167 1172 1174 590 89
                  593 1185 1196 1199 1200 1202 601 1218 1219 1220 606 1231 1233 1237 1241 1243
                  1246 1250 1254 1256 10 1272 615 1283 1291 622 1307 1309 1315 1323 1324 632 1326
                  1334 11 638 639 1345 1348 1353 642 1371 1372 1378 1379 1381 1386 1389 1392 1395
                  1397 1400 1401 1404 1406 1410 1412 1415 1418 1422 1423 1424 1425 1429 1431 1437
                  1442 1445 1451 1454 1460 1461 1462 1466 1470 1473 1477 1480 1481 653 1493 1497
                  1498 1504 100 1508 102 1513 1514 1515 103 1517 1518 12 1522 1523 665 1528 1532
                  1542 1546 672 674 1558 675 1561 1562 1564 678 1568 1573 20 1579 1584 1585 1586
                  1593 685 1600 1601 1608 1609 1610 1612 1614 691 1618 1623 1634 21 1644 1647
                  1648 1654 1659 1661 696 1669 1673 1675 702 1680 1693 1695 1697 1701 1703 1707
                  1708 1710 1714 1715 710 1720 1727 712 1743 1751 1754 1760 1763 1768 1773 1777
                  1778 1779 723 725 1782 1786 1788 1789 1793 29 1801 1803 1805 1806 1810 1811
                  1814 1817 733 1821 1822 735 1831 1833 1837 740 1845 1847 1849 1851 741 1855
                  1856 1859 3 1861 1863 1864 743 744 1869 1873 1875 747 1879 749 32 1896 1900
                  1902 1904 1905 1907 755 1914 1915 1916 1917 1923 1926 1931 1934 1935 1937 756
                  1939 1940 1946 1947 1951 1956 1957 758 1963 1964 1966 761 763 1979 764 1986
                  1987 1991 1997 1999 2003 2010 38 2014 2016 2018 39 2024 2026 2035 2037 40 2040
                  2049 2051 2056 2063 2068 2073 2076 2081 2082 782 2091 2093 2095 2097 2098 2111
                  2114 786 45 2121 2122 789 2127 791 467 2136 2138 470 2147 2151 800 2161 801
                  2169 2174 2179 2182 802 2184 2191 2196 2202 2203 2206 2208 809 2212 2213 810
                  2221

   5 WARNING(S) FOUND IN THE INPUT INSTRUCTIONS



this is an example of a two-level time series analysis with a first-
order autoregressive AR(1) factor analysis model for a single
continuous indicator and measurement error;

