Mplus VERSION 8.11
MUTHEN & MUTHEN
10/13/2025   2:03 PM

INPUT INSTRUCTIONS

  TITLE: this is an example of a two-level time series analysis with a first-
  order autoregressive AR(1) factor analysis model for a single
  continuous indicator and measurement error;

  DATA: FILE = "w1_30d2_web_c_l2.dat";

  VARIABLE:
  NAMES = new_id date call_c msg_c phot_c call_d msg_d phot_d web_c web_d sm_c sm_d
       w1_date w1b_date w1_date_7 w1_date_30 w1b_date_7 w1b_date_30 day_before_w1
       day_before_w1b w1_7d_window w1b_7d_window w1_30d_window w1b_30d_window days_c
       call_d_l msg_d_l phot_d_l web_d_l sm_d_l call_c_l msg_c_l phot_c_l web_c_l
       sm_c_l days_c_l call_d_l2 msg_d_l2 phot_d_l2 web_d_l2 sm_d_l2 call_c_l2
       msg_c_l2 phot_c_l2 web_c_l2 sm_c_l2 call_c_b msg_c_b phot_c_b web_c_b sm_c_b
       time;
  MISSING=.;
  USEVAR  = web_c_l2;
  CLUSTER  = new_id;
  TINTERVAL = time (1 time2);

  ANALYSIS:
  TYPE = TWOLEVEL RANDOM;
  ESTIMATOR = BAYES;
  PROCESSORS = 7;
  BITERATIONS = (1000);
  THIN = 10;



  MODEL:
  %WITHIN%
  f BY web_c_l2@1(&1);
  stab | f ON f&1;

  logv | web_c_l2;

  %BETWEEN%
  web_c_l2 WITH stab;

  [logv] (m);
  logv (s);

  Model Constraint:
            new(medv meanv 25qv 75qv);		
            medv = exp(m);
            meanv = exp(m + s/2);
    		! 25th and 75th quartiles
    		! based on normal dist of logv:
    		25qv = exp(m - sqrt(s)*0.675);
    		75qv = exp(m + sqrt(s)*0.675);



  OUTPUT: TECH1 TECH8 TECH4 STDYX residual;

  PLOT: TYPE = PLOT3;



*** WARNING
  One or more individual-level variables have no variation within a
  cluster for the following clusters.

     Variable   Cluster IDs with no within-cluster variation

      WEB_C_L2    1974 691 1345 1905 2021 1876 997 1004 1023 866 288 642 1891 2088 2063 1859 2202
                  1614 764 1386 1812 1943 989

*** WARNING
  Data set contains cases with missing on all variables.
  These cases were not included in the analysis.
  Number of cases with missing on all variables:  6392
   2 WARNING(S) FOUND IN THE INPUT INSTRUCTIONS



this is an example of a two-level time series analysis with a first-
order autoregressive AR(1) factor analysis model for a single
continuous indicator and measurement error;

SUMMARY OF ANALYSIS

Number of groups                                                 1
Number of observations                                       28752

Number of dependent variables                                    1
Number of independent variables                                  0
Number of continuous latent variables                            4

Observed dependent variables

  Continuous
   WEB_C_L2

Continuous latent variables
   F           F&1         STAB        LOGV

Variables with special functions

  Cluster variable      NEW_ID

Estimator                                                    BAYES
Specifications for Bayesian Estimation
  Point estimate                                            MEDIAN
  Number of Markov chain Monte Carlo (MCMC) chains               2
  Random seed for the first chain                                0
  Starting value information                           UNPERTURBED
  Algorithm used for Markov chain Monte Carlo           GIBBS(PX1)
  Convergence criterion                                  0.500D-01
  Maximum number of iterations                               50000
  K-th iteration used for thinning                              10

Input data file(s)
  w1_30d2_web_c_l2.dat
Input data format  FREE


SUMMARY OF DATA

     Number of clusters                       1069

       Size (s)    Cluster ID with Size s

          2        415
          3        514
          4        2062 2217
          5        1281 1641 1677 341
          6        1511 501 828 1796 118
          7        1974 1188 691 1781 468
          8        534 186 1810 29 277 565 679 746 98 8 1874
          9        630 2073 310 1782
         10        915 463 671 1074
         11        760 833 388 862 1029
         12        519 1999 1615 2155 1751
         13        160 12 245 1446 774
         14        1174 1784 1771 574 38 1345
         15        702 803 412 521 1099
         16        1540 773 1926 1196 1905 2021 1113 752
         17        1088 701 173 1766 937 1574 1177 1980 1146 1962
         18        1472 443 1197 768 2098 693 685 955 1557 494 1049 717
                   1886 2144
         19        663 900 1061 1899 504 2207 1580 1025 247 738 771 237
                   647
         20        276 189 1323 1909 457 282 1140 218 804 1056 226 1109
                   1978 884 2116 1361 1890 517 1200
         21        363 834 931 1015 988 2120 971 1938 605 2103 319
         22        902 337 1703 1759 422 2075 620 1101 1211 982 540 2210
                   252 1676 435 929 2034 2139
         23        628 394 1084 1666 2039 1082 1710 1137 1586 2099 538
                   696 1079 1877 681 814 1273 1662 384 619 417 2065
         24        1486 586 1520 2159 340 330 903 1876 411 353 420 399
                   997 1004 365 636 1064 224 667 897 1023 1865 898 2192
                   421 1373 1283 441
         25        2007 1780 495 2179 1458 188 1567 60 1573 4 442 1163
                   293 1902 611 1605 1765 270 592 1706 1053 500 669 386
                   1155 1599 286 1626 1430
         26        1448 753 866 235 278 1337 1343 427 2219 432 52 433 981
                   1549 1365 78 756 143 148 1135 297 2206 151 703 2024
                   1339 454 1507 1544 1840
         27        371 1709 2135 964 177 1224 288 642 1328 845 957 1184
                   338 3 1044 1103 20 39 1159 973 1723 664 1887 1334 583
                   1581 2059 891 1585 1270 1227 1077 1243 622 392 1199
                   1302 250 1241 830 1151 544 998 121 1891 1998 1917 1918
                   1317 761 1122 991
         28        728 2106 26 387 1814 978 1551 1632 793 2129 2049 1637
                   2020 1516 1669 1570 875 191 926 1502 963 207 1604 520
                   613 1453 2123 44 413 206 108 2016 482 559 1834 582 430
                   2174 153 1797 566 508 2140 675 941 1968 240 974 1432
                   133 934 1587 1744 808 523 537 810 380 590 110 536 452
                   524 1786 471 287 296 260 812 1674 631 966 111 638
         29        1062 325 63 21 1591 1808 1850 2035 2088 1266 298 1468
                   1671 262 220 1225 263 328 1950 1172 1522 446 1809 1210
                   301 372 1849 49 455 30 196 203 317 268 416 264 347 1366
                   172 239 142 322 2063 1348 129 309 440 2040 323 138 1859
                   2202 1057 198 320 36 1870 451 414 1720 1668 284 398
                   418 294 1595 326 2070 2211 217 447 331 361 1001 1619
                   149 428 2212 349 1546 396 2068 410 1324 180 249 2131
                   1022 132 25 1912 402 246 91 362 157 393 211 1697 1360
                   182 187 137 1565 354 1835 429 357 2 453 332 1818 368
                   405 1568 1704 204 2000 274 2117 167 437 376 1353 419
                   212 147 318 253 2043 423 426 290 269 210 316 342 241
                   304 307 205 314 400 370 163 109 291 229 193 184 155
                   117
         30        84 562 1817 1118 1819 1837 1713 1716 1378 1989 1731
                   1785 1872 2154 1263 1139 1080 1614 600 764 1991 2002
                   1314 1629 550 1928 885 618 1856 1379 1249 674 88 1953
                   1589 1386 1687 1966 1967 640 914 1237 1033 1696 1625
                   2030 74 1294 77 506 57 1388 2145 1754 1915 1389 597
                   1822 2165 1613 1034 1554 1937 1246 1812 481 79 983 1656
                   1940 678 1392 1878 1729 1946 1801 992 467 909 1478 723
                   92 2022 1397 461 1175 1401 2150 1406 1346 722 2208 744
                   2163 938 1191 745 1882 2064 1415 1133 606 1805 1201
                   801 1803 1985 1715 1418 1935 968 2014 741 95 1646 2036
                   103 1326 809 1773 1907 1013 2015 1770 1181 1695 1939
                   739 709 1686 686 2121 632 1934 1254 1356 1272 1100 1763
                   2148 2026 718 1981 1984 719 1943 1608 1992 1961 987
                   1692 556 1231 1121 1233 1485 2198 10 1421 1232 2112
                   1498 1190 1653 2067 1734 1977 1422 1423 1745 1979 1768
                   1250 2061 895 1256 1003 1264 855 1350 1154 1160 1104
                   476 2160 2095 18 1424 1425 1429 1774 2126 1806 1236
                   2093 1593 858 87 1436 908 2047 871 603 1895 1955 1442
                   1924 1708 1798 1828 1588 827 2185 2037 899 1248 2224
                   99 1020 712 1497 1799 2044 1214 800 726 9 1693 557 1128
                   2051 2191 2169 1524 1311 927 711 839 943 947 484 751
                   1863 959 2157 940 1873 1790 859 515 1259 1951 1576 498
                   767 1024 1861 100 502 1276 1972 1900 1445 1470 1189
                   1070 665 870 499 1454 558 815 1213 977 1777 2213 2052
                   1095 1460 85 1609 1534 1171 1462 2082 986 97 749 552
                   853 2091 1402 1404 953 1477 1755 802 1654 1117 65 1481
                   2119 1855 1487 906 1714 1111 1508 477 1607 813 1879
                   1881 2111 965 11 1307 1091 1997 1131 1944 1839 1021
                   970 882 732 1648 2069 48 1230 791 999 2137 1644 1791
                   105 6 645 763 2195 868 1590 2013 609 1032 1340 1542
                   989 2019 1515 1680 876 880 807 2196 1564 2114 2101 1114
                   2118 643 886 1509 1008 1851 1517 933 894 695 646 2028
                   1216 653 1675 507 475 1030 995 547 1956 1110 93 2147
                   944 714 1002 822 488 19 1518 1525 1019 639 2171 772
                   680 72 1627 1987 784 1561 1634 474 1330 2197 1645 2001
                   1829 1833 918 1280 924 33 1035 743 599 541 1315 602
                   1660 1661 1847 470 860 1964 946 864 1673 1041 1335 1896
                   1869 2216 1678 1182 780 2056 958 782 37 786 1572 615
                   1701 725 616 1075 1465 1371 2081 1202 1203 1562 889
                   1532 1081 892 1727 735 1219 1086 1743 561 2115 1089
                   896 1923 1584 1757 1096 740 710 2127 1050 682 1412 1947
                   2138 904 994 2141 525 821 1601 1957 633 1115 1963 910
                   692 1624 1788 1789 1610 1612 1793 1451 2182 829 644
                   1618 1916 1623 1185 1461 837 2203 930 593 932 1291 1538
                   1298 2003 1147 1303 849 1647 35 102 73 62 86 13 59 90



COVARIANCE COVERAGE OF DATA

Minimum covariance coverage value   0.100

     Number of missing data patterns             2


     PROPORTION OF DATA PRESENT


           Covariance Coverage
              WEB_C_L2
              ________
 WEB_C_L2       0.568



UNIVARIATE SAMPLE STATISTICS


     UNIVARIATE HIGHER-ORDER MOMENT DESCRIPTIVE STATISTICS

         Variable/         Mean/     Skewness/   Minimum/ % with                Percentiles
        Sample Size      Variance    Kurtosis    Maximum  Min/Max      20%/60%    40%/80%    Median

     WEB_C_L2              2.595       0.059       0.000    9.45%       1.099      2.197      2.639
           16320.000       2.286      -0.593       8.016    0.01%       3.045      3.932


     WARNING: PROBLEMS OCCURRED IN SEVERAL ITERATIONS IN THE COMPUTATION OF THE STANDARDIZED ESTIMATES FOR SEVERAL
     CLUSTERS. THIS IS MOST LIKELY DUE TO AR COEFFICIENTS GREATER THAN 1 OR PARAMETERS GIVING NON-STATIONARY MODELS.
     SUCH POSTERIOR DRAWS ARE REMOVED. THE FOLLOWING CLUSTERS HAD SUCH PROBLEMS:
          415 514 2062 2217 1281 1641 1677 341 1511 501 828 1796 118 1974 1188 691 1781 468 534 186 1810
          29 277 565 679 746 98 8 1874 630 2073 310 1782 915 463 671 1074 760 833 388 862 1029 519 1999
          1615 2155 1751 160 12 245 1446 774 1174 1784 1771 574 38 1345 702 803 412 521 1099 1540 773
          1926 1196 1905 2021 1113 752 1088 701 173 1766 937 1574 1177 1980 1146 1962 1472 443 1197 768
          2098 693 685 955 1557 494 1049 717 1886 2144 663 900 1061 1899 504 2207 1580 1025 247 738 771
          237 647 276 189 1323 1909 457 282 1140 218 804 1056 226 1109 1978 884 2116 1361 1890 517 1200
          363 834 931 1015 988 2120 971 1938 605 2103 319 902 337 1703 1759 422 2075 620 1101 1211 982
          540 2210 252 1676 435 929 2034 2139 628 394 1084 1666 2039 1082 1710 1137 1586 2099 538 696
          1079 1877 681 814 1273 1662 384 619 417 2065 1486 586 1520 2159 340 330 903 1876 411 353 420
          399 997 1004 365 636 1064 224 667 897 1023 1865 898 2192 421 1373 1283 441 2007 1780 495 2179
          1458 188 1567 60 1573 4 442 1163 293 1902 611 1605 1765 270 592 1706 1053 500 669 386 1155
          1599 286 1626 1430 1448 753 866 235 278 1337 1343 427 2219 432 52 433 981 1549 1365 78 756
          143 148 1135 297 2206 151 703 2024 1339 454 1507 1544 1840 371 1709 2135 964 177 1224 288 642
          1328 845 957 1184 338 3 1044 1103 20 39 1159 973 1723 664 1887 1334 583 1581 2059 891 1585
          1270 1227 1077 1243 622 392 1199 1302 250 1241 830 1151 544 998 121 1891 1998 1917 1918 1317
          761 1122 991 728 2106 26 387 1814 978 1551 1632 793 2129 2049 1637 2020 1516 1669 1570 875
          191 926 1502 963 207 1604 520 613 1453 2123 44 413 206 108 2016 482 559 1834 582 430 2174 153
          1797 566 508 2140 675 941 1968 240 974 1432 133 934 1587 1744 808 523 537 810 380 590 110 536
          452 524 1786 471 287 296 260 812 1674 631 966 111 638 1062 325 63 21 1591 1808 1850 2035 2088
          1266 298 1468 1671 262 220 1225 263 328 1950 1172 1522 446 1809 1210 301 372 1849 49 455 30
          196 203 317 268 416 264 347 1366 172 239 142 322 2063 1348 129 309 440 2040 323 138 1859 2202
          1057 198 320 36 1870 451 414 1720 1668 284 398 418 294 1595 326 2070 2211 217 447 331 361 1001
          1619 149 428 2212 349 1546 396 2068 410 1324 180 249 2131 1022 132 25 1912 402 246 91 362 157
          393 211 1697 1360 182 187 137 1565 354 1835 429 357 2 453 332 1818 368 405 1568 1704 204 2000
          274 2117 167 437 376 1353 419 212 147 318 253 2043 423 426 290 269 210 316 342 241 304 307
          205 314 400 370 163 109 291 229 193 184 155 117 84 562 1817 1118 1819 1837 1713 1716 1378 1989
          1731 1785 1872 2154 1263 1139 1080 1614 600 764 1991 2002 1314 1629 550 1928 885 618 1856 1379
          1249 674 88 1953 1589 1386 1687 1966 1967 640 914 1237 1033 1696 1625 2030 74 1294 77 506 57
          1388 2145 1754 1915 1389 597 2165 1613 1034 1554 1937 1246 1812 481 79 983 1656 1940 678 1392
          1878 1729 1946 1801 992 467 909 1478 723 92 2022 1397 461 1175 1401 2150 1406 1346 722 2208
          744 2163 938 1191 745 1882 2064 1415 1133 606 1805 1201 801 1803 1985 1715 1418 1935 968 2014
          741 95 1646 2036 103 1326 809 1773 1907 1013 2015 1770 1181 1695 1939 739 709 1686 686 2121
          632 1934 1254 1356 1272 1100 1763 2148 2026 718 1981 1984 719 1943 1608 1992 1961 987 1692
          556 1231 1121 1233 1485 2198 10 1421 1232 2112 1498 1190 1653 2067 1734 1977 1422 1423 1745
          1979 1768 1250 2061 895 1256 1003 1264 855 1350 1154 1160 1104 476 2160 2095 18 1424 1425 1429
          1774 2126 1806 1236 2093 1593 858 87 1436 908 2047 871 603 1895 1955 1442 1924 1708 1798 1828
          1588 827 2185 2037 899 1248 2224 99 1020 712 1497 1799 2044 1214 800 726 9 1693 557 1128 2051
          2191 2169 1524 1311 927 711 839 943 947 484 751 1863 959 2157 940 1873 1790 859 515 1259 1951
          1576 498 767 1024 1861 100 502 1276 1972 1900 1445 1470 1189 1070 665 870 499 1454 558 815
          1213 977 1777 2213 2052 1095 1460 85 1609 1534 1171 1462 2082 986 97 749 552 853 2091 1402
          1404 953 1477 1755 802 1654 1117 65 1481 2119 1855 1487 906 1714 1111 1508 477 1607 813 1879
          1881 2111 965 11 1307 1091 1997 1131 1944 1839 1021 970 882 732 1648 2069 48 1230 791 999 2137
          1644 1791 105 6 645 763 2195 868 1590 2013 609 1032 1340 1542 989 2019 1515 1680 876 880 807
          2196 1564 2114 2101 1114 2118 643 886 1509 1008 1851 1517 933 894 695 646 2028 1216 653 1675
          507 475 1030 995 547 1956 1110 93 2147 944 714 1002 822 488 19 1518 1525 1019 639 2171 772
          680 72 1627 1987 784 1561 1634 474 1330 2197 1645 2001 1829 1833 918 1280 924 33 1035 743 599
          541 1315 602 1660 1661 1847 470 860 1964 946 864 1673 1041 1335 1896 1869 2216 1678 1182 780
          2056 958 782 37 786 1572 615 1701 725 616 1075 1465 1371 2081 1202 1203 1562 889 1532 1081
          892 1727 735 1219 1086 1743 561 2115 1089 896 1923 1584 1757 1096 740 710 2127 1050 682 1412
          1947 2138 904 994 2141 525 821 1601 1957 633 1115 1963 910 692 1624 1788 1789 1610 1612 1793
          1451 2182 829 644 1618 1916 1623 1185 1461 837 2203 930 593 932 1291 1538 1298 2003 1147 1303
          849 1647 35 102 73 62 86 13 59 90

THE MODEL ESTIMATION TERMINATED NORMALLY

     USE THE FBITERATIONS OPTION TO INCREASE THE NUMBER OF ITERATIONS BY A FACTOR
     OF AT LEAST TWO TO CHECK CONVERGENCE AND THAT THE PSR VALUE DOES NOT INCREASE.



MODEL FIT INFORMATION

Number of Free Parameters                               8

Information Criteria

          Deviance (DIC)                        30866.593
          Estimated Number of Parameters (pD)     606.131



MODEL RESULTS

                                Posterior  One-Tailed         95% C.I.
                    Estimate       S.D.      P-Value   Lower 2.5%  Upper 2.5%  Significance

Within Level

 F        BY
    WEB_C_L2           1.000       0.000      0.000       1.000       1.000

 Residual Variances
    F                  0.081       0.016      0.000       0.049       0.111      *

Between Level

 WEB_C_L2 WITH
    STAB               0.056       0.020      0.002       0.020       0.098      *

 Means
    WEB_C_L2           2.295       0.040      0.000       2.214       2.373      *
    STAB               0.639       0.059      0.000       0.536       0.770      *
    LOGV              -0.393       0.035      0.000      -0.462      -0.330      *

 Variances
    WEB_C_L2           1.448       0.071      0.000       1.321       1.593      *
    STAB               0.023       0.008      0.000       0.010       0.039      *
    LOGV               0.341       0.030      0.000       0.286       0.405      *

New/Additional Parameters
    MEDV               0.675       0.023      0.000       0.630       0.719      *
    MEANV              0.800       0.025      0.000       0.752       0.850      *
    25QV               0.455       0.020      0.000       0.416       0.494      *
    75QV               0.999       0.032      0.000       0.941       1.062      *


STANDARDIZED MODEL RESULTS


STDYX Standardization

                                Posterior  One-Tailed         95% C.I.
                    Estimate       S.D.      P-Value   Lower 2.5%  Upper 2.5%  Significance

Within-Level Standardized Estimates Averaged Over Clusters

 F        BY
    WEB_C_L2           0.437       0.022      0.000       0.392       0.480      *

 STAB | F ON
    F&1                0.637       0.060      0.000       0.533       0.768      *

 LOGV |
    WEB_C_L2           0.793       0.020      0.000       0.753       0.830      *

 Residual Variances
    F                  0.571       0.070      0.000       0.401       0.681      *

Between Level

 WEB_C_L2 WITH
    STAB               0.310       0.117      0.002       0.107       0.556      *

 Means
    WEB_C_L2           1.908       0.057      0.000       1.799       2.026      *
    STAB               4.177       1.274      0.000       2.780       7.846      *
    LOGV              -0.676       0.054      0.000      -0.778      -0.571      *

 Variances
    WEB_C_L2           1.000       0.000      0.000       1.000       1.000
    STAB               1.000       0.000      0.000       1.000       1.000
    LOGV               1.000       0.000      0.000       1.000       1.000


R-SQUARE

Within-Level R-Square Averaged Across Clusters

                                Posterior  One-Tailed         95% C.I.
    Variable        Estimate       S.D.      P-Value   Lower 2.5%  Upper 2.5%

    WEB_C_L2           0.207       0.020      0.000       0.170       0.247

                                Posterior  One-Tailed         95% C.I.
    Variable        Estimate       S.D.      P-Value   Lower 2.5%  Upper 2.5%

    F                  0.429       0.070      0.000       0.319       0.599


RESIDUAL OUTPUT


     ESTIMATED MODEL


     AVERAGE CLUSTER ESTIMATES


           Means
              WEB_C_L2
              ________
                2.294


           Covariances
              WEB_C_L2
              ________
 WEB_C_L2       1.118


           Correlations
              WEB_C_L2
              ________
 WEB_C_L2       1.000


     BETWEEN LEVEL


           Means
              WEB_C_L2
              ________
                2.295


           Covariances
              WEB_C_L2
              ________
 WEB_C_L2       1.448


           Correlations
              WEB_C_L2
              ________
 WEB_C_L2       1.000


TECHNICAL 1 OUTPUT


     PARAMETER SPECIFICATION FOR WITHIN


           NU
              WEB_C_L2
              ________
                    0


           LAMBDA
              F             F&1           WEB_C_L2
              ________      ________      ________
 WEB_C_L2           0             0             0


           THETA
              WEB_C_L2
              ________
 WEB_C_L2           0


           ALPHA
              F             F&1           WEB_C_L2
              ________      ________      ________
                    0             0             0


           BETA
              F             F&1           WEB_C_L2
              ________      ________      ________
 F                  0             0             0
 F&1                0             0             0
 WEB_C_L2           0             0             0


           PSI
              F             F&1           WEB_C_L2
              ________      ________      ________
 F                  1
 F&1                0             0
 WEB_C_L2           0             0             0


     PARAMETER SPECIFICATION FOR BETWEEN


           NU
              WEB_C_L2
              ________
                    0


           LAMBDA
              STAB          LOGV          WEB_C_L2
              ________      ________      ________
 WEB_C_L2           0             0             0


           THETA
              WEB_C_L2
              ________
 WEB_C_L2           0


           ALPHA
              STAB          LOGV          WEB_C_L2
              ________      ________      ________
                    2             3             4


           BETA
              STAB          LOGV          WEB_C_L2
              ________      ________      ________
 STAB               0             0             0
 LOGV               0             0             0
 WEB_C_L2           0             0             0


           PSI
              STAB          LOGV          WEB_C_L2
              ________      ________      ________
 STAB               5
 LOGV               0             6
 WEB_C_L2           7             0             8


     PARAMETER SPECIFICATION FOR THE ADDITIONAL PARAMETERS


           NEW/ADDITIONAL PARAMETERS
              MEDV          MEANV         25QV          75QV
              ________      ________      ________      ________
                    9            10            11            12


     STARTING VALUES FOR WITHIN


           NU
              WEB_C_L2
              ________
                0.000


           LAMBDA
              F             F&1           WEB_C_L2
              ________      ________      ________
 WEB_C_L2       0.000         0.000         1.000


           THETA
              WEB_C_L2
              ________
 WEB_C_L2       0.000


           ALPHA
              F             F&1           WEB_C_L2
              ________      ________      ________
                0.000         0.000         0.000


           BETA
              F             F&1           WEB_C_L2
              ________      ________      ________
 F              0.000         0.000         0.000
 F&1            0.000         0.000         0.000
 WEB_C_L2       1.000         0.000         0.000


           PSI
              F             F&1           WEB_C_L2
              ________      ________      ________
 F              1.000
 F&1            0.000         1.000
 WEB_C_L2       0.000         0.000         0.000


     STARTING VALUES FOR BETWEEN


           NU
              WEB_C_L2
              ________
                0.000


           LAMBDA
              STAB          LOGV          WEB_C_L2
              ________      ________      ________
 WEB_C_L2       0.000         0.000         1.000


           THETA
              WEB_C_L2
              ________
 WEB_C_L2       0.000


           ALPHA
              STAB          LOGV          WEB_C_L2
              ________      ________      ________
                0.000         0.000         2.595


           BETA
              STAB          LOGV          WEB_C_L2
              ________      ________      ________
 STAB           0.000         0.000         0.000
 LOGV           0.000         0.000         0.000
 WEB_C_L2       0.000         0.000         0.000


           PSI
              STAB          LOGV          WEB_C_L2
              ________      ________      ________
 STAB           1.000
 LOGV           0.000         1.000
 WEB_C_L2       0.000         0.000         1.143


     STARTING VALUES FOR THE ADDITIONAL PARAMETERS


           NEW/ADDITIONAL PARAMETERS
              MEDV          MEANV         25QV          75QV
              ________      ________      ________      ________
                0.500         0.500         0.500         0.500



     PRIORS FOR ALL PARAMETERS            PRIOR MEAN      PRIOR VARIANCE     PRIOR STD. DEV.

     Parameter 1~IG(-1.000,0.000)          infinity            infinity            infinity
     Parameter 2~N(0.000,infinity)           0.0000            infinity            infinity
     Parameter 3~N(0.000,infinity)           0.0000            infinity            infinity
     Parameter 4~N(0.000,infinity)           0.0000            infinity            infinity
     Parameter 5~IW(0.000,-3)              infinity            infinity            infinity
     Parameter 6~IG(-1.000,0.000)          infinity            infinity            infinity
     Parameter 7~IW(0.000,-3)              infinity            infinity            infinity
     Parameter 8~IW(0.000,-3)              infinity            infinity            infinity


TECHNICAL 4 OUTPUT


     AVERAGE ESTIMATES DERIVED FROM THE MODEL FOR WITHIN


           ESTIMATED MEANS FOR THE LATENT VARIABLES
              F             F&1           STAB          LOGV          WEB_C_L2
              ________      ________      ________      ________      ________
                0.000         0.000         0.619        -0.400         2.294


           ESTIMATED COVARIANCE MATRIX FOR THE LATENT VARIABLES
              F             F&1           STAB          LOGV          WEB_C_L2
              ________      ________      ________      ________      ________
 F              0.327
 F&1            0.273         0.327
 STAB           0.000         0.000         0.000
 LOGV           0.000         0.000         0.000         0.000
 WEB_C_L2       0.327         0.273         0.000         0.000         1.118


           ESTIMATED CORRELATION MATRIX FOR THE LATENT VARIABLES
              F             F&1           STAB          LOGV          WEB_C_L2
              ________      ________      ________      ________      ________
 F              1.000
 F&1            0.728         1.000
 STAB           0.000         0.000         1.000
 LOGV           0.000         0.000         0.000         1.000
 WEB_C_L2       0.482         0.357         0.000         0.000         1.000


     ESTIMATES DERIVED FROM THE MODEL FOR BETWEEN


           ESTIMATED MEANS FOR THE LATENT VARIABLES
              F             F&1           STAB          LOGV          WEB_C_L2
              ________      ________      ________      ________      ________
                0.000         0.000         0.639        -0.393         2.295


           ESTIMATED COVARIANCE MATRIX FOR THE LATENT VARIABLES
              F             F&1           STAB          LOGV          WEB_C_L2
              ________      ________      ________      ________      ________
 F              0.000
 F&1            0.000         0.000
 STAB           0.000         0.000         0.023
 LOGV           0.000         0.000         0.000         0.341
 WEB_C_L2       0.000         0.000         0.056         0.000         1.448


           ESTIMATED CORRELATION MATRIX FOR THE LATENT VARIABLES
              F             F&1           STAB          LOGV          WEB_C_L2
              ________      ________      ________      ________      ________
 F              1.000
 F&1            0.000         1.000
 STAB           0.000         0.000         1.000
 LOGV           0.000         0.000         0.000         1.000
 WEB_C_L2       0.000         0.000         0.307         0.000         1.000


TECHNICAL 8 OUTPUT


   TECHNICAL 8 OUTPUT FOR BAYES ESTIMATION

     PROCESSOR    BSEED
     1            0
     2            285380
     3            253358
     4            93468
     5            608496
     6            903420

                     POTENTIAL       PARAMETER WITH
     ITERATION    SCALE REDUCTION      HIGHEST PSR
     100              2.285               1
     200              2.302               1
     300              1.222               1
     400              1.045               1
     500              1.092               7
     600              1.096               2
     700              1.228               7
     800              1.377               7
     900              1.386               2
     1000             1.524               2
     1100             1.548               2
     1200             1.754               2
     1300             1.818               2
     1400             1.670               1
     1500             1.444               1
     1600             1.284               2
     1700             1.095               7
     1800             1.087               7
     1900             1.080               7


PLOT INFORMATION

The following plots are available:

  Histograms (sample values)
  Scatterplots (sample values)
  Between-level histograms (sample values, sample means/variances)
  Between-level scatterplots (sample values, sample means/variances)
  Time series plots (sample values, ACF, PACF)
  Histogram of subjects per time point
  Time interval plots
  Bayesian posterior parameter distributions
  Bayesian posterior parameter trace plots
  Bayesian autocorrelation plots

DIAGRAM INFORMATION

  Mplus diagrams are currently not available for multilevel analysis.
  No diagram output was produced.


     Beginning Time:  14:03:33
        Ending Time:  16:33:49
       Elapsed Time:  02:30:16



MUTHEN & MUTHEN
3463 Stoner Ave.
Los Angeles, CA  90066

Tel: (310) 391-9971
Fax: (310) 391-8971
Web: www.StatModel.com
Support: Support@StatModel.com

Copyright (c) 1998-2024 Muthen & Muthen
