Mplus VERSION 8.11
MUTHEN & MUTHEN
10/13/2025  11:19 AM

INPUT INSTRUCTIONS

  TITLE: this is an example of a two-level time series analysis with a first-
  order autoregressive AR(1) factor analysis model for a single
  continuous indicator and measurement error;

  DATA: FILE = "w1_30d2.dat";

  VARIABLE:
  NAMES = new_id date call_c msg_c phot_c call_d msg_d phot_d web_c web_d sm_c sm_d
       w1_date w1b_date w1_date_7 w1_date_30 w1b_date_7 w1b_date_30 day_before_w1
       day_before_w1b w1_7d_window w1b_7d_window w1_30d_window w1b_30d_window days_c
       call_d_l msg_d_l phot_d_l web_d_l sm_d_l call_c_l msg_c_l phot_c_l web_c_l
       sm_c_l days_c_l call_d_l2 msg_d_l2 phot_d_l2 web_d_l2 sm_d_l2 call_c_l2
       msg_c_l2 phot_c_l2 web_c_l2 sm_c_l2 call_c_b msg_c_b phot_c_b web_c_b sm_c_b
       time;
  MISSING=.;
  USEVAR  = web_c_b;
  CATEGORICAL = web_c_b;
  CLUSTER  = new_id;
  TINTERVAL = time (1 time2);

  ANALYSIS:
  TYPE = TWOLEVEL RANDOM;
  ESTIMATOR = BAYES;
  PROCESSORS = 7;
  BITERATIONS = (1000);
  THIN = 10;



  MODEL:
  %WITHIN%
  f BY web_c_b@1(&1);
  s | f ON f&1;

  %BETWEEN%
  web_c_b WITH s;


  OUTPUT: TECH1 TECH8 TECH4 STDYX residual;

  PLOT: TYPE = PLOT3;



*** WARNING
  One or more individual-level variables have no variation within a
  cluster for the following clusters.

     Variable   Cluster IDs with no within-cluster variation

      WEB_C_B     415 514 657 1796 118 1060 168 468 797 1106 679 534 310 788 671 1187 1055 497
                  388 833 303 1325 1446 1853 2134 407 752 485 1962 1815 1198 693 1327 554 769
                  955 1197 1735 835 2166 2207 383 1776 181 1056 1058 670 1143 884 1164 783 869
                  1575 825 2034 1842 2139 762 1101 2039 104 1273 1278 546 267 1732 1043 441 1152
                  1520 2192 1430 442 1212 1251 1567 1599 358 1282 1155 584 272 1337 922 297 1901
                  1159 1092 1709 1180 1184 1998 704 967 792 991 1594 818 133 26 492 728 742 1971
                  108 430 227 1691 2183 655 204 205 1098 220 229 1290 1299 241 147 1536 1559 1565
                  284 291 155 295 301 304 307 163 314 317 165 1808 1818 1860 109 1868 342 360
                  362 370 377 2043 184 2085 115 117 193 396 1018 400 2211 197 2223 821 822 823
                  829 831 486 837 849 859 860 864 876 889 892 896 59 901 904 910 62 930 502 932
                  946 956 507 958 965 979 518 64 994 999 1008 1016 1024 67 525 1031 1032 1035
                  1041 69 73 1054 541 1067 1071 1075 1081 1086 1089 1091 1096 558 561 1111 1114
                  1115 564 1121 82 85 1147 86 1161 89 1182 593 90 599 1202 1203 601 602 1213 1218
                  1219 1220 615 616 1291 1298 1303 1309 1315 633 1335 1371 1378 1379 1381 1386
                  1388 1389 1392 1397 1400 1401 1404 1406 1415 1418 1421 1422 1423 1424 1425 1429
                  1431 1436 1442 1445 645 1451 1454 1460 1461 1462 1467 648 1477 1480 1481 1487
                  1508 102 1512 1515 1517 1518 1523 1525 665 1528 1532 1538 13 18 672 1562 1584
                  682 1589 1600 1601 1610 1611 1612 1614 1618 1623 692 1639 1645 1647 1659 1660
                  1661 1673 1678 1680 1701 1707 1715 1727 1729 714 1743 1757 1760 1768 1770 1778
                  1779 725 1788 1789 1793 1803 1805 1811 1813 733 1819 1821 735 1831 740 1845
                  1847 1864 1869 1875 747 1881 32 751 755 1914 1915 1930 1937 1940 1942 1946 1947
                  1955 1957 1963 35 763 1979 1984 1986 2002 2003 2010 2018 772 2037 2038 2051
                  2056 780 2064 2069 2076 2081 782 2091 2093 2095 2097 2115 786 45 789 2127 2138
                  2141 470 2150 2151 2154 2161 2182 2184 2187 2197 2199 2203 2208 2221 813

   1 WARNING(S) FOUND IN THE INPUT INSTRUCTIONS



this is an example of a two-level time series analysis with a first-
order autoregressive AR(1) factor analysis model for a single
continuous indicator and measurement error;

SUMMARY OF ANALYSIS

Number of groups                                                 1
Number of observations                                       36106

Number of dependent variables                                    1
Number of independent variables                                  0
Number of continuous latent variables                            3

Observed dependent variables

  Binary and ordered categorical (ordinal)
   WEB_C_B

Continuous latent variables
   F           F&1         S

Variables with special functions

  Cluster variable      NEW_ID

Estimator                                                    BAYES
Specifications for Bayesian Estimation
  Point estimate                                            MEDIAN
  Number of Markov chain Monte Carlo (MCMC) chains               2
  Random seed for the first chain                                0
  Starting value information                           UNPERTURBED
  Algorithm used for Markov chain Monte Carlo           GIBBS(PX1)
  Convergence criterion                                  0.500D-01
  Maximum number of iterations                               50000
  K-th iteration used for thinning                              10
Link                                                        PROBIT

Input data file(s)
  w1_30d2.dat
Input data format  FREE


SUMMARY OF DATA

     Number of clusters                       1302

       Size (s)    Cluster ID with Size s

          2        415
          3        514
          4        794
          5        1281 2062
          6        657 750 490 501 1295 1511 1641 1796 118
          7        1060 635 352 168 468 797 828
          8        98 1106 679 706 146 534 1781 565 397 2218
          9        310 1874 788 573
         10        671 8 1187 2217 1055
         11        497 1830 388 1097 833 862
         12        303 27 261 1116
         13        245 1325 1446
         14        574 2155 1853 1771
         15        2134 407 412 568
         16        752 1974 773 996 1038 463 1540
         17        2012 485 1146 1767 1962 1815
         18        1198 519 693 271 1327 1886 554 445 1980 769 1557 955
                   1177 494 1197
         19        647 2021 1735 1899 2144 835 2166 2207 383 1776
         20        1188 226 1025 181 247 1056 1058 1361 670 1978 189 771
                   218 1140 1677 1718 1143 884 1164 900 783
         21        869 988 1766 521 1575 663 1136
         22        825 1211 337 902 2034 1842 2103 2120 931 2139 762 768
                   1890 1101 620 363
         23        982 384 319 435 2039 104 1273 1662 1666 1278 341 619
                   1909 538 681 1084
         24        1888 546 420 1676 424 267 1732 1043 441 760 1152 1373
                   903 1486 394 1826 1520 1079 1082 1865 2192 586 1877
                   457
         25        1706 897 386 411 1430 270 1053 928 1780 442 1212 1251
                   1567 1574 224 1599 1605 358 1069 1282 421 1155
         26        584 173 598 2007 272 1049 1337 1343 922 1109 2116 365
                   297 1448 701 1507 1141 454 1901 427 1549
         27        1159 1328 1092 371 1709 1180 1723 1184 1998 1099 704
                   664 121 392 1122 1224 967 1270 792 636 991 293 1594
                   611 2194 1302 2210 1317 1029
         28        804 808 812 818 537 191 830 667 1339 206 1834 260 380
                   566 891 1876 133 26 492 583 1516 728 742 1544 1968 1971
                   108 1551 934 495 957 592 1587 974 978 338 1626 2106
                   430 227 2123 2129 237 631 2140 774 1691 286 2183 524
                   406 655 536 803 1744
         29        410 203 204 413 414 205 416 417 418 419 1098 91 207
                   1103 422 423 210 426 211 428 429 212 432 433 217 437
                   440 4 220 443 129 446 447 451 1210 452 453 132 1227
                   455 1268 30 229 235 137 239 1290 240 1299 241 138 246
                   142 249 250 252 253 143 1368 49 262 263 264 1458 1468
                   147 268 269 148 149 1527 1536 151 274 276 277 278 1559
                   1565 282 283 284 153 287 290 291 1615 155 1637 294 295
                   296 157 298 301 160 304 307 309 163 314 316 317 318
                   165 320 322 323 325 1797 1808 326 1818 328 330 331 332
                   167 1860 109 1868 340 172 342 347 349 110 353 354 357
                   1938 177 360 361 362 180 111 368 370 182 372 376 377
                   2043 184 2085 186 187 188 387 115 117 393 981 193 396
                   196 398 1018 399 400 402 405 2211 197 198 2223
         30        814 815 477 821 822 823 481 827 482 829 484 831 48 834
                   486 837 839 845 849 853 855 858 859 860 488 864 866
                   868 9 870 871 874 875 876 880 882 52 885 886 889 57
                   892 894 895 896 59 898 899 60 901 498 499 904 906 908
                   909 910 914 915 918 500 924 926 927 62 929 930 502 932
                   933 504 937 938 940 941 943 944 946 947 953 506 956
                   507 958 959 963 964 965 966 508 968 970 971 973 63 977
                   515 979 517 518 983 986 987 64 989 520 992 993 994 995
                   65 997 998 999 1001 1002 1003 1004 1008 1010 1013 1015
                   1016 523 1019 1020 1021 1022 1023 1024 67 1028 525 1030
                   1031 1032 1033 1034 1035 288 1041 69 1044 72 1050 73
                   1054 540 541 1057 544 74 1061 1062 1064 1066 1067 547
                   1070 1071 1074 1075 1077 550 1080 1081 552 553 1086
                   1088 1089 1091 77 1095 1096 555 556 557 1100 558 559
                   1104 561 562 1110 1111 1113 1114 1115 564 1117 1118
                   1121 78 1128 1131 1133 1135 79 1137 1139 82 84 85 579
                   1147 1151 582 1154 86 87 1160 1161 1163 88 1167 1171
                   1172 1174 1175 590 89 1181 1182 593 1185 597 90 1189
                   1190 1191 1196 599 600 1199 1200 1201 1202 1203 1207
                   601 602 603 1213 1214 1216 1218 1219 1220 605 1225 606
                   1230 1231 1232 1233 1236 1237 1241 1243 1246 1248 1249
                   1250 609 1254 1256 1259 1263 1264 1266 10 613 1272 615
                   1276 616 1280 618 92 1283 93 1291 1294 622 1298 628
                   630 1303 1305 1307 1309 1311 1314 1315 95 1323 1324
                   632 1326 633 97 1330 1334 1335 11 638 1340 639 1345
                   1346 1348 1350 1352 1353 1356 1360 640 1365 1366 642
                   1371 1372 643 1378 1379 1381 1386 1387 1388 1389 1392
                   1395 1397 1400 1401 1402 1404 1406 1410 1412 1415 1418
                   1421 1422 1423 1424 1425 1429 644 1431 1432 1436 1437
                   1442 1445 645 646 1451 1453 1454 99 1460 1461 1462 1465
                   1466 1467 648 1470 1472 1473 1477 1478 1480 1481 1485
                   653 1487 1488 1491 1493 1497 1498 1501 1502 1504 100
                   1508 1509 102 1512 1513 1514 1515 103 1517 1518 12 1522
                   1523 1524 1525 665 1528 1532 1534 105 1538 669 1542
                   13 1546 18 672 1554 674 1558 675 1560 1561 1562 1564
                   678 19 1568 1570 1572 1573 680 20 1576 1579 1580 1581
                   1584 1585 1586 682 1588 1589 1590 1591 1593 684 1595
                   685 1600 1601 1604 686 1607 1608 1609 1610 1611 1612
                   1613 1614 691 1618 1619 1623 1624 1625 692 1627 1629
                   1632 1634 21 1639 695 1643 1644 1645 1646 1647 1648
                   1653 1654 1656 1659 1660 1661 696 25 1668 1669 1671
                   1673 1674 1675 702 703 1678 1680 1686 1687 2 1692 1693
                   1695 1696 1697 1701 1703 1704 6 1707 1708 709 1710 1713
                   1714 1715 1716 710 1720 711 1727 1729 1731 712 1734
                   714 1743 717 1745 1751 1754 1755 1757 1759 1760 1763
                   1765 718 719 1768 1770 720 1773 1774 722 1777 1778 1779
                   723 725 1782 1784 1785 1786 1788 1789 1790 1791 1793
                   726 29 1798 1799 1801 1803 1805 1806 731 1809 1810 1811
                   1812 1813 1814 732 1817 733 1819 1821 1822 1823 735
                   1828 1829 738 1831 1833 739 1835 1837 1839 1840 740
                   1845 1847 1849 1850 1851 741 1855 1856 1859 3 1861 1863
                   1864 743 744 1869 1870 1872 1873 745 1875 746 747 1878
                   1879 1881 1882 749 1887 32 751 1891 1895 1896 33 1900
                   753 1902 1904 1905 1907 755 1912 1914 1915 1916 1917
                   1918 1919 1923 1924 1926 1928 1930 1931 1934 1935 1937
                   756 1939 1940 1942 1943 1944 1946 1947 1950 1951 1953
                   1955 1956 1957 1961 758 1963 1964 1966 1967 35 761 1972
                   36 1977 763 1979 764 1981 1984 1985 1986 1987 1989 1991
                   1992 1997 767 1999 2000 2001 2002 2003 37 2010 38 2013
                   2014 2015 2016 2018 2019 2020 39 2022 2023 2024 2026
                   2028 2030 772 2035 2036 2037 2038 40 2040 44 2044 2047
                   2049 2051 2052 2056 2059 2061 780 2063 2064 2065 2067
                   2068 2069 2070 2073 2075 2076 2081 2082 782 2088 2091
                   2093 2095 2097 2098 2099 2101 461 784 2111 2112 2114
                   2115 786 2117 2118 2119 45 2121 2122 789 2126 2127 791
                   2131 2132 467 2135 2136 2137 2138 793 46 2141 470 2145
                   2147 2148 2150 2151 2154 800 2157 2159 2160 2161 2163
                   2165 801 2169 2171 2174 2179 2181 2182 802 2184 2185
                   2187 2191 471 474 2195 2196 2197 2198 2199 2202 2203
                   2206 807 2208 475 809 2212 2213 2216 810 476 2219 2221
                   813 2224



COVARIANCE COVERAGE OF DATA

Minimum covariance coverage value   0.100

     Number of missing data patterns             2


     PROPORTION OF DATA PRESENT


           Covariance Coverage
              WEB_C_B
              ________
 WEB_C_B        0.701


UNIVARIATE PROPORTIONS AND COUNTS FOR CATEGORICAL VARIABLES

    WEB_C_B
      Category 1    0.352         8900.000
      Category 2    0.648        16403.000



     WARNING: PROBLEMS OCCURRED IN SEVERAL ITERATIONS IN THE COMPUTATION OF THE STANDARDIZED ESTIMATES FOR SEVERAL
     CLUSTERS. THIS IS MOST LIKELY DUE TO AR COEFFICIENTS GREATER THAN 1 OR PARAMETERS GIVING NON-STATIONARY MODELS.
     SUCH POSTERIOR DRAWS ARE REMOVED. THE FOLLOWING CLUSTERS HAD SUCH PROBLEMS:
          415 514 794 1281 2062 657 750 490 501 1295 1511 1641 1796 118 1060 635 352 168 468 797 828
          98 1106 679 706 146 534 1781 565 397 2218 310 1874 788 573 671 8 1187 2217 1055 497 1830 388
          1097 833 862 303 27 261 1116 245 1325 1446 574 2155 1853 1771 2134 407 412 568 752 1974 773
          996 1038 463 1540 2012 485 1146 1767 1962 1815 1198 519 693 271 1327 1886 554 445 1980 769
          1557 955 1177 494 1197 647 2021 1735 1899 2144 835 2166 2207 383 1776 1188 226 1025 181 247
          1056 1058 1361 670 1978 189 771 218 1140 1677 1718 1143 884 1164 900 783 869 988 1766 521 1575
          663 1136 825 1211 337 902 2034 1842 2103 2120 931 2139 762 768 1890 1101 620 363 982 384 319
          435 2039 104 1273 1662 1666 1278 341 619 1909 538 681 1084 1888 546 420 1676 424 267 1732 1043
          441 760 1152 1373 903 1486 394 1826 1520 1079 1082 1865 2192 586 1877 457 1706 897 386 411
          1430 270 1053 928 1780 442 1212 1251 1567 1574 224 1599 1605 358 1069 1282 421 1155 584 173
          598 2007 272 1049 1337 1343 922 1109 2116 365 297 1448 701 1507 1141 454 1901 427 1549 1159
          1328 1092 371 1709 1180 1723 1184 1998 1099 704 664 121 392 1122 1224 967 1270 792 636 991
          293 1594 611 2194 1302 2210 1317 1029 804 808 812 818 537 191 830 667 1339 206 1834 260 380
          566 891 1876 133 26 492 583 1516 728 742 1544 1968 1971 108 1551 934 495 957 592 1587 974 978
          338 1626 2106 430 227 2123 2129 237 631 2140 774 1691 286 2183 524 406 655 536 803 1744 410
          203 204 413 414 205 416 417 418 419 1098 91 207 1103 422 423 210 426 211 428 429 212 432 433
          217 437 440 4 220 443 129 446 447 451 1210 452 453 132 1227 455 1268 30 229 235 137 239 1290
          240 1299 241 138 246 142 249 250 252 253 143 1368 49 263 264 1458 1468 147 268 269 148 149
          1527 1536 151 274 276 277 278 1559 1565 282 283 284 153 287 290 291 1615 155 1637 294 295 296
          157 298 301 160 304 307 309 163 314 316 317 318 165 320 322 323 325 1797 1808 326 1818 328
          330 331 332 167 1860 109 1868 340 172 342 347 349 110 353 354 357 1938 177 360 361 362 180
          111 368 370 182 372 376 377 2043 184 2085 186 187 188 387 115 117 393 981 193 396 196 398 1018
          399 400 402 405 2211 197 198 2223 814 815 477 821 822 823 481 827 482 829 484 831 48 834 486
          837 839 845 849 853 855 858 859 860 488 864 866 868 9 870 871 874 875 876 880 882 52 885 886
          889 57 892 894 895 896 59 898 899 60 901 498 499 904 906 908 909 910 914 915 918 500 924 926
          927 62 929 930 502 932 933 504 937 938 940 941 943 944 946 947 953 506 956 507 958 959 963
          964 965 966 508 968 970 971 973 63 977 515 979 517 518 983 986 987 64 989 992 993 994 995 65
          997 998 999 1001 1002 1003 1004 1008 1010 1013 1015 1016 523 1019 1020 1021 1022 1023 1024
          67 1028 525 1030 1031 1032 1033 1034 1035 288 1041 69 1044 72 1050 73 1054 540 541 1057 544
          74 1061 1062 1064 1066 1067 547 1070 1071 1074 1075 1077 550 1080 1081 552 553 1086 1088 1089
          1091 77 1095 1096 555 556 557 1100 558 559 1104 561 562 1110 1111 1113 1114 1115 564 1117 1118
          1121 78 1128 1131 1133 1135 79 1137 1139 82 84 85 579 1147 1151 582 1154 86 87 1160 1161 1163
          88 1167 1171 1172 1174 1175 590 89 1181 1182 593 1185 597 90 1189 1190 1191 1196 599 600 1199
          1200 1201 1202 1203 1207 601 602 603 1213 1214 1216 1218 1219 1220 605 1225 606 1230 1231 1232
          1233 1236 1237 1241 1243 1246 1248 1249 1250 609 1254 1256 1259 1263 1264 1266 10 613 1272
          615 1276 616 1280 618 92 1283 93 1291 1294 622 1298 628 630 1303 1305 1307 1309 1311 1314 1315
          95 1323 632 1326 633 97 1330 1334 1335 11 638 1340 639 1345 1346 1348 1350 1352 1353 1356 1360
          640 1365 1366 642 1371 1372 643 1378 1379 1381 1386 1387 1388 1389 1392 1395 1397 1400 1401
          1402 1404 1406 1410 1412 1415 1418 1421 1422 1423 1424 1425 1429 644 1431 1432 1436 1437 1442
          1445 645 646 1451 1453 1454 99 1460 1461 1462 1465 1466 1467 648 1470 1472 1473 1477 1478 1480
          1481 1485 653 1487 1488 1491 1493 1497 1498 1501 1502 1504 100 1508 1509 102 1512 1513 1514
          1515 103 1517 1518 12 1522 1523 1524 1525 665 1528 1532 1534 105 1538 669 1542 13 1546 18 672
          1554 674 1558 675 1560 1561 1562 1564 678 19 1568 1570 1572 1573 680 20 1576 1579 1580 1581
          1584 1585 1586 682 1588 1589 1590 1591 1593 684 1595 685 1600 1601 1604 686 1607 1608 1609
          1610 1611 1612 1613 1614 691 1618 1619 1623 1624 1625 692 1627 1629 1632 1634 21 1639 695 1643
          1644 1645 1646 1647 1648 1653 1654 1656 1659 1660 1661 696 25 1668 1669 1671 1673 1674 1675
          702 703 1678 1680 1686 1687 2 1692 1693 1695 1696 1697 1701 1703 1704 6 1707 1708 709 1710
          1713 1714 1715 1716 710 1720 711 1727 1729 1731 712 1734 714 1743 717 1745 1751 1755 1757 1759
          1760 1763 1765 718 719 1768 1770 720 1773 1774 722 1777 1778 1779 723 725 1782 1784 1785 1786
          1788 1789 1790 1791 1793 726 29 1798 1799 1801 1803 1805 1806 731 1809 1810 1811 1812 1813
          1814 732 1817 733 1819 1821 1822 1823 735 1828 1829 738 1831 1833 739 1835 1837 1839 1840 740
          1845 1847 1849 1850 1851 741 1855 1856 1859 3 1861 1863 1864 743 744 1869 1870 1872 1873 745
          1875 746 747 1878 1879 1881 1882 749 1887 32 751 1891 1895 1896 33 1900 753 1902 1904 1905
          1907 755 1912 1914 1915 1916 1917 1918 1919 1923 1924 1926 1928 1930 1931 1934 1935 1937 756
          1939 1940 1942 1943 1944 1946 1947 1950 1951 1953 1955 1956 1957 1961 758 1963 1964 1966 1967
          35 761 1972 36 1977 763 1979 764 1981 1984 1985 1986 1987 1989 1991 1992 1997 767 1999 2000
          2001 2002 2003 37 2010 38 2013 2014 2015 2016 2018 2019 2020 39 2022 2023 2024 2026 2028 2030
          772 2035 2036 2037 2038 40 2040 44 2044 2047 2049 2051 2052 2056 2059 2061 780 2063 2064 2065
          2067 2068 2069 2070 2073 2075 2076 2081 2082 782 2088 2091 2093 2095 2097 2098 2099 2101 461
          784 2111 2112 2114 2115 786 2117 2118 2119 45 2121 2122 789 2126 2127 791 2131 2132 467 2135
          2136 2137 2138 793 46 2141 470 2145 2147 2148 2150 2151 2154 800 2157 2159 2160 2161 2163 2165
          801 2169 2171 2174 2179 2181 2182 802 2184 2185 2187 2191 471 474 2195 2196 2197 2198 2199
          2202 2203 2206 807 2208 475 809 2212 2213 2216 810 476 2219 2221 813 2224

THE MODEL ESTIMATION TERMINATED NORMALLY

     USE THE FBITERATIONS OPTION TO INCREASE THE NUMBER OF ITERATIONS BY A FACTOR
     OF AT LEAST TWO TO CHECK CONVERGENCE AND THAT THE PSR VALUE DOES NOT INCREASE.



MODEL FIT INFORMATION

Number of Free Parameters                               6



MODEL RESULTS

                                Posterior  One-Tailed         95% C.I.
                    Estimate       S.D.      P-Value   Lower 2.5%  Upper 2.5%  Significance

Within Level

 F        BY
    WEB_C_B            1.000       0.000      0.000       1.000       1.000

 Residual Variances
    F                  1.363       0.370      0.000       0.655       2.014      *

Between Level

 WEB_C_B  WITH
    S                  0.049       0.096      0.300      -0.146       0.236

 Means
    S                  0.311       0.046      0.000       0.243       0.428      *

 Thresholds
    WEB_C_B$1         -0.797       0.100      0.000      -1.007      -0.614      *

 Variances
    WEB_C_B            5.755       0.973      0.000       3.886       7.430      *
    S                  0.096       0.014      0.000       0.066       0.122      *


STANDARDIZED MODEL RESULTS


STDYX Standardization

                                Posterior  One-Tailed         95% C.I.
                    Estimate       S.D.      P-Value   Lower 2.5%  Upper 2.5%  Significance

Within-Level Standardized Estimates Averaged Over Clusters

 F        BY
    WEB_C_B            0.785       0.037      0.000       0.696       0.833      *

 S | F ON
    F&1                0.314       0.037      0.000       0.249       0.396      *

 Residual Variances
    F                  0.809       0.018      0.000       0.768       0.837      *

Between Level

 WEB_C_B  WITH
    S                  0.067       0.131      0.300      -0.214       0.302

 Means
    S                  1.004       0.225      0.000       0.726       1.619      *

 Variances
    WEB_C_B            1.000       0.000      0.000       1.000       1.000
    S                  1.000       0.000      0.000       1.000       1.000


R-SQUARE

Within-Level R-Square Averaged Across Clusters

                                Posterior  One-Tailed         95% C.I.
    Variable        Estimate       S.D.      P-Value   Lower 2.5%  Upper 2.5%

    WEB_C_B            0.619       0.056      0.000       0.488       0.695

                                Posterior  One-Tailed         95% C.I.
    Variable        Estimate       S.D.      P-Value   Lower 2.5%  Upper 2.5%

    F                  0.191       0.018      0.000       0.163       0.232


RESIDUAL OUTPUT


     ESTIMATED MODEL


     AVERAGE CLUSTER ESTIMATES


           Means
              WEB_C_B
              ________
                0.746


           Covariances
              WEB_C_B
              ________
 WEB_C_B        3.679


           Correlations
              WEB_C_B
              ________
 WEB_C_B        1.000


     BETWEEN LEVEL


           Means
              WEB_C_B
              ________
                0.000


           Covariances
              WEB_C_B
              ________
 WEB_C_B        5.755


           Correlations
              WEB_C_B
              ________
 WEB_C_B        1.000


TECHNICAL 1 OUTPUT


     PARAMETER SPECIFICATION FOR WITHIN


           TAU
              WEB_C_B$
              ________
                    0


           NU
              WEB_C_B
              ________
                    0


           LAMBDA
              F             F&1           WEB_C_B
              ________      ________      ________
 WEB_C_B            0             0             0


           THETA
              WEB_C_B
              ________
 WEB_C_B            0


           ALPHA
              F             F&1           WEB_C_B
              ________      ________      ________
                    0             0             0


           BETA
              F             F&1           WEB_C_B
              ________      ________      ________
 F                  0             0             0
 F&1                0             0             0
 WEB_C_B            0             0             0


           PSI
              F             F&1           WEB_C_B
              ________      ________      ________
 F                  1
 F&1                0             0
 WEB_C_B            0             0             0


     PARAMETER SPECIFICATION FOR BETWEEN


           TAU
              WEB_C_B$
              ________
                    6


           NU
              WEB_C_B
              ________
                    0


           LAMBDA
              S             WEB_C_B
              ________      ________
 WEB_C_B            0             0


           THETA
              WEB_C_B
              ________
 WEB_C_B            0


           ALPHA
              S             WEB_C_B
              ________      ________
                    2             0


           BETA
              S             WEB_C_B
              ________      ________
 S                  0             0
 WEB_C_B            0             0


           PSI
              S             WEB_C_B
              ________      ________
 S                  3
 WEB_C_B            4             5


     STARTING VALUES FOR WITHIN


           TAU
              WEB_C_B$
              ________
                0.000


           NU
              WEB_C_B
              ________
                0.000


           LAMBDA
              F             F&1           WEB_C_B
              ________      ________      ________
 WEB_C_B        0.000         0.000         1.000


           THETA
              WEB_C_B
              ________
 WEB_C_B        0.000


           ALPHA
              F             F&1           WEB_C_B
              ________      ________      ________
                0.000         0.000         0.000


           BETA
              F             F&1           WEB_C_B
              ________      ________      ________
 F              0.000         0.000         0.000
 F&1            0.000         0.000         0.000
 WEB_C_B        1.000         0.000         0.000


           PSI
              F             F&1           WEB_C_B
              ________      ________      ________
 F              1.000
 F&1            0.000         1.000
 WEB_C_B        0.000         0.000         1.000


     STARTING VALUES FOR BETWEEN


           TAU
              WEB_C_B$
              ________
               -0.340


           NU
              WEB_C_B
              ________
                0.000


           LAMBDA
              S             WEB_C_B
              ________      ________
 WEB_C_B        0.000         1.000


           THETA
              WEB_C_B
              ________
 WEB_C_B        0.000


           ALPHA
              S             WEB_C_B
              ________      ________
                0.000         0.000


           BETA
              S             WEB_C_B
              ________      ________
 S              0.000         0.000
 WEB_C_B        0.000         0.000


           PSI
              S             WEB_C_B
              ________      ________
 S              1.000
 WEB_C_B        0.000         1.000



     PRIORS FOR ALL PARAMETERS            PRIOR MEAN      PRIOR VARIANCE     PRIOR STD. DEV.

     Parameter 1~IG(-1.000,0.000)          infinity            infinity            infinity
     Parameter 2~N(0.000,infinity)           0.0000            infinity            infinity
     Parameter 3~IW(1.000,3)               infinity            infinity            infinity
     Parameter 4~IW(0.000,3)               infinity            infinity            infinity
     Parameter 5~IW(1.000,3)               infinity            infinity            infinity
     Parameter 6~N(0.000,5.000)              0.0000              5.0000              2.2361


TECHNICAL 4 OUTPUT


     AVERAGE ESTIMATES DERIVED FROM THE MODEL FOR WITHIN


           ESTIMATED MEANS FOR THE LATENT VARIABLES
              F             F&1           S             WEB_C_B
              ________      ________      ________      ________
                0.000         0.000         0.355         0.746


           ESTIMATED COVARIANCE MATRIX FOR THE LATENT VARIABLES
              F             F&1           S             WEB_C_B
              ________      ________      ________      ________
 F              2.679
 F&1            1.809         2.679
 S              0.000         0.000         0.000
 WEB_C_B        2.679         1.809         0.000         3.679


           ESTIMATED CORRELATION MATRIX FOR THE LATENT VARIABLES
              F             F&1           S             WEB_C_B
              ________      ________      ________      ________
 F              1.000
 F&1            0.536         1.000
 S              0.000         0.000         1.000
 WEB_C_B        0.814         0.445         0.000         1.000


     ESTIMATES DERIVED FROM THE MODEL FOR BETWEEN


           ESTIMATED MEANS FOR THE LATENT VARIABLES
              F             F&1           S             WEB_C_B
              ________      ________      ________      ________
                0.000         0.000         0.311         0.000


           ESTIMATED COVARIANCE MATRIX FOR THE LATENT VARIABLES
              F             F&1           S             WEB_C_B
              ________      ________      ________      ________
 F              0.000
 F&1            0.000         0.000
 S              0.000         0.000         0.096
 WEB_C_B        0.000         0.000         0.049         5.755


           ESTIMATED CORRELATION MATRIX FOR THE LATENT VARIABLES
              F             F&1           S             WEB_C_B
              ________      ________      ________      ________
 F              1.000
 F&1            0.000         1.000
 S              0.000         0.000         1.000
 WEB_C_B        0.000         0.000         0.065         1.000


TECHNICAL 8 OUTPUT


   TECHNICAL 8 OUTPUT FOR BAYES ESTIMATION

     PROCESSOR    BSEED
     1            0
     2            285380
     3            253358
     4            93468
     5            608496
     6            903420

                     POTENTIAL       PARAMETER WITH
     ITERATION    SCALE REDUCTION      HIGHEST PSR
     100              2.249               1
     200              4.940               1
     300              1.233               4
     400              1.973               1
     500              3.251               1
     600              2.243               1
     700              2.223               1
     800              1.899               5
     900              1.815               1
     1000             1.942               1
     1100             2.227               1
     1200             2.889               1
     1300             3.774               1
     1400             4.658               1
     1500             4.995               1
     1600             5.210               1
     1700             5.307               1
     1800             4.520               1
     1900             3.151               1
     2000             2.415               1
     2100             1.924               1
     2200             1.585               3
     2300             1.442               3
     2400             1.352               3
     2500             1.310               3
     2600             1.234               3
     2700             1.195               1
     2800             1.190               1
     2900             1.186               1
     3000             1.157               1
     3100             1.116               1
     3200             1.066               1


PLOT INFORMATION

The following plots are available:

  Histograms (sample values)
  Scatterplots (sample values)
  Between-level histograms (sample values, sample means/variances)
  Between-level scatterplots (sample values, sample means/variances)
  Time series plots (sample values, ACF, PACF)
  Histogram of subjects per time point
  Time interval plots
  Sample proportions
  Bayesian posterior parameter distributions
  Bayesian posterior parameter trace plots
  Bayesian autocorrelation plots
  Bayesian prior parameter distributions

DIAGRAM INFORMATION

  Mplus diagrams are currently not available for multilevel analysis.
  No diagram output was produced.


     Beginning Time:  11:19:06
        Ending Time:  12:40:10
       Elapsed Time:  01:21:04



MUTHEN & MUTHEN
3463 Stoner Ave.
Los Angeles, CA  90066

Tel: (310) 391-9971
Fax: (310) 391-8971
Web: www.StatModel.com
Support: Support@StatModel.com

Copyright (c) 1998-2024 Muthen & Muthen
